# Blotto run, B: 5, Rf: 0.00, Lf: 1.00 - 0.11 sec 
+-----+------+------+------+------+ 
| gen | best | mean |  sd  | avgH | best strategy
+-----+------+------+------+------+ 
|    1|0.9750|0.5000|0.2883|2.1036| - [0.489, 0.121, 0.130, 0.222, 0.039]
|    2|0.9211|0.5000|0.2869|2.0692| - [0.489, 0.121, 0.130, 0.222, 0.039]
|    3|0.7105|0.5000|0.2587|1.9525| - [0.489, 0.121, 0.130, 0.222, 0.039]
|    4|0.6579|0.5000|0.2324|1.9197| - [0.489, 0.121, 0.130, 0.222, 0.039]
|    5|0.9737|0.5000|0.1116|1.9179| - [0.506, 0.117, 0.126, 0.215, 0.038]
|    6|0.9737|0.5000|0.2218|1.9115| - [0.506, 0.117, 0.126, 0.215, 0.038]
|    7|0.9737|0.5000|0.2561|1.9035| - [0.506, 0.117, 0.126, 0.215, 0.038]
|    8|0.9737|0.5000|0.2574|1.8882| - [0.564, 0.130, 0.140, 0.124, 0.042]
|    9|0.9737|0.5000|0.2049|1.8898| - [0.564, 0.130, 0.140, 0.124, 0.042]
|   10|0.9737|0.5000|0.1829|1.8767| - [0.564, 0.130, 0.140, 0.124, 0.042]
|   11|0.9474|0.5000|0.2233|1.8725| - [0.564, 0.130, 0.140, 0.124, 0.042]
|   12|0.8684|0.5000|0.2556|1.8561| - [0.564, 0.130, 0.140, 0.124, 0.042]
|   13|0.8947|0.5000|0.2218|1.8719| - [0.564, 0.130, 0.140, 0.124, 0.042]
|   14|0.6053|0.5000|0.2049|1.8266| - [0.564, 0.130, 0.140, 0.124, 0.042]
|   15|0.9737|0.5000|0.2218|1.8149| - [0.589, 0.136, 0.146, 0.129, 0.000]
|   16|0.9737|0.5000|0.2618|1.7343| - [0.626, 0.145, 0.092, 0.137, 0.000]
|   17|0.9737|0.5000|0.2479|1.6798| - [0.626, 0.145, 0.092, 0.137, 0.000]
|   18|0.8684|0.5000|0.2782|1.6481| - [0.626, 0.145, 0.092, 0.137, 0.000]
|   19|0.8158|0.5000|0.2587|1.6121| - [0.626, 0.145, 0.092, 0.137, 0.000]
|   20|0.7632|0.5000|0.2497|1.5843| - [0.626, 0.145, 0.092, 0.137, 0.000]
|   21|0.6579|0.5000|0.2324|1.5648| - [0.626, 0.145, 0.092, 0.137, 0.000]
|   22|0.5789|0.5000|0.1823|1.5502| - [0.626, 0.145, 0.092, 0.137, 0.000]
|   23|0.5000|0.5000|0.0000|1.5355| - [0.626, 0.145, 0.092, 0.137, 0.000]
|   24|0.5000|0.5000|0.0000|1.5355| - [0.626, 0.145, 0.092, 0.137, 0.000]
|   25|0.5000|0.5000|0.0000|1.5355| - [0.626, 0.145, 0.092, 0.137, 0.000]
|   26|0.9737|0.5000|0.1116|1.5333| - [0.644, 0.138, 0.087, 0.131, 0.000]
|   27|0.9474|0.5000|0.1534|1.5311| - [0.644, 0.138, 0.087, 0.131, 0.000]
|   28|0.9737|0.5000|0.2049|1.5265| - [0.646, 0.137, 0.087, 0.130, 0.000]
|   29|0.8947|0.5000|0.2363|1.5214| - [0.646, 0.137, 0.087, 0.130, 0.000]
|   30|0.6316|0.5000|0.2202|1.5021| - [0.646, 0.137, 0.087, 0.130, 0.000]
|   31|0.5263|0.5000|0.1116|1.4926| - [0.646, 0.137, 0.087, 0.130, 0.000]
|   32|0.5000|0.5000|0.0000|1.4902| - [0.646, 0.137, 0.087, 0.130, 0.000]
|   33|0.9737|0.5000|0.1116|1.4901| - [0.647, 0.137, 0.087, 0.129, 0.000]
|   34|0.9211|0.5000|0.1823|1.4898| - [0.647, 0.137, 0.087, 0.129, 0.000]
|   35|0.9737|0.5000|0.1116|1.4901| - [0.647, 0.137, 0.087, 0.129, 0.000]
|   36|0.8421|0.5000|0.2443|1.4894| - [0.647, 0.137, 0.087, 0.129, 0.000]
|   37|0.7632|0.5000|0.2645|1.4890| - [0.647, 0.137, 0.087, 0.129, 0.000]
|   38|0.5789|0.5000|0.1829|1.4882| - [0.647, 0.137, 0.087, 0.129, 0.000]
|   39|0.5000|0.5000|0.0000|1.4878| - [0.647, 0.137, 0.087, 0.129, 0.000]
|   40|0.9737|0.5000|0.1116|1.4737| - [0.703, 0.149, 0.008, 0.140, 0.000]
|   41|0.9737|0.5000|0.1116|1.4737| - [0.703, 0.149, 0.008, 0.140, 0.000]
|   42|0.9474|0.5000|0.1829|1.4625| - [0.703, 0.149, 0.008, 0.140, 0.000]
|   43|0.9737|0.5000|0.2218|1.4096| - [0.742, 0.158, 0.100, 0.000, 0.000]
|   44|0.9211|0.5000|0.2475|1.2530| - [0.742, 0.158, 0.100, 0.000, 0.000]
|   45|0.7895|0.5000|0.2549|1.1592| - [0.742, 0.158, 0.100, 0.000, 0.000]
|   46|0.6316|0.5000|0.2202|1.1106| - [0.742, 0.158, 0.100, 0.000, 0.000]
|   47|0.9737|0.5000|0.2218|1.1035| - [0.754, 0.088, 0.009, 0.150, 0.000]
|   48|0.9211|0.5000|0.2049|1.0743| - [0.754, 0.088, 0.009, 0.150, 0.000]
|   49|0.7368|0.5000|0.2497|1.0785| - [0.754, 0.088, 0.009, 0.150, 0.000]
|   50|0.9737|0.5000|0.1537|1.0881| - [0.781, 0.055, 0.009, 0.156, 0.000]
|   51|0.8947|0.5000|0.2038|1.0640| - [0.781, 0.055, 0.009, 0.156, 0.000]
|   52|0.9737|0.5000|0.2561|1.0325| - [0.783, 0.054, 0.009, 0.154, 0.000]
|   53|0.9737|0.5000|0.2228|1.0010| - [0.783, 0.054, 0.009, 0.154, 0.000]
|   54|0.8684|0.5000|0.2202|0.9846| - [0.783, 0.054, 0.009, 0.154, 0.000]
|   55|0.9737|0.5000|0.2549|0.9831| - [0.785, 0.054, 0.009, 0.153, 0.000]
|   56|0.9737|0.5000|0.2371|0.9769| - [0.790, 0.055, 0.000, 0.156, 0.000]
|   57|0.8421|0.5000|0.2539|0.9597| - [0.790, 0.055, 0.000, 0.156, 0.000]
|   58|0.6053|0.5000|0.2038|0.9299| - [0.790, 0.055, 0.000, 0.156, 0.000]
|   59|0.5000|0.5000|0.0000|0.9164| - [0.790, 0.055, 0.000, 0.156, 0.000]
|   60|0.9737|0.5000|0.1116|0.9118| - [0.808, 0.032, 0.000, 0.159, 0.000]
|   61|0.6316|0.5000|0.2202|0.8529| - [0.808, 0.032, 0.000, 0.159, 0.000]
|   62|0.5000|0.5000|0.0000|0.8303| - [0.808, 0.032, 0.000, 0.159, 0.000]
|   63|0.5000|0.5000|0.0000|0.8303| - [0.808, 0.032, 0.000, 0.159, 0.000]
|   64|0.5000|0.5000|0.0000|0.8303| - [0.808, 0.032, 0.000, 0.159, 0.000]
|   65|0.9737|0.5000|0.1116|0.8288| - [0.813, 0.026, 0.000, 0.160, 0.000]
|   66|0.9211|0.5000|0.1823|0.8260| - [0.813, 0.026, 0.000, 0.160, 0.000]
|   67|0.7895|0.5000|0.2469|0.8188| - [0.813, 0.026, 0.000, 0.160, 0.000]
|   68|0.7368|0.5000|0.2497|0.8159| - [0.813, 0.026, 0.000, 0.160, 0.000]
|   69|0.6053|0.5000|0.2049|0.8117| - [0.813, 0.026, 0.000, 0.160, 0.000]
|   70|0.5000|0.5000|0.0000|0.8030| - [0.813, 0.026, 0.000, 0.160, 0.000]
|   71|0.9737|0.5000|0.1116|0.8028| - [0.815, 0.026, 0.000, 0.159, 0.000]
|   72|0.9737|0.5000|0.1829|0.8023| - [0.815, 0.026, 0.000, 0.159, 0.000]
|   73|0.9737|0.5000|0.2549|0.8005| - [0.815, 0.026, 0.000, 0.159, 0.000]
|   74|0.9737|0.5000|0.2372|0.7873| - [0.877, 0.028, 0.000, 0.095, 0.000]
|   75|0.9474|0.5000|0.1829|0.7724| - [0.877, 0.028, 0.000, 0.095, 0.000]
|   76|0.8684|0.5000|0.2466|0.7458| - [0.877, 0.028, 0.000, 0.095, 0.000]
|   77|0.5789|0.5000|0.1823|0.6352| - [0.877, 0.028, 0.000, 0.095, 0.000]
|   78|0.5000|0.5000|0.0000|0.6321| - [0.877, 0.028, 0.000, 0.095, 0.000]
|   79|0.5000|0.5000|0.0000|0.6321| - [0.877, 0.028, 0.000, 0.095, 0.000]
|   80|0.5000|0.5000|0.0000|0.6321| - [0.877, 0.028, 0.000, 0.095, 0.000]
|   81|0.9737|0.5000|0.1116|0.6290| - [0.895, 0.028, 0.000, 0.077, 0.000]
|   82|0.8947|0.5000|0.2038|0.6198| - [0.895, 0.028, 0.000, 0.077, 0.000]
|   83|0.8947|0.5000|0.2038|0.6198| - [0.895, 0.028, 0.000, 0.077, 0.000]
|   84|0.8421|0.5000|0.2324|0.6137| - [0.895, 0.028, 0.000, 0.077, 0.000]
|   85|0.6842|0.5000|0.2412|0.5953| - [0.895, 0.028, 0.000, 0.077, 0.000]
|   86|0.9737|0.5000|0.1831|0.5773| - [0.900, 0.027, 0.000, 0.073, 0.000]
|   87|0.9737|0.5000|0.1116|0.5727| - [0.900, 0.027, 0.000, 0.073, 0.000]
|   88|0.9737|0.5000|0.1537|0.5608| - [0.948, 0.030, 0.000, 0.022, 0.000]
|   89|0.9737|0.5000|0.1537|0.5559| - [0.948, 0.030, 0.000, 0.022, 0.000]
|   90|0.9474|0.5000|0.1534|0.5499| - [0.948, 0.030, 0.000, 0.022, 0.000]
|   91|0.9737|0.5000|0.1116|0.5618| - [0.948, 0.030, 0.000, 0.022, 0.000]
|   92|0.9737|0.5000|0.1116|0.5618| - [0.948, 0.030, 0.000, 0.022, 0.000]
|   93|0.8947|0.5000|0.2038|0.5261| - [0.948, 0.030, 0.000, 0.022, 0.000]
|   94|0.6579|0.5000|0.2324|0.4189| - [0.948, 0.030, 0.000, 0.022, 0.000]
|   95|0.5000|0.5000|0.0000|0.3474| - [0.948, 0.030, 0.000, 0.022, 0.000]
|   96|0.5000|0.5000|0.0000|0.3474| - [0.948, 0.030, 0.000, 0.022, 0.000]
|   97|0.5000|0.5000|0.0000|0.3474| - [0.948, 0.030, 0.000, 0.022, 0.000]
|   98|0.9737|0.5000|0.1537|0.3429| - [0.977, 0.000, 0.000, 0.023, 0.000]
|   99|0.8684|0.5000|0.2202|0.2974| - [0.977, 0.000, 0.000, 0.023, 0.000]
|  100|0.8158|0.5000|0.2412|0.2774| - [0.977, 0.000, 0.000, 0.023, 0.000]
|  101|0.7105|0.5000|0.2469|0.2374| - [0.977, 0.000, 0.000, 0.023, 0.000]
|  102|0.6053|0.5000|0.2038|0.1974| - [0.977, 0.000, 0.000, 0.023, 0.000]
|  103|0.6053|0.5000|0.2038|0.1974| - [0.977, 0.000, 0.000, 0.023, 0.000]
|  104|0.6053|0.5000|0.2038|0.1974| - [0.977, 0.000, 0.000, 0.023, 0.000]
|  105|0.5000|0.5000|0.0000|0.1574| - [0.977, 0.000, 0.000, 0.023, 0.000]
|  106|0.9737|0.5000|0.1116|0.1573| - [0.978, 0.000, 0.000, 0.022, 0.000]
|  107|0.9737|0.5000|0.2049|0.1487| - [1.000, 0.000, 0.000, 0.000, 0.000]
|  108|0.9474|0.5000|0.1534|0.1408| - [1.000, 0.000, 0.000, 0.000, 0.000]
|  109|0.8158|0.5000|0.2412|0.0994| - [1.000, 0.000, 0.000, 0.000, 0.000]
|  110|0.6842|0.5000|0.2412|0.0580| - [1.000, 0.000, 0.000, 0.000, 0.000]
|  111|0.5789|0.5000|0.1829|0.0214| - [1.000, 0.000, 0.000, 0.000, 0.000]
|  112|0.5000|0.5000|0.0000|0.0000| - [1.000, 0.000, 0.000, 0.000, 0.000]
|  113|0.5000|0.5000|0.0000|0.0000| - [1.000, 0.000, 0.000, 0.000, 0.000]
|  114|0.5000|0.5000|0.0000|0.0000| - [1.000, 0.000, 0.000, 0.000, 0.000]
|  115|0.5000|0.5000|0.0000|0.0000| - [1.000, 0.000, 0.000, 0.000, 0.000]
|  116|0.5000|0.5000|0.0000|0.0000| - [1.000, 0.000, 0.000, 0.000, 0.000]
|  117|0.5000|0.5000|0.0000|0.0000| - [1.000, 0.000, 0.000, 0.000, 0.000]
|  118|0.5000|0.5000|0.0000|0.0000| - [1.000, 0.000, 0.000, 0.000, 0.000]
|  119|0.5000|0.5000|0.0000|0.0000| - [1.000, 0.000, 0.000, 0.000, 0.000]
|  120|0.5000|0.5000|0.0000|0.0000| - [1.000, 0.000, 0.000, 0.000, 0.000]
|  121|0.5000|0.5000|0.0000|0.0000| - [1.000, 0.000, 0.000, 0.000, 0.000]
|  122|0.5000|0.5000|0.0000|0.0000| - [1.000, 0.000, 0.000, 0.000, 0.000]
|  123|0.5000|0.5000|0.0000|0.0000| - [1.000, 0.000, 0.000, 0.000, 0.000]
|  124|0.5000|0.5000|0.0000|0.0000| - [1.000, 0.000, 0.000, 0.000, 0.000]
|  125|0.5000|0.5000|0.0000|0.0000| - [1.000, 0.000, 0.000, 0.000, 0.000]
|  126|0.5000|0.5000|0.0000|0.0000| - [1.000, 0.000, 0.000, 0.000, 0.000]
|  127|0.5000|0.5000|0.0000|0.0000| - [1.000, 0.000, 0.000, 0.000, 0.000]
|  128|0.5000|0.5000|0.0000|0.0000| - [1.000, 0.000, 0.000, 0.000, 0.000]
|  129|0.5000|0.5000|0.0000|0.0000| - [1.000, 0.000, 0.000, 0.000, 0.000]
|  130|0.5000|0.5000|0.0000|0.0000| - [1.000, 0.000, 0.000, 0.000, 0.000]
|  131|0.5000|0.5000|0.0000|0.0000| - [1.000, 0.000, 0.000, 0.000, 0.000]
|  132|0.5000|0.5000|0.0000|0.0000| - [1.000, 0.000, 0.000, 0.000, 0.000]
|  133|0.5000|0.5000|0.0000|0.0000| - [1.000, 0.000, 0.000, 0.000, 0.000]
|  134|0.5000|0.5000|0.0000|0.0000| - [1.000, 0.000, 0.000, 0.000, 0.000]
|  135|0.5000|0.5000|0.0000|0.0000| - [1.000, 0.000, 0.000, 0.000, 0.000]
|  136|0.5000|0.5000|0.0000|0.0000| - [1.000, 0.000, 0.000, 0.000, 0.000]
|  137|0.5000|0.5000|0.0000|0.0000| - [1.000, 0.000, 0.000, 0.000, 0.000]
|  138|0.5000|0.5000|0.0000|0.0000| - [1.000, 0.000, 0.000, 0.000, 0.000]
|  139|0.5000|0.5000|0.0000|0.0000| - [1.000, 0.000, 0.000, 0.000, 0.000]
|  140|0.5000|0.5000|0.0000|0.0000| - [1.000, 0.000, 0.000, 0.000, 0.000]
|  141|0.5000|0.5000|0.0000|0.0000| - [1.000, 0.000, 0.000, 0.000, 0.000]
|  142|0.5263|0.5000|0.1116|0.0001| - [1.000, 0.000, 0.000, 0.000, 0.000]
|  143|0.5000|0.5000|0.0000|0.0000| - [1.000, 0.000, 0.000, 0.000, 0.000]
|  144|0.5000|0.5000|0.0000|0.0000| - [1.000, 0.000, 0.000, 0.000, 0.000]
|  145|0.5000|0.5000|0.0000|0.0000| - [1.000, 0.000, 0.000, 0.000, 0.000]
|  146|0.5000|0.5000|0.0000|0.0000| - [1.000, 0.000, 0.000, 0.000, 0.000]
|  147|0.5000|0.5000|0.0000|0.0000| - [1.000, 0.000, 0.000, 0.000, 0.000]
|  148|0.5000|0.5000|0.0000|0.0000| - [1.000, 0.000, 0.000, 0.000, 0.000]
|  149|0.5000|0.5000|0.0000|0.0000| - [1.000, 0.000, 0.000, 0.000, 0.000]
|  150|0.5000|0.5000|0.0000|0.0000| - [1.000, 0.000, 0.000, 0.000, 0.000]
|  151|0.5000|0.5000|0.0000|0.0000| - [1.000, 0.000, 0.000, 0.000, 0.000]
|  152|0.5000|0.5000|0.0000|0.0000| - [1.000, 0.000, 0.000, 0.000, 0.000]
|  153|0.5263|0.5000|0.1116|0.0068| - [1.000, 0.000, 0.000, 0.000, 0.000]
|  154|0.5000|0.5000|0.0000|0.0000| - [1.000, 0.000, 0.000, 0.000, 0.000]
|  155|0.5000|0.5000|0.0000|0.0000| - [1.000, 0.000, 0.000, 0.000, 0.000]
|  156|0.5000|0.5000|0.0000|0.0000| - [1.000, 0.000, 0.000, 0.000, 0.000]
|  157|0.5263|0.5000|0.1116|0.0025| - [1.000, 0.000, 0.000, 0.000, 0.000]
|  158|0.5000|0.5000|0.0000|0.0000| - [1.000, 0.000, 0.000, 0.000, 0.000]
|  159|0.5000|0.5000|0.0000|0.0000| - [1.000, 0.000, 0.000, 0.000, 0.000]
|  160|0.5000|0.5000|0.0000|0.0000| - [1.000, 0.000, 0.000, 0.000, 0.000]
|  161|0.5000|0.5000|0.0000|0.0000| - [1.000, 0.000, 0.000, 0.000, 0.000]
|  162|0.5000|0.5000|0.0000|0.0000| - [1.000, 0.000, 0.000, 0.000, 0.000]
|  163|0.5000|0.5000|0.0000|0.0000| - [1.000, 0.000, 0.000, 0.000, 0.000]
|  164|0.5000|0.5000|0.0000|0.0000| - [1.000, 0.000, 0.000, 0.000, 0.000]
|  165|0.5000|0.5000|0.0000|0.0000| - [1.000, 0.000, 0.000, 0.000, 0.000]
|  166|0.5000|0.5000|0.0000|0.0000| - [1.000, 0.000, 0.000, 0.000, 0.000]
|  167|0.5000|0.5000|0.0000|0.0000| - [1.000, 0.000, 0.000, 0.000, 0.000]
|  168|0.5000|0.5000|0.0000|0.0000| - [1.000, 0.000, 0.000, 0.000, 0.000]
|  169|0.5000|0.5000|0.0000|0.0000| - [1.000, 0.000, 0.000, 0.000, 0.000]
|  170|0.5000|0.5000|0.0000|0.0000| - [1.000, 0.000, 0.000, 0.000, 0.000]
|  171|0.5000|0.5000|0.0000|0.0000| - [1.000, 0.000, 0.000, 0.000, 0.000]
|  172|0.5000|0.5000|0.0000|0.0000| - [1.000, 0.000, 0.000, 0.000, 0.000]
|  173|0.5000|0.5000|0.0000|0.0000| - [1.000, 0.000, 0.000, 0.000, 0.000]
|  174|0.5263|0.5000|0.1116|0.0168| - [1.000, 0.000, 0.000, 0.000, 0.000]
|  175|0.5000|0.5000|0.0000|0.0000| - [1.000, 0.000, 0.000, 0.000, 0.000]
|  176|0.5000|0.5000|0.0000|0.0000| - [1.000, 0.000, 0.000, 0.000, 0.000]
|  177|0.5000|0.5000|0.0000|0.0000| - [1.000, 0.000, 0.000, 0.000, 0.000]
|  178|0.5263|0.5000|0.1116|0.0134| - [1.000, 0.000, 0.000, 0.000, 0.000]
|  179|0.5000|0.5000|0.0000|0.0000| - [1.000, 0.000, 0.000, 0.000, 0.000]
|  180|0.5000|0.5000|0.0000|0.0000| - [1.000, 0.000, 0.000, 0.000, 0.000]
|  181|0.5000|0.5000|0.0000|0.0000| - [1.000, 0.000, 0.000, 0.000, 0.000]
|  182|0.5000|0.5000|0.0000|0.0000| - [1.000, 0.000, 0.000, 0.000, 0.000]
|  183|0.5000|0.5000|0.0000|0.0000| - [1.000, 0.000, 0.000, 0.000, 0.000]
|  184|0.5000|0.5000|0.0000|0.0000| - [1.000, 0.000, 0.000, 0.000, 0.000]
|  185|0.5000|0.5000|0.0000|0.0000| - [1.000, 0.000, 0.000, 0.000, 0.000]
|  186|0.5000|0.5000|0.0000|0.0000| - [1.000, 0.000, 0.000, 0.000, 0.000]
|  187|0.5000|0.5000|0.0000|0.0000| - [1.000, 0.000, 0.000, 0.000, 0.000]
|  188|0.5000|0.5000|0.0000|0.0000| - [1.000, 0.000, 0.000, 0.000, 0.000]
|  189|0.5000|0.5000|0.0000|0.0000| - [1.000, 0.000, 0.000, 0.000, 0.000]
|  190|0.5000|0.5000|0.0000|0.0000| - [1.000, 0.000, 0.000, 0.000, 0.000]
|  191|0.5000|0.5000|0.0000|0.0000| - [1.000, 0.000, 0.000, 0.000, 0.000]
|  192|0.5000|0.5000|0.0000|0.0000| - [1.000, 0.000, 0.000, 0.000, 0.000]
|  193|0.5000|0.5000|0.0000|0.0000| - [1.000, 0.000, 0.000, 0.000, 0.000]
|  194|0.5000|0.5000|0.0000|0.0000| - [1.000, 0.000, 0.000, 0.000, 0.000]
|  195|0.5000|0.5000|0.0000|0.0000| - [1.000, 0.000, 0.000, 0.000, 0.000]
|  196|0.5263|0.5000|0.1116|0.0182| - [1.000, 0.000, 0.000, 0.000, 0.000]
|  197|0.5000|0.5000|0.0000|0.0000| - [1.000, 0.000, 0.000, 0.000, 0.000]
|  198|0.5263|0.5000|0.1116|0.0140| - [1.000, 0.000, 0.000, 0.000, 0.000]
|  199|0.5000|0.5000|0.0000|0.0000| - [1.000, 0.000, 0.000, 0.000, 0.000]
|  200|0.5000|0.5000|0.0000|0.0000| - [1.000, 0.000, 0.000, 0.000, 0.000]
|  201|0.5000|0.5000|0.0000|0.0000| - [1.000, 0.000, 0.000, 0.000, 0.000]
|  202|0.5263|0.5000|0.1116|0.0136| - [1.000, 0.000, 0.000, 0.000, 0.000]
|  203|0.5000|0.5000|0.0000|0.0000| - [1.000, 0.000, 0.000, 0.000, 0.000]
|  204|0.5000|0.5000|0.0000|0.0000| - [1.000, 0.000, 0.000, 0.000, 0.000]
|  205|0.5000|0.5000|0.0000|0.0000| - [1.000, 0.000, 0.000, 0.000, 0.000]
|  206|0.5000|0.5000|0.0000|0.0000| - [1.000, 0.000, 0.000, 0.000, 0.000]
|  207|0.5000|0.5000|0.0000|0.0000| - [1.000, 0.000, 0.000, 0.000, 0.000]
|  208|0.5000|0.5000|0.0000|0.0000| - [1.000, 0.000, 0.000, 0.000, 0.000]
|  209|0.5000|0.5000|0.0000|0.0000| - [1.000, 0.000, 0.000, 0.000, 0.000]
|  210|0.5000|0.5000|0.0000|0.0000| - [1.000, 0.000, 0.000, 0.000, 0.000]
|  211|0.5000|0.5000|0.0000|0.0000| - [1.000, 0.000, 0.000, 0.000, 0.000]
|  212|0.5000|0.5000|0.0000|0.0000| - [1.000, 0.000, 0.000, 0.000, 0.000]
|  213|0.5000|0.5000|0.0000|0.0000| - [1.000, 0.000, 0.000, 0.000, 0.000]
|  214|0.5000|0.5000|0.0000|0.0000| - [1.000, 0.000, 0.000, 0.000, 0.000]
|  215|0.5000|0.5000|0.0000|0.0000| - [1.000, 0.000, 0.000, 0.000, 0.000]
|  216|0.5789|0.5000|0.1831|0.0296| - [1.000, 0.000, 0.000, 0.000, 0.000]
|  217|0.5000|0.5000|0.0000|0.0000| - [1.000, 0.000, 0.000, 0.000, 0.000]
|  218|0.5000|0.5000|0.0000|0.0000| - [1.000, 0.000, 0.000, 0.000, 0.000]
|  219|0.5000|0.5000|0.0000|0.0000| - [1.000, 0.000, 0.000, 0.000, 0.000]
|  220|0.5000|0.5000|0.0000|0.0000| - [1.000, 0.000, 0.000, 0.000, 0.000]
|  221|0.5000|0.5000|0.0000|0.0000| - [1.000, 0.000, 0.000, 0.000, 0.000]
|  222|0.5000|0.5000|0.0000|0.0000| - [1.000, 0.000, 0.000, 0.000, 0.000]
|  223|0.5000|0.5000|0.0000|0.0000| - [1.000, 0.000, 0.000, 0.000, 0.000]
|  224|0.5000|0.5000|0.0000|0.0000| - [1.000, 0.000, 0.000, 0.000, 0.000]
|  225|0.5000|0.5000|0.0000|0.0000| - [1.000, 0.000, 0.000, 0.000, 0.000]
|  226|0.5000|0.5000|0.0000|0.0000| - [1.000, 0.000, 0.000, 0.000, 0.000]
|  227|0.5000|0.5000|0.0000|0.0000| - [1.000, 0.000, 0.000, 0.000, 0.000]
|  228|0.5000|0.5000|0.0000|0.0000| - [1.000, 0.000, 0.000, 0.000, 0.000]
|  229|0.5000|0.5000|0.0000|0.0000| - [1.000, 0.000, 0.000, 0.000, 0.000]
|  230|0.5000|0.5000|0.0000|0.0000| - [1.000, 0.000, 0.000, 0.000, 0.000]
|  231|0.5263|0.5000|0.1116|0.0084| - [1.000, 0.000, 0.000, 0.000, 0.000]
|  232|0.5000|0.5000|0.0000|0.0000| - [1.000, 0.000, 0.000, 0.000, 0.000]
|  233|0.5000|0.5000|0.0000|0.0000| - [1.000, 0.000, 0.000, 0.000, 0.000]
|  234|0.5000|0.5000|0.0000|0.0000| - [1.000, 0.000, 0.000, 0.000, 0.000]
|  235|0.5000|0.5000|0.0000|0.0000| - [1.000, 0.000, 0.000, 0.000, 0.000]
|  236|0.5000|0.5000|0.0000|0.0000| - [1.000, 0.000, 0.000, 0.000, 0.000]
|  237|0.5000|0.5000|0.0000|0.0000| - [1.000, 0.000, 0.000, 0.000, 0.000]
|  238|0.5000|0.5000|0.0000|0.0000| - [1.000, 0.000, 0.000, 0.000, 0.000]
|  239|0.5000|0.5000|0.0000|0.0000| - [1.000, 0.000, 0.000, 0.000, 0.000]
|  240|0.5000|0.5000|0.0000|0.0000| - [1.000, 0.000, 0.000, 0.000, 0.000]
|  241|0.5000|0.5000|0.0000|0.0000| - [1.000, 0.000, 0.000, 0.000, 0.000]
|  242|0.5000|0.5000|0.0000|0.0000| - [1.000, 0.000, 0.000, 0.000, 0.000]
|  243|0.5000|0.5000|0.0000|0.0000| - [1.000, 0.000, 0.000, 0.000, 0.000]
|  244|0.5000|0.5000|0.0000|0.0000| - [1.000, 0.000, 0.000, 0.000, 0.000]
|  245|0.5000|0.5000|0.0000|0.0000| - [1.000, 0.000, 0.000, 0.000, 0.000]
|  246|0.5000|0.5000|0.0000|0.0000| - [1.000, 0.000, 0.000, 0.000, 0.000]
|  247|0.5000|0.5000|0.0000|0.0000| - [1.000, 0.000, 0.000, 0.000, 0.000]
|  248|0.5000|0.5000|0.0000|0.0000| - [1.000, 0.000, 0.000, 0.000, 0.000]
|  249|0.5000|0.5000|0.0000|0.0000| - [1.000, 0.000, 0.000, 0.000, 0.000]
|  250|0.5263|0.5000|0.1116|0.0015| - [1.000, 0.000, 0.000, 0.000, 0.000]
|  251|0.5000|0.5000|0.0000|0.0000| - [1.000, 0.000, 0.000, 0.000, 0.000]
|  252|0.5000|0.5000|0.0000|0.0000| - [1.000, 0.000, 0.000, 0.000, 0.000]
|  253|0.5000|0.5000|0.0000|0.0000| - [1.000, 0.000, 0.000, 0.000, 0.000]
|  254|0.5000|0.5000|0.0000|0.0000| - [1.000, 0.000, 0.000, 0.000, 0.000]
|  255|0.5263|0.5000|0.1116|0.0047| - [1.000, 0.000, 0.000, 0.000, 0.000]
|  256|0.5000|0.5000|0.0000|0.0000| - [1.000, 0.000, 0.000, 0.000, 0.000]
|  257|0.5000|0.5000|0.0000|0.0000| - [1.000, 0.000, 0.000, 0.000, 0.000]
|  258|0.5000|0.5000|0.0000|0.0000| - [1.000, 0.000, 0.000, 0.000, 0.000]
|  259|0.5000|0.5000|0.0000|0.0000| - [1.000, 0.000, 0.000, 0.000, 0.000]
|  260|0.5000|0.5000|0.0000|0.0000| - [1.000, 0.000, 0.000, 0.000, 0.000]
|  261|0.5000|0.5000|0.0000|0.0000| - [1.000, 0.000, 0.000, 0.000, 0.000]
|  262|0.5000|0.5000|0.0000|0.0000| - [1.000, 0.000, 0.000, 0.000, 0.000]
|  263|0.5000|0.5000|0.0000|0.0000| - [1.000, 0.000, 0.000, 0.000, 0.000]
|  264|0.5000|0.5000|0.0000|0.0000| - [1.000, 0.000, 0.000, 0.000, 0.000]
|  265|0.5000|0.5000|0.0000|0.0000| - [1.000, 0.000, 0.000, 0.000, 0.000]
|  266|0.5000|0.5000|0.0000|0.0000| - [1.000, 0.000, 0.000, 0.000, 0.000]
|  267|0.5000|0.5000|0.0000|0.0000| - [1.000, 0.000, 0.000, 0.000, 0.000]
|  268|0.5000|0.5000|0.0000|0.0000| - [1.000, 0.000, 0.000, 0.000, 0.000]
|  269|0.5000|0.5000|0.0000|0.0000| - [1.000, 0.000, 0.000, 0.000, 0.000]
|  270|0.5000|0.5000|0.0000|0.0000| - [1.000, 0.000, 0.000, 0.000, 0.000]
|  271|0.5000|0.5000|0.0000|0.0000| - [1.000, 0.000, 0.000, 0.000, 0.000]
|  272|0.5000|0.5000|0.0000|0.0000| - [1.000, 0.000, 0.000, 0.000, 0.000]
|  273|0.5000|0.5000|0.0000|0.0000| - [1.000, 0.000, 0.000, 0.000, 0.000]
|  274|0.5000|0.5000|0.0000|0.0000| - [1.000, 0.000, 0.000, 0.000, 0.000]
|  275|0.5000|0.5000|0.0000|0.0000| - [1.000, 0.000, 0.000, 0.000, 0.000]
|  276|0.5000|0.5000|0.0000|0.0000| - [1.000, 0.000, 0.000, 0.000, 0.000]
|  277|0.5000|0.5000|0.0000|0.0000| - [1.000, 0.000, 0.000, 0.000, 0.000]
|  278|0.5263|0.5000|0.1116|0.0035| - [1.000, 0.000, 0.000, 0.000, 0.000]
|  279|0.5000|0.5000|0.0000|0.0000| - [1.000, 0.000, 0.000, 0.000, 0.000]
|  280|0.5000|0.5000|0.0000|0.0000| - [1.000, 0.000, 0.000, 0.000, 0.000]
|  281|0.5000|0.5000|0.0000|0.0000| - [1.000, 0.000, 0.000, 0.000, 0.000]
|  282|0.5000|0.5000|0.0000|0.0000| - [1.000, 0.000, 0.000, 0.000, 0.000]
|  283|0.5000|0.5000|0.0000|0.0000| - [1.000, 0.000, 0.000, 0.000, 0.000]
|  284|0.5000|0.5000|0.0000|0.0000| - [1.000, 0.000, 0.000, 0.000, 0.000]
|  285|0.5000|0.5000|0.0000|0.0000| - [1.000, 0.000, 0.000, 0.000, 0.000]
|  286|0.5000|0.5000|0.0000|0.0000| - [1.000, 0.000, 0.000, 0.000, 0.000]
|  287|0.5000|0.5000|0.0000|0.0000| - [1.000, 0.000, 0.000, 0.000, 0.000]
|  288|0.5000|0.5000|0.0000|0.0000| - [1.000, 0.000, 0.000, 0.000, 0.000]
|  289|0.5263|0.5000|0.1116|0.0124| - [1.000, 0.000, 0.000, 0.000, 0.000]
|  290|0.5000|0.5000|0.0000|0.0000| - [1.000, 0.000, 0.000, 0.000, 0.000]
|  291|0.5000|0.5000|0.0000|0.0000| - [1.000, 0.000, 0.000, 0.000, 0.000]
|  292|0.5000|0.5000|0.0000|0.0000| - [1.000, 0.000, 0.000, 0.000, 0.000]
|  293|0.5263|0.5000|0.1116|0.0179| - [1.000, 0.000, 0.000, 0.000, 0.000]
|  294|0.5000|0.5000|0.0000|0.0000| - [1.000, 0.000, 0.000, 0.000, 0.000]
|  295|0.5000|0.5000|0.0000|0.0000| - [1.000, 0.000, 0.000, 0.000, 0.000]
|  296|0.5000|0.5000|0.0000|0.0000| - [1.000, 0.000, 0.000, 0.000, 0.000]
|  297|0.5000|0.5000|0.0000|0.0000| - [1.000, 0.000, 0.000, 0.000, 0.000]
|  298|0.5000|0.5000|0.0000|0.0000| - [1.000, 0.000, 0.000, 0.000, 0.000]
|  299|0.5000|0.5000|0.0000|0.0000| - [1.000, 0.000, 0.000, 0.000, 0.000]
|  300|0.5000|0.5000|0.0000|0.0000| - [1.000, 0.000, 0.000, 0.000, 0.000]
|  301|0.5000|0.5000|0.0000|0.0000| - [1.000, 0.000, 0.000, 0.000, 0.000]
|  302|0.5000|0.5000|0.0000|0.0000| - [1.000, 0.000, 0.000, 0.000, 0.000]
|  303|0.5000|0.5000|0.0000|0.0000| - [1.000, 0.000, 0.000, 0.000, 0.000]
|  304|0.5000|0.5000|0.0000|0.0000| - [1.000, 0.000, 0.000, 0.000, 0.000]
|  305|0.5000|0.5000|0.0000|0.0000| - [1.000, 0.000, 0.000, 0.000, 0.000]
|  306|0.5000|0.5000|0.0000|0.0000| - [1.000, 0.000, 0.000, 0.000, 0.000]
|  307|0.5000|0.5000|0.0000|0.0000| - [1.000, 0.000, 0.000, 0.000, 0.000]
|  308|0.5000|0.5000|0.0000|0.0000| - [1.000, 0.000, 0.000, 0.000, 0.000]
|  309|0.5000|0.5000|0.0000|0.0000| - [1.000, 0.000, 0.000, 0.000, 0.000]
|  310|0.5000|0.5000|0.0000|0.0000| - [1.000, 0.000, 0.000, 0.000, 0.000]
|  311|0.5000|0.5000|0.0000|0.0000| - [1.000, 0.000, 0.000, 0.000, 0.000]
|  312|0.5000|0.5000|0.0000|0.0000| - [1.000, 0.000, 0.000, 0.000, 0.000]
|  313|0.5000|0.5000|0.0000|0.0000| - [1.000, 0.000, 0.000, 0.000, 0.000]
|  314|0.5000|0.5000|0.0000|0.0000| - [1.000, 0.000, 0.000, 0.000, 0.000]
|  315|0.5000|0.5000|0.0000|0.0000| - [1.000, 0.000, 0.000, 0.000, 0.000]
|  316|0.5000|0.5000|0.0000|0.0000| - [1.000, 0.000, 0.000, 0.000, 0.000]
|  317|0.5000|0.5000|0.0000|0.0000| - [1.000, 0.000, 0.000, 0.000, 0.000]
|  318|0.5000|0.5000|0.0000|0.0000| - [1.000, 0.000, 0.000, 0.000, 0.000]
|  319|0.5000|0.5000|0.0000|0.0000| - [1.000, 0.000, 0.000, 0.000, 0.000]
|  320|0.5000|0.5000|0.0000|0.0000| - [1.000, 0.000, 0.000, 0.000, 0.000]
|  321|0.5000|0.5000|0.0000|0.0000| - [1.000, 0.000, 0.000, 0.000, 0.000]
|  322|0.5000|0.5000|0.0000|0.0000| - [1.000, 0.000, 0.000, 0.000, 0.000]
|  323|0.5000|0.5000|0.0000|0.0000| - [1.000, 0.000, 0.000, 0.000, 0.000]
|  324|0.5000|0.5000|0.0000|0.0000| - [1.000, 0.000, 0.000, 0.000, 0.000]
|  325|0.5000|0.5000|0.0000|0.0000| - [1.000, 0.000, 0.000, 0.000, 0.000]
|  326|0.5000|0.5000|0.0000|0.0000| - [1.000, 0.000, 0.000, 0.000, 0.000]
|  327|0.5000|0.5000|0.0000|0.0000| - [1.000, 0.000, 0.000, 0.000, 0.000]
|  328|0.5000|0.5000|0.0000|0.0000| - [1.000, 0.000, 0.000, 0.000, 0.000]
|  329|0.5000|0.5000|0.0000|0.0000| - [1.000, 0.000, 0.000, 0.000, 0.000]
|  330|0.5000|0.5000|0.0000|0.0000| - [1.000, 0.000, 0.000, 0.000, 0.000]
|  331|0.5000|0.5000|0.0000|0.0000| - [1.000, 0.000, 0.000, 0.000, 0.000]
|  332|0.5000|0.5000|0.0000|0.0000| - [1.000, 0.000, 0.000, 0.000, 0.000]
|  333|0.5263|0.5000|0.1116|0.0054| - [1.000, 0.000, 0.000, 0.000, 0.000]
|  334|0.5526|0.5000|0.1537|0.0087| - [1.000, 0.000, 0.000, 0.000, 0.000]
|  335|0.5000|0.5000|0.0000|0.0000| - [1.000, 0.000, 0.000, 0.000, 0.000]
|  336|0.5000|0.5000|0.0000|0.0000| - [1.000, 0.000, 0.000, 0.000, 0.000]
|  337|0.5000|0.5000|0.0000|0.0000| - [1.000, 0.000, 0.000, 0.000, 0.000]
|  338|0.5000|0.5000|0.0000|0.0000| - [1.000, 0.000, 0.000, 0.000, 0.000]
|  339|0.5000|0.5000|0.0000|0.0000| - [1.000, 0.000, 0.000, 0.000, 0.000]
|  340|0.5000|0.5000|0.0000|0.0000| - [1.000, 0.000, 0.000, 0.000, 0.000]
|  341|0.5000|0.5000|0.0000|0.0000| - [1.000, 0.000, 0.000, 0.000, 0.000]
|  342|0.5000|0.5000|0.0000|0.0000| - [1.000, 0.000, 0.000, 0.000, 0.000]
|  343|0.5263|0.5000|0.1116|0.0189| - [1.000, 0.000, 0.000, 0.000, 0.000]
|  344|0.5000|0.5000|0.0000|0.0000| - [1.000, 0.000, 0.000, 0.000, 0.000]
|  345|0.5000|0.5000|0.0000|0.0000| - [1.000, 0.000, 0.000, 0.000, 0.000]
|  346|0.5000|0.5000|0.0000|0.0000| - [1.000, 0.000, 0.000, 0.000, 0.000]
|  347|0.5000|0.5000|0.0000|0.0000| - [1.000, 0.000, 0.000, 0.000, 0.000]
|  348|0.5000|0.5000|0.0000|0.0000| - [1.000, 0.000, 0.000, 0.000, 0.000]
|  349|0.5000|0.5000|0.0000|0.0000| - [1.000, 0.000, 0.000, 0.000, 0.000]
|  350|0.5000|0.5000|0.0000|0.0000| - [1.000, 0.000, 0.000, 0.000, 0.000]
|  351|0.5263|0.5000|0.1116|0.0108| - [1.000, 0.000, 0.000, 0.000, 0.000]
|  352|0.5000|0.5000|0.0000|0.0000| - [1.000, 0.000, 0.000, 0.000, 0.000]
|  353|0.5263|0.5000|0.1116|0.0103| - [1.000, 0.000, 0.000, 0.000, 0.000]
|  354|0.5000|0.5000|0.0000|0.0000| - [1.000, 0.000, 0.000, 0.000, 0.000]
|  355|0.5000|0.5000|0.0000|0.0000| - [1.000, 0.000, 0.000, 0.000, 0.000]
|  356|0.5000|0.5000|0.0000|0.0000| - [1.000, 0.000, 0.000, 0.000, 0.000]
|  357|0.5000|0.5000|0.0000|0.0000| - [1.000, 0.000, 0.000, 0.000, 0.000]
|  358|0.5263|0.5000|0.1116|0.0100| - [1.000, 0.000, 0.000, 0.000, 0.000]
|  359|0.5000|0.5000|0.0000|0.0000| - [1.000, 0.000, 0.000, 0.000, 0.000]
|  360|0.5000|0.5000|0.0000|0.0000| - [1.000, 0.000, 0.000, 0.000, 0.000]
|  361|0.5000|0.5000|0.0000|0.0000| - [1.000, 0.000, 0.000, 0.000, 0.000]
|  362|0.5000|0.5000|0.0000|0.0000| - [1.000, 0.000, 0.000, 0.000, 0.000]
|  363|0.5000|0.5000|0.0000|0.0000| - [1.000, 0.000, 0.000, 0.000, 0.000]
|  364|0.5000|0.5000|0.0000|0.0000| - [1.000, 0.000, 0.000, 0.000, 0.000]
|  365|0.5000|0.5000|0.0000|0.0000| - [1.000, 0.000, 0.000, 0.000, 0.000]
|  366|0.5000|0.5000|0.0000|0.0000| - [1.000, 0.000, 0.000, 0.000, 0.000]
|  367|0.5000|0.5000|0.0000|0.0000| - [1.000, 0.000, 0.000, 0.000, 0.000]
|  368|0.5000|0.5000|0.0000|0.0000| - [1.000, 0.000, 0.000, 0.000, 0.000]
|  369|0.5000|0.5000|0.0000|0.0000| - [1.000, 0.000, 0.000, 0.000, 0.000]
|  370|0.5000|0.5000|0.0000|0.0000| - [1.000, 0.000, 0.000, 0.000, 0.000]
|  371|0.5000|0.5000|0.0000|0.0000| - [1.000, 0.000, 0.000, 0.000, 0.000]
|  372|0.5000|0.5000|0.0000|0.0000| - [1.000, 0.000, 0.000, 0.000, 0.000]
|  373|0.5000|0.5000|0.0000|0.0000| - [1.000, 0.000, 0.000, 0.000, 0.000]
|  374|0.5263|0.5000|0.1116|0.0063| - [1.000, 0.000, 0.000, 0.000, 0.000]
|  375|0.5000|0.5000|0.0000|0.0000| - [1.000, 0.000, 0.000, 0.000, 0.000]
|  376|0.5000|0.5000|0.0000|0.0000| - [1.000, 0.000, 0.000, 0.000, 0.000]
|  377|0.5000|0.5000|0.0000|0.0000| - [1.000, 0.000, 0.000, 0.000, 0.000]
|  378|0.5000|0.5000|0.0000|0.0000| - [1.000, 0.000, 0.000, 0.000, 0.000]
|  379|0.5000|0.5000|0.0000|0.0000| - [1.000, 0.000, 0.000, 0.000, 0.000]
|  380|0.5000|0.5000|0.0000|0.0000| - [1.000, 0.000, 0.000, 0.000, 0.000]
|  381|0.5000|0.5000|0.0000|0.0000| - [1.000, 0.000, 0.000, 0.000, 0.000]
|  382|0.5000|0.5000|0.0000|0.0000| - [1.000, 0.000, 0.000, 0.000, 0.000]
|  383|0.5000|0.5000|0.0000|0.0000| - [1.000, 0.000, 0.000, 0.000, 0.000]
|  384|0.5000|0.5000|0.0000|0.0000| - [1.000, 0.000, 0.000, 0.000, 0.000]
|  385|0.5000|0.5000|0.0000|0.0000| - [1.000, 0.000, 0.000, 0.000, 0.000]
|  386|0.5000|0.5000|0.0000|0.0000| - [1.000, 0.000, 0.000, 0.000, 0.000]
|  387|0.5000|0.5000|0.0000|0.0000| - [1.000, 0.000, 0.000, 0.000, 0.000]
|  388|0.5000|0.5000|0.0000|0.0000| - [1.000, 0.000, 0.000, 0.000, 0.000]
|  389|0.5000|0.5000|0.0000|0.0000| - [1.000, 0.000, 0.000, 0.000, 0.000]
|  390|0.5000|0.5000|0.0000|0.0000| - [1.000, 0.000, 0.000, 0.000, 0.000]
|  391|0.5000|0.5000|0.0000|0.0000| - [1.000, 0.000, 0.000, 0.000, 0.000]
|  392|0.5000|0.5000|0.0000|0.0000| - [1.000, 0.000, 0.000, 0.000, 0.000]
|  393|0.5000|0.5000|0.0000|0.0000| - [1.000, 0.000, 0.000, 0.000, 0.000]
|  394|0.5000|0.5000|0.0000|0.0000| - [1.000, 0.000, 0.000, 0.000, 0.000]
|  395|0.5000|0.5000|0.0000|0.0000| - [1.000, 0.000, 0.000, 0.000, 0.000]
|  396|0.5000|0.5000|0.0000|0.0000| - [1.000, 0.000, 0.000, 0.000, 0.000]
|  397|0.5000|0.5000|0.0000|0.0000| - [1.000, 0.000, 0.000, 0.000, 0.000]
|  398|0.5000|0.5000|0.0000|0.0000| - [1.000, 0.000, 0.000, 0.000, 0.000]
|  399|0.5000|0.5000|0.0000|0.0000| - [1.000, 0.000, 0.000, 0.000, 0.000]
|  400|0.5000|0.5000|0.0000|0.0000| - [1.000, 0.000, 0.000, 0.000, 0.000]
|  401|0.5000|0.5000|0.0000|0.0000| - [1.000, 0.000, 0.000, 0.000, 0.000]
|  402|0.5000|0.5000|0.0000|0.0000| - [1.000, 0.000, 0.000, 0.000, 0.000]
|  403|0.5000|0.5000|0.0000|0.0000| - [1.000, 0.000, 0.000, 0.000, 0.000]
|  404|0.5000|0.5000|0.0000|0.0000| - [1.000, 0.000, 0.000, 0.000, 0.000]
|  405|0.5000|0.5000|0.0000|0.0000| - [1.000, 0.000, 0.000, 0.000, 0.000]
|  406|0.5000|0.5000|0.0000|0.0000| - [1.000, 0.000, 0.000, 0.000, 0.000]
|  407|0.5000|0.5000|0.0000|0.0000| - [1.000, 0.000, 0.000, 0.000, 0.000]
|  408|0.5000|0.5000|0.0000|0.0000| - [1.000, 0.000, 0.000, 0.000, 0.000]
|  409|0.5263|0.5000|0.1116|0.0038| - [1.000, 0.000, 0.000, 0.000, 0.000]
|  410|0.5000|0.5000|0.0000|0.0000| - [1.000, 0.000, 0.000, 0.000, 0.000]
|  411|0.5000|0.5000|0.0000|0.0000| - [1.000, 0.000, 0.000, 0.000, 0.000]
|  412|0.5263|0.5000|0.1116|0.0060| - [1.000, 0.000, 0.000, 0.000, 0.000]
|  413|0.5000|0.5000|0.0000|0.0000| - [1.000, 0.000, 0.000, 0.000, 0.000]
|  414|0.5000|0.5000|0.0000|0.0000| - [1.000, 0.000, 0.000, 0.000, 0.000]
|  415|0.5000|0.5000|0.0000|0.0000| - [1.000, 0.000, 0.000, 0.000, 0.000]
|  416|0.5000|0.5000|0.0000|0.0000| - [1.000, 0.000, 0.000, 0.000, 0.000]
|  417|0.5000|0.5000|0.0000|0.0000| - [1.000, 0.000, 0.000, 0.000, 0.000]
|  418|0.5000|0.5000|0.0000|0.0000| - [1.000, 0.000, 0.000, 0.000, 0.000]
|  419|0.5000|0.5000|0.0000|0.0000| - [1.000, 0.000, 0.000, 0.000, 0.000]
|  420|0.5000|0.5000|0.0000|0.0000| - [1.000, 0.000, 0.000, 0.000, 0.000]
|  421|0.5000|0.5000|0.0000|0.0000| - [1.000, 0.000, 0.000, 0.000, 0.000]
|  422|0.5000|0.5000|0.0000|0.0000| - [1.000, 0.000, 0.000, 0.000, 0.000]
|  423|0.5000|0.5000|0.0000|0.0000| - [1.000, 0.000, 0.000, 0.000, 0.000]
|  424|0.5000|0.5000|0.0000|0.0000| - [1.000, 0.000, 0.000, 0.000, 0.000]
|  425|0.5000|0.5000|0.0000|0.0000| - [1.000, 0.000, 0.000, 0.000, 0.000]
|  426|0.5000|0.5000|0.0000|0.0000| - [1.000, 0.000, 0.000, 0.000, 0.000]
|  427|0.5000|0.5000|0.0000|0.0000| - [1.000, 0.000, 0.000, 0.000, 0.000]
|  428|0.5000|0.5000|0.0000|0.0000| - [1.000, 0.000, 0.000, 0.000, 0.000]
|  429|0.5263|0.5000|0.1116|0.0058| - [1.000, 0.000, 0.000, 0.000, 0.000]
|  430|0.5000|0.5000|0.0000|0.0000| - [1.000, 0.000, 0.000, 0.000, 0.000]
|  431|0.5000|0.5000|0.0000|0.0000| - [1.000, 0.000, 0.000, 0.000, 0.000]
|  432|0.5263|0.5000|0.1116|0.0016| - [1.000, 0.000, 0.000, 0.000, 0.000]
|  433|0.5000|0.5000|0.0000|0.0000| - [1.000, 0.000, 0.000, 0.000, 0.000]
|  434|0.5000|0.5000|0.0000|0.0000| - [1.000, 0.000, 0.000, 0.000, 0.000]
|  435|0.5000|0.5000|0.0000|0.0000| - [1.000, 0.000, 0.000, 0.000, 0.000]
|  436|0.5000|0.5000|0.0000|0.0000| - [1.000, 0.000, 0.000, 0.000, 0.000]
|  437|0.5000|0.5000|0.0000|0.0000| - [1.000, 0.000, 0.000, 0.000, 0.000]
|  438|0.5000|0.5000|0.0000|0.0000| - [1.000, 0.000, 0.000, 0.000, 0.000]
|  439|0.5000|0.5000|0.0000|0.0000| - [1.000, 0.000, 0.000, 0.000, 0.000]
|  440|0.5000|0.5000|0.0000|0.0000| - [1.000, 0.000, 0.000, 0.000, 0.000]
|  441|0.5000|0.5000|0.0000|0.0000| - [1.000, 0.000, 0.000, 0.000, 0.000]
|  442|0.5000|0.5000|0.0000|0.0000| - [1.000, 0.000, 0.000, 0.000, 0.000]
|  443|0.5000|0.5000|0.0000|0.0000| - [1.000, 0.000, 0.000, 0.000, 0.000]
|  444|0.5000|0.5000|0.0000|0.0000| - [1.000, 0.000, 0.000, 0.000, 0.000]
|  445|0.5000|0.5000|0.0000|0.0000| - [1.000, 0.000, 0.000, 0.000, 0.000]
|  446|0.5000|0.5000|0.0000|0.0000| - [1.000, 0.000, 0.000, 0.000, 0.000]
|  447|0.5000|0.5000|0.0000|0.0000| - [1.000, 0.000, 0.000, 0.000, 0.000]
|  448|0.5000|0.5000|0.0000|0.0000| - [1.000, 0.000, 0.000, 0.000, 0.000]
|  449|0.5000|0.5000|0.0000|0.0000| - [1.000, 0.000, 0.000, 0.000, 0.000]
|  450|0.5000|0.5000|0.0000|0.0000| - [1.000, 0.000, 0.000, 0.000, 0.000]
|  451|0.5000|0.5000|0.0000|0.0000| - [1.000, 0.000, 0.000, 0.000, 0.000]
|  452|0.5000|0.5000|0.0000|0.0000| - [1.000, 0.000, 0.000, 0.000, 0.000]
|  453|0.5000|0.5000|0.0000|0.0000| - [1.000, 0.000, 0.000, 0.000, 0.000]
|  454|0.5000|0.5000|0.0000|0.0000| - [1.000, 0.000, 0.000, 0.000, 0.000]
|  455|0.5000|0.5000|0.0000|0.0000| - [1.000, 0.000, 0.000, 0.000, 0.000]
|  456|0.5000|0.5000|0.0000|0.0000| - [1.000, 0.000, 0.000, 0.000, 0.000]
|  457|0.5000|0.5000|0.0000|0.0000| - [1.000, 0.000, 0.000, 0.000, 0.000]
|  458|0.5000|0.5000|0.0000|0.0000| - [1.000, 0.000, 0.000, 0.000, 0.000]
|  459|0.5000|0.5000|0.0000|0.0000| - [1.000, 0.000, 0.000, 0.000, 0.000]
|  460|0.5000|0.5000|0.0000|0.0000| - [1.000, 0.000, 0.000, 0.000, 0.000]
|  461|0.5000|0.5000|0.0000|0.0000| - [1.000, 0.000, 0.000, 0.000, 0.000]
|  462|0.5000|0.5000|0.0000|0.0000| - [1.000, 0.000, 0.000, 0.000, 0.000]
|  463|0.5000|0.5000|0.0000|0.0000| - [1.000, 0.000, 0.000, 0.000, 0.000]
|  464|0.5000|0.5000|0.0000|0.0000| - [1.000, 0.000, 0.000, 0.000, 0.000]
|  465|0.5000|0.5000|0.0000|0.0000| - [1.000, 0.000, 0.000, 0.000, 0.000]
|  466|0.5000|0.5000|0.0000|0.0000| - [1.000, 0.000, 0.000, 0.000, 0.000]
|  467|0.5000|0.5000|0.0000|0.0000| - [1.000, 0.000, 0.000, 0.000, 0.000]
|  468|0.5000|0.5000|0.0000|0.0000| - [1.000, 0.000, 0.000, 0.000, 0.000]
|  469|0.5000|0.5000|0.0000|0.0000| - [1.000, 0.000, 0.000, 0.000, 0.000]
|  470|0.5000|0.5000|0.0000|0.0000| - [1.000, 0.000, 0.000, 0.000, 0.000]
|  471|0.5000|0.5000|0.0000|0.0000| - [1.000, 0.000, 0.000, 0.000, 0.000]
|  472|0.5000|0.5000|0.0000|0.0000| - [1.000, 0.000, 0.000, 0.000, 0.000]
|  473|0.5000|0.5000|0.0000|0.0000| - [1.000, 0.000, 0.000, 0.000, 0.000]
|  474|0.5000|0.5000|0.0000|0.0000| - [1.000, 0.000, 0.000, 0.000, 0.000]
|  475|0.5000|0.5000|0.0000|0.0000| - [1.000, 0.000, 0.000, 0.000, 0.000]
|  476|0.5000|0.5000|0.0000|0.0000| - [1.000, 0.000, 0.000, 0.000, 0.000]
|  477|0.5000|0.5000|0.0000|0.0000| - [1.000, 0.000, 0.000, 0.000, 0.000]
|  478|0.5000|0.5000|0.0000|0.0000| - [1.000, 0.000, 0.000, 0.000, 0.000]
|  479|0.5000|0.5000|0.0000|0.0000| - [1.000, 0.000, 0.000, 0.000, 0.000]
|  480|0.5000|0.5000|0.0000|0.0000| - [1.000, 0.000, 0.000, 0.000, 0.000]
|  481|0.5263|0.5000|0.1116|0.0049| - [1.000, 0.000, 0.000, 0.000, 0.000]
|  482|0.5000|0.5000|0.0000|0.0000| - [1.000, 0.000, 0.000, 0.000, 0.000]
|  483|0.5000|0.5000|0.0000|0.0000| - [1.000, 0.000, 0.000, 0.000, 0.000]
|  484|0.5000|0.5000|0.0000|0.0000| - [1.000, 0.000, 0.000, 0.000, 0.000]
|  485|0.5000|0.5000|0.0000|0.0000| - [1.000, 0.000, 0.000, 0.000, 0.000]
|  486|0.5000|0.5000|0.0000|0.0000| - [1.000, 0.000, 0.000, 0.000, 0.000]
|  487|0.5263|0.5000|0.1116|0.0016| - [1.000, 0.000, 0.000, 0.000, 0.000]
|  488|0.5000|0.5000|0.0000|0.0000| - [1.000, 0.000, 0.000, 0.000, 0.000]
|  489|0.5000|0.5000|0.0000|0.0000| - [1.000, 0.000, 0.000, 0.000, 0.000]
|  490|0.5000|0.5000|0.0000|0.0000| - [1.000, 0.000, 0.000, 0.000, 0.000]
|  491|0.5000|0.5000|0.0000|0.0000| - [1.000, 0.000, 0.000, 0.000, 0.000]
|  492|0.5000|0.5000|0.0000|0.0000| - [1.000, 0.000, 0.000, 0.000, 0.000]
|  493|0.5000|0.5000|0.0000|0.0000| - [1.000, 0.000, 0.000, 0.000, 0.000]
|  494|0.5263|0.5000|0.1116|0.0004| - [1.000, 0.000, 0.000, 0.000, 0.000]
|  495|0.5000|0.5000|0.0000|0.0000| - [1.000, 0.000, 0.000, 0.000, 0.000]
|  496|0.5263|0.5000|0.1116|0.0079| - [1.000, 0.000, 0.000, 0.000, 0.000]
|  497|0.5000|0.5000|0.0000|0.0000| - [1.000, 0.000, 0.000, 0.000, 0.000]
|  498|0.5000|0.5000|0.0000|0.0000| - [1.000, 0.000, 0.000, 0.000, 0.000]
|  499|0.5000|0.5000|0.0000|0.0000| - [1.000, 0.000, 0.000, 0.000, 0.000]
|  500|0.5000|0.5000|0.0000|0.0000| - [1.000, 0.000, 0.000, 0.000, 0.000]
|  501|0.5000|0.5000|0.0000|0.0000| - [1.000, 0.000, 0.000, 0.000, 0.000]
|  502|0.5000|0.5000|0.0000|0.0000| - [1.000, 0.000, 0.000, 0.000, 0.000]
|  503|0.5000|0.5000|0.0000|0.0000| - [1.000, 0.000, 0.000, 0.000, 0.000]
|  504|0.5526|0.5000|0.1537|0.0126| - [1.000, 0.000, 0.000, 0.000, 0.000]
|  505|0.5263|0.5000|0.1116|0.0080| - [1.000, 0.000, 0.000, 0.000, 0.000]
|  506|0.5000|0.5000|0.0000|0.0000| - [1.000, 0.000, 0.000, 0.000, 0.000]
|  507|0.5000|0.5000|0.0000|0.0000| - [1.000, 0.000, 0.000, 0.000, 0.000]
|  508|0.5000|0.5000|0.0000|0.0000| - [1.000, 0.000, 0.000, 0.000, 0.000]
|  509|0.5000|0.5000|0.0000|0.0000| - [1.000, 0.000, 0.000, 0.000, 0.000]
|  510|0.5000|0.5000|0.0000|0.0000| - [1.000, 0.000, 0.000, 0.000, 0.000]
|  511|0.5000|0.5000|0.0000|0.0000| - [1.000, 0.000, 0.000, 0.000, 0.000]
|  512|0.5000|0.5000|0.0000|0.0000| - [1.000, 0.000, 0.000, 0.000, 0.000]
|  513|0.5000|0.5000|0.0000|0.0000| - [1.000, 0.000, 0.000, 0.000, 0.000]
|  514|0.5000|0.5000|0.0000|0.0000| - [1.000, 0.000, 0.000, 0.000, 0.000]
|  515|0.5000|0.5000|0.0000|0.0000| - [1.000, 0.000, 0.000, 0.000, 0.000]
|  516|0.5000|0.5000|0.0000|0.0000| - [1.000, 0.000, 0.000, 0.000, 0.000]
|  517|0.5000|0.5000|0.0000|0.0000| - [1.000, 0.000, 0.000, 0.000, 0.000]
|  518|0.5000|0.5000|0.0000|0.0000| - [1.000, 0.000, 0.000, 0.000, 0.000]
|  519|0.5000|0.5000|0.0000|0.0000| - [1.000, 0.000, 0.000, 0.000, 0.000]
|  520|0.5000|0.5000|0.0000|0.0000| - [1.000, 0.000, 0.000, 0.000, 0.000]
|  521|0.5000|0.5000|0.0000|0.0000| - [1.000, 0.000, 0.000, 0.000, 0.000]
|  522|0.5000|0.5000|0.0000|0.0000| - [1.000, 0.000, 0.000, 0.000, 0.000]
|  523|0.5000|0.5000|0.0000|0.0000| - [1.000, 0.000, 0.000, 0.000, 0.000]
|  524|0.5000|0.5000|0.0000|0.0000| - [1.000, 0.000, 0.000, 0.000, 0.000]
|  525|0.5000|0.5000|0.0000|0.0000| - [1.000, 0.000, 0.000, 0.000, 0.000]
|  526|0.5000|0.5000|0.0000|0.0000| - [1.000, 0.000, 0.000, 0.000, 0.000]
|  527|0.5526|0.5000|0.1537|0.0090| - [1.000, 0.000, 0.000, 0.000, 0.000]
|  528|0.5000|0.5000|0.0000|0.0000| - [1.000, 0.000, 0.000, 0.000, 0.000]
|  529|0.5000|0.5000|0.0000|0.0000| - [1.000, 0.000, 0.000, 0.000, 0.000]
|  530|0.5000|0.5000|0.0000|0.0000| - [1.000, 0.000, 0.000, 0.000, 0.000]
|  531|0.5000|0.5000|0.0000|0.0000| - [1.000, 0.000, 0.000, 0.000, 0.000]
|  532|0.5000|0.5000|0.0000|0.0000| - [1.000, 0.000, 0.000, 0.000, 0.000]
|  533|0.5000|0.5000|0.0000|0.0000| - [1.000, 0.000, 0.000, 0.000, 0.000]
|  534|0.5000|0.5000|0.0000|0.0000| - [1.000, 0.000, 0.000, 0.000, 0.000]
|  535|0.5000|0.5000|0.0000|0.0000| - [1.000, 0.000, 0.000, 0.000, 0.000]
|  536|0.5000|0.5000|0.0000|0.0000| - [1.000, 0.000, 0.000, 0.000, 0.000]
|  537|0.5000|0.5000|0.0000|0.0000| - [1.000, 0.000, 0.000, 0.000, 0.000]
|  538|0.5000|0.5000|0.0000|0.0000| - [1.000, 0.000, 0.000, 0.000, 0.000]
|  539|0.5000|0.5000|0.0000|0.0000| - [1.000, 0.000, 0.000, 0.000, 0.000]
|  540|0.5000|0.5000|0.0000|0.0000| - [1.000, 0.000, 0.000, 0.000, 0.000]
|  541|0.5000|0.5000|0.0000|0.0000| - [1.000, 0.000, 0.000, 0.000, 0.000]
|  542|0.5000|0.5000|0.0000|0.0000| - [1.000, 0.000, 0.000, 0.000, 0.000]
|  543|0.5000|0.5000|0.0000|0.0000| - [1.000, 0.000, 0.000, 0.000, 0.000]
|  544|0.5000|0.5000|0.0000|0.0000| - [1.000, 0.000, 0.000, 0.000, 0.000]
|  545|0.5000|0.5000|0.0000|0.0000| - [1.000, 0.000, 0.000, 0.000, 0.000]
|  546|0.5000|0.5000|0.0000|0.0000| - [1.000, 0.000, 0.000, 0.000, 0.000]
|  547|0.5000|0.5000|0.0000|0.0000| - [1.000, 0.000, 0.000, 0.000, 0.000]
|  548|0.5000|0.5000|0.0000|0.0000| - [1.000, 0.000, 0.000, 0.000, 0.000]
|  549|0.5000|0.5000|0.0000|0.0000| - [1.000, 0.000, 0.000, 0.000, 0.000]
|  550|0.5000|0.5000|0.0000|0.0000| - [1.000, 0.000, 0.000, 0.000, 0.000]
|  551|0.5000|0.5000|0.0000|0.0000| - [1.000, 0.000, 0.000, 0.000, 0.000]
|  552|0.5000|0.5000|0.0000|0.0000| - [1.000, 0.000, 0.000, 0.000, 0.000]
|  553|0.5000|0.5000|0.0000|0.0000| - [1.000, 0.000, 0.000, 0.000, 0.000]
|  554|0.5000|0.5000|0.0000|0.0000| - [1.000, 0.000, 0.000, 0.000, 0.000]
|  555|0.5000|0.5000|0.0000|0.0000| - [1.000, 0.000, 0.000, 0.000, 0.000]
|  556|0.5000|0.5000|0.0000|0.0000| - [1.000, 0.000, 0.000, 0.000, 0.000]
|  557|0.5000|0.5000|0.0000|0.0000| - [1.000, 0.000, 0.000, 0.000, 0.000]
|  558|0.5000|0.5000|0.0000|0.0000| - [1.000, 0.000, 0.000, 0.000, 0.000]
|  559|0.5263|0.5000|0.1116|0.0102| - [1.000, 0.000, 0.000, 0.000, 0.000]
|  560|0.5000|0.5000|0.0000|0.0000| - [1.000, 0.000, 0.000, 0.000, 0.000]
|  561|0.5000|0.5000|0.0000|0.0000| - [1.000, 0.000, 0.000, 0.000, 0.000]
|  562|0.5000|0.5000|0.0000|0.0000| - [1.000, 0.000, 0.000, 0.000, 0.000]
|  563|0.5000|0.5000|0.0000|0.0000| - [1.000, 0.000, 0.000, 0.000, 0.000]
|  564|0.5000|0.5000|0.0000|0.0000| - [1.000, 0.000, 0.000, 0.000, 0.000]
|  565|0.5000|0.5000|0.0000|0.0000| - [1.000, 0.000, 0.000, 0.000, 0.000]
|  566|0.5000|0.5000|0.0000|0.0000| - [1.000, 0.000, 0.000, 0.000, 0.000]
|  567|0.5000|0.5000|0.0000|0.0000| - [1.000, 0.000, 0.000, 0.000, 0.000]
|  568|0.5000|0.5000|0.0000|0.0000| - [1.000, 0.000, 0.000, 0.000, 0.000]
|  569|0.5000|0.5000|0.0000|0.0000| - [1.000, 0.000, 0.000, 0.000, 0.000]
|  570|0.5000|0.5000|0.0000|0.0000| - [1.000, 0.000, 0.000, 0.000, 0.000]
|  571|0.5000|0.5000|0.0000|0.0000| - [1.000, 0.000, 0.000, 0.000, 0.000]
|  572|0.5000|0.5000|0.0000|0.0000| - [1.000, 0.000, 0.000, 0.000, 0.000]
|  573|0.5000|0.5000|0.0000|0.0000| - [1.000, 0.000, 0.000, 0.000, 0.000]
|  574|0.5000|0.5000|0.0000|0.0000| - [1.000, 0.000, 0.000, 0.000, 0.000]
|  575|0.5000|0.5000|0.0000|0.0000| - [1.000, 0.000, 0.000, 0.000, 0.000]
|  576|0.5263|0.5000|0.1116|0.0163| - [1.000, 0.000, 0.000, 0.000, 0.000]
|  577|0.5000|0.5000|0.0000|0.0000| - [1.000, 0.000, 0.000, 0.000, 0.000]
|  578|0.5000|0.5000|0.0000|0.0000| - [1.000, 0.000, 0.000, 0.000, 0.000]
|  579|0.5000|0.5000|0.0000|0.0000| - [1.000, 0.000, 0.000, 0.000, 0.000]
|  580|0.5000|0.5000|0.0000|0.0000| - [1.000, 0.000, 0.000, 0.000, 0.000]
|  581|0.5000|0.5000|0.0000|0.0000| - [1.000, 0.000, 0.000, 0.000, 0.000]
|  582|0.5000|0.5000|0.0000|0.0000| - [1.000, 0.000, 0.000, 0.000, 0.000]
|  583|0.5000|0.5000|0.0000|0.0000| - [1.000, 0.000, 0.000, 0.000, 0.000]
|  584|0.5000|0.5000|0.0000|0.0000| - [1.000, 0.000, 0.000, 0.000, 0.000]
|  585|0.5000|0.5000|0.0000|0.0000| - [1.000, 0.000, 0.000, 0.000, 0.000]
|  586|0.5000|0.5000|0.0000|0.0000| - [1.000, 0.000, 0.000, 0.000, 0.000]
|  587|0.5000|0.5000|0.0000|0.0000| - [1.000, 0.000, 0.000, 0.000, 0.000]
|  588|0.5000|0.5000|0.0000|0.0000| - [1.000, 0.000, 0.000, 0.000, 0.000]
|  589|0.5000|0.5000|0.0000|0.0000| - [1.000, 0.000, 0.000, 0.000, 0.000]
|  590|0.5000|0.5000|0.0000|0.0000| - [1.000, 0.000, 0.000, 0.000, 0.000]
|  591|0.5000|0.5000|0.0000|0.0000| - [1.000, 0.000, 0.000, 0.000, 0.000]
|  592|0.5000|0.5000|0.0000|0.0000| - [1.000, 0.000, 0.000, 0.000, 0.000]
|  593|0.5000|0.5000|0.0000|0.0000| - [1.000, 0.000, 0.000, 0.000, 0.000]
|  594|0.5000|0.5000|0.0000|0.0000| - [1.000, 0.000, 0.000, 0.000, 0.000]
|  595|0.5000|0.5000|0.0000|0.0000| - [1.000, 0.000, 0.000, 0.000, 0.000]
|  596|0.5000|0.5000|0.0000|0.0000| - [1.000, 0.000, 0.000, 0.000, 0.000]
|  597|0.5263|0.5000|0.1116|0.0099| - [1.000, 0.000, 0.000, 0.000, 0.000]
|  598|0.5000|0.5000|0.0000|0.0000| - [1.000, 0.000, 0.000, 0.000, 0.000]
|  599|0.5000|0.5000|0.0000|0.0000| - [1.000, 0.000, 0.000, 0.000, 0.000]
|  600|0.5000|0.5000|0.0000|0.0000| - [1.000, 0.000, 0.000, 0.000, 0.000]
|  601|0.5000|0.5000|0.0000|0.0000| - [1.000, 0.000, 0.000, 0.000, 0.000]
|  602|0.5000|0.5000|0.0000|0.0000| - [1.000, 0.000, 0.000, 0.000, 0.000]
|  603|0.5000|0.5000|0.0000|0.0000| - [1.000, 0.000, 0.000, 0.000, 0.000]
|  604|0.5000|0.5000|0.0000|0.0000| - [1.000, 0.000, 0.000, 0.000, 0.000]
|  605|0.5000|0.5000|0.0000|0.0000| - [1.000, 0.000, 0.000, 0.000, 0.000]
|  606|0.5000|0.5000|0.0000|0.0000| - [1.000, 0.000, 0.000, 0.000, 0.000]
|  607|0.5000|0.5000|0.0000|0.0000| - [1.000, 0.000, 0.000, 0.000, 0.000]
|  608|0.5000|0.5000|0.0000|0.0000| - [1.000, 0.000, 0.000, 0.000, 0.000]
|  609|0.5000|0.5000|0.0000|0.0000| - [1.000, 0.000, 0.000, 0.000, 0.000]
|  610|0.5000|0.5000|0.0000|0.0000| - [1.000, 0.000, 0.000, 0.000, 0.000]
|  611|0.5263|0.5000|0.1116|0.0170| - [1.000, 0.000, 0.000, 0.000, 0.000]
|  612|0.5526|0.5000|0.1534|0.0340| - [1.000, 0.000, 0.000, 0.000, 0.000]
|  613|0.5000|0.5000|0.0000|0.0000| - [1.000, 0.000, 0.000, 0.000, 0.000]
|  614|0.5000|0.5000|0.0000|0.0000| - [1.000, 0.000, 0.000, 0.000, 0.000]
|  615|0.5000|0.5000|0.0000|0.0000| - [1.000, 0.000, 0.000, 0.000, 0.000]
|  616|0.5000|0.5000|0.0000|0.0000| - [1.000, 0.000, 0.000, 0.000, 0.000]
|  617|0.5263|0.5000|0.1116|0.0056| - [1.000, 0.000, 0.000, 0.000, 0.000]
|  618|0.5000|0.5000|0.0000|0.0000| - [1.000, 0.000, 0.000, 0.000, 0.000]
|  619|0.5000|0.5000|0.0000|0.0000| - [1.000, 0.000, 0.000, 0.000, 0.000]
|  620|0.5000|0.5000|0.0000|0.0000| - [1.000, 0.000, 0.000, 0.000, 0.000]
|  621|0.5000|0.5000|0.0000|0.0000| - [1.000, 0.000, 0.000, 0.000, 0.000]
|  622|0.5000|0.5000|0.0000|0.0000| - [1.000, 0.000, 0.000, 0.000, 0.000]
|  623|0.5000|0.5000|0.0000|0.0000| - [1.000, 0.000, 0.000, 0.000, 0.000]
|  624|0.5000|0.5000|0.0000|0.0000| - [1.000, 0.000, 0.000, 0.000, 0.000]
|  625|0.5000|0.5000|0.0000|0.0000| - [1.000, 0.000, 0.000, 0.000, 0.000]
|  626|0.5000|0.5000|0.0000|0.0000| - [1.000, 0.000, 0.000, 0.000, 0.000]
|  627|0.5000|0.5000|0.0000|0.0000| - [1.000, 0.000, 0.000, 0.000, 0.000]
|  628|0.5000|0.5000|0.0000|0.0000| - [1.000, 0.000, 0.000, 0.000, 0.000]
|  629|0.5000|0.5000|0.0000|0.0000| - [1.000, 0.000, 0.000, 0.000, 0.000]
|  630|0.5000|0.5000|0.0000|0.0000| - [1.000, 0.000, 0.000, 0.000, 0.000]
|  631|0.5000|0.5000|0.0000|0.0000| - [1.000, 0.000, 0.000, 0.000, 0.000]
|  632|0.5000|0.5000|0.0000|0.0000| - [1.000, 0.000, 0.000, 0.000, 0.000]
|  633|0.5000|0.5000|0.0000|0.0000| - [1.000, 0.000, 0.000, 0.000, 0.000]
|  634|0.5000|0.5000|0.0000|0.0000| - [1.000, 0.000, 0.000, 0.000, 0.000]
|  635|0.5000|0.5000|0.0000|0.0000| - [1.000, 0.000, 0.000, 0.000, 0.000]
|  636|0.5000|0.5000|0.0000|0.0000| - [1.000, 0.000, 0.000, 0.000, 0.000]
|  637|0.5000|0.5000|0.0000|0.0000| - [1.000, 0.000, 0.000, 0.000, 0.000]
|  638|0.5000|0.5000|0.0000|0.0000| - [1.000, 0.000, 0.000, 0.000, 0.000]
|  639|0.5000|0.5000|0.0000|0.0000| - [1.000, 0.000, 0.000, 0.000, 0.000]
|  640|0.5000|0.5000|0.0000|0.0000| - [1.000, 0.000, 0.000, 0.000, 0.000]
|  641|0.5000|0.5000|0.0000|0.0000| - [1.000, 0.000, 0.000, 0.000, 0.000]
|  642|0.5000|0.5000|0.0000|0.0000| - [1.000, 0.000, 0.000, 0.000, 0.000]
|  643|0.5000|0.5000|0.0000|0.0000| - [1.000, 0.000, 0.000, 0.000, 0.000]
|  644|0.5000|0.5000|0.0000|0.0000| - [1.000, 0.000, 0.000, 0.000, 0.000]
|  645|0.5000|0.5000|0.0000|0.0000| - [1.000, 0.000, 0.000, 0.000, 0.000]
|  646|0.5000|0.5000|0.0000|0.0000| - [1.000, 0.000, 0.000, 0.000, 0.000]
|  647|0.5000|0.5000|0.0000|0.0000| - [1.000, 0.000, 0.000, 0.000, 0.000]
|  648|0.5000|0.5000|0.0000|0.0000| - [1.000, 0.000, 0.000, 0.000, 0.000]
|  649|0.5000|0.5000|0.0000|0.0000| - [1.000, 0.000, 0.000, 0.000, 0.000]
|  650|0.5000|0.5000|0.0000|0.0000| - [1.000, 0.000, 0.000, 0.000, 0.000]
|  651|0.5000|0.5000|0.0000|0.0000| - [1.000, 0.000, 0.000, 0.000, 0.000]
|  652|0.5263|0.5000|0.1116|0.0102| - [1.000, 0.000, 0.000, 0.000, 0.000]
|  653|0.5000|0.5000|0.0000|0.0000| - [1.000, 0.000, 0.000, 0.000, 0.000]
|  654|0.5000|0.5000|0.0000|0.0000| - [1.000, 0.000, 0.000, 0.000, 0.000]
|  655|0.5000|0.5000|0.0000|0.0000| - [1.000, 0.000, 0.000, 0.000, 0.000]
|  656|0.5000|0.5000|0.0000|0.0000| - [1.000, 0.000, 0.000, 0.000, 0.000]
|  657|0.5000|0.5000|0.0000|0.0000| - [1.000, 0.000, 0.000, 0.000, 0.000]
|  658|0.5263|0.5000|0.1116|0.0101| - [1.000, 0.000, 0.000, 0.000, 0.000]
|  659|0.5000|0.5000|0.0000|0.0000| - [1.000, 0.000, 0.000, 0.000, 0.000]
|  660|0.5000|0.5000|0.0000|0.0000| - [1.000, 0.000, 0.000, 0.000, 0.000]
|  661|0.5000|0.5000|0.0000|0.0000| - [1.000, 0.000, 0.000, 0.000, 0.000]
|  662|0.5000|0.5000|0.0000|0.0000| - [1.000, 0.000, 0.000, 0.000, 0.000]
|  663|0.5000|0.5000|0.0000|0.0000| - [1.000, 0.000, 0.000, 0.000, 0.000]
|  664|0.5000|0.5000|0.0000|0.0000| - [1.000, 0.000, 0.000, 0.000, 0.000]
|  665|0.5000|0.5000|0.0000|0.0000| - [1.000, 0.000, 0.000, 0.000, 0.000]
|  666|0.5263|0.5000|0.1116|0.0029| - [1.000, 0.000, 0.000, 0.000, 0.000]
|  667|0.5000|0.5000|0.0000|0.0000| - [1.000, 0.000, 0.000, 0.000, 0.000]
|  668|0.5000|0.5000|0.0000|0.0000| - [1.000, 0.000, 0.000, 0.000, 0.000]
|  669|0.5000|0.5000|0.0000|0.0000| - [1.000, 0.000, 0.000, 0.000, 0.000]
|  670|0.5000|0.5000|0.0000|0.0000| - [1.000, 0.000, 0.000, 0.000, 0.000]
|  671|0.5000|0.5000|0.0000|0.0000| - [1.000, 0.000, 0.000, 0.000, 0.000]
|  672|0.5000|0.5000|0.0000|0.0000| - [1.000, 0.000, 0.000, 0.000, 0.000]
|  673|0.5000|0.5000|0.0000|0.0000| - [1.000, 0.000, 0.000, 0.000, 0.000]
|  674|0.5000|0.5000|0.0000|0.0000| - [1.000, 0.000, 0.000, 0.000, 0.000]
|  675|0.5000|0.5000|0.0000|0.0000| - [1.000, 0.000, 0.000, 0.000, 0.000]
|  676|0.5000|0.5000|0.0000|0.0000| - [1.000, 0.000, 0.000, 0.000, 0.000]
|  677|0.5000|0.5000|0.0000|0.0000| - [1.000, 0.000, 0.000, 0.000, 0.000]
|  678|0.5000|0.5000|0.0000|0.0000| - [1.000, 0.000, 0.000, 0.000, 0.000]
|  679|0.5000|0.5000|0.0000|0.0000| - [1.000, 0.000, 0.000, 0.000, 0.000]
|  680|0.5000|0.5000|0.0000|0.0000| - [1.000, 0.000, 0.000, 0.000, 0.000]
|  681|0.5000|0.5000|0.0000|0.0000| - [1.000, 0.000, 0.000, 0.000, 0.000]
|  682|0.5000|0.5000|0.0000|0.0000| - [1.000, 0.000, 0.000, 0.000, 0.000]
|  683|0.5000|0.5000|0.0000|0.0000| - [1.000, 0.000, 0.000, 0.000, 0.000]
|  684|0.5000|0.5000|0.0000|0.0000| - [1.000, 0.000, 0.000, 0.000, 0.000]
|  685|0.5000|0.5000|0.0000|0.0000| - [1.000, 0.000, 0.000, 0.000, 0.000]
|  686|0.5000|0.5000|0.0000|0.0000| - [1.000, 0.000, 0.000, 0.000, 0.000]
|  687|0.5000|0.5000|0.0000|0.0000| - [1.000, 0.000, 0.000, 0.000, 0.000]
|  688|0.5000|0.5000|0.0000|0.0000| - [1.000, 0.000, 0.000, 0.000, 0.000]
|  689|0.5000|0.5000|0.0000|0.0000| - [1.000, 0.000, 0.000, 0.000, 0.000]
|  690|0.5000|0.5000|0.0000|0.0000| - [1.000, 0.000, 0.000, 0.000, 0.000]
|  691|0.5000|0.5000|0.0000|0.0000| - [1.000, 0.000, 0.000, 0.000, 0.000]
|  692|0.5000|0.5000|0.0000|0.0000| - [1.000, 0.000, 0.000, 0.000, 0.000]
|  693|0.5000|0.5000|0.0000|0.0000| - [1.000, 0.000, 0.000, 0.000, 0.000]
|  694|0.5263|0.5000|0.1116|0.0039| - [1.000, 0.000, 0.000, 0.000, 0.000]
|  695|0.5000|0.5000|0.0000|0.0000| - [1.000, 0.000, 0.000, 0.000, 0.000]
|  696|0.5000|0.5000|0.0000|0.0000| - [1.000, 0.000, 0.000, 0.000, 0.000]
|  697|0.5000|0.5000|0.0000|0.0000| - [1.000, 0.000, 0.000, 0.000, 0.000]
|  698|0.5000|0.5000|0.0000|0.0000| - [1.000, 0.000, 0.000, 0.000, 0.000]
|  699|0.5000|0.5000|0.0000|0.0000| - [1.000, 0.000, 0.000, 0.000, 0.000]
|  700|0.5000|0.5000|0.0000|0.0000| - [1.000, 0.000, 0.000, 0.000, 0.000]
|  701|0.5000|0.5000|0.0000|0.0000| - [1.000, 0.000, 0.000, 0.000, 0.000]
|  702|0.5000|0.5000|0.0000|0.0000| - [1.000, 0.000, 0.000, 0.000, 0.000]
|  703|0.5000|0.5000|0.0000|0.0000| - [1.000, 0.000, 0.000, 0.000, 0.000]
|  704|0.5000|0.5000|0.0000|0.0000| - [1.000, 0.000, 0.000, 0.000, 0.000]
|  705|0.5000|0.5000|0.0000|0.0000| - [1.000, 0.000, 0.000, 0.000, 0.000]
|  706|0.5000|0.5000|0.0000|0.0000| - [1.000, 0.000, 0.000, 0.000, 0.000]
|  707|0.5000|0.5000|0.0000|0.0000| - [1.000, 0.000, 0.000, 0.000, 0.000]
|  708|0.5000|0.5000|0.0000|0.0000| - [1.000, 0.000, 0.000, 0.000, 0.000]
|  709|0.5000|0.5000|0.0000|0.0000| - [1.000, 0.000, 0.000, 0.000, 0.000]
|  710|0.5000|0.5000|0.0000|0.0000| - [1.000, 0.000, 0.000, 0.000, 0.000]
|  711|0.5000|0.5000|0.0000|0.0000| - [1.000, 0.000, 0.000, 0.000, 0.000]
|  712|0.5000|0.5000|0.0000|0.0000| - [1.000, 0.000, 0.000, 0.000, 0.000]
|  713|0.5000|0.5000|0.0000|0.0000| - [1.000, 0.000, 0.000, 0.000, 0.000]
|  714|0.5263|0.5000|0.1116|0.0019| - [1.000, 0.000, 0.000, 0.000, 0.000]
|  715|0.5000|0.5000|0.0000|0.0000| - [1.000, 0.000, 0.000, 0.000, 0.000]
|  716|0.5000|0.5000|0.0000|0.0000| - [1.000, 0.000, 0.000, 0.000, 0.000]
|  717|0.5000|0.5000|0.0000|0.0000| - [1.000, 0.000, 0.000, 0.000, 0.000]
|  718|0.5000|0.5000|0.0000|0.0000| - [1.000, 0.000, 0.000, 0.000, 0.000]
|  719|0.5263|0.5000|0.1116|0.0126| - [1.000, 0.000, 0.000, 0.000, 0.000]
|  720|0.5000|0.5000|0.0000|0.0000| - [1.000, 0.000, 0.000, 0.000, 0.000]
|  721|0.5000|0.5000|0.0000|0.0000| - [1.000, 0.000, 0.000, 0.000, 0.000]
|  722|0.5000|0.5000|0.0000|0.0000| - [1.000, 0.000, 0.000, 0.000, 0.000]
|  723|0.5000|0.5000|0.0000|0.0000| - [1.000, 0.000, 0.000, 0.000, 0.000]
|  724|0.5000|0.5000|0.0000|0.0000| - [1.000, 0.000, 0.000, 0.000, 0.000]
|  725|0.5000|0.5000|0.0000|0.0000| - [1.000, 0.000, 0.000, 0.000, 0.000]
|  726|0.5000|0.5000|0.0000|0.0000| - [1.000, 0.000, 0.000, 0.000, 0.000]
|  727|0.5000|0.5000|0.0000|0.0000| - [1.000, 0.000, 0.000, 0.000, 0.000]
|  728|0.5000|0.5000|0.0000|0.0000| - [1.000, 0.000, 0.000, 0.000, 0.000]
|  729|0.5000|0.5000|0.0000|0.0000| - [1.000, 0.000, 0.000, 0.000, 0.000]
|  730|0.5000|0.5000|0.0000|0.0000| - [1.000, 0.000, 0.000, 0.000, 0.000]
|  731|0.5000|0.5000|0.0000|0.0000| - [1.000, 0.000, 0.000, 0.000, 0.000]
|  732|0.5000|0.5000|0.0000|0.0000| - [1.000, 0.000, 0.000, 0.000, 0.000]
|  733|0.5000|0.5000|0.0000|0.0000| - [1.000, 0.000, 0.000, 0.000, 0.000]
|  734|0.5000|0.5000|0.0000|0.0000| - [1.000, 0.000, 0.000, 0.000, 0.000]
|  735|0.5000|0.5000|0.0000|0.0000| - [1.000, 0.000, 0.000, 0.000, 0.000]
|  736|0.5000|0.5000|0.0000|0.0000| - [1.000, 0.000, 0.000, 0.000, 0.000]
|  737|0.5000|0.5000|0.0000|0.0000| - [1.000, 0.000, 0.000, 0.000, 0.000]
|  738|0.5000|0.5000|0.0000|0.0000| - [1.000, 0.000, 0.000, 0.000, 0.000]
|  739|0.5000|0.5000|0.0000|0.0000| - [1.000, 0.000, 0.000, 0.000, 0.000]
|  740|0.5000|0.5000|0.0000|0.0000| - [1.000, 0.000, 0.000, 0.000, 0.000]
|  741|0.5000|0.5000|0.0000|0.0000| - [1.000, 0.000, 0.000, 0.000, 0.000]
|  742|0.5263|0.5000|0.1116|0.0063| - [1.000, 0.000, 0.000, 0.000, 0.000]
|  743|0.5000|0.5000|0.0000|0.0000| - [1.000, 0.000, 0.000, 0.000, 0.000]
|  744|0.5000|0.5000|0.0000|0.0000| - [1.000, 0.000, 0.000, 0.000, 0.000]
|  745|0.5000|0.5000|0.0000|0.0000| - [1.000, 0.000, 0.000, 0.000, 0.000]
|  746|0.5000|0.5000|0.0000|0.0000| - [1.000, 0.000, 0.000, 0.000, 0.000]
|  747|0.5000|0.5000|0.0000|0.0000| - [1.000, 0.000, 0.000, 0.000, 0.000]
|  748|0.5000|0.5000|0.0000|0.0000| - [1.000, 0.000, 0.000, 0.000, 0.000]
|  749|0.5000|0.5000|0.0000|0.0000| - [1.000, 0.000, 0.000, 0.000, 0.000]
|  750|0.5000|0.5000|0.0000|0.0000| - [1.000, 0.000, 0.000, 0.000, 0.000]
|  751|0.5000|0.5000|0.0000|0.0000| - [1.000, 0.000, 0.000, 0.000, 0.000]
|  752|0.5000|0.5000|0.0000|0.0000| - [1.000, 0.000, 0.000, 0.000, 0.000]
|  753|0.5000|0.5000|0.0000|0.0000| - [1.000, 0.000, 0.000, 0.000, 0.000]
|  754|0.5000|0.5000|0.0000|0.0000| - [1.000, 0.000, 0.000, 0.000, 0.000]
|  755|0.5000|0.5000|0.0000|0.0000| - [1.000, 0.000, 0.000, 0.000, 0.000]
|  756|0.5000|0.5000|0.0000|0.0000| - [1.000, 0.000, 0.000, 0.000, 0.000]
|  757|0.5000|0.5000|0.0000|0.0000| - [1.000, 0.000, 0.000, 0.000, 0.000]
|  758|0.5000|0.5000|0.0000|0.0000| - [1.000, 0.000, 0.000, 0.000, 0.000]
|  759|0.5000|0.5000|0.0000|0.0000| - [1.000, 0.000, 0.000, 0.000, 0.000]
|  760|0.5000|0.5000|0.0000|0.0000| - [1.000, 0.000, 0.000, 0.000, 0.000]
|  761|0.5000|0.5000|0.0000|0.0000| - [1.000, 0.000, 0.000, 0.000, 0.000]
|  762|0.5000|0.5000|0.0000|0.0000| - [1.000, 0.000, 0.000, 0.000, 0.000]
|  763|0.5000|0.5000|0.0000|0.0000| - [1.000, 0.000, 0.000, 0.000, 0.000]
|  764|0.5000|0.5000|0.0000|0.0000| - [1.000, 0.000, 0.000, 0.000, 0.000]
|  765|0.5000|0.5000|0.0000|0.0000| - [1.000, 0.000, 0.000, 0.000, 0.000]
|  766|0.5000|0.5000|0.0000|0.0000| - [1.000, 0.000, 0.000, 0.000, 0.000]
|  767|0.5000|0.5000|0.0000|0.0000| - [1.000, 0.000, 0.000, 0.000, 0.000]
|  768|0.5000|0.5000|0.0000|0.0000| - [1.000, 0.000, 0.000, 0.000, 0.000]
|  769|0.5000|0.5000|0.0000|0.0000| - [1.000, 0.000, 0.000, 0.000, 0.000]
|  770|0.5000|0.5000|0.0000|0.0000| - [1.000, 0.000, 0.000, 0.000, 0.000]
|  771|0.5000|0.5000|0.0000|0.0000| - [1.000, 0.000, 0.000, 0.000, 0.000]
|  772|0.5000|0.5000|0.0000|0.0000| - [1.000, 0.000, 0.000, 0.000, 0.000]
|  773|0.5000|0.5000|0.0000|0.0000| - [1.000, 0.000, 0.000, 0.000, 0.000]
|  774|0.5000|0.5000|0.0000|0.0000| - [1.000, 0.000, 0.000, 0.000, 0.000]
|  775|0.5000|0.5000|0.0000|0.0000| - [1.000, 0.000, 0.000, 0.000, 0.000]
|  776|0.5000|0.5000|0.0000|0.0000| - [1.000, 0.000, 0.000, 0.000, 0.000]
|  777|0.5000|0.5000|0.0000|0.0000| - [1.000, 0.000, 0.000, 0.000, 0.000]
|  778|0.5000|0.5000|0.0000|0.0000| - [1.000, 0.000, 0.000, 0.000, 0.000]
|  779|0.5000|0.5000|0.0000|0.0000| - [1.000, 0.000, 0.000, 0.000, 0.000]
|  780|0.5000|0.5000|0.0000|0.0000| - [1.000, 0.000, 0.000, 0.000, 0.000]
|  781|0.5000|0.5000|0.0000|0.0000| - [1.000, 0.000, 0.000, 0.000, 0.000]
|  782|0.5000|0.5000|0.0000|0.0000| - [1.000, 0.000, 0.000, 0.000, 0.000]
|  783|0.5000|0.5000|0.0000|0.0000| - [1.000, 0.000, 0.000, 0.000, 0.000]
|  784|0.5000|0.5000|0.0000|0.0000| - [1.000, 0.000, 0.000, 0.000, 0.000]
|  785|0.5000|0.5000|0.0000|0.0000| - [1.000, 0.000, 0.000, 0.000, 0.000]
|  786|0.5000|0.5000|0.0000|0.0000| - [1.000, 0.000, 0.000, 0.000, 0.000]
|  787|0.5000|0.5000|0.0000|0.0000| - [1.000, 0.000, 0.000, 0.000, 0.000]
|  788|0.5000|0.5000|0.0000|0.0000| - [1.000, 0.000, 0.000, 0.000, 0.000]
|  789|0.5000|0.5000|0.0000|0.0000| - [1.000, 0.000, 0.000, 0.000, 0.000]
|  790|0.5000|0.5000|0.0000|0.0000| - [1.000, 0.000, 0.000, 0.000, 0.000]
|  791|0.5000|0.5000|0.0000|0.0000| - [1.000, 0.000, 0.000, 0.000, 0.000]
|  792|0.5000|0.5000|0.0000|0.0000| - [1.000, 0.000, 0.000, 0.000, 0.000]
|  793|0.5000|0.5000|0.0000|0.0000| - [1.000, 0.000, 0.000, 0.000, 0.000]
|  794|0.5000|0.5000|0.0000|0.0000| - [1.000, 0.000, 0.000, 0.000, 0.000]
|  795|0.5000|0.5000|0.0000|0.0000| - [1.000, 0.000, 0.000, 0.000, 0.000]
|  796|0.5000|0.5000|0.0000|0.0000| - [1.000, 0.000, 0.000, 0.000, 0.000]
|  797|0.5000|0.5000|0.0000|0.0000| - [1.000, 0.000, 0.000, 0.000, 0.000]
|  798|0.5000|0.5000|0.0000|0.0000| - [1.000, 0.000, 0.000, 0.000, 0.000]
|  799|0.5263|0.5000|0.1116|0.0060| - [1.000, 0.000, 0.000, 0.000, 0.000]
|  800|0.5000|0.5000|0.0000|0.0000| - [1.000, 0.000, 0.000, 0.000, 0.000]
|  801|0.5000|0.5000|0.0000|0.0000| - [1.000, 0.000, 0.000, 0.000, 0.000]
|  802|0.5000|0.5000|0.0000|0.0000| - [1.000, 0.000, 0.000, 0.000, 0.000]
|  803|0.5000|0.5000|0.0000|0.0000| - [1.000, 0.000, 0.000, 0.000, 0.000]
|  804|0.5263|0.5000|0.1116|0.0017| - [1.000, 0.000, 0.000, 0.000, 0.000]
|  805|0.5000|0.5000|0.0000|0.0000| - [1.000, 0.000, 0.000, 0.000, 0.000]
|  806|0.5000|0.5000|0.0000|0.0000| - [1.000, 0.000, 0.000, 0.000, 0.000]
|  807|0.5000|0.5000|0.0000|0.0000| - [1.000, 0.000, 0.000, 0.000, 0.000]
|  808|0.5000|0.5000|0.0000|0.0000| - [1.000, 0.000, 0.000, 0.000, 0.000]
|  809|0.5000|0.5000|0.0000|0.0000| - [1.000, 0.000, 0.000, 0.000, 0.000]
|  810|0.5000|0.5000|0.0000|0.0000| - [1.000, 0.000, 0.000, 0.000, 0.000]
|  811|0.5000|0.5000|0.0000|0.0000| - [1.000, 0.000, 0.000, 0.000, 0.000]
|  812|0.5000|0.5000|0.0000|0.0000| - [1.000, 0.000, 0.000, 0.000, 0.000]
|  813|0.5000|0.5000|0.0000|0.0000| - [1.000, 0.000, 0.000, 0.000, 0.000]
|  814|0.5263|0.5000|0.1116|0.0134| - [1.000, 0.000, 0.000, 0.000, 0.000]
|  815|0.5000|0.5000|0.0000|0.0000| - [1.000, 0.000, 0.000, 0.000, 0.000]
|  816|0.5000|0.5000|0.0000|0.0000| - [1.000, 0.000, 0.000, 0.000, 0.000]
|  817|0.5000|0.5000|0.0000|0.0000| - [1.000, 0.000, 0.000, 0.000, 0.000]
|  818|0.5000|0.5000|0.0000|0.0000| - [1.000, 0.000, 0.000, 0.000, 0.000]
|  819|0.5000|0.5000|0.0000|0.0000| - [1.000, 0.000, 0.000, 0.000, 0.000]
|  820|0.5000|0.5000|0.0000|0.0000| - [1.000, 0.000, 0.000, 0.000, 0.000]
|  821|0.5000|0.5000|0.0000|0.0000| - [1.000, 0.000, 0.000, 0.000, 0.000]
|  822|0.5000|0.5000|0.0000|0.0000| - [1.000, 0.000, 0.000, 0.000, 0.000]
|  823|0.5000|0.5000|0.0000|0.0000| - [1.000, 0.000, 0.000, 0.000, 0.000]
|  824|0.5000|0.5000|0.0000|0.0000| - [1.000, 0.000, 0.000, 0.000, 0.000]
|  825|0.5000|0.5000|0.0000|0.0000| - [1.000, 0.000, 0.000, 0.000, 0.000]
|  826|0.5000|0.5000|0.0000|0.0000| - [1.000, 0.000, 0.000, 0.000, 0.000]
|  827|0.5000|0.5000|0.0000|0.0000| - [1.000, 0.000, 0.000, 0.000, 0.000]
|  828|0.5000|0.5000|0.0000|0.0000| - [1.000, 0.000, 0.000, 0.000, 0.000]
|  829|0.5000|0.5000|0.0000|0.0000| - [1.000, 0.000, 0.000, 0.000, 0.000]
|  830|0.5000|0.5000|0.0000|0.0000| - [1.000, 0.000, 0.000, 0.000, 0.000]
|  831|0.5000|0.5000|0.0000|0.0000| - [1.000, 0.000, 0.000, 0.000, 0.000]
|  832|0.5000|0.5000|0.0000|0.0000| - [1.000, 0.000, 0.000, 0.000, 0.000]
|  833|0.5000|0.5000|0.0000|0.0000| - [1.000, 0.000, 0.000, 0.000, 0.000]
|  834|0.5000|0.5000|0.0000|0.0000| - [1.000, 0.000, 0.000, 0.000, 0.000]
|  835|0.5000|0.5000|0.0000|0.0000| - [1.000, 0.000, 0.000, 0.000, 0.000]
|  836|0.5000|0.5000|0.0000|0.0000| - [1.000, 0.000, 0.000, 0.000, 0.000]
|  837|0.5000|0.5000|0.0000|0.0000| - [1.000, 0.000, 0.000, 0.000, 0.000]
|  838|0.5000|0.5000|0.0000|0.0000| - [1.000, 0.000, 0.000, 0.000, 0.000]
|  839|0.5263|0.5000|0.1116|0.0058| - [1.000, 0.000, 0.000, 0.000, 0.000]
|  840|0.5000|0.5000|0.0000|0.0000| - [1.000, 0.000, 0.000, 0.000, 0.000]
|  841|0.5000|0.5000|0.0000|0.0000| - [1.000, 0.000, 0.000, 0.000, 0.000]
|  842|0.5000|0.5000|0.0000|0.0000| - [1.000, 0.000, 0.000, 0.000, 0.000]
|  843|0.5000|0.5000|0.0000|0.0000| - [1.000, 0.000, 0.000, 0.000, 0.000]
|  844|0.5000|0.5000|0.0000|0.0000| - [1.000, 0.000, 0.000, 0.000, 0.000]
|  845|0.5000|0.5000|0.0000|0.0000| - [1.000, 0.000, 0.000, 0.000, 0.000]
|  846|0.5000|0.5000|0.0000|0.0000| - [1.000, 0.000, 0.000, 0.000, 0.000]
|  847|0.5000|0.5000|0.0000|0.0000| - [1.000, 0.000, 0.000, 0.000, 0.000]
|  848|0.5000|0.5000|0.0000|0.0000| - [1.000, 0.000, 0.000, 0.000, 0.000]
|  849|0.5000|0.5000|0.0000|0.0000| - [1.000, 0.000, 0.000, 0.000, 0.000]
|  850|0.5000|0.5000|0.0000|0.0000| - [1.000, 0.000, 0.000, 0.000, 0.000]
|  851|0.5000|0.5000|0.0000|0.0000| - [1.000, 0.000, 0.000, 0.000, 0.000]
|  852|0.5000|0.5000|0.0000|0.0000| - [1.000, 0.000, 0.000, 0.000, 0.000]
|  853|0.5000|0.5000|0.0000|0.0000| - [1.000, 0.000, 0.000, 0.000, 0.000]
|  854|0.5000|0.5000|0.0000|0.0000| - [1.000, 0.000, 0.000, 0.000, 0.000]
|  855|0.5000|0.5000|0.0000|0.0000| - [1.000, 0.000, 0.000, 0.000, 0.000]
|  856|0.5000|0.5000|0.0000|0.0000| - [1.000, 0.000, 0.000, 0.000, 0.000]
|  857|0.5000|0.5000|0.0000|0.0000| - [1.000, 0.000, 0.000, 0.000, 0.000]
|  858|0.5000|0.5000|0.0000|0.0000| - [1.000, 0.000, 0.000, 0.000, 0.000]
|  859|0.5000|0.5000|0.0000|0.0000| - [1.000, 0.000, 0.000, 0.000, 0.000]
|  860|0.5000|0.5000|0.0000|0.0000| - [1.000, 0.000, 0.000, 0.000, 0.000]
|  861|0.5000|0.5000|0.0000|0.0000| - [1.000, 0.000, 0.000, 0.000, 0.000]
|  862|0.5000|0.5000|0.0000|0.0000| - [1.000, 0.000, 0.000, 0.000, 0.000]
|  863|0.5000|0.5000|0.0000|0.0000| - [1.000, 0.000, 0.000, 0.000, 0.000]
|  864|0.5000|0.5000|0.0000|0.0000| - [1.000, 0.000, 0.000, 0.000, 0.000]
|  865|0.5000|0.5000|0.0000|0.0000| - [1.000, 0.000, 0.000, 0.000, 0.000]
|  866|0.5000|0.5000|0.0000|0.0000| - [1.000, 0.000, 0.000, 0.000, 0.000]
|  867|0.5000|0.5000|0.0000|0.0000| - [1.000, 0.000, 0.000, 0.000, 0.000]
|  868|0.5000|0.5000|0.0000|0.0000| - [1.000, 0.000, 0.000, 0.000, 0.000]
|  869|0.5000|0.5000|0.0000|0.0000| - [1.000, 0.000, 0.000, 0.000, 0.000]
|  870|0.5000|0.5000|0.0000|0.0000| - [1.000, 0.000, 0.000, 0.000, 0.000]
|  871|0.5000|0.5000|0.0000|0.0000| - [1.000, 0.000, 0.000, 0.000, 0.000]
|  872|0.5000|0.5000|0.0000|0.0000| - [1.000, 0.000, 0.000, 0.000, 0.000]
|  873|0.5000|0.5000|0.0000|0.0000| - [1.000, 0.000, 0.000, 0.000, 0.000]
|  874|0.5000|0.5000|0.0000|0.0000| - [1.000, 0.000, 0.000, 0.000, 0.000]
|  875|0.5000|0.5000|0.0000|0.0000| - [1.000, 0.000, 0.000, 0.000, 0.000]
|  876|0.5000|0.5000|0.0000|0.0000| - [1.000, 0.000, 0.000, 0.000, 0.000]
|  877|0.5000|0.5000|0.0000|0.0000| - [1.000, 0.000, 0.000, 0.000, 0.000]
|  878|0.5000|0.5000|0.0000|0.0000| - [1.000, 0.000, 0.000, 0.000, 0.000]
|  879|0.5000|0.5000|0.0000|0.0000| - [1.000, 0.000, 0.000, 0.000, 0.000]
|  880|0.5000|0.5000|0.0000|0.0000| - [1.000, 0.000, 0.000, 0.000, 0.000]
|  881|0.5000|0.5000|0.0000|0.0000| - [1.000, 0.000, 0.000, 0.000, 0.000]
|  882|0.5000|0.5000|0.0000|0.0000| - [1.000, 0.000, 0.000, 0.000, 0.000]
|  883|0.5000|0.5000|0.0000|0.0000| - [1.000, 0.000, 0.000, 0.000, 0.000]
|  884|0.5000|0.5000|0.0000|0.0000| - [1.000, 0.000, 0.000, 0.000, 0.000]
|  885|0.5000|0.5000|0.0000|0.0000| - [1.000, 0.000, 0.000, 0.000, 0.000]
|  886|0.5000|0.5000|0.0000|0.0000| - [1.000, 0.000, 0.000, 0.000, 0.000]
|  887|0.5000|0.5000|0.0000|0.0000| - [1.000, 0.000, 0.000, 0.000, 0.000]
|  888|0.5000|0.5000|0.0000|0.0000| - [1.000, 0.000, 0.000, 0.000, 0.000]
|  889|0.5000|0.5000|0.0000|0.0000| - [1.000, 0.000, 0.000, 0.000, 0.000]
|  890|0.5000|0.5000|0.0000|0.0000| - [1.000, 0.000, 0.000, 0.000, 0.000]
|  891|0.5000|0.5000|0.0000|0.0000| - [1.000, 0.000, 0.000, 0.000, 0.000]
|  892|0.5000|0.5000|0.0000|0.0000| - [1.000, 0.000, 0.000, 0.000, 0.000]
|  893|0.5000|0.5000|0.0000|0.0000| - [1.000, 0.000, 0.000, 0.000, 0.000]
|  894|0.5000|0.5000|0.0000|0.0000| - [1.000, 0.000, 0.000, 0.000, 0.000]
|  895|0.5000|0.5000|0.0000|0.0000| - [1.000, 0.000, 0.000, 0.000, 0.000]
|  896|0.5000|0.5000|0.0000|0.0000| - [1.000, 0.000, 0.000, 0.000, 0.000]
|  897|0.5000|0.5000|0.0000|0.0000| - [1.000, 0.000, 0.000, 0.000, 0.000]
|  898|0.5000|0.5000|0.0000|0.0000| - [1.000, 0.000, 0.000, 0.000, 0.000]
|  899|0.5000|0.5000|0.0000|0.0000| - [1.000, 0.000, 0.000, 0.000, 0.000]
|  900|0.5263|0.5000|0.1116|0.0116| - [1.000, 0.000, 0.000, 0.000, 0.000]
|  901|0.5000|0.5000|0.0000|0.0000| - [1.000, 0.000, 0.000, 0.000, 0.000]
|  902|0.5000|0.5000|0.0000|0.0000| - [1.000, 0.000, 0.000, 0.000, 0.000]
|  903|0.5000|0.5000|0.0000|0.0000| - [1.000, 0.000, 0.000, 0.000, 0.000]
|  904|0.5000|0.5000|0.0000|0.0000| - [1.000, 0.000, 0.000, 0.000, 0.000]
|  905|0.5000|0.5000|0.0000|0.0000| - [1.000, 0.000, 0.000, 0.000, 0.000]
|  906|0.5263|0.5000|0.1116|0.0015| - [1.000, 0.000, 0.000, 0.000, 0.000]
|  907|0.5000|0.5000|0.0000|0.0000| - [1.000, 0.000, 0.000, 0.000, 0.000]
|  908|0.5000|0.5000|0.0000|0.0000| - [1.000, 0.000, 0.000, 0.000, 0.000]
|  909|0.5000|0.5000|0.0000|0.0000| - [1.000, 0.000, 0.000, 0.000, 0.000]
|  910|0.5000|0.5000|0.0000|0.0000| - [1.000, 0.000, 0.000, 0.000, 0.000]
|  911|0.5000|0.5000|0.0000|0.0000| - [1.000, 0.000, 0.000, 0.000, 0.000]
|  912|0.5000|0.5000|0.0000|0.0000| - [1.000, 0.000, 0.000, 0.000, 0.000]
|  913|0.5000|0.5000|0.0000|0.0000| - [1.000, 0.000, 0.000, 0.000, 0.000]
|  914|0.5000|0.5000|0.0000|0.0000| - [1.000, 0.000, 0.000, 0.000, 0.000]
|  915|0.5000|0.5000|0.0000|0.0000| - [1.000, 0.000, 0.000, 0.000, 0.000]
|  916|0.5000|0.5000|0.0000|0.0000| - [1.000, 0.000, 0.000, 0.000, 0.000]
|  917|0.5000|0.5000|0.0000|0.0000| - [1.000, 0.000, 0.000, 0.000, 0.000]
|  918|0.5000|0.5000|0.0000|0.0000| - [1.000, 0.000, 0.000, 0.000, 0.000]
|  919|0.5000|0.5000|0.0000|0.0000| - [1.000, 0.000, 0.000, 0.000, 0.000]
|  920|0.5000|0.5000|0.0000|0.0000| - [1.000, 0.000, 0.000, 0.000, 0.000]
|  921|0.5000|0.5000|0.0000|0.0000| - [1.000, 0.000, 0.000, 0.000, 0.000]
|  922|0.5000|0.5000|0.0000|0.0000| - [1.000, 0.000, 0.000, 0.000, 0.000]
|  923|0.5000|0.5000|0.0000|0.0000| - [1.000, 0.000, 0.000, 0.000, 0.000]
|  924|0.5000|0.5000|0.0000|0.0000| - [1.000, 0.000, 0.000, 0.000, 0.000]
|  925|0.5000|0.5000|0.0000|0.0000| - [1.000, 0.000, 0.000, 0.000, 0.000]
|  926|0.5000|0.5000|0.0000|0.0000| - [1.000, 0.000, 0.000, 0.000, 0.000]
|  927|0.5000|0.5000|0.0000|0.0000| - [1.000, 0.000, 0.000, 0.000, 0.000]
|  928|0.5000|0.5000|0.0000|0.0000| - [1.000, 0.000, 0.000, 0.000, 0.000]
|  929|0.5000|0.5000|0.0000|0.0000| - [1.000, 0.000, 0.000, 0.000, 0.000]
|  930|0.5000|0.5000|0.0000|0.0000| - [1.000, 0.000, 0.000, 0.000, 0.000]
|  931|0.5000|0.5000|0.0000|0.0000| - [1.000, 0.000, 0.000, 0.000, 0.000]
|  932|0.5000|0.5000|0.0000|0.0000| - [1.000, 0.000, 0.000, 0.000, 0.000]
|  933|0.5000|0.5000|0.0000|0.0000| - [1.000, 0.000, 0.000, 0.000, 0.000]
|  934|0.5000|0.5000|0.0000|0.0000| - [1.000, 0.000, 0.000, 0.000, 0.000]
|  935|0.5000|0.5000|0.0000|0.0000| - [1.000, 0.000, 0.000, 0.000, 0.000]
|  936|0.5000|0.5000|0.0000|0.0000| - [1.000, 0.000, 0.000, 0.000, 0.000]
|  937|0.5000|0.5000|0.0000|0.0000| - [1.000, 0.000, 0.000, 0.000, 0.000]
|  938|0.5000|0.5000|0.0000|0.0000| - [1.000, 0.000, 0.000, 0.000, 0.000]
|  939|0.5000|0.5000|0.0000|0.0000| - [1.000, 0.000, 0.000, 0.000, 0.000]
|  940|0.5000|0.5000|0.0000|0.0000| - [1.000, 0.000, 0.000, 0.000, 0.000]
|  941|0.5000|0.5000|0.0000|0.0000| - [1.000, 0.000, 0.000, 0.000, 0.000]
|  942|0.5000|0.5000|0.0000|0.0000| - [1.000, 0.000, 0.000, 0.000, 0.000]
|  943|0.5000|0.5000|0.0000|0.0000| - [1.000, 0.000, 0.000, 0.000, 0.000]
|  944|0.5000|0.5000|0.0000|0.0000| - [1.000, 0.000, 0.000, 0.000, 0.000]
|  945|0.5000|0.5000|0.0000|0.0000| - [1.000, 0.000, 0.000, 0.000, 0.000]
|  946|0.5000|0.5000|0.0000|0.0000| - [1.000, 0.000, 0.000, 0.000, 0.000]
|  947|0.5000|0.5000|0.0000|0.0000| - [1.000, 0.000, 0.000, 0.000, 0.000]
|  948|0.5000|0.5000|0.0000|0.0000| - [1.000, 0.000, 0.000, 0.000, 0.000]
|  949|0.5000|0.5000|0.0000|0.0000| - [1.000, 0.000, 0.000, 0.000, 0.000]
|  950|0.5000|0.5000|0.0000|0.0000| - [1.000, 0.000, 0.000, 0.000, 0.000]
|  951|0.5000|0.5000|0.0000|0.0000| - [1.000, 0.000, 0.000, 0.000, 0.000]
|  952|0.5263|0.5000|0.1116|0.0045| - [1.000, 0.000, 0.000, 0.000, 0.000]
|  953|0.5000|0.5000|0.0000|0.0000| - [1.000, 0.000, 0.000, 0.000, 0.000]
|  954|0.5000|0.5000|0.0000|0.0000| - [1.000, 0.000, 0.000, 0.000, 0.000]
|  955|0.5000|0.5000|0.0000|0.0000| - [1.000, 0.000, 0.000, 0.000, 0.000]
|  956|0.5000|0.5000|0.0000|0.0000| - [1.000, 0.000, 0.000, 0.000, 0.000]
|  957|0.5000|0.5000|0.0000|0.0000| - [1.000, 0.000, 0.000, 0.000, 0.000]
|  958|0.5000|0.5000|0.0000|0.0000| - [1.000, 0.000, 0.000, 0.000, 0.000]
|  959|0.5000|0.5000|0.0000|0.0000| - [1.000, 0.000, 0.000, 0.000, 0.000]
|  960|0.5263|0.5000|0.1116|0.0128| - [1.000, 0.000, 0.000, 0.000, 0.000]
|  961|0.5000|0.5000|0.0000|0.0000| - [1.000, 0.000, 0.000, 0.000, 0.000]
|  962|0.5000|0.5000|0.0000|0.0000| - [1.000, 0.000, 0.000, 0.000, 0.000]
|  963|0.5000|0.5000|0.0000|0.0000| - [1.000, 0.000, 0.000, 0.000, 0.000]
|  964|0.5000|0.5000|0.0000|0.0000| - [1.000, 0.000, 0.000, 0.000, 0.000]
|  965|0.5000|0.5000|0.0000|0.0000| - [1.000, 0.000, 0.000, 0.000, 0.000]
|  966|0.5000|0.5000|0.0000|0.0000| - [1.000, 0.000, 0.000, 0.000, 0.000]
|  967|0.5000|0.5000|0.0000|0.0000| - [1.000, 0.000, 0.000, 0.000, 0.000]
|  968|0.5000|0.5000|0.0000|0.0000| - [1.000, 0.000, 0.000, 0.000, 0.000]
|  969|0.5000|0.5000|0.0000|0.0000| - [1.000, 0.000, 0.000, 0.000, 0.000]
|  970|0.5000|0.5000|0.0000|0.0000| - [1.000, 0.000, 0.000, 0.000, 0.000]
|  971|0.5000|0.5000|0.0000|0.0000| - [1.000, 0.000, 0.000, 0.000, 0.000]
|  972|0.5000|0.5000|0.0000|0.0000| - [1.000, 0.000, 0.000, 0.000, 0.000]
|  973|0.5000|0.5000|0.0000|0.0000| - [1.000, 0.000, 0.000, 0.000, 0.000]
|  974|0.5000|0.5000|0.0000|0.0000| - [1.000, 0.000, 0.000, 0.000, 0.000]
|  975|0.5000|0.5000|0.0000|0.0000| - [1.000, 0.000, 0.000, 0.000, 0.000]
|  976|0.5000|0.5000|0.0000|0.0000| - [1.000, 0.000, 0.000, 0.000, 0.000]
|  977|0.5000|0.5000|0.0000|0.0000| - [1.000, 0.000, 0.000, 0.000, 0.000]
|  978|0.5000|0.5000|0.0000|0.0000| - [1.000, 0.000, 0.000, 0.000, 0.000]
|  979|0.5526|0.5000|0.1537|0.0085| - [1.000, 0.000, 0.000, 0.000, 0.000]
|  980|0.5000|0.5000|0.0000|0.0000| - [1.000, 0.000, 0.000, 0.000, 0.000]
|  981|0.5000|0.5000|0.0000|0.0000| - [1.000, 0.000, 0.000, 0.000, 0.000]
|  982|0.5000|0.5000|0.0000|0.0000| - [1.000, 0.000, 0.000, 0.000, 0.000]
|  983|0.5000|0.5000|0.0000|0.0000| - [1.000, 0.000, 0.000, 0.000, 0.000]
|  984|0.5000|0.5000|0.0000|0.0000| - [1.000, 0.000, 0.000, 0.000, 0.000]
|  985|0.5000|0.5000|0.0000|0.0000| - [1.000, 0.000, 0.000, 0.000, 0.000]
|  986|0.5000|0.5000|0.0000|0.0000| - [1.000, 0.000, 0.000, 0.000, 0.000]
|  987|0.5000|0.5000|0.0000|0.0000| - [1.000, 0.000, 0.000, 0.000, 0.000]
|  988|0.5000|0.5000|0.0000|0.0000| - [1.000, 0.000, 0.000, 0.000, 0.000]
|  989|0.5000|0.5000|0.0000|0.0000| - [1.000, 0.000, 0.000, 0.000, 0.000]
|  990|0.5000|0.5000|0.0000|0.0000| - [1.000, 0.000, 0.000, 0.000, 0.000]
|  991|0.5000|0.5000|0.0000|0.0000| - [1.000, 0.000, 0.000, 0.000, 0.000]
|  992|0.5000|0.5000|0.0000|0.0000| - [1.000, 0.000, 0.000, 0.000, 0.000]
|  993|0.5000|0.5000|0.0000|0.0000| - [1.000, 0.000, 0.000, 0.000, 0.000]
|  994|0.5000|0.5000|0.0000|0.0000| - [1.000, 0.000, 0.000, 0.000, 0.000]
|  995|0.5000|0.5000|0.0000|0.0000| - [1.000, 0.000, 0.000, 0.000, 0.000]
|  996|0.5000|0.5000|0.0000|0.0000| - [1.000, 0.000, 0.000, 0.000, 0.000]
|  997|0.5000|0.5000|0.0000|0.0000| - [1.000, 0.000, 0.000, 0.000, 0.000]
|  998|0.5000|0.5000|0.0000|0.0000| - [1.000, 0.000, 0.000, 0.000, 0.000]
|  999|0.5000|0.5000|0.0000|0.0000| - [1.000, 0.000, 0.000, 0.000, 0.000]
| 1000|0.5000|0.5000|0.0000|0.0000| - [1.000, 0.000, 0.000, 0.000, 0.000]
+-----+------+------+------+------+ 
