# Blotto run, B: 5, Rf: 1.00, Lf: 0.00 - 0.16 sec 
+-----+------+------+------+------+ 
| gen | best | mean |  sd  | avgH | best strategy
+-----+------+------+------+------+ 
|    1|0.7750|0.5000|0.1250|2.0876| - [0.347, 0.242, 0.220, 0.118, 0.073]
|    2|0.8158|0.5000|0.2128|2.1602| - [0.305, 0.268, 0.317, 0.001, 0.110]
|    3|0.9474|0.5000|0.2836|2.1505| - [0.305, 0.268, 0.317, 0.001, 0.110]
|    4|0.9474|0.5000|0.2374|2.1699| - [0.305, 0.268, 0.317, 0.001, 0.110]
|    5|0.8947|0.5000|0.2735|2.1099| - [0.305, 0.268, 0.317, 0.001, 0.110]
|    6|0.8684|0.5000|0.2735|2.0571| - [0.305, 0.268, 0.317, 0.001, 0.110]
|    7|0.6842|0.5000|0.2412|1.9668| - [0.305, 0.268, 0.317, 0.001, 0.110]
|    8|0.5000|0.5000|0.0000|1.9160| - [0.305, 0.268, 0.317, 0.001, 0.110]
|    9|0.5000|0.5000|0.0000|1.9160| - [0.305, 0.268, 0.317, 0.001, 0.110]
|   10|0.9737|0.5000|0.1537|1.9157| - [0.291, 0.273, 0.323, 0.001, 0.112]
|   11|0.9211|0.5000|0.2049|1.9161| - [0.291, 0.273, 0.323, 0.001, 0.112]
|   12|0.7105|0.5000|0.2469|1.9180| - [0.291, 0.273, 0.323, 0.001, 0.112]
|   13|0.5000|0.5000|0.0000|1.9195| - [0.291, 0.273, 0.323, 0.001, 0.112]
|   14|0.5000|0.5000|0.0000|1.9195| - [0.291, 0.273, 0.323, 0.001, 0.112]
|   15|0.5000|0.5000|0.0000|1.9195| - [0.291, 0.273, 0.323, 0.001, 0.112]
|   16|0.5000|0.5000|0.0000|1.9195| - [0.291, 0.273, 0.323, 0.001, 0.112]
|   17|0.5000|0.5000|0.0000|1.9195| - [0.291, 0.273, 0.323, 0.001, 0.112]
|   18|0.5526|0.5000|0.1537|1.9339| - [0.291, 0.273, 0.323, 0.001, 0.112]
|   19|0.9737|0.5000|0.1116|1.9131| - [0.311, 0.292, 0.346, 0.001, 0.050]
|   20|0.9737|0.5000|0.1116|1.9131| - [0.311, 0.292, 0.346, 0.001, 0.050]
|   21|0.9737|0.5000|0.1537|1.9119| - [0.311, 0.292, 0.346, 0.001, 0.050]
|   22|0.9737|0.5000|0.1537|1.9129| - [0.311, 0.292, 0.346, 0.001, 0.050]
|   23|0.8684|0.5000|0.2348|1.8875| - [0.311, 0.292, 0.346, 0.001, 0.050]
|   24|0.9737|0.5000|0.2612|1.8613| - [0.312, 0.293, 0.346, 0.000, 0.050]
|   25|0.9737|0.5000|0.2680|1.7997| - [0.312, 0.293, 0.346, 0.000, 0.050]
|   26|0.9737|0.5000|0.2588|1.7828| - [0.327, 0.307, 0.364, 0.001, 0.000]
|   27|0.9737|0.5000|0.2650|1.7812| - [0.327, 0.307, 0.364, 0.001, 0.000]
|   28|0.9211|0.5000|0.2767|1.7590| - [0.327, 0.307, 0.364, 0.001, 0.000]
|   29|0.7105|0.5000|0.2556|1.6745| - [0.327, 0.307, 0.364, 0.001, 0.000]
|   30|0.5789|0.5000|0.1829|1.6231| - [0.327, 0.307, 0.364, 0.001, 0.000]
|   31|0.5526|0.5000|0.1534|1.6128| - [0.327, 0.307, 0.364, 0.001, 0.000]
|   32|0.5000|0.5000|0.0000|1.5922| - [0.327, 0.307, 0.364, 0.001, 0.000]
|   33|0.9737|0.5000|0.1116|1.5921| - [0.330, 0.302, 0.367, 0.001, 0.000]
|   34|0.9474|0.5000|0.1534|1.5921| - [0.330, 0.302, 0.367, 0.001, 0.000]
|   35|0.9737|0.5000|0.2510|1.5917| - [0.332, 0.297, 0.369, 0.001, 0.000]
|   36|0.9737|0.5000|0.2699|1.5897| - [0.365, 0.228, 0.406, 0.001, 0.000]
|   37|0.9737|0.5000|0.2570|1.5892| - [0.365, 0.228, 0.406, 0.001, 0.000]
|   38|0.9474|0.5000|0.2636|1.5875| - [0.365, 0.228, 0.406, 0.001, 0.000]
|   39|0.9737|0.5000|0.2638|1.5892| - [0.365, 0.228, 0.406, 0.001, 0.000]
|   40|0.9737|0.5000|0.2218|1.5892| - [0.365, 0.228, 0.406, 0.001, 0.000]
|   41|0.9737|0.5000|0.2612|1.5883| - [0.365, 0.228, 0.406, 0.001, 0.000]
|   42|0.9737|0.5000|0.1829|1.5873| - [0.365, 0.228, 0.406, 0.001, 0.000]
|   43|0.8684|0.5000|0.2585|1.5768| - [0.365, 0.228, 0.406, 0.001, 0.000]
|   44|0.8947|0.5000|0.2038|1.5744| - [0.365, 0.228, 0.406, 0.001, 0.000]
|   45|0.9211|0.5000|0.1823|1.5756| - [0.365, 0.228, 0.406, 0.001, 0.000]
|   46|0.8158|0.5000|0.2412|1.5709| - [0.365, 0.228, 0.406, 0.001, 0.000]
|   47|0.7632|0.5000|0.2497|1.5668| - [0.365, 0.228, 0.406, 0.001, 0.000]
|   48|0.5000|0.5000|0.0000|1.5569| - [0.365, 0.228, 0.406, 0.001, 0.000]
|   49|0.9737|0.5000|0.1116|1.5570| - [0.341, 0.236, 0.421, 0.001, 0.000]
|   50|0.9737|0.5000|0.1537|1.5571| - [0.341, 0.236, 0.421, 0.001, 0.000]
|   51|0.9474|0.5000|0.1829|1.5565| - [0.341, 0.236, 0.421, 0.001, 0.000]
|   52|0.8158|0.5000|0.2510|1.5570| - [0.341, 0.236, 0.421, 0.001, 0.000]
|   53|0.8158|0.5000|0.2510|1.5671| - [0.341, 0.236, 0.421, 0.001, 0.000]
|   54|0.7632|0.5000|0.2497|1.5579| - [0.341, 0.236, 0.421, 0.001, 0.000]
|   55|0.5263|0.5000|0.1116|1.5589| - [0.341, 0.236, 0.421, 0.001, 0.000]
|   56|0.5000|0.5000|0.0000|1.5590| - [0.341, 0.236, 0.421, 0.001, 0.000]
|   57|0.5000|0.5000|0.0000|1.5590| - [0.341, 0.236, 0.421, 0.001, 0.000]
|   58|0.5000|0.5000|0.0000|1.5590| - [0.341, 0.236, 0.421, 0.001, 0.000]
|   59|0.5000|0.5000|0.0000|1.5590| - [0.341, 0.236, 0.421, 0.001, 0.000]
|   60|0.5000|0.5000|0.0000|1.5590| - [0.341, 0.236, 0.421, 0.001, 0.000]
|   61|0.5000|0.5000|0.0000|1.5590| - [0.341, 0.236, 0.421, 0.001, 0.000]
|   62|0.9737|0.5000|0.1116|1.5583| - [0.341, 0.237, 0.422, 0.000, 0.000]
|   63|0.9737|0.5000|0.2218|1.5559| - [0.287, 0.256, 0.456, 0.001, 0.000]
|   64|0.8947|0.5000|0.2448|1.5486| - [0.287, 0.256, 0.456, 0.000, 0.000]
|   65|0.8947|0.5000|0.2291|1.5475| - [0.287, 0.256, 0.456, 0.000, 0.000]
|   66|0.8158|0.5000|0.2711|1.5443| - [0.287, 0.256, 0.456, 0.000, 0.000]
|   67|0.5526|0.5000|0.1534|1.5382| - [0.287, 0.256, 0.456, 0.000, 0.000]
|   68|0.5000|0.5000|0.0000|1.5368| - [0.287, 0.256, 0.456, 0.000, 0.000]
|   69|0.5000|0.5000|0.0000|1.5368| - [0.287, 0.256, 0.456, 0.000, 0.000]
|   70|0.5000|0.5000|0.0000|1.5368| - [0.287, 0.256, 0.456, 0.000, 0.000]
|   71|0.5000|0.5000|0.0000|1.5368| - [0.287, 0.256, 0.456, 0.000, 0.000]
|   72|0.5000|0.5000|0.0000|1.5368| - [0.287, 0.256, 0.456, 0.000, 0.000]
|   73|0.5000|0.5000|0.0000|1.5368| - [0.287, 0.256, 0.456, 0.000, 0.000]
|   74|0.5000|0.5000|0.0000|1.5368| - [0.287, 0.256, 0.456, 0.000, 0.000]
|   75|0.5000|0.5000|0.0000|1.5368| - [0.287, 0.256, 0.456, 0.000, 0.000]
|   76|0.5000|0.5000|0.0000|1.5368| - [0.287, 0.256, 0.456, 0.000, 0.000]
|   77|0.5000|0.5000|0.0000|1.5368| - [0.287, 0.256, 0.456, 0.000, 0.000]
|   78|0.9474|0.5000|0.1878|1.5362| - [0.306, 0.208, 0.486, 0.000, 0.000]
|   79|0.9737|0.5000|0.1829|1.5348| - [0.306, 0.208, 0.486, 0.000, 0.000]
|   80|0.8421|0.5000|0.2752|1.5250| - [0.306, 0.208, 0.486, 0.000, 0.000]
|   81|0.6842|0.5000|0.2443|1.5133| - [0.306, 0.208, 0.486, 0.000, 0.000]
|   82|0.8158|0.5000|0.1699|1.5075| - [0.333, 0.226, 0.441, 0.000, 0.000]
|   83|0.7632|0.5000|0.1606|1.5112| - [0.333, 0.226, 0.441, 0.000, 0.000]
|   84|0.9737|0.5000|0.2049|1.5067| - [0.337, 0.215, 0.447, 0.000, 0.000]
|   85|0.8158|0.5000|0.2293|1.5190| - [0.337, 0.215, 0.447, 0.000, 0.000]
|   86|0.8158|0.5000|0.2544|1.5265| - [0.342, 0.219, 0.439, 0.000, 0.000]
|   87|0.9211|0.5000|0.2197|1.5239| - [0.338, 0.216, 0.446, 0.000, 0.000]
|   88|0.9737|0.5000|0.1116|1.5253| - [0.338, 0.216, 0.446, 0.000, 0.000]
|   89|0.9737|0.5000|0.1116|1.5253| - [0.338, 0.216, 0.446, 0.000, 0.000]
|   90|0.9737|0.5000|0.2510|1.5262| - [0.348, 0.222, 0.430, 0.000, 0.000]
|   91|0.9737|0.5000|0.2363|1.5256| - [0.350, 0.188, 0.461, 0.000, 0.000]
|   92|0.9211|0.5000|0.2371|1.5283| - [0.350, 0.188, 0.461, 0.000, 0.000]
|   93|0.7895|0.5000|0.2469|1.5202| - [0.350, 0.188, 0.461, 0.000, 0.000]
|   94|0.7105|0.5000|0.2469|1.5144| - [0.350, 0.188, 0.461, 0.000, 0.000]
|   95|0.9737|0.5000|0.1829|1.4973| - [0.380, 0.120, 0.500, 0.000, 0.000]
|   96|0.9737|0.5000|0.1116|1.4934| - [0.380, 0.120, 0.500, 0.000, 0.000]
|   97|0.9737|0.5000|0.1116|1.4934| - [0.380, 0.120, 0.500, 0.000, 0.000]
|   98|0.9737|0.5000|0.1116|1.4934| - [0.380, 0.120, 0.500, 0.000, 0.000]
|   99|0.9737|0.5000|0.1537|1.4935| - [0.380, 0.120, 0.500, 0.000, 0.000]
|  100|0.9737|0.5000|0.1116|1.4934| - [0.380, 0.120, 0.500, 0.000, 0.000]
|  101|0.9211|0.5000|0.1823|1.4827| - [0.380, 0.120, 0.500, 0.000, 0.000]
|  102|0.8947|0.5000|0.2218|1.4756| - [0.380, 0.120, 0.500, 0.000, 0.000]
|  103|0.7632|0.5000|0.2378|1.4637| - [0.380, 0.120, 0.500, 0.000, 0.000]
|  104|0.9737|0.5000|0.2218|1.4186| - [0.376, 0.121, 0.504, 0.000, 0.000]
|  105|0.8158|0.5000|0.2412|1.3972| - [0.376, 0.121, 0.504, 0.000, 0.000]
|  106|0.9737|0.5000|0.2466|1.3973| - [0.385, 0.124, 0.492, 0.000, 0.000]
|  107|0.9737|0.5000|0.1116|1.3976| - [0.385, 0.124, 0.492, 0.000, 0.000]
|  108|0.8947|0.5000|0.2038|1.3991| - [0.385, 0.124, 0.492, 0.000, 0.000]
|  109|0.6053|0.5000|0.2038|1.4047| - [0.385, 0.124, 0.492, 0.000, 0.000]
|  110|0.9737|0.5000|0.1116|1.4073| - [0.397, 0.128, 0.476, 0.000, 0.000]
|  111|0.9737|0.5000|0.1116|1.4073| - [0.397, 0.128, 0.476, 0.000, 0.000]
|  112|0.9211|0.5000|0.1823|1.4085| - [0.397, 0.128, 0.476, 0.000, 0.000]
|  113|0.6842|0.5000|0.2040|1.4133| - [0.397, 0.128, 0.476, 0.000, 0.000]
|  114|0.7632|0.5000|0.1813|1.4157| - [0.379, 0.131, 0.490, 0.000, 0.000]
|  115|0.9737|0.5000|0.1116|1.4181| - [0.379, 0.131, 0.490, 0.000, 0.000]
|  116|0.8158|0.5000|0.2412|1.4186| - [0.379, 0.131, 0.490, 0.000, 0.000]
|  117|0.5000|0.5000|0.0000|1.4196| - [0.379, 0.131, 0.490, 0.000, 0.000]
|  118|0.5000|0.5000|0.0000|1.4196| - [0.379, 0.131, 0.490, 0.000, 0.000]
|  119|0.5263|0.5000|0.1116|1.4196| - [0.379, 0.131, 0.490, 0.000, 0.000]
|  120|0.9737|0.5000|0.1831|1.4213| - [0.402, 0.139, 0.459, 0.000, 0.000]
|  121|0.9211|0.5000|0.1823|1.4229| - [0.402, 0.139, 0.459, 0.000, 0.000]
|  122|0.7895|0.5000|0.2469|1.4283| - [0.402, 0.139, 0.459, 0.000, 0.000]
|  123|0.6579|0.5000|0.2324|1.4337| - [0.402, 0.139, 0.459, 0.000, 0.000]
|  124|0.5526|0.5000|0.1534|1.4380| - [0.402, 0.139, 0.459, 0.000, 0.000]
|  125|0.9737|0.5000|0.1116|1.4404| - [0.370, 0.147, 0.484, 0.000, 0.000]
|  126|0.9737|0.5000|0.1116|1.4404| - [0.370, 0.147, 0.484, 0.000, 0.000]
|  127|0.9737|0.5000|0.1116|1.4404| - [0.370, 0.147, 0.484, 0.000, 0.000]
|  128|0.9737|0.5000|0.2049|1.4421| - [0.447, 0.155, 0.398, 0.000, 0.000]
|  129|0.8684|0.5000|0.2686|1.4475| - [0.447, 0.155, 0.398, 0.000, 0.000]
|  130|0.9737|0.5000|0.2510|1.4560| - [0.450, 0.156, 0.394, 0.000, 0.000]
|  131|0.9737|0.5000|0.2218|1.4599| - [0.450, 0.156, 0.394, 0.000, 0.000]
|  132|0.9737|0.5000|0.1116|1.4651| - [0.450, 0.156, 0.394, 0.000, 0.000]
|  133|0.8947|0.5000|0.2038|1.4653| - [0.450, 0.156, 0.394, 0.000, 0.000]
|  134|0.6579|0.5000|0.2324|1.4658| - [0.450, 0.156, 0.394, 0.000, 0.000]
|  135|0.5000|0.5000|0.0000|1.4661| - [0.450, 0.156, 0.394, 0.000, 0.000]
|  136|0.9737|0.5000|0.1116|1.4648| - [0.459, 0.140, 0.401, 0.000, 0.000]
|  137|0.9737|0.5000|0.1116|1.4648| - [0.459, 0.140, 0.401, 0.000, 0.000]
|  138|0.9737|0.5000|0.1831|1.4636| - [0.480, 0.166, 0.354, 0.000, 0.000]
|  139|0.9211|0.5000|0.2286|1.4643| - [0.480, 0.166, 0.354, 0.000, 0.000]
|  140|0.8947|0.5000|0.2443|1.4586| - [0.480, 0.166, 0.354, 0.000, 0.000]
|  141|0.8158|0.5000|0.2724|1.4583| - [0.480, 0.166, 0.354, 0.000, 0.000]
|  142|0.5526|0.5000|0.1534|1.4663| - [0.480, 0.166, 0.354, 0.000, 0.000]
|  143|0.9737|0.5000|0.1116|1.4568| - [0.545, 0.054, 0.401, 0.000, 0.000]
|  144|0.8947|0.5000|0.2038|1.4196| - [0.545, 0.054, 0.401, 0.000, 0.000]
|  145|0.7895|0.5000|0.2469|1.3701| - [0.545, 0.054, 0.401, 0.000, 0.000]
|  146|0.5526|0.5000|0.1534|1.2586| - [0.545, 0.054, 0.401, 0.000, 0.000]
|  147|0.5000|0.5000|0.0000|1.2339| - [0.545, 0.054, 0.401, 0.000, 0.000]
|  148|0.5263|0.5000|0.1116|1.2339| - [0.545, 0.054, 0.401, 0.000, 0.000]
|  149|0.9737|0.5000|0.1537|1.2345| - [0.526, 0.056, 0.418, 0.000, 0.000]
|  150|0.9737|0.5000|0.1537|1.2353| - [0.526, 0.056, 0.418, 0.000, 0.000]
|  151|0.8421|0.5000|0.2443|1.2352| - [0.526, 0.056, 0.418, 0.000, 0.000]
|  152|0.6316|0.5000|0.2228|1.2476| - [0.526, 0.056, 0.418, 0.000, 0.000]
|  153|0.9737|0.5000|0.1116|1.2484| - [0.494, 0.060, 0.446, 0.000, 0.000]
|  154|0.8947|0.5000|0.2038|1.2514| - [0.494, 0.060, 0.446, 0.000, 0.000]
|  155|0.6579|0.5000|0.2348|1.2609| - [0.494, 0.060, 0.446, 0.000, 0.000]
|  156|0.5000|0.5000|0.0000|1.2664| - [0.494, 0.060, 0.446, 0.000, 0.000]
|  157|0.5000|0.5000|0.0000|1.2664| - [0.494, 0.060, 0.446, 0.000, 0.000]
|  158|0.5000|0.5000|0.0000|1.2664| - [0.494, 0.060, 0.446, 0.000, 0.000]
|  159|0.5263|0.5000|0.1116|1.2661| - [0.494, 0.060, 0.446, 0.000, 0.000]
|  160|0.9737|0.5000|0.1537|1.2628| - [0.505, 0.038, 0.457, 0.000, 0.000]
|  161|0.9737|0.5000|0.1116|1.2626| - [0.505, 0.038, 0.457, 0.000, 0.000]
|  162|0.8684|0.5000|0.2202|1.2473| - [0.505, 0.038, 0.457, 0.000, 0.000]
|  163|0.8421|0.5000|0.2324|1.2435| - [0.505, 0.038, 0.457, 0.000, 0.000]
|  164|0.6842|0.5000|0.2412|1.2206| - [0.505, 0.038, 0.457, 0.000, 0.000]
|  165|0.5000|0.5000|0.0000|1.1938| - [0.505, 0.038, 0.457, 0.000, 0.000]
|  166|0.5000|0.5000|0.0000|1.1938| - [0.505, 0.038, 0.457, 0.000, 0.000]
|  167|0.5000|0.5000|0.0000|1.1938| - [0.505, 0.038, 0.457, 0.000, 0.000]
|  168|0.5000|0.5000|0.0000|1.1938| - [0.505, 0.038, 0.457, 0.000, 0.000]
|  169|0.5000|0.5000|0.0000|1.1938| - [0.505, 0.038, 0.457, 0.000, 0.000]
|  170|0.5000|0.5000|0.0000|1.1938| - [0.505, 0.038, 0.457, 0.000, 0.000]
|  171|0.5000|0.5000|0.0000|1.1938| - [0.505, 0.038, 0.457, 0.000, 0.000]
|  172|0.5263|0.5000|0.1116|1.1938| - [0.505, 0.038, 0.457, 0.000, 0.000]
|  173|0.5000|0.5000|0.0000|1.1938| - [0.505, 0.038, 0.457, 0.000, 0.000]
|  174|0.9737|0.5000|0.1116|1.1939| - [0.500, 0.039, 0.462, 0.000, 0.000]
|  175|0.9737|0.5000|0.2348|1.1841| - [0.520, 0.000, 0.480, 0.000, 0.000]
|  176|0.9737|0.5000|0.2510|1.1848| - [0.520, 0.000, 0.480, 0.000, 0.000]
|  177|0.8684|0.5000|0.2673|1.1435| - [0.520, 0.000, 0.480, 0.000, 0.000]
|  178|0.7895|0.5000|0.2178|1.1327| - [0.520, 0.000, 0.480, 0.000, 0.000]
|  179|0.7895|0.5000|0.2695|1.1126| - [0.520, 0.000, 0.480, 0.000, 0.000]
|  180|0.5789|0.5000|0.1823|1.0299| - [0.520, 0.000, 0.480, 0.000, 0.000]
|  181|0.5263|0.5000|0.0444|1.0010| - [0.520, 0.000, 0.480, 0.000, 0.000]
|  182|0.5000|0.5000|0.0000|0.9985| - [0.523, 0.000, 0.477, 0.000, 0.000]
|  183|0.5000|0.5000|0.0000|0.9986| - [0.520, 0.000, 0.480, 0.000, 0.000]
|  184|0.5000|0.5000|0.0000|0.9983| - [0.523, 0.000, 0.477, 0.000, 0.000]
|  185|0.5000|0.5000|0.0000|0.9986| - [0.523, 0.000, 0.477, 0.000, 0.000]
|  186|0.5000|0.5000|0.0000|0.9987| - [0.520, 0.000, 0.480, 0.000, 0.000]
|  187|0.5000|0.5000|0.0000|0.9978| - [0.520, 0.000, 0.480, 0.000, 0.000]
|  188|0.5000|0.5000|0.0000|0.9976| - [0.520, 0.000, 0.480, 0.000, 0.000]
|  189|0.5000|0.5000|0.0000|0.9988| - [0.520, 0.000, 0.480, 0.000, 0.000]
|  190|0.5000|0.5000|0.0000|0.9989| - [0.523, 0.000, 0.477, 0.000, 0.000]
|  191|0.5000|0.5000|0.0000|0.9988| - [0.520, 0.000, 0.480, 0.000, 0.000]
|  192|0.5000|0.5000|0.0000|0.9988| - [0.520, 0.000, 0.480, 0.000, 0.000]
|  193|0.5000|0.5000|0.0000|0.9988| - [0.520, 0.000, 0.480, 0.000, 0.000]
|  194|0.5000|0.5000|0.0000|0.9988| - [0.520, 0.000, 0.480, 0.000, 0.000]
|  195|0.5000|0.5000|0.0000|0.9988| - [0.520, 0.000, 0.480, 0.000, 0.000]
|  196|0.5000|0.5000|0.0000|0.9988| - [0.520, 0.000, 0.480, 0.000, 0.000]
|  197|0.5000|0.5000|0.0000|0.9987| - [0.520, 0.000, 0.480, 0.000, 0.000]
|  198|0.5000|0.5000|0.0000|0.9988| - [0.520, 0.000, 0.480, 0.000, 0.000]
|  199|0.5000|0.5000|0.0000|0.9988| - [0.520, 0.000, 0.480, 0.000, 0.000]
|  200|0.5000|0.5000|0.0000|0.9988| - [0.520, 0.000, 0.480, 0.000, 0.000]
|  201|0.5000|0.5000|0.0000|0.9988| - [0.520, 0.000, 0.480, 0.000, 0.000]
|  202|0.5000|0.5000|0.0000|0.9988| - [0.520, 0.000, 0.480, 0.000, 0.000]
|  203|0.5000|0.5000|0.0000|0.9988| - [0.520, 0.000, 0.480, 0.000, 0.000]
|  204|0.5000|0.5000|0.0000|0.9989| - [0.520, 0.000, 0.480, 0.000, 0.000]
|  205|0.5000|0.5000|0.0000|0.9985| - [0.520, 0.000, 0.480, 0.000, 0.000]
|  206|0.5000|0.5000|0.0000|0.9990| - [0.520, 0.000, 0.480, 0.000, 0.000]
|  207|0.5000|0.5000|0.0000|0.9991| - [0.520, 0.000, 0.480, 0.000, 0.000]
|  208|0.5000|0.5000|0.0000|0.9990| - [0.520, 0.000, 0.480, 0.000, 0.000]
|  209|0.5000|0.5000|0.0000|0.9988| - [0.520, 0.000, 0.480, 0.000, 0.000]
|  210|0.5000|0.5000|0.0000|0.9988| - [0.520, 0.000, 0.480, 0.000, 0.000]
|  211|0.5000|0.5000|0.0000|0.9988| - [0.520, 0.000, 0.480, 0.000, 0.000]
|  212|0.5000|0.5000|0.0000|0.9988| - [0.520, 0.000, 0.480, 0.000, 0.000]
|  213|0.5000|0.5000|0.0000|0.9986| - [0.520, 0.000, 0.480, 0.000, 0.000]
|  214|0.5000|0.5000|0.0000|0.9988| - [0.520, 0.000, 0.480, 0.000, 0.000]
|  215|0.5000|0.5000|0.0000|0.9988| - [0.520, 0.000, 0.480, 0.000, 0.000]
|  216|0.5000|0.5000|0.0000|0.9988| - [0.520, 0.000, 0.480, 0.000, 0.000]
|  217|0.5000|0.5000|0.0000|0.9983| - [0.563, 0.000, 0.437, 0.000, 0.000]
|  218|0.5000|0.5000|0.0000|0.9978| - [0.563, 0.000, 0.437, 0.000, 0.000]
|  219|0.5000|0.5000|0.0000|0.9949| - [0.563, 0.000, 0.437, 0.000, 0.000]
|  220|0.5263|0.5000|0.0256|0.9925| - [0.520, 0.000, 0.480, 0.000, 0.000]
|  221|0.5000|0.5000|0.0000|0.9936| - [0.520, 0.000, 0.480, 0.000, 0.000]
|  222|0.5000|0.5000|0.0000|0.9892| - [0.566, 0.000, 0.434, 0.000, 0.000]
|  223|0.5000|0.5000|0.0000|0.9915| - [0.568, 0.000, 0.432, 0.000, 0.000]
|  224|0.5000|0.5000|0.0000|0.9913| - [0.568, 0.000, 0.432, 0.000, 0.000]
|  225|0.5000|0.5000|0.0000|0.9925| - [0.520, 0.000, 0.480, 0.000, 0.000]
|  226|0.5000|0.5000|0.0000|0.9919| - [0.568, 0.000, 0.432, 0.000, 0.000]
|  227|0.5000|0.5000|0.0000|0.9887| - [0.568, 0.000, 0.432, 0.000, 0.000]
|  228|0.5000|0.5000|0.0000|0.9865| - [0.568, 0.000, 0.432, 0.000, 0.000]
|  229|0.5000|0.5000|0.0000|0.9884| - [0.561, 0.000, 0.439, 0.000, 0.000]
|  230|0.5000|0.5000|0.0000|0.9901| - [0.568, 0.000, 0.432, 0.000, 0.000]
|  231|0.5000|0.5000|0.0000|0.9890| - [0.568, 0.000, 0.432, 0.000, 0.000]
|  232|0.5000|0.5000|0.0000|0.9881| - [0.568, 0.000, 0.432, 0.000, 0.000]
|  233|0.5000|0.5000|0.0000|0.9900| - [0.568, 0.000, 0.432, 0.000, 0.000]
|  234|0.5000|0.5000|0.0000|0.9887| - [0.520, 0.000, 0.480, 0.000, 0.000]
|  235|0.5000|0.5000|0.0000|0.9920| - [0.565, 0.000, 0.435, 0.000, 0.000]
|  236|0.5000|0.5000|0.0000|0.9922| - [0.520, 0.000, 0.480, 0.000, 0.000]
|  237|0.6053|0.5000|0.0352|1.0069| - [0.486, 0.000, 0.449, 0.000, 0.065]
|  238|0.5789|0.5000|0.0724|1.0372| - [0.520, 0.000, 0.480, 0.000, 0.000]
|  239|0.6053|0.5000|0.1133|1.0545| - [0.520, 0.000, 0.480, 0.000, 0.000]
|  240|0.8684|0.5000|0.1204|1.0408| - [0.453, 0.000, 0.487, 0.000, 0.060]
|  241|0.8947|0.5000|0.2218|1.0695| - [0.453, 0.000, 0.487, 0.000, 0.060]
|  242|0.7368|0.5000|0.2248|1.1260| - [0.510, 0.000, 0.490, 0.000, 0.000]
|  243|0.8684|0.5000|0.1903|1.1968| - [0.510, 0.000, 0.490, 0.000, 0.000]
|  244|0.9737|0.5000|0.1537|1.2534| - [0.418, 0.000, 0.518, 0.000, 0.064]
|  245|0.9737|0.5000|0.1537|1.2677| - [0.418, 0.000, 0.518, 0.000, 0.064]
|  246|0.9474|0.5000|0.2637|1.2693| - [0.418, 0.000, 0.518, 0.000, 0.064]
|  247|0.9737|0.5000|0.2588|1.2702| - [0.408, 0.000, 0.527, 0.000, 0.065]
|  248|0.7632|0.5000|0.2497|1.2716| - [0.408, 0.000, 0.527, 0.000, 0.065]
|  249|0.9737|0.5000|0.1829|1.2727| - [0.436, 0.000, 0.494, 0.000, 0.070]
|  250|0.9737|0.5000|0.1831|1.2708| - [0.436, 0.000, 0.494, 0.000, 0.070]
|  251|0.8947|0.5000|0.2561|1.2810| - [0.436, 0.000, 0.494, 0.000, 0.070]
|  252|0.8421|0.5000|0.2715|1.2830| - [0.436, 0.000, 0.494, 0.000, 0.070]
|  253|0.6579|0.5000|0.2324|1.2682| - [0.436, 0.000, 0.494, 0.000, 0.070]
|  254|0.5000|0.5000|0.0000|1.2926| - [0.436, 0.000, 0.494, 0.000, 0.070]
|  255|0.5000|0.5000|0.0000|1.2926| - [0.436, 0.000, 0.494, 0.000, 0.070]
|  256|0.5000|0.5000|0.0000|1.2926| - [0.436, 0.000, 0.494, 0.000, 0.070]
|  257|0.5000|0.5000|0.0000|1.2926| - [0.436, 0.000, 0.494, 0.000, 0.070]
|  258|0.5000|0.5000|0.0000|1.2926| - [0.436, 0.000, 0.494, 0.000, 0.070]
|  259|0.5000|0.5000|0.0000|1.2926| - [0.436, 0.000, 0.494, 0.000, 0.070]
|  260|0.5000|0.5000|0.0000|1.2926| - [0.436, 0.000, 0.494, 0.000, 0.070]
|  261|0.5000|0.5000|0.0000|1.2926| - [0.436, 0.000, 0.494, 0.000, 0.070]
|  262|0.9737|0.5000|0.1116|1.2928| - [0.442, 0.000, 0.487, 0.000, 0.071]
|  263|0.9474|0.5000|0.1534|1.2930| - [0.442, 0.000, 0.487, 0.000, 0.071]
|  264|0.9737|0.5000|0.2228|1.2843| - [0.465, 0.000, 0.461, 0.000, 0.074]
|  265|0.9737|0.5000|0.2561|1.2951| - [0.465, 0.000, 0.461, 0.000, 0.074]
|  266|0.8684|0.5000|0.2701|1.2981| - [0.465, 0.000, 0.461, 0.000, 0.074]
|  267|0.7895|0.5000|0.2443|1.3004| - [0.465, 0.000, 0.461, 0.000, 0.074]
|  268|0.6579|0.5000|0.2324|1.3040| - [0.465, 0.000, 0.461, 0.000, 0.074]
|  269|0.5000|0.5000|0.0000|1.3076| - [0.465, 0.000, 0.461, 0.000, 0.074]
|  270|0.9737|0.5000|0.1537|1.3017| - [0.490, 0.000, 0.432, 0.000, 0.078]
|  271|0.9737|0.5000|0.1831|1.2884| - [0.499, 0.000, 0.494, 0.000, 0.007]
|  272|0.9737|0.5000|0.1829|1.2817| - [0.499, 0.000, 0.494, 0.000, 0.007]
|  273|0.9211|0.5000|0.2049|1.2614| - [0.499, 0.000, 0.494, 0.000, 0.007]
|  274|0.9211|0.5000|0.2049|1.2614| - [0.499, 0.000, 0.494, 0.000, 0.007]
|  275|0.7105|0.5000|0.2469|1.1614| - [0.499, 0.000, 0.494, 0.000, 0.007]
|  276|0.5526|0.5000|0.1534|1.0817| - [0.499, 0.000, 0.494, 0.000, 0.007]
|  277|0.5000|0.5000|0.0000|1.0551| - [0.499, 0.000, 0.494, 0.000, 0.007]
|  278|0.5000|0.5000|0.0000|1.0551| - [0.499, 0.000, 0.494, 0.000, 0.007]
|  279|0.5000|0.5000|0.0000|1.0551| - [0.499, 0.000, 0.494, 0.000, 0.007]
|  280|0.5000|0.5000|0.0000|1.0551| - [0.499, 0.000, 0.494, 0.000, 0.007]
|  281|0.9737|0.5000|0.1116|1.0551| - [0.461, 0.000, 0.531, 0.000, 0.008]
|  282|0.9211|0.5000|0.1823|1.0551| - [0.461, 0.000, 0.531, 0.000, 0.008]
|  283|0.9737|0.5000|0.2443|1.0551| - [0.470, 0.000, 0.522, 0.000, 0.008]
|  284|0.9737|0.5000|0.2695|1.0559| - [0.470, 0.000, 0.522, 0.000, 0.008]
|  285|0.9737|0.5000|0.2561|1.0562| - [0.470, 0.000, 0.522, 0.000, 0.008]
|  286|0.9737|0.5000|0.2612|1.0561| - [0.458, 0.000, 0.534, 0.000, 0.008]
|  287|0.9737|0.5000|0.1116|1.0573| - [0.458, 0.000, 0.534, 0.000, 0.008]
|  288|0.9211|0.5000|0.1825|1.0538| - [0.458, 0.000, 0.534, 0.000, 0.008]
|  289|0.9474|0.5000|0.2488|1.0569| - [0.458, 0.000, 0.534, 0.000, 0.008]
|  290|0.5526|0.5000|0.1534|1.0563| - [0.458, 0.000, 0.534, 0.000, 0.008]
|  291|0.5000|0.5000|0.0000|1.0562| - [0.458, 0.000, 0.534, 0.000, 0.008]
|  292|0.5000|0.5000|0.0000|1.0562| - [0.458, 0.000, 0.534, 0.000, 0.008]
|  293|0.9737|0.5000|0.1116|1.0557| - [0.421, 0.000, 0.570, 0.000, 0.009]
|  294|0.9737|0.5000|0.1116|1.0557| - [0.421, 0.000, 0.570, 0.000, 0.009]
|  295|0.9474|0.5000|0.1534|1.0553| - [0.421, 0.000, 0.570, 0.000, 0.009]
|  296|0.8684|0.5000|0.2348|1.0538| - [0.421, 0.000, 0.570, 0.000, 0.009]
|  297|0.7632|0.5000|0.2561|1.0520| - [0.421, 0.000, 0.570, 0.000, 0.009]
|  298|0.9737|0.5000|0.1116|1.0440| - [0.425, 0.000, 0.575, 0.000, 0.000]
|  299|0.8158|0.5000|0.2412|1.0239| - [0.425, 0.000, 0.575, 0.000, 0.000]
|  300|0.7368|0.5000|0.2497|1.0138| - [0.425, 0.000, 0.575, 0.000, 0.000]
|  301|0.5000|0.5000|0.0000|0.9837| - [0.425, 0.000, 0.575, 0.000, 0.000]
|  302|0.5000|0.5000|0.0000|0.9836| - [0.425, 0.000, 0.575, 0.000, 0.000]
|  303|0.5000|0.5000|0.0000|0.9845| - [0.425, 0.000, 0.575, 0.000, 0.000]
|  304|0.5000|0.5000|0.0000|0.9850| - [0.425, 0.000, 0.575, 0.000, 0.000]
|  305|0.5000|0.5000|0.0000|0.9866| - [0.442, 0.000, 0.558, 0.000, 0.000]
|  306|0.5000|0.5000|0.0000|0.9879| - [0.442, 0.000, 0.558, 0.000, 0.000]
|  307|0.5000|0.5000|0.0000|0.9863| - [0.442, 0.000, 0.558, 0.000, 0.000]
|  308|0.5263|0.5000|0.0883|0.9934| - [0.433, 0.000, 0.567, 0.000, 0.000]
|  309|0.5526|0.5000|0.1186|0.9998| - [0.425, 0.000, 0.575, 0.000, 0.000]
|  310|0.5000|0.5000|0.0000|0.9879| - [0.433, 0.000, 0.567, 0.000, 0.000]
|  311|0.5000|0.5000|0.0000|0.9879| - [0.425, 0.000, 0.575, 0.000, 0.000]
|  312|0.5000|0.5000|0.0000|0.9889| - [0.425, 0.000, 0.575, 0.000, 0.000]
|  313|0.5000|0.5000|0.0000|0.9917| - [0.480, 0.000, 0.520, 0.000, 0.000]
|  314|0.5000|0.5000|0.0000|0.9882| - [0.425, 0.000, 0.575, 0.000, 0.000]
|  315|0.5000|0.5000|0.0000|0.9873| - [0.439, 0.000, 0.561, 0.000, 0.000]
|  316|0.5000|0.5000|0.0000|0.9847| - [0.425, 0.000, 0.575, 0.000, 0.000]
|  317|0.5000|0.5000|0.0000|0.9869| - [0.480, 0.000, 0.520, 0.000, 0.000]
|  318|0.5000|0.5000|0.0000|0.9867| - [0.425, 0.000, 0.575, 0.000, 0.000]
|  319|0.5000|0.5000|0.0000|0.9847| - [0.425, 0.000, 0.575, 0.000, 0.000]
|  320|0.5000|0.5000|0.0000|0.9836| - [0.425, 0.000, 0.575, 0.000, 0.000]
|  321|0.5000|0.5000|0.0000|0.9836| - [0.425, 0.000, 0.575, 0.000, 0.000]
|  322|0.5000|0.5000|0.0000|0.9836| - [0.425, 0.000, 0.575, 0.000, 0.000]
|  323|0.5000|0.5000|0.0000|0.9836| - [0.425, 0.000, 0.575, 0.000, 0.000]
|  324|0.5000|0.5000|0.0000|0.9836| - [0.425, 0.000, 0.575, 0.000, 0.000]
|  325|0.5000|0.5000|0.0000|0.9836| - [0.425, 0.000, 0.575, 0.000, 0.000]
|  326|0.5000|0.5000|0.0000|0.9842| - [0.425, 0.000, 0.575, 0.000, 0.000]
|  327|0.5000|0.5000|0.0000|0.9836| - [0.425, 0.000, 0.575, 0.000, 0.000]
|  328|0.5000|0.5000|0.0000|0.9836| - [0.425, 0.000, 0.575, 0.000, 0.000]
|  329|0.5000|0.5000|0.0000|0.9839| - [0.425, 0.000, 0.575, 0.000, 0.000]
|  330|0.5000|0.5000|0.0000|0.9849| - [0.462, 0.000, 0.538, 0.000, 0.000]
|  331|0.5000|0.5000|0.0000|0.9852| - [0.425, 0.000, 0.575, 0.000, 0.000]
|  332|0.5000|0.5000|0.0000|0.9842| - [0.425, 0.000, 0.575, 0.000, 0.000]
|  333|0.5000|0.5000|0.0000|0.9855| - [0.425, 0.000, 0.575, 0.000, 0.000]
|  334|0.5000|0.5000|0.0000|0.9845| - [0.425, 0.000, 0.575, 0.000, 0.000]
|  335|0.5000|0.5000|0.0000|0.9859| - [0.425, 0.000, 0.575, 0.000, 0.000]
|  336|0.5000|0.5000|0.0000|0.9850| - [0.449, 0.000, 0.551, 0.000, 0.000]
|  337|0.5000|0.5000|0.0000|0.9850| - [0.425, 0.000, 0.575, 0.000, 0.000]
|  338|0.7105|0.5000|0.0547|0.9971| - [0.431, 0.000, 0.529, 0.040, 0.000]
|  339|0.8684|0.5000|0.0883|0.9956| - [0.431, 0.000, 0.529, 0.040, 0.000]
|  340|0.6579|0.5000|0.0444|0.9976| - [0.431, 0.000, 0.529, 0.040, 0.000]
|  341|0.7632|0.5000|0.1116|1.0189| - [0.431, 0.000, 0.529, 0.040, 0.000]
|  342|0.7632|0.5000|0.1537|1.0523| - [0.431, 0.000, 0.529, 0.040, 0.000]
|  343|0.7368|0.5000|0.1951|1.0741| - [0.431, 0.000, 0.529, 0.040, 0.000]
|  344|0.7105|0.5000|0.1673|1.0749| - [0.449, 0.000, 0.551, 0.000, 0.000]
|  345|0.8158|0.5000|0.1775|1.0975| - [0.389, 0.000, 0.568, 0.043, 0.000]
|  346|0.9737|0.5000|0.2049|1.1629| - [0.389, 0.000, 0.568, 0.043, 0.000]
|  347|0.9737|0.5000|0.2363|1.1516| - [0.376, 0.000, 0.580, 0.044, 0.000]
|  348|0.8684|0.5000|0.2673|1.1390| - [0.376, 0.000, 0.580, 0.044, 0.000]
|  349|0.7895|0.5000|0.2695|1.1220| - [0.376, 0.000, 0.580, 0.044, 0.000]
|  350|0.7105|0.5000|0.2561|1.1463| - [0.376, 0.000, 0.580, 0.044, 0.000]
|  351|0.5000|0.5000|0.0000|1.1844| - [0.376, 0.000, 0.580, 0.044, 0.000]
|  352|0.5000|0.5000|0.0000|1.1844| - [0.376, 0.000, 0.580, 0.044, 0.000]
|  353|0.9737|0.5000|0.1116|1.1833| - [0.335, 0.000, 0.618, 0.047, 0.000]
|  354|0.9737|0.5000|0.1116|1.1833| - [0.335, 0.000, 0.618, 0.047, 0.000]
|  355|0.9737|0.5000|0.1116|1.1833| - [0.335, 0.000, 0.618, 0.047, 0.000]
|  356|0.9737|0.5000|0.1116|1.1833| - [0.335, 0.000, 0.618, 0.047, 0.000]
|  357|0.9737|0.5000|0.1116|1.1833| - [0.335, 0.000, 0.618, 0.047, 0.000]
|  358|0.9211|0.5000|0.1823|1.1812| - [0.335, 0.000, 0.618, 0.047, 0.000]
|  359|0.9211|0.5000|0.1823|1.1812| - [0.335, 0.000, 0.618, 0.047, 0.000]
|  360|0.8947|0.5000|0.2363|1.1803| - [0.335, 0.000, 0.618, 0.047, 0.000]
|  361|0.8684|0.5000|0.2348|1.1788| - [0.335, 0.000, 0.618, 0.047, 0.000]
|  362|0.7895|0.5000|0.2549|1.1757| - [0.335, 0.000, 0.618, 0.047, 0.000]
|  363|0.6842|0.5000|0.2466|1.1739| - [0.335, 0.000, 0.618, 0.047, 0.000]
|  364|0.9737|0.5000|0.2371|1.1750| - [0.342, 0.000, 0.610, 0.048, 0.000]
|  365|0.9737|0.5000|0.2377|1.1742| - [0.342, 0.000, 0.610, 0.048, 0.000]
|  366|0.8684|0.5000|0.2464|1.1738| - [0.342, 0.000, 0.610, 0.048, 0.000]
|  367|0.7105|0.5000|0.2469|1.1697| - [0.342, 0.000, 0.610, 0.048, 0.000]
|  368|0.5789|0.5000|0.1823|1.1722| - [0.342, 0.000, 0.610, 0.048, 0.000]
|  369|0.9737|0.5000|0.1116|1.1615| - [0.359, 0.000, 0.641, 0.000, 0.000]
|  370|0.9737|0.5000|0.1537|1.1617| - [0.359, 0.000, 0.641, 0.000, 0.000]
|  371|0.9211|0.5000|0.1823|1.1371| - [0.359, 0.000, 0.641, 0.000, 0.000]
|  372|0.8158|0.5000|0.2412|1.0881| - [0.359, 0.000, 0.641, 0.000, 0.000]
|  373|0.6842|0.5000|0.2412|1.0271| - [0.359, 0.000, 0.641, 0.000, 0.000]
|  374|0.5000|0.5000|0.0000|0.9419| - [0.359, 0.000, 0.641, 0.000, 0.000]
|  375|0.5000|0.5000|0.0000|0.9419| - [0.359, 0.000, 0.641, 0.000, 0.000]
|  376|0.5000|0.5000|0.0000|0.9428| - [0.384, 0.000, 0.616, 0.000, 0.000]
|  377|0.5000|0.5000|0.0000|0.9448| - [0.359, 0.000, 0.641, 0.000, 0.000]
|  378|0.5000|0.5000|0.0000|0.9493| - [0.384, 0.000, 0.616, 0.000, 0.000]
|  379|0.5000|0.5000|0.0000|0.9478| - [0.359, 0.000, 0.641, 0.000, 0.000]
|  380|0.5000|0.5000|0.0000|0.9419| - [0.352, 0.000, 0.648, 0.000, 0.000]
|  381|0.5000|0.5000|0.0000|0.9403| - [0.359, 0.000, 0.641, 0.000, 0.000]
|  382|0.5263|0.5000|0.0256|0.9428| - [0.359, 0.000, 0.641, 0.000, 0.000]
|  383|0.5263|0.5000|0.0547|0.9427| - [0.359, 0.000, 0.641, 0.000, 0.000]
|  384|0.5263|0.5000|0.0999|0.9451| - [0.359, 0.000, 0.641, 0.000, 0.000]
|  385|0.5000|0.5000|0.0000|0.9419| - [0.359, 0.000, 0.641, 0.000, 0.000]
|  386|0.5000|0.5000|0.0000|0.9419| - [0.359, 0.000, 0.641, 0.000, 0.000]
|  387|0.5000|0.5000|0.0000|0.9419| - [0.359, 0.000, 0.641, 0.000, 0.000]
|  388|0.5000|0.5000|0.0000|0.9419| - [0.359, 0.000, 0.641, 0.000, 0.000]
|  389|0.5000|0.5000|0.0000|0.9419| - [0.359, 0.000, 0.641, 0.000, 0.000]
|  390|0.5000|0.5000|0.0000|0.9419| - [0.359, 0.000, 0.641, 0.000, 0.000]
|  391|0.5000|0.5000|0.0000|0.9429| - [0.359, 0.000, 0.641, 0.000, 0.000]
|  392|0.5000|0.5000|0.0000|0.9419| - [0.359, 0.000, 0.641, 0.000, 0.000]
|  393|0.5000|0.5000|0.0000|0.9405| - [0.359, 0.000, 0.641, 0.000, 0.000]
|  394|0.5000|0.5000|0.0000|0.9419| - [0.359, 0.000, 0.641, 0.000, 0.000]
|  395|0.5000|0.5000|0.0000|0.9418| - [0.357, 0.000, 0.643, 0.000, 0.000]
|  396|0.5000|0.5000|0.0000|0.9419| - [0.359, 0.000, 0.641, 0.000, 0.000]
|  397|0.5000|0.5000|0.0000|0.9419| - [0.359, 0.000, 0.641, 0.000, 0.000]
|  398|0.5000|0.5000|0.0000|0.9425| - [0.359, 0.000, 0.641, 0.000, 0.000]
|  399|0.5000|0.5000|0.0000|0.9438| - [0.374, 0.000, 0.626, 0.000, 0.000]
|  400|0.5000|0.5000|0.0000|0.9456| - [0.398, 0.000, 0.602, 0.000, 0.000]
|  401|0.5000|0.5000|0.0000|0.9444| - [0.374, 0.000, 0.626, 0.000, 0.000]
|  402|0.8684|0.5000|0.0883|0.9477| - [0.371, 0.000, 0.620, 0.000, 0.009]
|  403|0.9737|0.5000|0.1116|0.9460| - [0.371, 0.000, 0.620, 0.000, 0.009]
|  404|0.9737|0.5000|0.1116|0.9460| - [0.371, 0.000, 0.620, 0.000, 0.009]
|  405|0.9211|0.5000|0.1823|0.9542| - [0.371, 0.000, 0.620, 0.000, 0.009]
|  406|0.7632|0.5000|0.2497|0.9788| - [0.371, 0.000, 0.620, 0.000, 0.009]
|  407|0.6053|0.5000|0.2038|1.0035| - [0.371, 0.000, 0.620, 0.000, 0.009]
|  408|0.9737|0.5000|0.1116|1.0207| - [0.391, 0.000, 0.600, 0.000, 0.010]
|  409|0.9474|0.5000|0.1829|1.0225| - [0.391, 0.000, 0.600, 0.000, 0.010]
|  410|0.7368|0.5000|0.2497|1.0285| - [0.391, 0.000, 0.600, 0.000, 0.010]
|  411|0.6316|0.5000|0.2218|1.0433| - [0.391, 0.000, 0.600, 0.000, 0.010]
|  412|0.5000|0.5000|0.0000|1.0363| - [0.391, 0.000, 0.600, 0.000, 0.010]
|  413|0.5000|0.5000|0.0000|1.0363| - [0.391, 0.000, 0.600, 0.000, 0.010]
|  414|0.5000|0.5000|0.0000|1.0363| - [0.391, 0.000, 0.600, 0.000, 0.010]
|  415|0.5000|0.5000|0.0000|1.0363| - [0.391, 0.000, 0.600, 0.000, 0.010]
|  416|0.5000|0.5000|0.0000|1.0363| - [0.391, 0.000, 0.600, 0.000, 0.010]
|  417|0.5000|0.5000|0.0000|1.0363| - [0.391, 0.000, 0.600, 0.000, 0.010]
|  418|0.5000|0.5000|0.0000|1.0363| - [0.391, 0.000, 0.600, 0.000, 0.010]
|  419|0.5000|0.5000|0.0000|1.0363| - [0.391, 0.000, 0.600, 0.000, 0.010]
|  420|0.5000|0.5000|0.0000|1.0363| - [0.391, 0.000, 0.600, 0.000, 0.010]
|  421|0.9737|0.5000|0.1116|1.0367| - [0.403, 0.000, 0.587, 0.000, 0.010]
|  422|0.7632|0.5000|0.2497|1.0404| - [0.403, 0.000, 0.587, 0.000, 0.010]
|  423|0.9737|0.5000|0.2540|1.0430| - [0.406, 0.000, 0.584, 0.000, 0.010]
|  424|0.9737|0.5000|0.1831|1.0451| - [0.406, 0.000, 0.584, 0.000, 0.010]
|  425|0.8947|0.5000|0.2561|1.0451| - [0.406, 0.000, 0.584, 0.000, 0.010]
|  426|0.7632|0.5000|0.2595|1.0532| - [0.406, 0.000, 0.584, 0.000, 0.010]
|  427|0.5789|0.5000|0.1829|1.0464| - [0.406, 0.000, 0.584, 0.000, 0.010]
|  428|0.5263|0.5000|0.1116|1.0521| - [0.406, 0.000, 0.584, 0.000, 0.010]
|  429|0.5000|0.5000|0.0000|1.0471| - [0.406, 0.000, 0.584, 0.000, 0.010]
|  430|0.5000|0.5000|0.0000|1.0471| - [0.406, 0.000, 0.584, 0.000, 0.010]
|  431|0.5000|0.5000|0.0000|1.0471| - [0.406, 0.000, 0.584, 0.000, 0.010]
|  432|0.9737|0.5000|0.1116|1.0475| - [0.419, 0.000, 0.571, 0.000, 0.010]
|  433|0.9737|0.5000|0.1116|1.0475| - [0.419, 0.000, 0.571, 0.000, 0.010]
|  434|0.9737|0.5000|0.2049|1.0477| - [0.382, 0.000, 0.607, 0.000, 0.010]
|  435|0.8421|0.5000|0.2324|1.0434| - [0.382, 0.000, 0.607, 0.000, 0.010]
|  436|0.6053|0.5000|0.2038|1.0378| - [0.382, 0.000, 0.607, 0.000, 0.010]
|  437|0.5000|0.5000|0.0000|1.0354| - [0.382, 0.000, 0.607, 0.000, 0.010]
|  438|0.5000|0.5000|0.0000|1.0354| - [0.382, 0.000, 0.607, 0.000, 0.010]
|  439|0.5000|0.5000|0.0000|1.0354| - [0.382, 0.000, 0.607, 0.000, 0.010]
|  440|0.5000|0.5000|0.0000|1.0354| - [0.382, 0.000, 0.607, 0.000, 0.010]
|  441|0.5000|0.5000|0.0000|1.0354| - [0.382, 0.000, 0.607, 0.000, 0.010]
|  442|0.9737|0.5000|0.1116|1.0368| - [0.420, 0.000, 0.569, 0.000, 0.011]
|  443|0.9474|0.5000|0.1534|1.0381| - [0.420, 0.000, 0.569, 0.000, 0.011]
|  444|0.7105|0.5000|0.2049|1.0542| - [0.420, 0.000, 0.569, 0.000, 0.011]
|  445|0.5263|0.5000|0.1116|1.0631| - [0.420, 0.000, 0.569, 0.000, 0.011]
|  446|0.9474|0.5000|0.1534|1.0536| - [0.425, 0.000, 0.575, 0.000, 0.000]
|  447|0.9737|0.5000|0.2218|1.0461| - [0.448, 0.000, 0.540, 0.000, 0.012]
|  448|0.9737|0.5000|0.2708|1.0550| - [0.467, 0.000, 0.520, 0.000, 0.013]
|  449|0.9737|0.5000|0.2637|1.0774| - [0.467, 0.000, 0.520, 0.000, 0.013]
|  450|0.9211|0.5000|0.1556|1.0806| - [0.467, 0.000, 0.520, 0.000, 0.013]
|  451|0.8947|0.5000|0.2218|1.0779| - [0.467, 0.000, 0.520, 0.000, 0.013]
|  452|0.7895|0.5000|0.2656|1.0800| - [0.467, 0.000, 0.520, 0.000, 0.013]
|  453|0.6053|0.5000|0.2054|1.0814| - [0.467, 0.000, 0.520, 0.000, 0.013]
|  454|0.9737|0.5000|0.1116|1.0832| - [0.498, 0.000, 0.489, 0.000, 0.013]
|  455|0.9474|0.5000|0.1534|1.0836| - [0.498, 0.000, 0.489, 0.000, 0.013]
|  456|0.9737|0.5000|0.2549|1.0866| - [0.515, 0.000, 0.471, 0.000, 0.014]
|  457|0.9737|0.5000|0.1831|1.1018| - [0.515, 0.000, 0.471, 0.000, 0.014]
|  458|0.9737|0.5000|0.1116|1.0893| - [0.515, 0.000, 0.471, 0.000, 0.014]
|  459|0.9737|0.5000|0.1116|1.0893| - [0.515, 0.000, 0.471, 0.000, 0.014]
|  460|0.9737|0.5000|0.1537|1.0893| - [0.515, 0.000, 0.471, 0.000, 0.014]
|  461|0.9737|0.5000|0.2218|1.0895| - [0.515, 0.000, 0.471, 0.000, 0.014]
|  462|0.9211|0.5000|0.2643|1.1018| - [0.473, 0.000, 0.512, 0.000, 0.015]
|  463|0.9737|0.5000|0.2616|1.0907| - [0.473, 0.000, 0.512, 0.000, 0.015]
|  464|0.9474|0.5000|0.2549|1.0976| - [0.473, 0.000, 0.512, 0.000, 0.015]
|  465|0.8684|0.5000|0.1411|1.1137| - [0.473, 0.000, 0.512, 0.000, 0.015]
|  466|0.9737|0.5000|0.2054|1.0943| - [0.473, 0.000, 0.512, 0.000, 0.015]
|  467|0.9737|0.5000|0.1116|1.0952| - [0.473, 0.000, 0.512, 0.000, 0.015]
|  468|0.9737|0.5000|0.1116|1.0952| - [0.473, 0.000, 0.512, 0.000, 0.015]
|  469|0.9737|0.5000|0.1116|1.0952| - [0.473, 0.000, 0.512, 0.000, 0.015]
|  470|0.9737|0.5000|0.1537|1.0946| - [0.474, 0.000, 0.513, 0.000, 0.013]
|  471|0.7895|0.5000|0.2469|1.0903| - [0.474, 0.000, 0.513, 0.000, 0.013]
|  472|0.7105|0.5000|0.2469|1.0884| - [0.474, 0.000, 0.513, 0.000, 0.013]
|  473|0.8158|0.5000|0.1699|1.0855| - [0.484, 0.000, 0.504, 0.000, 0.013]
|  474|0.9737|0.5000|0.1116|1.0836| - [0.484, 0.000, 0.504, 0.000, 0.013]
|  475|0.8684|0.5000|0.2202|1.0841| - [0.484, 0.000, 0.504, 0.000, 0.013]
|  476|0.7632|0.5000|0.2497|1.0845| - [0.484, 0.000, 0.504, 0.000, 0.013]
|  477|0.5000|0.5000|0.0000|1.0856| - [0.484, 0.000, 0.504, 0.000, 0.013]
|  478|0.5000|0.5000|0.0000|1.0856| - [0.484, 0.000, 0.504, 0.000, 0.013]
|  479|0.9737|0.5000|0.1116|1.0858| - [0.510, 0.000, 0.477, 0.000, 0.013]
|  480|0.9737|0.5000|0.1537|1.0860| - [0.510, 0.000, 0.477, 0.000, 0.013]
|  481|0.9474|0.5000|0.2024|1.0872| - [0.527, 0.000, 0.459, 0.000, 0.014]
|  482|0.9474|0.5000|0.1829|1.0858| - [0.527, 0.000, 0.459, 0.000, 0.014]
|  483|0.9474|0.5000|0.2361|1.0853| - [0.527, 0.000, 0.459, 0.000, 0.014]
|  484|0.7632|0.5000|0.2497|1.0870| - [0.527, 0.000, 0.459, 0.000, 0.014]
|  485|0.9737|0.5000|0.1831|1.0883| - [0.528, 0.000, 0.458, 0.000, 0.014]
|  486|0.9737|0.5000|0.1116|1.0885| - [0.528, 0.000, 0.458, 0.000, 0.014]
|  487|0.9737|0.5000|0.1116|1.0885| - [0.528, 0.000, 0.458, 0.000, 0.014]
|  488|0.8421|0.5000|0.2324|1.0885| - [0.528, 0.000, 0.458, 0.000, 0.014]
|  489|0.6316|0.5000|0.2202|1.0885| - [0.528, 0.000, 0.458, 0.000, 0.014]
|  490|0.6053|0.5000|0.2038|1.0885| - [0.528, 0.000, 0.458, 0.000, 0.014]
|  491|0.5000|0.5000|0.0000|1.0885| - [0.528, 0.000, 0.458, 0.000, 0.014]
|  492|0.9737|0.5000|0.1116|1.0890| - [0.472, 0.000, 0.513, 0.000, 0.016]
|  493|0.9737|0.5000|0.1116|1.0890| - [0.472, 0.000, 0.513, 0.000, 0.016]
|  494|0.9474|0.5000|0.1534|1.0896| - [0.472, 0.000, 0.513, 0.000, 0.016]
|  495|0.8947|0.5000|0.2038|1.0908| - [0.472, 0.000, 0.513, 0.000, 0.016]
|  496|0.9737|0.5000|0.2510|1.0930| - [0.469, 0.000, 0.516, 0.000, 0.016]
|  497|0.9737|0.5000|0.2651|1.1124| - [0.469, 0.000, 0.516, 0.000, 0.016]
|  498|0.9737|0.5000|0.2633|1.1445| - [0.469, 0.000, 0.516, 0.000, 0.016]
|  499|0.8947|0.5000|0.2686|1.1743| - [0.469, 0.000, 0.516, 0.000, 0.016]
|  500|0.9737|0.5000|0.2348|1.0996| - [0.498, 0.000, 0.486, 0.000, 0.016]
|  501|0.9211|0.5000|0.2732|1.0951| - [0.498, 0.000, 0.486, 0.000, 0.016]
|  502|0.8158|0.5000|0.2650|1.0907| - [0.498, 0.000, 0.486, 0.000, 0.016]
|  503|0.7632|0.5000|0.2611|1.0595| - [0.498, 0.000, 0.486, 0.000, 0.016]
|  504|0.8947|0.5000|0.1374|1.0100| - [0.498, 0.000, 0.486, 0.000, 0.016]
|  505|0.7105|0.5000|0.1107|1.0157| - [0.498, 0.000, 0.486, 0.000, 0.016]
|  506|0.7895|0.5000|0.2469|1.0430| - [0.498, 0.000, 0.486, 0.000, 0.016]
|  507|0.5526|0.5000|0.1534|1.0923| - [0.498, 0.000, 0.486, 0.000, 0.016]
|  508|0.5263|0.5000|0.1116|1.1045| - [0.498, 0.000, 0.486, 0.000, 0.016]
|  509|0.5000|0.5000|0.0000|1.1046| - [0.498, 0.000, 0.486, 0.000, 0.016]
|  510|0.5000|0.5000|0.0000|1.1046| - [0.498, 0.000, 0.486, 0.000, 0.016]
|  511|0.5000|0.5000|0.0000|1.1046| - [0.498, 0.000, 0.486, 0.000, 0.016]
|  512|0.5000|0.5000|0.0000|1.1046| - [0.498, 0.000, 0.486, 0.000, 0.016]
|  513|0.5263|0.5000|0.1116|1.1119| - [0.498, 0.000, 0.486, 0.000, 0.016]
|  514|0.9737|0.5000|0.1116|1.1047| - [0.517, 0.000, 0.466, 0.000, 0.017]
|  515|0.9737|0.5000|0.1116|1.1047| - [0.517, 0.000, 0.466, 0.000, 0.017]
|  516|0.9737|0.5000|0.1116|1.1047| - [0.517, 0.000, 0.466, 0.000, 0.017]
|  517|0.8421|0.5000|0.2324|1.1050| - [0.517, 0.000, 0.466, 0.000, 0.017]
|  518|0.8421|0.5000|0.2443|1.0995| - [0.517, 0.000, 0.466, 0.000, 0.017]
|  519|0.9737|0.5000|0.2443|1.1055| - [0.528, 0.000, 0.454, 0.000, 0.018]
|  520|0.9737|0.5000|0.2233|1.1059| - [0.493, 0.000, 0.489, 0.000, 0.018]
|  521|0.9737|0.5000|0.1829|1.1061| - [0.493, 0.000, 0.489, 0.000, 0.018]
|  522|0.9474|0.5000|0.1451|1.1130| - [0.493, 0.000, 0.489, 0.000, 0.018]
|  523|0.8158|0.5000|0.2510|1.1085| - [0.493, 0.000, 0.489, 0.000, 0.018]
|  524|0.9737|0.5000|0.1829|1.1114| - [0.500, 0.000, 0.481, 0.000, 0.018]
|  525|0.9211|0.5000|0.1823|1.1122| - [0.500, 0.000, 0.481, 0.000, 0.018]
|  526|0.8158|0.5000|0.2412|1.1124| - [0.500, 0.000, 0.481, 0.000, 0.018]
|  527|0.8421|0.5000|0.2540|1.1123| - [0.500, 0.000, 0.481, 0.000, 0.018]
|  528|0.9474|0.5000|0.2428|1.1132| - [0.485, 0.000, 0.497, 0.000, 0.019]
|  529|0.9737|0.5000|0.1829|1.1132| - [0.485, 0.000, 0.497, 0.000, 0.019]
|  530|0.9737|0.5000|0.1116|1.1133| - [0.485, 0.000, 0.497, 0.000, 0.019]
|  531|0.9737|0.5000|0.2218|1.1139| - [0.482, 0.000, 0.499, 0.000, 0.019]
|  532|0.7895|0.5000|0.2721|1.1151| - [0.482, 0.000, 0.499, 0.000, 0.019]
|  533|0.5789|0.5000|0.1823|1.1163| - [0.482, 0.000, 0.499, 0.000, 0.019]
|  534|0.5000|0.5000|0.0000|1.1164| - [0.482, 0.000, 0.499, 0.000, 0.019]
|  535|0.5000|0.5000|0.0000|1.1164| - [0.482, 0.000, 0.499, 0.000, 0.019]
|  536|0.5000|0.5000|0.0000|1.1164| - [0.482, 0.000, 0.499, 0.000, 0.019]
|  537|0.5000|0.5000|0.0000|1.1164| - [0.482, 0.000, 0.499, 0.000, 0.019]
|  538|0.5000|0.5000|0.0000|1.1164| - [0.482, 0.000, 0.499, 0.000, 0.019]
|  539|0.9737|0.5000|0.1116|1.1102| - [0.491, 0.000, 0.509, 0.000, 0.000]
|  540|0.9737|0.5000|0.1116|1.1102| - [0.491, 0.000, 0.509, 0.000, 0.000]
|  541|0.8158|0.5000|0.2412|1.0734| - [0.491, 0.000, 0.509, 0.000, 0.000]
|  542|0.5789|0.5000|0.1823|1.0182| - [0.491, 0.000, 0.509, 0.000, 0.000]
|  543|0.5000|0.5000|0.0000|0.9998| - [0.491, 0.000, 0.509, 0.000, 0.000]
|  544|0.5000|0.5000|0.0000|0.9998| - [0.491, 0.000, 0.509, 0.000, 0.000]
|  545|0.5000|0.5000|0.0000|0.9998| - [0.491, 0.000, 0.509, 0.000, 0.000]
|  546|0.5000|0.5000|0.0000|0.9998| - [0.491, 0.000, 0.509, 0.000, 0.000]
|  547|0.5000|0.5000|0.0000|0.9998| - [0.491, 0.000, 0.509, 0.000, 0.000]
|  548|0.5000|0.5000|0.0000|0.9998| - [0.491, 0.000, 0.509, 0.000, 0.000]
|  549|0.5000|0.5000|0.0000|0.9998| - [0.491, 0.000, 0.509, 0.000, 0.000]
|  550|0.5000|0.5000|0.0000|0.9998| - [0.491, 0.000, 0.509, 0.000, 0.000]
|  551|0.5000|0.5000|0.0000|0.9998| - [0.491, 0.000, 0.509, 0.000, 0.000]
|  552|0.5000|0.5000|0.0000|0.9998| - [0.491, 0.000, 0.509, 0.000, 0.000]
|  553|0.5000|0.5000|0.0000|0.9995| - [0.453, 0.000, 0.547, 0.000, 0.000]
|  554|0.5000|0.5000|0.0000|0.9998| - [0.491, 0.000, 0.509, 0.000, 0.000]
|  555|0.5000|0.5000|0.0000|0.9998| - [0.491, 0.000, 0.509, 0.000, 0.000]
|  556|0.5000|0.5000|0.0000|0.9998| - [0.491, 0.000, 0.509, 0.000, 0.000]
|  557|0.5000|0.5000|0.0000|0.9998| - [0.491, 0.000, 0.509, 0.000, 0.000]
|  558|0.5000|0.5000|0.0000|0.9998| - [0.491, 0.000, 0.509, 0.000, 0.000]
|  559|0.5000|0.5000|0.0000|0.9997| - [0.491, 0.000, 0.509, 0.000, 0.000]
|  560|0.5000|0.5000|0.0000|0.9993| - [0.491, 0.000, 0.509, 0.000, 0.000]
|  561|0.5000|0.5000|0.0000|0.9991| - [0.523, 0.000, 0.477, 0.000, 0.000]
|  562|0.5000|0.5000|0.0000|0.9987| - [0.471, 0.000, 0.529, 0.000, 0.000]
|  563|0.5000|0.5000|0.0000|0.9991| - [0.471, 0.000, 0.529, 0.000, 0.000]
|  564|0.5000|0.5000|0.0000|0.9994| - [0.471, 0.000, 0.529, 0.000, 0.000]
|  565|0.5000|0.5000|0.0000|0.9993| - [0.491, 0.000, 0.509, 0.000, 0.000]
|  566|0.5000|0.5000|0.0000|0.9995| - [0.491, 0.000, 0.509, 0.000, 0.000]
|  567|0.5000|0.5000|0.0000|0.9998| - [0.491, 0.000, 0.509, 0.000, 0.000]
|  568|0.5000|0.5000|0.0000|0.9996| - [0.491, 0.000, 0.509, 0.000, 0.000]
|  569|0.5000|0.5000|0.0000|0.9994| - [0.491, 0.000, 0.509, 0.000, 0.000]
|  570|0.5000|0.5000|0.0000|0.9994| - [0.491, 0.000, 0.509, 0.000, 0.000]
|  571|0.5000|0.5000|0.0000|0.9987| - [0.535, 0.000, 0.465, 0.000, 0.000]
|  572|0.5000|0.5000|0.0000|0.9990| - [0.491, 0.000, 0.509, 0.000, 0.000]
|  573|0.5000|0.5000|0.0000|0.9988| - [0.491, 0.000, 0.509, 0.000, 0.000]
|  574|0.5000|0.5000|0.0000|0.9984| - [0.535, 0.000, 0.465, 0.000, 0.000]
|  575|0.5000|0.5000|0.0000|0.9983| - [0.491, 0.000, 0.509, 0.000, 0.000]
|  576|0.5000|0.5000|0.0000|0.9988| - [0.491, 0.000, 0.509, 0.000, 0.000]
|  577|0.6579|0.5000|0.0444|1.0003| - [0.489, 0.005, 0.506, 0.000, 0.000]
|  578|0.7105|0.5000|0.0547|1.0000| - [0.489, 0.005, 0.506, 0.000, 0.000]
|  579|0.6053|0.5000|0.0566|1.0026| - [0.489, 0.005, 0.506, 0.000, 0.000]
|  580|0.5789|0.5000|0.0724|1.0049| - [0.491, 0.000, 0.509, 0.000, 0.000]
|  581|0.5000|0.5000|0.0000|0.9973| - [0.535, 0.000, 0.465, 0.000, 0.000]
|  582|0.5000|0.5000|0.0000|0.9968| - [0.527, 0.000, 0.473, 0.000, 0.000]
|  583|0.5000|0.5000|0.0000|0.9974| - [0.535, 0.000, 0.465, 0.000, 0.000]
|  584|0.5000|0.5000|0.0000|0.9984| - [0.535, 0.000, 0.465, 0.000, 0.000]
|  585|0.5000|0.5000|0.0000|0.9982| - [0.517, 0.000, 0.483, 0.000, 0.000]
|  586|0.5263|0.5000|0.0283|1.0127| - [0.495, 0.000, 0.505, 0.000, 0.000]
|  587|0.5000|0.5000|0.0000|0.9987| - [0.535, 0.000, 0.465, 0.000, 0.000]
|  588|0.7105|0.5000|0.0783|1.0125| - [0.524, 0.021, 0.455, 0.000, 0.000]
|  589|0.6316|0.5000|0.0850|1.0188| - [0.524, 0.021, 0.455, 0.000, 0.000]
|  590|0.7368|0.5000|0.1884|1.0645| - [0.535, 0.000, 0.465, 0.000, 0.000]
|  591|0.9211|0.5000|0.2167|1.0904| - [0.529, 0.021, 0.450, 0.000, 0.000]
|  592|0.9474|0.5000|0.2361|1.1096| - [0.535, 0.000, 0.465, 0.000, 0.000]
|  593|0.6579|0.5000|0.2324|1.0364| - [0.535, 0.000, 0.465, 0.000, 0.000]
|  594|0.5000|0.5000|0.0000|0.9965| - [0.535, 0.000, 0.465, 0.000, 0.000]
|  595|0.5000|0.5000|0.0000|0.9964| - [0.535, 0.000, 0.465, 0.000, 0.000]
|  596|0.5000|0.5000|0.0000|0.9964| - [0.535, 0.000, 0.465, 0.000, 0.000]
|  597|0.5000|0.5000|0.0000|0.9964| - [0.535, 0.000, 0.465, 0.000, 0.000]
|  598|0.5000|0.5000|0.0000|0.9964| - [0.535, 0.000, 0.465, 0.000, 0.000]
|  599|0.5000|0.5000|0.0000|0.9964| - [0.535, 0.000, 0.465, 0.000, 0.000]
|  600|0.5000|0.5000|0.0000|0.9966| - [0.535, 0.000, 0.465, 0.000, 0.000]
|  601|0.5000|0.5000|0.0000|0.9966| - [0.517, 0.000, 0.483, 0.000, 0.000]
|  602|0.5000|0.5000|0.0000|0.9968| - [0.535, 0.000, 0.465, 0.000, 0.000]
|  603|0.5000|0.5000|0.0000|0.9968| - [0.517, 0.000, 0.483, 0.000, 0.000]
|  604|0.5000|0.5000|0.0000|0.9970| - [0.517, 0.000, 0.483, 0.000, 0.000]
|  605|0.5000|0.5000|0.0000|0.9971| - [0.535, 0.000, 0.465, 0.000, 0.000]
|  606|0.5000|0.5000|0.0000|0.9964| - [0.535, 0.000, 0.465, 0.000, 0.000]
|  607|0.5000|0.5000|0.0000|0.9964| - [0.535, 0.000, 0.465, 0.000, 0.000]
|  608|0.5000|0.5000|0.0000|0.9964| - [0.535, 0.000, 0.465, 0.000, 0.000]
|  609|0.5000|0.5000|0.0000|0.9965| - [0.535, 0.000, 0.465, 0.000, 0.000]
|  610|0.5000|0.5000|0.0000|0.9967| - [0.527, 0.000, 0.473, 0.000, 0.000]
|  611|0.5000|0.5000|0.0000|0.9965| - [0.527, 0.000, 0.473, 0.000, 0.000]
|  612|0.5000|0.5000|0.0000|0.9957| - [0.527, 0.000, 0.473, 0.000, 0.000]
|  613|0.5000|0.5000|0.0000|0.9952| - [0.563, 0.000, 0.437, 0.000, 0.000]
|  614|0.5000|0.5000|0.0000|0.9947| - [0.535, 0.000, 0.465, 0.000, 0.000]
|  615|0.5000|0.5000|0.0000|0.9939| - [0.535, 0.000, 0.465, 0.000, 0.000]
|  616|0.5000|0.5000|0.0000|0.9956| - [0.563, 0.000, 0.437, 0.000, 0.000]
|  617|0.5000|0.5000|0.0000|0.9956| - [0.535, 0.000, 0.465, 0.000, 0.000]
|  618|0.5000|0.5000|0.0000|0.9964| - [0.535, 0.000, 0.465, 0.000, 0.000]
|  619|0.5000|0.5000|0.0000|0.9964| - [0.535, 0.000, 0.465, 0.000, 0.000]
|  620|0.5000|0.5000|0.0000|0.9964| - [0.535, 0.000, 0.465, 0.000, 0.000]
|  621|0.5000|0.5000|0.0000|0.9964| - [0.535, 0.000, 0.465, 0.000, 0.000]
|  622|0.5000|0.5000|0.0000|0.9964| - [0.535, 0.000, 0.465, 0.000, 0.000]
|  623|0.5000|0.5000|0.0000|0.9964| - [0.535, 0.000, 0.465, 0.000, 0.000]
|  624|0.5000|0.5000|0.0000|0.9964| - [0.535, 0.000, 0.465, 0.000, 0.000]
|  625|0.5000|0.5000|0.0000|0.9964| - [0.535, 0.000, 0.465, 0.000, 0.000]
|  626|0.5000|0.5000|0.0000|0.9965| - [0.535, 0.000, 0.465, 0.000, 0.000]
|  627|0.5000|0.5000|0.0000|0.9968| - [0.535, 0.000, 0.465, 0.000, 0.000]
|  628|0.5000|0.5000|0.0000|0.9972| - [0.535, 0.000, 0.465, 0.000, 0.000]
|  629|0.5000|0.5000|0.0000|0.9968| - [0.525, 0.000, 0.475, 0.000, 0.000]
|  630|0.5000|0.5000|0.0000|0.9968| - [0.525, 0.000, 0.475, 0.000, 0.000]
|  631|0.5000|0.5000|0.0000|0.9969| - [0.535, 0.000, 0.465, 0.000, 0.000]
|  632|0.5000|0.5000|0.0000|0.9968| - [0.535, 0.000, 0.465, 0.000, 0.000]
|  633|0.5000|0.5000|0.0000|0.9967| - [0.535, 0.000, 0.465, 0.000, 0.000]
|  634|0.5000|0.5000|0.0000|0.9970| - [0.535, 0.000, 0.465, 0.000, 0.000]
|  635|0.5263|0.5000|0.0883|1.0024| - [0.535, 0.000, 0.465, 0.000, 0.000]
|  636|0.5263|0.5000|0.1116|1.0022| - [0.535, 0.000, 0.465, 0.000, 0.000]
|  637|0.5000|0.5000|0.0000|0.9963| - [0.535, 0.000, 0.465, 0.000, 0.000]
|  638|0.5000|0.5000|0.0000|0.9951| - [0.535, 0.000, 0.465, 0.000, 0.000]
|  639|0.5000|0.5000|0.0000|0.9964| - [0.535, 0.000, 0.465, 0.000, 0.000]
|  640|0.5000|0.5000|0.0000|0.9964| - [0.535, 0.000, 0.465, 0.000, 0.000]
|  641|0.5000|0.5000|0.0000|0.9968| - [0.535, 0.000, 0.465, 0.000, 0.000]
|  642|0.5000|0.5000|0.0000|0.9971| - [0.535, 0.000, 0.465, 0.000, 0.000]
|  643|0.5000|0.5000|0.0000|0.9972| - [0.535, 0.000, 0.465, 0.000, 0.000]
|  644|0.5000|0.5000|0.0000|0.9965| - [0.535, 0.000, 0.465, 0.000, 0.000]
|  645|0.5000|0.5000|0.0000|0.9970| - [0.535, 0.000, 0.465, 0.000, 0.000]
|  646|0.5000|0.5000|0.0000|0.9971| - [0.521, 0.000, 0.479, 0.000, 0.000]
|  647|0.5000|0.5000|0.0000|0.9972| - [0.535, 0.000, 0.465, 0.000, 0.000]
|  648|0.5000|0.5000|0.0000|0.9973| - [0.535, 0.000, 0.465, 0.000, 0.000]
|  649|0.5000|0.5000|0.0000|0.9971| - [0.521, 0.000, 0.479, 0.000, 0.000]
|  650|0.5000|0.5000|0.0000|0.9972| - [0.550, 0.000, 0.450, 0.000, 0.000]
|  651|0.5000|0.5000|0.0000|0.9975| - [0.535, 0.000, 0.465, 0.000, 0.000]
|  652|0.5000|0.5000|0.0000|0.9977| - [0.521, 0.000, 0.479, 0.000, 0.000]
|  653|0.5000|0.5000|0.0000|0.9979| - [0.521, 0.000, 0.479, 0.000, 0.000]
|  654|0.5000|0.5000|0.0000|0.9977| - [0.535, 0.000, 0.465, 0.000, 0.000]
|  655|0.5000|0.5000|0.0000|0.9980| - [0.521, 0.000, 0.479, 0.000, 0.000]
|  656|0.5000|0.5000|0.0000|0.9975| - [0.535, 0.000, 0.465, 0.000, 0.000]
|  657|0.5000|0.5000|0.0000|0.9977| - [0.535, 0.000, 0.465, 0.000, 0.000]
|  658|0.5000|0.5000|0.0000|0.9970| - [0.535, 0.000, 0.465, 0.000, 0.000]
|  659|0.8684|0.5000|0.0883|1.0010| - [0.516, 0.011, 0.473, 0.000, 0.000]
|  660|0.9474|0.5000|0.1534|1.0048| - [0.516, 0.011, 0.473, 0.000, 0.000]
|  661|0.9474|0.5000|0.1451|1.0044| - [0.516, 0.011, 0.473, 0.000, 0.000]
|  662|0.8421|0.5000|0.2324|1.0209| - [0.516, 0.011, 0.473, 0.000, 0.000]
|  663|0.7368|0.5000|0.2497|1.0378| - [0.516, 0.011, 0.473, 0.000, 0.000]
|  664|0.5000|0.5000|0.0000|1.0766| - [0.516, 0.011, 0.473, 0.000, 0.000]
|  665|0.5000|0.5000|0.0000|1.0766| - [0.516, 0.011, 0.473, 0.000, 0.000]
|  666|0.5000|0.5000|0.0000|1.0766| - [0.516, 0.011, 0.473, 0.000, 0.000]
|  667|0.5000|0.5000|0.0000|1.0766| - [0.516, 0.011, 0.473, 0.000, 0.000]
|  668|0.5000|0.5000|0.0000|1.0766| - [0.516, 0.011, 0.473, 0.000, 0.000]
|  669|0.5000|0.5000|0.0000|1.0766| - [0.516, 0.011, 0.473, 0.000, 0.000]
|  670|0.5000|0.5000|0.0000|1.0766| - [0.516, 0.011, 0.473, 0.000, 0.000]
|  671|0.5000|0.5000|0.0000|1.0766| - [0.516, 0.011, 0.473, 0.000, 0.000]
|  672|0.5000|0.5000|0.0000|1.0766| - [0.516, 0.011, 0.473, 0.000, 0.000]
|  673|0.9737|0.5000|0.1116|1.0725| - [0.522, 0.000, 0.478, 0.000, 0.000]
|  674|0.9737|0.5000|0.1116|1.0725| - [0.522, 0.000, 0.478, 0.000, 0.000]
|  675|0.9211|0.5000|0.1823|1.0643| - [0.522, 0.000, 0.478, 0.000, 0.000]
|  676|0.8684|0.5000|0.2202|1.0561| - [0.522, 0.000, 0.478, 0.000, 0.000]
|  677|0.7632|0.5000|0.2497|1.0397| - [0.522, 0.000, 0.478, 0.000, 0.000]
|  678|0.5526|0.5000|0.1534|1.0068| - [0.522, 0.000, 0.478, 0.000, 0.000]
|  679|0.5000|0.5000|0.0000|0.9986| - [0.522, 0.000, 0.478, 0.000, 0.000]
|  680|0.5000|0.5000|0.0000|0.9986| - [0.522, 0.000, 0.478, 0.000, 0.000]
|  681|0.5000|0.5000|0.0000|0.9986| - [0.522, 0.000, 0.478, 0.000, 0.000]
|  682|0.5000|0.5000|0.0000|0.9986| - [0.522, 0.000, 0.478, 0.000, 0.000]
|  683|0.5000|0.5000|0.0000|0.9985| - [0.522, 0.000, 0.478, 0.000, 0.000]
|  684|0.5000|0.5000|0.0000|0.9986| - [0.522, 0.000, 0.478, 0.000, 0.000]
|  685|0.5000|0.5000|0.0000|0.9986| - [0.522, 0.000, 0.478, 0.000, 0.000]
|  686|0.5000|0.5000|0.0000|0.9986| - [0.522, 0.000, 0.478, 0.000, 0.000]
|  687|0.5000|0.5000|0.0000|0.9986| - [0.522, 0.000, 0.478, 0.000, 0.000]
|  688|0.5000|0.5000|0.0000|0.9986| - [0.522, 0.000, 0.478, 0.000, 0.000]
|  689|0.5000|0.5000|0.0000|0.9986| - [0.522, 0.000, 0.478, 0.000, 0.000]
|  690|0.5000|0.5000|0.0000|0.9986| - [0.522, 0.000, 0.478, 0.000, 0.000]
|  691|0.5000|0.5000|0.0000|0.9986| - [0.522, 0.000, 0.478, 0.000, 0.000]
|  692|0.5000|0.5000|0.0000|0.9986| - [0.522, 0.000, 0.478, 0.000, 0.000]
|  693|0.5000|0.5000|0.0000|0.9978| - [0.522, 0.000, 0.478, 0.000, 0.000]
|  694|0.5000|0.5000|0.0000|0.9969| - [0.577, 0.000, 0.423, 0.000, 0.000]
|  695|0.5000|0.5000|0.0000|0.9986| - [0.522, 0.000, 0.478, 0.000, 0.000]
|  696|0.5000|0.5000|0.0000|0.9986| - [0.522, 0.000, 0.478, 0.000, 0.000]
|  697|0.5000|0.5000|0.0000|0.9986| - [0.522, 0.000, 0.478, 0.000, 0.000]
|  698|0.5000|0.5000|0.0000|0.9987| - [0.513, 0.000, 0.487, 0.000, 0.000]
|  699|0.5000|0.5000|0.0000|0.9987| - [0.522, 0.000, 0.478, 0.000, 0.000]
|  700|0.5526|0.5000|0.1537|1.0130| - [0.513, 0.000, 0.487, 0.000, 0.000]
|  701|0.5000|0.5000|0.0000|0.9988| - [0.513, 0.000, 0.487, 0.000, 0.000]
|  702|0.5000|0.5000|0.0000|0.9989| - [0.522, 0.000, 0.478, 0.000, 0.000]
|  703|0.5000|0.5000|0.0000|0.9991| - [0.513, 0.000, 0.487, 0.000, 0.000]
|  704|0.5000|0.5000|0.0000|0.9993| - [0.513, 0.000, 0.487, 0.000, 0.000]
|  705|0.5000|0.5000|0.0000|0.9993| - [0.513, 0.000, 0.487, 0.000, 0.000]
|  706|0.5000|0.5000|0.0000|0.9992| - [0.513, 0.000, 0.487, 0.000, 0.000]
|  707|0.5000|0.5000|0.0000|0.9993| - [0.522, 0.000, 0.478, 0.000, 0.000]
|  708|0.5000|0.5000|0.0000|0.9994| - [0.513, 0.000, 0.487, 0.000, 0.000]
|  709|0.5000|0.5000|0.0000|0.9993| - [0.513, 0.000, 0.487, 0.000, 0.000]
|  710|0.5000|0.5000|0.0000|0.9994| - [0.513, 0.000, 0.487, 0.000, 0.000]
|  711|0.5000|0.5000|0.0000|0.9995| - [0.513, 0.000, 0.487, 0.000, 0.000]
|  712|0.5000|0.5000|0.0000|0.9995| - [0.513, 0.000, 0.487, 0.000, 0.000]
|  713|0.5000|0.5000|0.0000|0.9994| - [0.513, 0.000, 0.487, 0.000, 0.000]
|  714|0.5000|0.5000|0.0000|0.9993| - [0.513, 0.000, 0.487, 0.000, 0.000]
|  715|0.5000|0.5000|0.0000|0.9992| - [0.513, 0.000, 0.487, 0.000, 0.000]
|  716|0.5000|0.5000|0.0000|0.9993| - [0.513, 0.000, 0.487, 0.000, 0.000]
|  717|0.5000|0.5000|0.0000|0.9992| - [0.513, 0.000, 0.487, 0.000, 0.000]
|  718|0.5000|0.5000|0.0000|0.9993| - [0.494, 0.000, 0.506, 0.000, 0.000]
|  719|0.5000|0.5000|0.0000|0.9994| - [0.513, 0.000, 0.487, 0.000, 0.000]
|  720|0.5000|0.5000|0.0000|0.9994| - [0.513, 0.000, 0.487, 0.000, 0.000]
|  721|0.5000|0.5000|0.0000|0.9995| - [0.513, 0.000, 0.487, 0.000, 0.000]
|  722|0.5000|0.5000|0.0000|0.9994| - [0.513, 0.000, 0.487, 0.000, 0.000]
|  723|0.5000|0.5000|0.0000|0.9994| - [0.513, 0.000, 0.487, 0.000, 0.000]
|  724|0.5000|0.5000|0.0000|0.9993| - [0.522, 0.000, 0.478, 0.000, 0.000]
|  725|0.5000|0.5000|0.0000|0.9989| - [0.474, 0.000, 0.526, 0.000, 0.000]
|  726|0.5000|0.5000|0.0000|0.9990| - [0.474, 0.000, 0.526, 0.000, 0.000]
|  727|0.5000|0.5000|0.0000|0.9988| - [0.513, 0.000, 0.487, 0.000, 0.000]
|  728|0.5000|0.5000|0.0000|0.9986| - [0.513, 0.000, 0.487, 0.000, 0.000]
|  729|0.5000|0.5000|0.0000|0.9987| - [0.522, 0.000, 0.478, 0.000, 0.000]
|  730|0.5000|0.5000|0.0000|0.9989| - [0.522, 0.000, 0.478, 0.000, 0.000]
|  731|0.5000|0.5000|0.0000|0.9990| - [0.522, 0.000, 0.478, 0.000, 0.000]
|  732|0.5000|0.5000|0.0000|0.9990| - [0.513, 0.000, 0.487, 0.000, 0.000]
|  733|0.5000|0.5000|0.0000|0.9988| - [0.513, 0.000, 0.487, 0.000, 0.000]
|  734|0.5000|0.5000|0.0000|0.9986| - [0.522, 0.000, 0.478, 0.000, 0.000]
|  735|0.5000|0.5000|0.0000|0.9987| - [0.522, 0.000, 0.478, 0.000, 0.000]
|  736|0.5000|0.5000|0.0000|0.9987| - [0.522, 0.000, 0.478, 0.000, 0.000]
|  737|0.5000|0.5000|0.0000|0.9989| - [0.522, 0.000, 0.478, 0.000, 0.000]
|  738|0.5000|0.5000|0.0000|0.9988| - [0.522, 0.000, 0.478, 0.000, 0.000]
|  739|0.5000|0.5000|0.0000|0.9989| - [0.522, 0.000, 0.478, 0.000, 0.000]
|  740|0.8158|0.5000|0.0768|1.0038| - [0.503, 0.015, 0.482, 0.000, 0.000]
|  741|0.9211|0.5000|0.0999|1.0039| - [0.503, 0.015, 0.482, 0.000, 0.000]
|  742|0.9474|0.5000|0.1534|1.0090| - [0.503, 0.015, 0.482, 0.000, 0.000]
|  743|0.9474|0.5000|0.1534|1.0300| - [0.503, 0.015, 0.482, 0.000, 0.000]
|  744|0.9211|0.5000|0.1823|1.0142| - [0.503, 0.015, 0.482, 0.000, 0.000]
|  745|0.7895|0.5000|0.2469|1.0403| - [0.503, 0.015, 0.482, 0.000, 0.000]
|  746|0.8158|0.5000|0.2412|1.0351| - [0.503, 0.015, 0.482, 0.000, 0.000]
|  747|0.9474|0.5000|0.2398|1.0784| - [0.489, 0.016, 0.495, 0.000, 0.000]
|  748|0.8421|0.5000|0.1979|1.1006| - [0.489, 0.016, 0.495, 0.000, 0.000]
|  749|0.8158|0.5000|0.2412|1.0985| - [0.489, 0.016, 0.495, 0.000, 0.000]
|  750|0.8158|0.5000|0.2412|1.0985| - [0.489, 0.016, 0.495, 0.000, 0.000]
|  751|0.6842|0.5000|0.2412|1.0991| - [0.489, 0.016, 0.495, 0.000, 0.000]
|  752|0.5263|0.5000|0.1116|1.1031| - [0.489, 0.016, 0.495, 0.000, 0.000]
|  753|0.5000|0.5000|0.0000|1.1000| - [0.489, 0.016, 0.495, 0.000, 0.000]
|  754|0.5000|0.5000|0.0000|1.1000| - [0.489, 0.016, 0.495, 0.000, 0.000]
|  755|0.5000|0.5000|0.0000|1.1000| - [0.489, 0.016, 0.495, 0.000, 0.000]
|  756|0.5000|0.5000|0.0000|1.1000| - [0.489, 0.016, 0.495, 0.000, 0.000]
|  757|0.5000|0.5000|0.0000|1.1000| - [0.489, 0.016, 0.495, 0.000, 0.000]
|  758|0.5000|0.5000|0.0000|1.1000| - [0.489, 0.016, 0.495, 0.000, 0.000]
|  759|0.9737|0.5000|0.1116|1.1000| - [0.546, 0.017, 0.437, 0.000, 0.000]
|  760|0.8947|0.5000|0.2038|1.1000| - [0.546, 0.017, 0.437, 0.000, 0.000]
|  761|0.7105|0.5000|0.2469|1.1001| - [0.546, 0.017, 0.437, 0.000, 0.000]
|  762|0.8158|0.5000|0.2510|1.0948| - [0.546, 0.017, 0.437, 0.000, 0.000]
|  763|0.7105|0.5000|0.2469|1.1001| - [0.546, 0.017, 0.437, 0.000, 0.000]
|  764|0.7632|0.5000|0.2497|1.1001| - [0.546, 0.017, 0.437, 0.000, 0.000]
|  765|0.6053|0.5000|0.2038|1.1001| - [0.546, 0.017, 0.437, 0.000, 0.000]
|  766|0.5789|0.5000|0.1823|1.1001| - [0.546, 0.017, 0.437, 0.000, 0.000]
|  767|0.5000|0.5000|0.0000|1.1001| - [0.546, 0.017, 0.437, 0.000, 0.000]
|  768|0.5000|0.5000|0.0000|1.1001| - [0.546, 0.017, 0.437, 0.000, 0.000]
|  769|0.5263|0.5000|0.1116|1.1000| - [0.546, 0.017, 0.437, 0.000, 0.000]
|  770|0.9737|0.5000|0.1116|1.0999| - [0.564, 0.018, 0.418, 0.000, 0.000]
|  771|0.7895|0.5000|0.2469|1.0983| - [0.564, 0.018, 0.418, 0.000, 0.000]
|  772|0.6579|0.5000|0.2324|1.1028| - [0.564, 0.018, 0.418, 0.000, 0.000]
|  773|0.5263|0.5000|0.1116|1.0961| - [0.564, 0.018, 0.418, 0.000, 0.000]
|  774|0.5000|0.5000|0.0000|1.0958| - [0.564, 0.018, 0.418, 0.000, 0.000]
|  775|0.9737|0.5000|0.1116|1.0899| - [0.575, 0.000, 0.425, 0.000, 0.000]
|  776|0.9474|0.5000|0.1693|1.0989| - [0.594, 0.019, 0.387, 0.000, 0.000]
|  777|0.9737|0.5000|0.1116|1.0952| - [0.594, 0.019, 0.387, 0.000, 0.000]
|  778|0.9737|0.5000|0.1537|1.0952| - [0.594, 0.019, 0.387, 0.000, 0.000]
|  779|0.9737|0.5000|0.1537|1.0893| - [0.594, 0.019, 0.387, 0.000, 0.000]
|  780|0.8158|0.5000|0.2412|1.0917| - [0.594, 0.019, 0.387, 0.000, 0.000]
|  781|0.8158|0.5000|0.2412|1.0917| - [0.594, 0.019, 0.387, 0.000, 0.000]
|  782|0.8684|0.5000|0.2202|1.0929| - [0.594, 0.019, 0.387, 0.000, 0.000]
|  783|0.7632|0.5000|0.2561|1.0846| - [0.594, 0.019, 0.387, 0.000, 0.000]
|  784|0.6053|0.5000|0.2038|1.0870| - [0.594, 0.019, 0.387, 0.000, 0.000]
|  785|0.9211|0.5000|0.1366|1.0791| - [0.605, 0.000, 0.395, 0.000, 0.000]
|  786|0.9737|0.5000|0.1116|1.0785| - [0.605, 0.000, 0.395, 0.000, 0.000]
|  787|0.9737|0.5000|0.1829|1.0718| - [0.613, 0.019, 0.368, 0.000, 0.000]
|  788|0.9737|0.5000|0.1537|1.0779| - [0.613, 0.019, 0.368, 0.000, 0.000]
|  789|0.9211|0.5000|0.2371|1.0702| - [0.613, 0.019, 0.368, 0.000, 0.000]
|  790|0.9737|0.5000|0.1116|1.0841| - [0.613, 0.019, 0.368, 0.000, 0.000]
|  791|0.9211|0.5000|0.1823|1.0830| - [0.613, 0.019, 0.368, 0.000, 0.000]
|  792|0.9211|0.5000|0.1823|1.0830| - [0.613, 0.019, 0.368, 0.000, 0.000]
|  793|0.7368|0.5000|0.2329|1.0984| - [0.613, 0.019, 0.368, 0.000, 0.000]
|  794|0.8947|0.5000|0.2778|1.1350| - [0.613, 0.019, 0.368, 0.000, 0.000]
|  795|0.9211|0.5000|0.2577|1.1798| - [0.613, 0.019, 0.368, 0.000, 0.000]
|  796|0.6316|0.5000|0.2202|1.1142| - [0.613, 0.019, 0.368, 0.000, 0.000]
|  797|0.5000|0.5000|0.0000|1.0742| - [0.613, 0.019, 0.368, 0.000, 0.000]
|  798|0.5000|0.5000|0.0000|1.0742| - [0.613, 0.019, 0.368, 0.000, 0.000]
|  799|0.5000|0.5000|0.0000|1.0742| - [0.613, 0.019, 0.368, 0.000, 0.000]
|  800|0.9737|0.5000|0.1116|1.0679| - [0.625, 0.000, 0.375, 0.000, 0.000]
|  801|0.8684|0.5000|0.2202|1.0427| - [0.625, 0.000, 0.375, 0.000, 0.000]
|  802|0.5789|0.5000|0.1823|0.9733| - [0.625, 0.000, 0.375, 0.000, 0.000]
|  803|0.5000|0.5000|0.0000|0.9544| - [0.625, 0.000, 0.375, 0.000, 0.000]
|  804|0.5000|0.5000|0.0000|0.9529| - [0.625, 0.000, 0.375, 0.000, 0.000]
|  805|0.5000|0.5000|0.0000|0.9544| - [0.625, 0.000, 0.375, 0.000, 0.000]
|  806|0.5000|0.5000|0.0000|0.9544| - [0.625, 0.000, 0.375, 0.000, 0.000]
|  807|0.5000|0.5000|0.0000|0.9544| - [0.625, 0.000, 0.375, 0.000, 0.000]
|  808|0.5000|0.5000|0.0000|0.9544| - [0.625, 0.000, 0.375, 0.000, 0.000]
|  809|0.5000|0.5000|0.0000|0.9544| - [0.625, 0.000, 0.375, 0.000, 0.000]
|  810|0.5000|0.5000|0.0000|0.9544| - [0.625, 0.000, 0.375, 0.000, 0.000]
|  811|0.5263|0.5000|0.1116|0.9713| - [0.625, 0.000, 0.375, 0.000, 0.000]
|  812|0.5000|0.5000|0.0000|0.9544| - [0.625, 0.000, 0.375, 0.000, 0.000]
|  813|0.5000|0.5000|0.0000|0.9541| - [0.625, 0.000, 0.375, 0.000, 0.000]
|  814|0.5000|0.5000|0.0000|0.9539| - [0.625, 0.000, 0.375, 0.000, 0.000]
|  815|0.5000|0.5000|0.0000|0.9544| - [0.625, 0.000, 0.375, 0.000, 0.000]
|  816|0.5000|0.5000|0.0000|0.9544| - [0.625, 0.000, 0.375, 0.000, 0.000]
|  817|0.5000|0.5000|0.0000|0.9544| - [0.625, 0.000, 0.375, 0.000, 0.000]
|  818|0.5000|0.5000|0.0000|0.9544| - [0.625, 0.000, 0.375, 0.000, 0.000]
|  819|0.5000|0.5000|0.0000|0.9544| - [0.625, 0.000, 0.375, 0.000, 0.000]
|  820|0.5000|0.5000|0.0000|0.9544| - [0.625, 0.000, 0.375, 0.000, 0.000]
|  821|0.5000|0.5000|0.0000|0.9544| - [0.625, 0.000, 0.375, 0.000, 0.000]
|  822|0.5000|0.5000|0.0000|0.9544| - [0.625, 0.000, 0.375, 0.000, 0.000]
|  823|0.5000|0.5000|0.0000|0.9549| - [0.625, 0.000, 0.375, 0.000, 0.000]
|  824|0.5000|0.5000|0.0000|0.9543| - [0.625, 0.000, 0.375, 0.000, 0.000]
|  825|0.5000|0.5000|0.0000|0.9535| - [0.625, 0.000, 0.375, 0.000, 0.000]
|  826|0.5000|0.5000|0.0000|0.9544| - [0.625, 0.000, 0.375, 0.000, 0.000]
|  827|0.5000|0.5000|0.0000|0.9544| - [0.625, 0.000, 0.375, 0.000, 0.000]
|  828|0.5000|0.5000|0.0000|0.9555| - [0.625, 0.000, 0.375, 0.000, 0.000]
|  829|0.5000|0.5000|0.0000|0.9563| - [0.579, 0.000, 0.421, 0.000, 0.000]
|  830|0.5000|0.5000|0.0000|0.9549| - [0.625, 0.000, 0.375, 0.000, 0.000]
|  831|0.5263|0.5000|0.1116|0.9690| - [0.625, 0.000, 0.375, 0.000, 0.000]
|  832|0.5000|0.5000|0.0000|0.9579| - [0.611, 0.000, 0.389, 0.000, 0.000]
|  833|0.5000|0.5000|0.0000|0.9614| - [0.625, 0.000, 0.375, 0.000, 0.000]
|  834|0.5000|0.5000|0.0000|0.9615| - [0.611, 0.000, 0.389, 0.000, 0.000]
|  835|0.5000|0.5000|0.0000|0.9619| - [0.625, 0.000, 0.375, 0.000, 0.000]
|  836|0.5000|0.5000|0.0000|0.9614| - [0.625, 0.000, 0.375, 0.000, 0.000]
|  837|0.5000|0.5000|0.0000|0.9604| - [0.625, 0.000, 0.375, 0.000, 0.000]
|  838|0.5000|0.5000|0.0000|0.9614| - [0.611, 0.000, 0.389, 0.000, 0.000]
|  839|0.5000|0.5000|0.0000|0.9574| - [0.625, 0.000, 0.375, 0.000, 0.000]
|  840|0.5000|0.5000|0.0000|0.9559| - [0.625, 0.000, 0.375, 0.000, 0.000]
|  841|0.5000|0.5000|0.0000|0.9556| - [0.625, 0.000, 0.375, 0.000, 0.000]
|  842|0.5000|0.5000|0.0000|0.9494| - [0.625, 0.000, 0.375, 0.000, 0.000]
|  843|0.5000|0.5000|0.0000|0.9528| - [0.625, 0.000, 0.375, 0.000, 0.000]
|  844|0.5000|0.5000|0.0000|0.9544| - [0.625, 0.000, 0.375, 0.000, 0.000]
|  845|0.5000|0.5000|0.0000|0.9544| - [0.625, 0.000, 0.375, 0.000, 0.000]
|  846|0.5000|0.5000|0.0000|0.9548| - [0.625, 0.000, 0.375, 0.000, 0.000]
|  847|0.5000|0.5000|0.0000|0.9559| - [0.625, 0.000, 0.375, 0.000, 0.000]
|  848|0.5000|0.5000|0.0000|0.9544| - [0.625, 0.000, 0.375, 0.000, 0.000]
|  849|0.5000|0.5000|0.0000|0.9544| - [0.625, 0.000, 0.375, 0.000, 0.000]
|  850|0.5000|0.5000|0.0000|0.9544| - [0.625, 0.000, 0.375, 0.000, 0.000]
|  851|0.5000|0.5000|0.0000|0.9544| - [0.625, 0.000, 0.375, 0.000, 0.000]
|  852|0.5000|0.5000|0.0000|0.9544| - [0.625, 0.000, 0.375, 0.000, 0.000]
|  853|0.5000|0.5000|0.0000|0.9544| - [0.625, 0.000, 0.375, 0.000, 0.000]
|  854|0.5000|0.5000|0.0000|0.9535| - [0.625, 0.000, 0.375, 0.000, 0.000]
|  855|0.5263|0.5000|0.1116|0.9649| - [0.625, 0.000, 0.375, 0.000, 0.000]
|  856|0.5263|0.5000|0.1116|0.9557| - [0.625, 0.000, 0.375, 0.000, 0.000]
|  857|0.5000|0.5000|0.0000|0.9556| - [0.600, 0.000, 0.400, 0.000, 0.000]
|  858|0.5000|0.5000|0.0000|0.9544| - [0.625, 0.000, 0.375, 0.000, 0.000]
|  859|0.5000|0.5000|0.0000|0.9544| - [0.625, 0.000, 0.375, 0.000, 0.000]
|  860|0.5000|0.5000|0.0000|0.9551| - [0.625, 0.000, 0.375, 0.000, 0.000]
|  861|0.5263|0.5000|0.1116|0.9645| - [0.625, 0.000, 0.375, 0.000, 0.000]
|  862|0.5000|0.5000|0.0000|0.9544| - [0.625, 0.000, 0.375, 0.000, 0.000]
|  863|0.5000|0.5000|0.0000|0.9544| - [0.625, 0.000, 0.375, 0.000, 0.000]
|  864|0.5000|0.5000|0.0000|0.9539| - [0.625, 0.000, 0.375, 0.000, 0.000]
|  865|0.5263|0.5000|0.1116|0.9629| - [0.637, 0.000, 0.363, 0.000, 0.000]
|  866|0.5263|0.5000|0.0656|0.9569| - [0.625, 0.000, 0.375, 0.000, 0.000]
|  867|0.5000|0.5000|0.0000|0.9539| - [0.625, 0.000, 0.375, 0.000, 0.000]
|  868|0.5000|0.5000|0.0000|0.9544| - [0.625, 0.000, 0.375, 0.000, 0.000]
|  869|0.5000|0.5000|0.0000|0.9544| - [0.625, 0.000, 0.375, 0.000, 0.000]
|  870|0.5000|0.5000|0.0000|0.9544| - [0.625, 0.000, 0.375, 0.000, 0.000]
|  871|0.5000|0.5000|0.0000|0.9544| - [0.625, 0.000, 0.375, 0.000, 0.000]
|  872|0.5263|0.5000|0.1116|0.9574| - [0.625, 0.000, 0.375, 0.000, 0.000]
|  873|0.5000|0.5000|0.0000|0.9544| - [0.625, 0.000, 0.375, 0.000, 0.000]
|  874|0.5000|0.5000|0.0000|0.9544| - [0.625, 0.000, 0.375, 0.000, 0.000]
|  875|0.5000|0.5000|0.0000|0.9544| - [0.625, 0.000, 0.375, 0.000, 0.000]
|  876|0.5000|0.5000|0.0000|0.9544| - [0.625, 0.000, 0.375, 0.000, 0.000]
|  877|0.5000|0.5000|0.0000|0.9544| - [0.625, 0.000, 0.375, 0.000, 0.000]
|  878|0.5000|0.5000|0.0000|0.9544| - [0.625, 0.000, 0.375, 0.000, 0.000]
|  879|0.5000|0.5000|0.0000|0.9544| - [0.625, 0.000, 0.375, 0.000, 0.000]
|  880|0.5000|0.5000|0.0000|0.9542| - [0.625, 0.000, 0.375, 0.000, 0.000]
|  881|0.5000|0.5000|0.0000|0.9562| - [0.625, 0.000, 0.375, 0.000, 0.000]
|  882|0.5000|0.5000|0.0000|0.9628| - [0.551, 0.000, 0.449, 0.000, 0.000]
|  883|0.5000|0.5000|0.0000|0.9617| - [0.625, 0.000, 0.375, 0.000, 0.000]
|  884|0.5000|0.5000|0.0000|0.9737| - [0.551, 0.000, 0.449, 0.000, 0.000]
|  885|0.5000|0.5000|0.0000|0.9628| - [0.625, 0.000, 0.375, 0.000, 0.000]
|  886|0.5000|0.5000|0.0000|0.9600| - [0.589, 0.000, 0.411, 0.000, 0.000]
|  887|0.7632|0.5000|0.0920|0.9813| - [0.583, 0.000, 0.407, 0.000, 0.010]
|  888|0.7632|0.5000|0.0656|0.9901| - [0.583, 0.000, 0.407, 0.000, 0.010]
|  889|0.6316|0.5000|0.0656|0.9871| - [0.583, 0.000, 0.407, 0.000, 0.010]
|  890|0.5526|0.5000|0.0505|0.9908| - [0.589, 0.000, 0.411, 0.000, 0.000]
|  891|0.5000|0.5000|0.0000|0.9810| - [0.589, 0.000, 0.411, 0.000, 0.000]
|  892|0.5000|0.5000|0.0000|0.9786| - [0.551, 0.000, 0.449, 0.000, 0.000]
|  893|0.5000|0.5000|0.0000|0.9760| - [0.617, 0.000, 0.383, 0.000, 0.000]
|  894|0.5000|0.5000|0.0000|0.9716| - [0.617, 0.000, 0.383, 0.000, 0.000]
|  895|0.5000|0.5000|0.0000|0.9708| - [0.589, 0.000, 0.411, 0.000, 0.000]
|  896|0.5000|0.5000|0.0000|0.9656| - [0.617, 0.000, 0.383, 0.000, 0.000]
|  897|0.5000|0.5000|0.0000|0.9647| - [0.589, 0.000, 0.411, 0.000, 0.000]
|  898|0.5000|0.5000|0.0000|0.9635| - [0.617, 0.000, 0.383, 0.000, 0.000]
|  899|0.5000|0.5000|0.0000|0.9695| - [0.617, 0.000, 0.383, 0.000, 0.000]
|  900|0.9737|0.5000|0.1116|0.9728| - [0.597, 0.000, 0.391, 0.012, 0.000]
|  901|0.9737|0.5000|0.1116|0.9712| - [0.597, 0.000, 0.391, 0.012, 0.000]
|  902|0.9474|0.5000|0.1240|0.9746| - [0.597, 0.000, 0.391, 0.012, 0.000]
|  903|0.7632|0.5000|0.1900|1.0066| - [0.597, 0.000, 0.391, 0.012, 0.000]
|  904|0.5526|0.5000|0.0916|1.0471| - [0.597, 0.000, 0.391, 0.012, 0.000]
|  905|0.5000|0.5000|0.0000|1.0539| - [0.597, 0.000, 0.391, 0.012, 0.000]
|  906|0.5000|0.5000|0.0000|1.0518| - [0.597, 0.000, 0.391, 0.012, 0.000]
|  907|0.5000|0.5000|0.0000|1.0496| - [0.597, 0.000, 0.391, 0.012, 0.000]
|  908|0.5000|0.5000|0.0000|1.0496| - [0.597, 0.000, 0.391, 0.012, 0.000]
|  909|0.5000|0.5000|0.0000|1.0496| - [0.597, 0.000, 0.391, 0.012, 0.000]
|  910|0.5263|0.5000|0.1116|1.0494| - [0.597, 0.000, 0.391, 0.012, 0.000]
|  911|0.5000|0.5000|0.0000|1.0496| - [0.597, 0.000, 0.391, 0.012, 0.000]
|  912|0.5000|0.5000|0.0000|1.0496| - [0.597, 0.000, 0.391, 0.012, 0.000]
|  913|0.5000|0.5000|0.0000|1.0496| - [0.597, 0.000, 0.391, 0.012, 0.000]
|  914|0.9737|0.5000|0.1116|1.0498| - [0.594, 0.000, 0.394, 0.012, 0.000]
|  915|0.9737|0.5000|0.1829|1.0500| - [0.594, 0.000, 0.394, 0.012, 0.000]
|  916|0.8158|0.5000|0.2724|1.0513| - [0.594, 0.000, 0.394, 0.012, 0.000]
|  917|0.5263|0.5000|0.1116|1.0521| - [0.594, 0.000, 0.394, 0.012, 0.000]
|  918|0.5000|0.5000|0.0000|1.0522| - [0.594, 0.000, 0.394, 0.012, 0.000]
|  919|0.5000|0.5000|0.0000|1.0522| - [0.594, 0.000, 0.394, 0.012, 0.000]
|  920|0.5000|0.5000|0.0000|1.0522| - [0.594, 0.000, 0.394, 0.012, 0.000]
|  921|0.5000|0.5000|0.0000|1.0522| - [0.594, 0.000, 0.394, 0.012, 0.000]
|  922|0.5000|0.5000|0.0000|1.0522| - [0.594, 0.000, 0.394, 0.012, 0.000]
|  923|0.5000|0.5000|0.0000|1.0522| - [0.594, 0.000, 0.394, 0.012, 0.000]
|  924|0.5000|0.5000|0.0000|1.0522| - [0.594, 0.000, 0.394, 0.012, 0.000]
|  925|0.9737|0.5000|0.1116|1.0479| - [0.601, 0.000, 0.399, 0.000, 0.000]
|  926|0.9737|0.5000|0.1116|1.0479| - [0.601, 0.000, 0.399, 0.000, 0.000]
|  927|0.9211|0.5000|0.1823|1.0393| - [0.601, 0.000, 0.399, 0.000, 0.000]
|  928|0.9737|0.5000|0.1116|1.0479| - [0.601, 0.000, 0.399, 0.000, 0.000]
|  929|0.8947|0.5000|0.2038|1.0350| - [0.601, 0.000, 0.399, 0.000, 0.000]
|  930|0.8684|0.5000|0.2202|1.0307| - [0.601, 0.000, 0.399, 0.000, 0.000]
|  931|0.7105|0.5000|0.2049|1.0126| - [0.601, 0.000, 0.399, 0.000, 0.000]
|  932|0.5789|0.5000|0.1823|0.9834| - [0.601, 0.000, 0.399, 0.000, 0.000]
|  933|0.5263|0.5000|0.1116|0.9771| - [0.601, 0.000, 0.399, 0.000, 0.000]
|  934|0.5000|0.5000|0.0000|0.9705| - [0.601, 0.000, 0.399, 0.000, 0.000]
|  935|0.5000|0.5000|0.0000|0.9705| - [0.601, 0.000, 0.399, 0.000, 0.000]
|  936|0.5000|0.5000|0.0000|0.9705| - [0.601, 0.000, 0.399, 0.000, 0.000]
|  937|0.5000|0.5000|0.0000|0.9705| - [0.601, 0.000, 0.399, 0.000, 0.000]
|  938|0.5000|0.5000|0.0000|0.9712| - [0.601, 0.000, 0.399, 0.000, 0.000]
|  939|0.5000|0.5000|0.0000|0.9705| - [0.601, 0.000, 0.399, 0.000, 0.000]
|  940|0.5000|0.5000|0.0000|0.9705| - [0.601, 0.000, 0.399, 0.000, 0.000]
|  941|0.5000|0.5000|0.0000|0.9705| - [0.601, 0.000, 0.399, 0.000, 0.000]
|  942|0.5000|0.5000|0.0000|0.9711| - [0.601, 0.000, 0.399, 0.000, 0.000]
|  943|0.5000|0.5000|0.0000|0.9705| - [0.601, 0.000, 0.399, 0.000, 0.000]
|  944|0.5000|0.5000|0.0000|0.9704| - [0.601, 0.000, 0.399, 0.000, 0.000]
|  945|0.5000|0.5000|0.0000|0.9711| - [0.601, 0.000, 0.399, 0.000, 0.000]
|  946|0.5000|0.5000|0.0000|0.9731| - [0.601, 0.000, 0.399, 0.000, 0.000]
|  947|0.5000|0.5000|0.0000|0.9725| - [0.578, 0.000, 0.422, 0.000, 0.000]
|  948|0.5000|0.5000|0.0000|0.9709| - [0.578, 0.000, 0.422, 0.000, 0.000]
|  949|0.5000|0.5000|0.0000|0.9686| - [0.624, 0.000, 0.376, 0.000, 0.000]
|  950|0.5000|0.5000|0.0000|0.9689| - [0.601, 0.000, 0.399, 0.000, 0.000]
|  951|0.5000|0.5000|0.0000|0.9686| - [0.599, 0.000, 0.401, 0.000, 0.000]
|  952|0.5000|0.5000|0.0000|0.9689| - [0.601, 0.000, 0.399, 0.000, 0.000]
|  953|0.5000|0.5000|0.0000|0.9705| - [0.601, 0.000, 0.399, 0.000, 0.000]
|  954|0.5000|0.5000|0.0000|0.9705| - [0.601, 0.000, 0.399, 0.000, 0.000]
|  955|0.5000|0.5000|0.0000|0.9710| - [0.601, 0.000, 0.399, 0.000, 0.000]
|  956|0.5000|0.5000|0.0000|0.9705| - [0.601, 0.000, 0.399, 0.000, 0.000]
|  957|0.5000|0.5000|0.0000|0.9705| - [0.601, 0.000, 0.399, 0.000, 0.000]
|  958|0.5000|0.5000|0.0000|0.9705| - [0.601, 0.000, 0.399, 0.000, 0.000]
|  959|0.5000|0.5000|0.0000|0.9705| - [0.601, 0.000, 0.399, 0.000, 0.000]
|  960|0.5000|0.5000|0.0000|0.9705| - [0.601, 0.000, 0.399, 0.000, 0.000]
|  961|0.5000|0.5000|0.0000|0.9705| - [0.601, 0.000, 0.399, 0.000, 0.000]
|  962|0.5000|0.5000|0.0000|0.9705| - [0.601, 0.000, 0.399, 0.000, 0.000]
|  963|0.5263|0.5000|0.1116|0.9738| - [0.601, 0.000, 0.399, 0.000, 0.000]
|  964|0.5263|0.5000|0.0999|0.9722| - [0.601, 0.000, 0.399, 0.000, 0.000]
|  965|0.5000|0.5000|0.0000|0.9689| - [0.601, 0.000, 0.399, 0.000, 0.000]
|  966|0.5000|0.5000|0.0000|0.9710| - [0.601, 0.000, 0.399, 0.000, 0.000]
|  967|0.5263|0.5000|0.0999|0.9788| - [0.601, 0.000, 0.399, 0.000, 0.000]
|  968|0.5000|0.5000|0.0000|0.9709| - [0.601, 0.000, 0.399, 0.000, 0.000]
|  969|0.5000|0.5000|0.0000|0.9702| - [0.601, 0.000, 0.399, 0.000, 0.000]
|  970|0.5000|0.5000|0.0000|0.9705| - [0.601, 0.000, 0.399, 0.000, 0.000]
|  971|0.5000|0.5000|0.0000|0.9705| - [0.601, 0.000, 0.399, 0.000, 0.000]
|  972|0.5000|0.5000|0.0000|0.9705| - [0.601, 0.000, 0.399, 0.000, 0.000]
|  973|0.5000|0.5000|0.0000|0.9705| - [0.601, 0.000, 0.399, 0.000, 0.000]
|  974|0.5000|0.5000|0.0000|0.9705| - [0.601, 0.000, 0.399, 0.000, 0.000]
|  975|0.5000|0.5000|0.0000|0.9720| - [0.524, 0.000, 0.476, 0.000, 0.000]
|  976|0.5000|0.5000|0.0000|0.9705| - [0.601, 0.000, 0.399, 0.000, 0.000]
|  977|0.5000|0.5000|0.0000|0.9705| - [0.601, 0.000, 0.399, 0.000, 0.000]
|  978|0.5000|0.5000|0.0000|0.9705| - [0.601, 0.000, 0.399, 0.000, 0.000]
|  979|0.5000|0.5000|0.0000|0.9705| - [0.601, 0.000, 0.399, 0.000, 0.000]
|  980|0.5263|0.5000|0.0999|0.9802| - [0.601, 0.000, 0.399, 0.000, 0.000]
|  981|0.5526|0.5000|0.1534|0.9913| - [0.601, 0.000, 0.399, 0.000, 0.000]
|  982|0.5000|0.5000|0.0000|0.9720| - [0.601, 0.000, 0.399, 0.000, 0.000]
|  983|0.5000|0.5000|0.0000|0.9710| - [0.601, 0.000, 0.399, 0.000, 0.000]
|  984|0.5000|0.5000|0.0000|0.9723| - [0.601, 0.000, 0.399, 0.000, 0.000]
|  985|0.5000|0.5000|0.0000|0.9723| - [0.601, 0.000, 0.399, 0.000, 0.000]
|  986|0.5000|0.5000|0.0000|0.9718| - [0.621, 0.000, 0.379, 0.000, 0.000]
|  987|0.5000|0.5000|0.0000|0.9728| - [0.595, 0.000, 0.405, 0.000, 0.000]
|  988|0.5000|0.5000|0.0000|0.9730| - [0.595, 0.000, 0.405, 0.000, 0.000]
|  989|0.5000|0.5000|0.0000|0.9731| - [0.601, 0.000, 0.399, 0.000, 0.000]
|  990|0.5000|0.5000|0.0000|0.9745| - [0.595, 0.000, 0.405, 0.000, 0.000]
|  991|0.5000|0.5000|0.0000|0.9752| - [0.583, 0.000, 0.417, 0.000, 0.000]
|  992|0.5000|0.5000|0.0000|0.9727| - [0.601, 0.000, 0.399, 0.000, 0.000]
|  993|0.5000|0.5000|0.0000|0.9729| - [0.601, 0.000, 0.399, 0.000, 0.000]
|  994|0.5000|0.5000|0.0000|0.9728| - [0.601, 0.000, 0.399, 0.000, 0.000]
|  995|0.5000|0.5000|0.0000|0.9717| - [0.601, 0.000, 0.399, 0.000, 0.000]
|  996|0.5000|0.5000|0.0000|0.9742| - [0.601, 0.000, 0.399, 0.000, 0.000]
|  997|0.5000|0.5000|0.0000|0.9780| - [0.582, 0.000, 0.418, 0.000, 0.000]
|  998|0.5526|0.5000|0.0283|0.9832| - [0.566, 0.000, 0.408, 0.026, 0.000]
|  999|0.5789|0.5000|0.0754|0.9994| - [0.582, 0.000, 0.418, 0.000, 0.000]
| 1000|0.5526|0.5000|0.0656|0.9932| - [0.582, 0.000, 0.418, 0.000, 0.000]
+-----+------+------+------+------+ 
