# Blotto run, B: 5, Rf: 0.50, Lf: 0.50 - 0.10 sec 
+-----+------+------+------+------+ 
| gen | best | mean |  sd  | avgH | best strategy
+-----+------+------+------+------+ 
|    1|0.8750|0.5000|0.2171|1.8817| - [0.244, 0.232, 0.440, 0.051, 0.034]
|    2|0.9737|0.5000|0.1677|1.8743| - [0.244, 0.232, 0.440, 0.051, 0.034]
|    3|0.9737|0.5000|0.1530|1.9409| - [0.244, 0.232, 0.440, 0.051, 0.034]
|    4|0.9474|0.5000|0.2479|1.9449| - [0.244, 0.232, 0.440, 0.051, 0.034]
|    5|0.9474|0.5000|0.2727|1.8722| - [0.244, 0.232, 0.440, 0.051, 0.034]
|    6|0.9737|0.5000|0.2029|1.7238| - [0.244, 0.232, 0.440, 0.051, 0.034]
|    7|0.9737|0.5000|0.2752|1.6287| - [0.244, 0.232, 0.440, 0.051, 0.034]
|    8|0.9474|0.5000|0.2661|1.6936| - [0.244, 0.232, 0.440, 0.051, 0.034]
|    9|0.8158|0.5000|0.2587|1.7356| - [0.244, 0.232, 0.440, 0.051, 0.034]
|   10|0.7632|0.5000|0.2674|1.7841| - [0.244, 0.232, 0.440, 0.051, 0.034]
|   11|0.9737|0.5000|0.1831|1.8851| - [0.280, 0.220, 0.419, 0.048, 0.032]
|   12|0.9737|0.5000|0.2492|1.8758| - [0.280, 0.220, 0.419, 0.048, 0.032]
|   13|0.7105|0.5000|0.2561|1.8851| - [0.280, 0.220, 0.419, 0.048, 0.032]
|   14|0.7105|0.5000|0.2570|1.8876| - [0.280, 0.220, 0.419, 0.048, 0.032]
|   15|0.6579|0.5000|0.2348|1.8886| - [0.280, 0.220, 0.419, 0.048, 0.032]
|   16|0.5000|0.5000|0.0000|1.8928| - [0.280, 0.220, 0.419, 0.048, 0.032]
|   17|0.5000|0.5000|0.0000|1.8928| - [0.280, 0.220, 0.419, 0.048, 0.032]
|   18|0.9737|0.5000|0.1116|1.8873| - [0.321, 0.107, 0.479, 0.055, 0.037]
|   19|0.9737|0.5000|0.2218|1.8652| - [0.321, 0.107, 0.479, 0.055, 0.037]
|   20|0.9737|0.5000|0.2612|1.8376| - [0.321, 0.107, 0.479, 0.055, 0.037]
|   21|0.9737|0.5000|0.2443|1.8205| - [0.321, 0.107, 0.479, 0.055, 0.037]
|   22|0.9737|0.5000|0.1116|1.7881| - [0.321, 0.107, 0.479, 0.055, 0.037]
|   23|0.9737|0.5000|0.1116|1.7881| - [0.321, 0.107, 0.479, 0.055, 0.037]
|   24|0.9737|0.5000|0.1831|1.7905| - [0.345, 0.115, 0.440, 0.059, 0.040]
|   25|0.8947|0.5000|0.2218|1.7984| - [0.345, 0.115, 0.440, 0.059, 0.040]
|   26|0.6579|0.5000|0.2324|1.8209| - [0.345, 0.115, 0.440, 0.059, 0.040]
|   27|0.5526|0.5000|0.1534|1.8324| - [0.345, 0.115, 0.440, 0.059, 0.040]
|   28|0.5526|0.5000|0.1537|1.8412| - [0.345, 0.115, 0.440, 0.059, 0.040]
|   29|0.5263|0.5000|0.1116|1.8389| - [0.345, 0.115, 0.440, 0.059, 0.040]
|   30|0.5000|0.5000|0.0000|1.8381| - [0.345, 0.115, 0.440, 0.059, 0.040]
|   31|0.5000|0.5000|0.0000|1.8381| - [0.345, 0.115, 0.440, 0.059, 0.040]
|   32|0.5000|0.5000|0.0000|1.8381| - [0.345, 0.115, 0.440, 0.059, 0.040]
|   33|0.5000|0.5000|0.0000|1.8381| - [0.345, 0.115, 0.440, 0.059, 0.040]
|   34|0.9737|0.5000|0.1116|1.8345| - [0.354, 0.119, 0.452, 0.034, 0.041]
|   35|0.9737|0.5000|0.2363|1.8177| - [0.370, 0.111, 0.423, 0.057, 0.038]
|   36|0.9211|0.5000|0.2708|1.8047| - [0.370, 0.111, 0.423, 0.057, 0.038]
|   37|0.9737|0.5000|0.2794|1.7789| - [0.385, 0.116, 0.440, 0.059, 0.000]
|   38|0.9211|0.5000|0.2578|1.7765| - [0.385, 0.116, 0.440, 0.059, 0.000]
|   39|0.9737|0.5000|0.2612|1.7371| - [0.405, 0.122, 0.369, 0.063, 0.042]
|   40|0.8684|0.5000|0.1911|1.6902| - [0.405, 0.122, 0.369, 0.063, 0.042]
|   41|0.9737|0.5000|0.2443|1.7343| - [0.427, 0.128, 0.334, 0.066, 0.044]
|   42|0.8421|0.5000|0.2443|1.8783| - [0.427, 0.128, 0.334, 0.066, 0.044]
|   43|0.9737|0.5000|0.2549|1.8782| - [0.461, 0.121, 0.314, 0.062, 0.042]
|   44|0.9211|0.5000|0.2388|1.8586| - [0.461, 0.121, 0.314, 0.062, 0.042]
|   45|0.6053|0.5000|0.2054|1.8515| - [0.461, 0.121, 0.314, 0.062, 0.042]
|   46|0.9737|0.5000|0.1831|1.8551| - [0.480, 0.126, 0.286, 0.065, 0.044]
|   47|0.8947|0.5000|0.2038|1.8502| - [0.480, 0.126, 0.286, 0.065, 0.044]
|   48|0.7895|0.5000|0.2549|1.8514| - [0.480, 0.126, 0.286, 0.065, 0.044]
|   49|0.6579|0.5000|0.2366|1.8531| - [0.480, 0.126, 0.286, 0.065, 0.044]
|   50|0.5263|0.5000|0.1116|1.8606| - [0.480, 0.126, 0.286, 0.065, 0.044]
|   51|0.5000|0.5000|0.0000|1.8540| - [0.480, 0.126, 0.286, 0.065, 0.044]
|   52|0.9737|0.5000|0.1537|1.8537| - [0.486, 0.125, 0.283, 0.064, 0.043]
|   53|0.9737|0.5000|0.2443|1.8415| - [0.502, 0.132, 0.299, 0.068, 0.000]
|   54|0.7895|0.5000|0.2686|1.7726| - [0.502, 0.132, 0.299, 0.068, 0.000]
|   55|0.5263|0.5000|0.1116|1.6774| - [0.502, 0.132, 0.299, 0.068, 0.000]
|   56|0.5000|0.5000|0.0000|1.6681| - [0.502, 0.132, 0.299, 0.068, 0.000]
|   57|0.5526|0.5000|0.1537|1.6743| - [0.502, 0.132, 0.299, 0.068, 0.000]
|   58|0.5000|0.5000|0.0000|1.6681| - [0.502, 0.132, 0.299, 0.068, 0.000]
|   59|0.5000|0.5000|0.0000|1.6681| - [0.502, 0.132, 0.299, 0.068, 0.000]
|   60|0.5000|0.5000|0.0000|1.6681| - [0.502, 0.132, 0.299, 0.068, 0.000]
|   61|0.5000|0.5000|0.0000|1.6681| - [0.502, 0.132, 0.299, 0.068, 0.000]
|   62|0.5000|0.5000|0.0000|1.6681| - [0.502, 0.132, 0.299, 0.068, 0.000]
|   63|0.5000|0.5000|0.0000|1.6681| - [0.502, 0.132, 0.299, 0.068, 0.000]
|   64|0.9737|0.5000|0.1116|1.6638| - [0.556, 0.117, 0.266, 0.060, 0.000]
|   65|0.9737|0.5000|0.1116|1.6638| - [0.556, 0.117, 0.266, 0.060, 0.000]
|   66|0.9737|0.5000|0.1116|1.6638| - [0.556, 0.117, 0.266, 0.060, 0.000]
|   67|0.9737|0.5000|0.1116|1.6638| - [0.556, 0.117, 0.266, 0.060, 0.000]
|   68|0.8947|0.5000|0.2218|1.6530| - [0.556, 0.117, 0.266, 0.060, 0.000]
|   69|0.8158|0.5000|0.2412|1.6378| - [0.556, 0.117, 0.266, 0.060, 0.000]
|   70|0.7368|0.5000|0.2497|1.6248| - [0.556, 0.117, 0.266, 0.060, 0.000]
|   71|0.9737|0.5000|0.1116|1.5828| - [0.568, 0.120, 0.271, 0.041, 0.000]
|   72|0.8158|0.5000|0.2412|1.5653| - [0.568, 0.120, 0.271, 0.041, 0.000]
|   73|0.6579|0.5000|0.2324|1.5477| - [0.568, 0.120, 0.271, 0.041, 0.000]
|   74|0.5000|0.5000|0.0000|1.5301| - [0.568, 0.120, 0.271, 0.041, 0.000]
|   75|0.9737|0.5000|0.1116|1.5294| - [0.576, 0.118, 0.267, 0.040, 0.000]
|   76|0.8947|0.5000|0.2038|1.5274| - [0.576, 0.118, 0.267, 0.040, 0.000]
|   77|0.8421|0.5000|0.2324|1.5260| - [0.576, 0.118, 0.267, 0.040, 0.000]
|   78|0.7895|0.5000|0.2469|1.5247| - [0.576, 0.118, 0.267, 0.040, 0.000]
|   79|0.5263|0.5000|0.1116|1.5179| - [0.576, 0.118, 0.267, 0.040, 0.000]
|   80|0.5000|0.5000|0.0000|1.5172| - [0.576, 0.118, 0.267, 0.040, 0.000]
|   81|0.5000|0.5000|0.0000|1.5172| - [0.576, 0.118, 0.267, 0.040, 0.000]
|   82|0.9737|0.5000|0.1116|1.5072| - [0.600, 0.122, 0.278, 0.000, 0.000]
|   83|0.9737|0.5000|0.1831|1.4953| - [0.602, 0.077, 0.279, 0.042, 0.000]
|   84|0.9474|0.5000|0.2226|1.4860| - [0.602, 0.077, 0.279, 0.042, 0.000]
|   85|0.9737|0.5000|0.2723|1.4443| - [0.610, 0.078, 0.270, 0.041, 0.000]
|   86|0.9211|0.5000|0.2775|1.4320| - [0.610, 0.078, 0.270, 0.041, 0.000]
|   87|0.9737|0.5000|0.2363|1.4228| - [0.610, 0.078, 0.270, 0.041, 0.000]
|   88|0.8947|0.5000|0.2218|1.4330| - [0.610, 0.078, 0.270, 0.041, 0.000]
|   89|0.7632|0.5000|0.2497|1.4276| - [0.610, 0.078, 0.270, 0.041, 0.000]
|   90|0.7105|0.5000|0.2469|1.4264| - [0.610, 0.078, 0.270, 0.041, 0.000]
|   91|0.5526|0.5000|0.1537|1.4225| - [0.610, 0.078, 0.270, 0.041, 0.000]
|   92|0.5000|0.5000|0.0000|1.4216| - [0.610, 0.078, 0.270, 0.041, 0.000]
|   93|0.9737|0.5000|0.1116|1.4197| - [0.617, 0.079, 0.273, 0.030, 0.000]
|   94|0.9737|0.5000|0.1116|1.4197| - [0.617, 0.079, 0.273, 0.030, 0.000]
|   95|0.9211|0.5000|0.1823|1.4157| - [0.617, 0.079, 0.273, 0.030, 0.000]
|   96|0.9737|0.5000|0.1537|1.4093| - [0.636, 0.082, 0.282, 0.000, 0.000]
|   97|0.8158|0.5000|0.2510|1.3473| - [0.636, 0.082, 0.282, 0.000, 0.000]
|   98|0.6842|0.5000|0.2412|1.2976| - [0.636, 0.082, 0.282, 0.000, 0.000]
|   99|0.5000|0.5000|0.0000|1.2252| - [0.636, 0.082, 0.282, 0.000, 0.000]
|  100|0.5000|0.5000|0.0000|1.2252| - [0.636, 0.082, 0.282, 0.000, 0.000]
|  101|0.9737|0.5000|0.1116|1.2114| - [0.686, 0.010, 0.304, 0.000, 0.000]
|  102|0.9474|0.5000|0.1534|1.1976| - [0.686, 0.010, 0.304, 0.000, 0.000]
|  103|0.7895|0.5000|0.2469|1.1147| - [0.686, 0.010, 0.304, 0.000, 0.000]
|  104|0.6053|0.5000|0.2038|1.0181| - [0.686, 0.010, 0.304, 0.000, 0.000]
|  105|0.5000|0.5000|0.0000|0.9629| - [0.686, 0.010, 0.304, 0.000, 0.000]
|  106|0.5000|0.5000|0.0000|0.9629| - [0.686, 0.010, 0.304, 0.000, 0.000]
|  107|0.5263|0.5000|0.1116|0.9655| - [0.686, 0.010, 0.304, 0.000, 0.000]
|  108|0.5000|0.5000|0.0000|0.9629| - [0.686, 0.010, 0.304, 0.000, 0.000]
|  109|0.5000|0.5000|0.0000|0.9629| - [0.686, 0.010, 0.304, 0.000, 0.000]
|  110|0.5000|0.5000|0.0000|0.9629| - [0.686, 0.010, 0.304, 0.000, 0.000]
|  111|0.5000|0.5000|0.0000|0.9629| - [0.686, 0.010, 0.304, 0.000, 0.000]
|  112|0.5000|0.5000|0.0000|0.9629| - [0.686, 0.010, 0.304, 0.000, 0.000]
|  113|0.5000|0.5000|0.0000|0.9629| - [0.686, 0.010, 0.304, 0.000, 0.000]
|  114|0.5000|0.5000|0.0000|0.9629| - [0.686, 0.010, 0.304, 0.000, 0.000]
|  115|0.5000|0.5000|0.0000|0.9629| - [0.686, 0.010, 0.304, 0.000, 0.000]
|  116|0.9737|0.5000|0.1831|0.9695| - [0.702, 0.010, 0.288, 0.000, 0.000]
|  117|0.9737|0.5000|0.1116|0.9617| - [0.702, 0.010, 0.288, 0.000, 0.000]
|  118|0.9737|0.5000|0.1831|0.9516| - [0.759, 0.011, 0.230, 0.000, 0.000]
|  119|0.9211|0.5000|0.2225|0.9593| - [0.759, 0.011, 0.230, 0.000, 0.000]
|  120|0.9737|0.5000|0.2520|0.9250| - [0.759, 0.011, 0.230, 0.000, 0.000]
|  121|0.9737|0.5000|0.2661|0.9385| - [0.759, 0.011, 0.230, 0.000, 0.000]
|  122|0.8947|0.5000|0.2570|0.9143| - [0.759, 0.011, 0.230, 0.000, 0.000]
|  123|0.6053|0.5000|0.2049|0.8755| - [0.759, 0.011, 0.230, 0.000, 0.000]
|  124|0.5000|0.5000|0.0000|0.8628| - [0.759, 0.011, 0.230, 0.000, 0.000]
|  125|0.5000|0.5000|0.0000|0.8628| - [0.759, 0.011, 0.230, 0.000, 0.000]
|  126|0.5000|0.5000|0.0000|0.8628| - [0.759, 0.011, 0.230, 0.000, 0.000]
|  127|0.9737|0.5000|0.1116|0.8540| - [0.842, 0.013, 0.146, 0.000, 0.000]
|  128|0.9737|0.5000|0.1116|0.8540| - [0.842, 0.013, 0.146, 0.000, 0.000]
|  129|0.9737|0.5000|0.1116|0.8540| - [0.842, 0.013, 0.146, 0.000, 0.000]
|  130|0.9737|0.5000|0.1116|0.8540| - [0.842, 0.013, 0.146, 0.000, 0.000]
|  131|0.9737|0.5000|0.1116|0.8540| - [0.842, 0.013, 0.146, 0.000, 0.000]
|  132|0.9737|0.5000|0.1116|0.8540| - [0.842, 0.013, 0.146, 0.000, 0.000]
|  133|0.9211|0.5000|0.1823|0.8362| - [0.842, 0.013, 0.146, 0.000, 0.000]
|  134|0.8421|0.5000|0.2324|0.8095| - [0.842, 0.013, 0.146, 0.000, 0.000]
|  135|0.6579|0.5000|0.2324|0.7473| - [0.842, 0.013, 0.146, 0.000, 0.000]
|  136|0.5526|0.5000|0.1537|0.7050| - [0.842, 0.013, 0.146, 0.000, 0.000]
|  137|0.5000|0.5000|0.0000|0.6940| - [0.842, 0.013, 0.146, 0.000, 0.000]
|  138|0.9737|0.5000|0.1116|0.6893| - [0.852, 0.000, 0.148, 0.000, 0.000]
|  139|0.9211|0.5000|0.2049|0.6792| - [0.852, 0.000, 0.148, 0.000, 0.000]
|  140|0.9211|0.5000|0.2049|0.6881| - [0.852, 0.000, 0.148, 0.000, 0.000]
|  141|0.7105|0.5000|0.2049|0.6455| - [0.852, 0.000, 0.148, 0.000, 0.000]
|  142|0.6842|0.5000|0.1604|0.6254| - [0.861, 0.000, 0.139, 0.000, 0.000]
|  143|0.9474|0.5000|0.1534|0.6018| - [0.861, 0.000, 0.139, 0.000, 0.000]
|  144|0.7632|0.5000|0.2497|0.5932| - [0.861, 0.000, 0.139, 0.000, 0.000]
|  145|0.9737|0.5000|0.2549|0.5926| - [0.866, 0.000, 0.134, 0.000, 0.000]
|  146|0.9737|0.5000|0.2510|0.5889| - [0.866, 0.000, 0.134, 0.000, 0.000]
|  147|0.9737|0.5000|0.2661|0.5884| - [0.869, 0.000, 0.131, 0.000, 0.000]
|  148|0.9474|0.5000|0.2616|0.5763| - [0.869, 0.000, 0.131, 0.000, 0.000]
|  149|0.9737|0.5000|0.2054|0.5671| - [0.877, 0.000, 0.123, 0.000, 0.000]
|  150|0.9737|0.5000|0.2466|0.5591| - [0.904, 0.000, 0.096, 0.000, 0.000]
|  151|0.9737|0.5000|0.2561|0.5589| - [0.904, 0.000, 0.096, 0.000, 0.000]
|  152|0.9211|0.5000|0.2226|0.5446| - [0.904, 0.000, 0.096, 0.000, 0.000]
|  153|0.8684|0.5000|0.2348|0.5317| - [0.904, 0.000, 0.096, 0.000, 0.000]
|  154|0.7632|0.5000|0.2561|0.5077| - [0.904, 0.000, 0.096, 0.000, 0.000]
|  155|0.9737|0.5000|0.1116|0.4541| - [0.913, 0.000, 0.087, 0.000, 0.000]
|  156|0.9737|0.5000|0.2443|0.4449| - [0.913, 0.000, 0.087, 0.000, 0.000]
|  157|0.9737|0.5000|0.2561|0.4403| - [0.913, 0.000, 0.087, 0.000, 0.000]
|  158|0.8684|0.5000|0.2673|0.4341| - [0.913, 0.000, 0.087, 0.000, 0.000]
|  159|0.5000|0.5000|0.0000|0.4260| - [0.913, 0.000, 0.087, 0.000, 0.000]
|  160|0.9737|0.5000|0.1116|0.4254| - [0.917, 0.000, 0.083, 0.000, 0.000]
|  161|0.9737|0.5000|0.1537|0.4250| - [0.917, 0.000, 0.083, 0.000, 0.000]
|  162|0.9737|0.5000|0.2561|0.4186| - [0.921, 0.000, 0.079, 0.000, 0.000]
|  163|0.9474|0.5000|0.2611|0.4171| - [0.921, 0.000, 0.079, 0.000, 0.000]
|  164|0.7105|0.5000|0.2539|0.4063| - [0.921, 0.000, 0.079, 0.000, 0.000]
|  165|0.5000|0.5000|0.0000|0.3989| - [0.921, 0.000, 0.079, 0.000, 0.000]
|  166|0.5526|0.5000|0.1537|0.4019| - [0.921, 0.000, 0.079, 0.000, 0.000]
|  167|0.5789|0.5000|0.1823|0.4010| - [0.921, 0.000, 0.079, 0.000, 0.000]
|  168|0.9737|0.5000|0.1116|0.3985| - [0.923, 0.000, 0.077, 0.000, 0.000]
|  169|0.8947|0.5000|0.2038|0.3975| - [0.923, 0.000, 0.077, 0.000, 0.000]
|  170|0.7895|0.5000|0.2469|0.3960| - [0.923, 0.000, 0.077, 0.000, 0.000]
|  171|0.7895|0.5000|0.2549|0.3978| - [0.923, 0.000, 0.077, 0.000, 0.000]
|  172|0.9737|0.5000|0.2510|0.3935| - [0.936, 0.000, 0.064, 0.000, 0.000]
|  173|0.8947|0.5000|0.2570|0.3829| - [0.936, 0.000, 0.064, 0.000, 0.000]
|  174|0.7368|0.5000|0.2497|0.3672| - [0.936, 0.000, 0.064, 0.000, 0.000]
|  175|0.5789|0.5000|0.1829|0.3501| - [0.936, 0.000, 0.064, 0.000, 0.000]
|  176|0.9737|0.5000|0.1116|0.3447| - [0.936, 0.000, 0.064, 0.000, 0.000]
|  177|0.9737|0.5000|0.1537|0.3449| - [0.936, 0.000, 0.064, 0.000, 0.000]
|  178|0.8684|0.5000|0.2202|0.3443| - [0.936, 0.000, 0.064, 0.000, 0.000]
|  179|0.6053|0.5000|0.1917|0.3295| - [0.936, 0.000, 0.064, 0.000, 0.000]
|  180|0.5263|0.5000|0.1116|0.3433| - [0.936, 0.000, 0.064, 0.000, 0.000]
|  181|0.5000|0.5000|0.0000|0.3432| - [0.936, 0.000, 0.064, 0.000, 0.000]
|  182|0.5000|0.5000|0.0000|0.3432| - [0.936, 0.000, 0.064, 0.000, 0.000]
|  183|0.5000|0.5000|0.0000|0.3432| - [0.936, 0.000, 0.064, 0.000, 0.000]
|  184|0.5000|0.5000|0.0000|0.3432| - [0.936, 0.000, 0.064, 0.000, 0.000]
|  185|0.5000|0.5000|0.0000|0.3432| - [0.936, 0.000, 0.064, 0.000, 0.000]
|  186|0.5263|0.5000|0.1116|0.3485| - [0.936, 0.000, 0.064, 0.000, 0.000]
|  187|0.5000|0.5000|0.0000|0.3432| - [0.936, 0.000, 0.064, 0.000, 0.000]
|  188|0.5000|0.5000|0.0000|0.3432| - [0.936, 0.000, 0.064, 0.000, 0.000]
|  189|0.5000|0.5000|0.0000|0.3432| - [0.936, 0.000, 0.064, 0.000, 0.000]
|  190|0.5000|0.5000|0.0000|0.3432| - [0.936, 0.000, 0.064, 0.000, 0.000]
|  191|0.5000|0.5000|0.0000|0.3432| - [0.936, 0.000, 0.064, 0.000, 0.000]
|  192|0.5000|0.5000|0.0000|0.3432| - [0.936, 0.000, 0.064, 0.000, 0.000]
|  193|0.5263|0.5000|0.1116|0.3440| - [0.936, 0.000, 0.064, 0.000, 0.000]
|  194|0.5000|0.5000|0.0000|0.3432| - [0.936, 0.000, 0.064, 0.000, 0.000]
|  195|0.5000|0.5000|0.0000|0.3432| - [0.936, 0.000, 0.064, 0.000, 0.000]
|  196|0.5000|0.5000|0.0000|0.3432| - [0.936, 0.000, 0.064, 0.000, 0.000]
|  197|0.5000|0.5000|0.0000|0.3432| - [0.936, 0.000, 0.064, 0.000, 0.000]
|  198|0.9737|0.5000|0.1116|0.3423| - [0.940, 0.000, 0.060, 0.000, 0.000]
|  199|0.8947|0.5000|0.2218|0.3387| - [0.940, 0.000, 0.060, 0.000, 0.000]
|  200|0.8947|0.5000|0.1718|0.3224| - [0.940, 0.000, 0.060, 0.000, 0.000]
|  201|0.9474|0.5000|0.2335|0.3140| - [0.957, 0.000, 0.043, 0.000, 0.000]
|  202|0.9211|0.5000|0.1366|0.2885| - [0.957, 0.000, 0.043, 0.000, 0.000]
|  203|0.7632|0.5000|0.1429|0.2250| - [0.957, 0.000, 0.043, 0.000, 0.000]
|  204|0.7105|0.5000|0.0981|0.1824| - [0.957, 0.000, 0.043, 0.000, 0.000]
|  205|0.5526|0.5000|0.1021|0.1819| - [0.957, 0.000, 0.043, 0.000, 0.000]
|  206|0.5000|0.5000|0.0000|0.2147| - [1.000, 0.000, 0.000, 0.000, 0.000]
|  207|0.5000|0.5000|0.0000|0.2416| - [1.000, 0.000, 0.000, 0.000, 0.000]
|  208|0.5263|0.5000|0.1116|0.2553| - [0.957, 0.000, 0.043, 0.000, 0.000]
|  209|0.5000|0.5000|0.0000|0.2550| - [0.957, 0.000, 0.043, 0.000, 0.000]
|  210|0.5000|0.5000|0.0000|0.2550| - [0.957, 0.000, 0.043, 0.000, 0.000]
|  211|0.5000|0.5000|0.0000|0.2550| - [0.957, 0.000, 0.043, 0.000, 0.000]
|  212|0.5000|0.5000|0.0000|0.2550| - [0.957, 0.000, 0.043, 0.000, 0.000]
|  213|0.5000|0.5000|0.0000|0.2550| - [0.957, 0.000, 0.043, 0.000, 0.000]
|  214|0.5000|0.5000|0.0000|0.2550| - [0.957, 0.000, 0.043, 0.000, 0.000]
|  215|0.5000|0.5000|0.0000|0.2550| - [0.957, 0.000, 0.043, 0.000, 0.000]
|  216|0.5000|0.5000|0.0000|0.2550| - [0.957, 0.000, 0.043, 0.000, 0.000]
|  217|0.5000|0.5000|0.0000|0.2550| - [0.957, 0.000, 0.043, 0.000, 0.000]
|  218|0.5000|0.5000|0.0000|0.2550| - [0.957, 0.000, 0.043, 0.000, 0.000]
|  219|0.5000|0.5000|0.0000|0.2550| - [0.957, 0.000, 0.043, 0.000, 0.000]
|  220|0.9737|0.5000|0.1116|0.2670| - [0.914, 0.016, 0.070, 0.000, 0.000]
|  221|0.9211|0.5000|0.1823|0.2911| - [0.914, 0.016, 0.070, 0.000, 0.000]
|  222|0.9474|0.5000|0.1534|0.2790| - [0.914, 0.016, 0.070, 0.000, 0.000]
|  223|0.7368|0.5000|0.2497|0.3753| - [0.914, 0.016, 0.070, 0.000, 0.000]
|  224|0.5263|0.5000|0.1116|0.4836| - [0.914, 0.016, 0.070, 0.000, 0.000]
|  225|0.5000|0.5000|0.0000|0.4835| - [0.914, 0.016, 0.070, 0.000, 0.000]
|  226|0.5000|0.5000|0.0000|0.4835| - [0.914, 0.016, 0.070, 0.000, 0.000]
|  227|0.9737|0.5000|0.1116|0.4800| - [0.931, 0.016, 0.053, 0.000, 0.000]
|  228|0.9211|0.5000|0.1823|0.4730| - [0.931, 0.016, 0.053, 0.000, 0.000]
|  229|0.6579|0.5000|0.2324|0.4381| - [0.931, 0.016, 0.053, 0.000, 0.000]
|  230|0.9737|0.5000|0.1829|0.4239| - [0.932, 0.016, 0.053, 0.000, 0.000]
|  231|0.9737|0.5000|0.2363|0.4150| - [0.935, 0.015, 0.049, 0.000, 0.000]
|  232|0.9737|0.5000|0.2647|0.4166| - [0.935, 0.015, 0.049, 0.000, 0.000]
|  233|0.9211|0.5000|0.2782|0.4109| - [0.935, 0.015, 0.049, 0.000, 0.000]
|  234|0.8947|0.5000|0.2666|0.4108| - [0.935, 0.015, 0.049, 0.000, 0.000]
|  235|0.8947|0.5000|0.2038|0.4095| - [0.935, 0.015, 0.049, 0.000, 0.000]
|  236|0.6579|0.5000|0.2324|0.4019| - [0.935, 0.015, 0.049, 0.000, 0.000]
|  237|0.5000|0.5000|0.0000|0.3969| - [0.935, 0.015, 0.049, 0.000, 0.000]
|  238|0.9737|0.5000|0.1116|0.3966| - [0.936, 0.015, 0.049, 0.000, 0.000]
|  239|0.9737|0.5000|0.1831|0.4082| - [0.936, 0.015, 0.049, 0.000, 0.000]
|  240|0.8421|0.5000|0.2324|0.3951| - [0.936, 0.015, 0.049, 0.000, 0.000]
|  241|0.9737|0.5000|0.2443|0.3922| - [0.940, 0.015, 0.045, 0.000, 0.000]
|  242|0.9737|0.5000|0.1537|0.3902| - [0.940, 0.015, 0.045, 0.000, 0.000]
|  243|0.9474|0.5000|0.1534|0.3897| - [0.940, 0.015, 0.045, 0.000, 0.000]
|  244|0.9737|0.5000|0.2049|0.3878| - [0.941, 0.014, 0.045, 0.000, 0.000]
|  245|0.8947|0.5000|0.2752|0.3797| - [0.941, 0.014, 0.045, 0.000, 0.000]
|  246|0.7105|0.5000|0.2561|0.3763| - [0.941, 0.014, 0.045, 0.000, 0.000]
|  247|0.5526|0.5000|0.1534|0.3714| - [0.941, 0.014, 0.045, 0.000, 0.000]
|  248|0.5000|0.5000|0.0000|0.3708| - [0.941, 0.014, 0.045, 0.000, 0.000]
|  249|0.5000|0.5000|0.0000|0.3708| - [0.941, 0.014, 0.045, 0.000, 0.000]
|  250|0.5000|0.5000|0.0000|0.3708| - [0.941, 0.014, 0.045, 0.000, 0.000]
|  251|0.9737|0.5000|0.1537|0.3566| - [0.985, 0.015, 0.000, 0.000, 0.000]
|  252|0.8421|0.5000|0.1988|0.3365| - [0.985, 0.015, 0.000, 0.000, 0.000]
|  253|0.6053|0.5000|0.2038|0.1648| - [0.985, 0.015, 0.000, 0.000, 0.000]
|  254|0.5000|0.5000|0.0000|0.1099| - [0.985, 0.015, 0.000, 0.000, 0.000]
|  255|0.5000|0.5000|0.0000|0.1099| - [0.985, 0.015, 0.000, 0.000, 0.000]
|  256|0.5263|0.5000|0.1116|0.1101| - [0.985, 0.015, 0.000, 0.000, 0.000]
|  257|0.5000|0.5000|0.0000|0.1099| - [0.985, 0.015, 0.000, 0.000, 0.000]
|  258|0.5000|0.5000|0.0000|0.1099| - [0.985, 0.015, 0.000, 0.000, 0.000]
|  259|0.5000|0.5000|0.0000|0.1333| - [0.871, 0.129, 0.000, 0.000, 0.000]
|  260|0.5000|0.5000|0.0000|0.1099| - [0.985, 0.015, 0.000, 0.000, 0.000]
|  261|0.9737|0.5000|0.1116|0.1097| - [0.986, 0.014, 0.000, 0.000, 0.000]
|  262|0.9737|0.5000|0.1537|0.1094| - [0.986, 0.014, 0.000, 0.000, 0.000]
|  263|0.7632|0.5000|0.2497|0.1079| - [0.986, 0.014, 0.000, 0.000, 0.000]
|  264|0.5263|0.5000|0.1056|0.1144| - [0.986, 0.014, 0.000, 0.000, 0.000]
|  265|0.5000|0.5000|0.0000|0.1396| - [0.986, 0.014, 0.000, 0.000, 0.000]
|  266|0.5000|0.5000|0.0000|0.1226| - [0.986, 0.014, 0.000, 0.000, 0.000]
|  267|0.5000|0.5000|0.0000|0.1057| - [0.986, 0.014, 0.000, 0.000, 0.000]
|  268|0.5000|0.5000|0.0000|0.1057| - [0.986, 0.014, 0.000, 0.000, 0.000]
|  269|0.5000|0.5000|0.0000|0.1057| - [0.986, 0.014, 0.000, 0.000, 0.000]
|  270|0.5000|0.5000|0.0000|0.1057| - [0.986, 0.014, 0.000, 0.000, 0.000]
|  271|0.5000|0.5000|0.0000|0.1057| - [0.986, 0.014, 0.000, 0.000, 0.000]
|  272|0.5263|0.5000|0.1116|0.1062| - [0.986, 0.014, 0.000, 0.000, 0.000]
|  273|0.9737|0.5000|0.1116|0.1056| - [0.986, 0.014, 0.000, 0.000, 0.000]
|  274|0.9737|0.5000|0.1537|0.1056| - [0.986, 0.014, 0.000, 0.000, 0.000]
|  275|0.9737|0.5000|0.1116|0.1056| - [0.986, 0.014, 0.000, 0.000, 0.000]
|  276|0.8947|0.5000|0.2038|0.1054| - [0.986, 0.014, 0.000, 0.000, 0.000]
|  277|0.8421|0.5000|0.2065|0.1138| - [0.986, 0.014, 0.000, 0.000, 0.000]
|  278|0.7632|0.5000|0.2651|0.1214| - [0.986, 0.014, 0.000, 0.000, 0.000]
|  279|0.6579|0.5000|0.2324|0.1048| - [0.986, 0.014, 0.000, 0.000, 0.000]
|  280|0.5000|0.5000|0.0000|0.1044| - [0.986, 0.014, 0.000, 0.000, 0.000]
|  281|0.5000|0.5000|0.0000|0.1044| - [0.986, 0.014, 0.000, 0.000, 0.000]
|  282|0.5000|0.5000|0.0000|0.1044| - [0.986, 0.014, 0.000, 0.000, 0.000]
|  283|0.5263|0.5000|0.1116|0.1044| - [0.986, 0.014, 0.000, 0.000, 0.000]
|  284|0.5000|0.5000|0.0000|0.1044| - [0.986, 0.014, 0.000, 0.000, 0.000]
|  285|0.5000|0.5000|0.0000|0.1044| - [0.986, 0.014, 0.000, 0.000, 0.000]
|  286|0.5000|0.5000|0.0000|0.1044| - [0.986, 0.014, 0.000, 0.000, 0.000]
|  287|0.5263|0.5000|0.1116|0.1047| - [0.986, 0.014, 0.000, 0.000, 0.000]
|  288|0.5000|0.5000|0.0000|0.1044| - [0.986, 0.014, 0.000, 0.000, 0.000]
|  289|0.5000|0.5000|0.0000|0.0989| - [0.986, 0.014, 0.000, 0.000, 0.000]
|  290|0.9737|0.5000|0.1116|0.1040| - [0.987, 0.013, 0.000, 0.000, 0.000]
|  291|0.9737|0.5000|0.1116|0.1040| - [0.987, 0.013, 0.000, 0.000, 0.000]
|  292|0.9737|0.5000|0.1116|0.1040| - [0.987, 0.013, 0.000, 0.000, 0.000]
|  293|0.8947|0.5000|0.2218|0.1108| - [0.987, 0.013, 0.000, 0.000, 0.000]
|  294|0.9737|0.5000|0.2466|0.1179| - [0.933, 0.054, 0.013, 0.000, 0.000]
|  295|0.9737|0.5000|0.2695|0.1314| - [0.933, 0.054, 0.013, 0.000, 0.000]
|  296|0.9737|0.5000|0.2695|0.1609| - [0.933, 0.054, 0.013, 0.000, 0.000]
|  297|0.9737|0.5000|0.2612|0.2570| - [0.933, 0.054, 0.013, 0.000, 0.000]
|  298|0.9737|0.5000|0.1831|0.3897| - [0.933, 0.054, 0.013, 0.000, 0.000]
|  299|0.9737|0.5000|0.1537|0.3976| - [0.945, 0.055, 0.000, 0.000, 0.000]
|  300|0.8421|0.5000|0.2443|0.3677| - [0.945, 0.055, 0.000, 0.000, 0.000]
|  301|0.7895|0.5000|0.2549|0.3577| - [0.945, 0.055, 0.000, 0.000, 0.000]
|  302|0.9737|0.5000|0.1116|0.3077| - [0.945, 0.055, 0.000, 0.000, 0.000]
|  303|0.8421|0.5000|0.2324|0.3073| - [0.945, 0.055, 0.000, 0.000, 0.000]
|  304|0.8421|0.5000|0.2324|0.3073| - [0.945, 0.055, 0.000, 0.000, 0.000]
|  305|0.9211|0.5000|0.1823|0.3075| - [0.945, 0.055, 0.000, 0.000, 0.000]
|  306|0.7632|0.5000|0.2497|0.3070| - [0.945, 0.055, 0.000, 0.000, 0.000]
|  307|0.6842|0.5000|0.2412|0.3067| - [0.945, 0.055, 0.000, 0.000, 0.000]
|  308|0.5000|0.5000|0.0000|0.3060| - [0.945, 0.055, 0.000, 0.000, 0.000]
|  309|0.5000|0.5000|0.0000|0.3060| - [0.945, 0.055, 0.000, 0.000, 0.000]
|  310|0.5000|0.5000|0.0000|0.2911| - [0.945, 0.055, 0.000, 0.000, 0.000]
|  311|0.5000|0.5000|0.0000|0.3060| - [0.945, 0.055, 0.000, 0.000, 0.000]
|  312|0.5000|0.5000|0.0000|0.3060| - [0.945, 0.055, 0.000, 0.000, 0.000]
|  313|0.5000|0.5000|0.0000|0.3060| - [0.945, 0.055, 0.000, 0.000, 0.000]
|  314|0.5263|0.5000|0.1116|0.3124| - [0.945, 0.055, 0.000, 0.000, 0.000]
|  315|0.5000|0.5000|0.0000|0.3060| - [0.945, 0.055, 0.000, 0.000, 0.000]
|  316|0.5000|0.5000|0.0000|0.3060| - [0.945, 0.055, 0.000, 0.000, 0.000]
|  317|0.5000|0.5000|0.0000|0.2990| - [0.945, 0.055, 0.000, 0.000, 0.000]
|  318|0.5000|0.5000|0.0000|0.2779| - [0.945, 0.055, 0.000, 0.000, 0.000]
|  319|0.5000|0.5000|0.0000|0.2638| - [0.974, 0.026, 0.000, 0.000, 0.000]
|  320|0.5000|0.5000|0.0000|0.2216| - [0.945, 0.055, 0.000, 0.000, 0.000]
|  321|0.5000|0.5000|0.0000|0.2287| - [0.974, 0.026, 0.000, 0.000, 0.000]
|  322|0.5000|0.5000|0.0000|0.2357| - [0.945, 0.055, 0.000, 0.000, 0.000]
|  323|0.8947|0.5000|0.0935|0.1933| - [0.975, 0.025, 0.000, 0.000, 0.000]
|  324|0.8947|0.5000|0.0935|0.1933| - [0.975, 0.025, 0.000, 0.000, 0.000]
|  325|0.8158|0.5000|0.1928|0.1856| - [0.975, 0.025, 0.000, 0.000, 0.000]
|  326|0.5526|0.5000|0.1192|0.1983| - [0.975, 0.025, 0.000, 0.000, 0.000]
|  327|0.5000|0.5000|0.0000|0.1980| - [0.975, 0.025, 0.000, 0.000, 0.000]
|  328|0.5000|0.5000|0.0000|0.2052| - [0.975, 0.025, 0.000, 0.000, 0.000]
|  329|0.5000|0.5000|0.0000|0.2399| - [0.945, 0.055, 0.000, 0.000, 0.000]
|  330|0.5000|0.5000|0.0000|0.2386| - [0.945, 0.055, 0.000, 0.000, 0.000]
|  331|0.7105|0.5000|0.0547|0.2170| - [0.934, 0.054, 0.000, 0.012, 0.000]
|  332|0.6053|0.5000|0.0566|0.2471| - [0.934, 0.054, 0.000, 0.012, 0.000]
|  333|0.6579|0.5000|0.1395|0.3006| - [0.945, 0.055, 0.000, 0.000, 0.000]
|  334|0.5789|0.5000|0.1451|0.3440| - [0.945, 0.055, 0.000, 0.000, 0.000]
|  335|0.5000|0.5000|0.0000|0.3060| - [0.945, 0.055, 0.000, 0.000, 0.000]
|  336|0.5263|0.5000|0.1116|0.3090| - [0.945, 0.055, 0.000, 0.000, 0.000]
|  337|0.5789|0.5000|0.1823|0.3148| - [0.945, 0.055, 0.000, 0.000, 0.000]
|  338|0.5000|0.5000|0.0000|0.3060| - [0.945, 0.055, 0.000, 0.000, 0.000]
|  339|0.9737|0.5000|0.1116|0.3053| - [0.949, 0.051, 0.000, 0.000, 0.000]
|  340|0.9737|0.5000|0.1116|0.3053| - [0.949, 0.051, 0.000, 0.000, 0.000]
|  341|0.9474|0.5000|0.1534|0.3046| - [0.949, 0.051, 0.000, 0.000, 0.000]
|  342|0.8158|0.5000|0.2412|0.3010| - [0.949, 0.051, 0.000, 0.000, 0.000]
|  343|0.6579|0.5000|0.2324|0.2966| - [0.949, 0.051, 0.000, 0.000, 0.000]
|  344|0.5263|0.5000|0.1116|0.2930| - [0.949, 0.051, 0.000, 0.000, 0.000]
|  345|0.5000|0.5000|0.0000|0.2923| - [0.949, 0.051, 0.000, 0.000, 0.000]
|  346|0.5000|0.5000|0.0000|0.2923| - [0.949, 0.051, 0.000, 0.000, 0.000]
|  347|0.5000|0.5000|0.0000|0.2923| - [0.949, 0.051, 0.000, 0.000, 0.000]
|  348|0.5000|0.5000|0.0000|0.2923| - [0.949, 0.051, 0.000, 0.000, 0.000]
|  349|0.5000|0.5000|0.0000|0.2923| - [0.949, 0.051, 0.000, 0.000, 0.000]
|  350|0.5263|0.5000|0.1116|0.2929| - [0.949, 0.051, 0.000, 0.000, 0.000]
|  351|0.5000|0.5000|0.0000|0.2828| - [0.949, 0.051, 0.000, 0.000, 0.000]
|  352|0.5000|0.5000|0.0000|0.2542| - [0.985, 0.015, 0.000, 0.000, 0.000]
|  353|0.8947|0.5000|0.0939|0.2616| - [0.972, 0.028, 0.000, 0.000, 0.000]
|  354|0.9737|0.5000|0.1116|0.2865| - [0.972, 0.028, 0.000, 0.000, 0.000]
|  355|0.9737|0.5000|0.1116|0.2865| - [0.972, 0.028, 0.000, 0.000, 0.000]
|  356|0.9737|0.5000|0.1116|0.2865| - [0.972, 0.028, 0.000, 0.000, 0.000]
|  357|0.8684|0.5000|0.2202|0.2633| - [0.972, 0.028, 0.000, 0.000, 0.000]
|  358|0.7105|0.5000|0.2510|0.2231| - [0.972, 0.028, 0.000, 0.000, 0.000]
|  359|0.9737|0.5000|0.1829|0.1935| - [0.973, 0.027, 0.000, 0.000, 0.000]
|  360|0.9737|0.5000|0.1116|0.1819| - [0.973, 0.027, 0.000, 0.000, 0.000]
|  361|0.9737|0.5000|0.1116|0.1819| - [0.973, 0.027, 0.000, 0.000, 0.000]
|  362|0.8947|0.5000|0.2038|0.1818| - [0.973, 0.027, 0.000, 0.000, 0.000]
|  363|0.8421|0.5000|0.2324|0.1818| - [0.973, 0.027, 0.000, 0.000, 0.000]
|  364|0.8158|0.5000|0.2412|0.1818| - [0.973, 0.027, 0.000, 0.000, 0.000]
|  365|0.5263|0.5000|0.1116|0.1815| - [0.973, 0.027, 0.000, 0.000, 0.000]
|  366|0.5000|0.5000|0.0000|0.1888| - [0.942, 0.058, 0.000, 0.000, 0.000]
|  367|0.5000|0.5000|0.0000|0.1815| - [0.973, 0.027, 0.000, 0.000, 0.000]
|  368|0.5000|0.5000|0.0000|0.1815| - [0.973, 0.027, 0.000, 0.000, 0.000]
|  369|0.5263|0.5000|0.1116|0.1894| - [0.973, 0.027, 0.000, 0.000, 0.000]
|  370|0.5000|0.5000|0.0000|0.1815| - [0.973, 0.027, 0.000, 0.000, 0.000]
|  371|0.9737|0.5000|0.1537|0.1833| - [0.974, 0.026, 0.000, 0.000, 0.000]
|  372|0.9737|0.5000|0.1116|0.1811| - [0.974, 0.026, 0.000, 0.000, 0.000]
|  373|0.9211|0.5000|0.1823|0.1803| - [0.974, 0.026, 0.000, 0.000, 0.000]
|  374|0.7895|0.5000|0.2469|0.1784| - [0.974, 0.026, 0.000, 0.000, 0.000]
|  375|0.5000|0.5000|0.0000|0.1649| - [1.000, 0.000, 0.000, 0.000, 0.000]
|  376|0.5000|0.5000|0.0000|0.1741| - [0.974, 0.026, 0.000, 0.000, 0.000]
|  377|0.5000|0.5000|0.0000|0.1860| - [0.974, 0.026, 0.000, 0.000, 0.000]
|  378|0.5000|0.5000|0.0000|0.1741| - [0.974, 0.026, 0.000, 0.000, 0.000]
|  379|0.5000|0.5000|0.0000|0.1741| - [0.974, 0.026, 0.000, 0.000, 0.000]
|  380|0.5263|0.5000|0.1116|0.1780| - [0.974, 0.026, 0.000, 0.000, 0.000]
|  381|0.5000|0.5000|0.0000|0.1741| - [0.974, 0.026, 0.000, 0.000, 0.000]
|  382|0.5000|0.5000|0.0000|0.1741| - [0.974, 0.026, 0.000, 0.000, 0.000]
|  383|0.9737|0.5000|0.1116|0.1737| - [0.975, 0.025, 0.000, 0.000, 0.000]
|  384|0.9737|0.5000|0.1116|0.1737| - [0.975, 0.025, 0.000, 0.000, 0.000]
|  385|0.7895|0.5000|0.2549|0.1708| - [0.975, 0.025, 0.000, 0.000, 0.000]
|  386|0.5789|0.5000|0.1718|0.1771| - [0.975, 0.025, 0.000, 0.000, 0.000]
|  387|0.5000|0.5000|0.0000|0.1671| - [0.975, 0.025, 0.000, 0.000, 0.000]
|  388|0.5000|0.5000|0.0000|0.1671| - [0.975, 0.025, 0.000, 0.000, 0.000]
|  389|0.5000|0.5000|0.0000|0.1671| - [0.975, 0.025, 0.000, 0.000, 0.000]
|  390|0.5000|0.5000|0.0000|0.1671| - [0.975, 0.025, 0.000, 0.000, 0.000]
|  391|0.5000|0.5000|0.0000|0.1583| - [1.000, 0.000, 0.000, 0.000, 0.000]
|  392|0.5000|0.5000|0.0000|0.1671| - [0.975, 0.025, 0.000, 0.000, 0.000]
|  393|0.5000|0.5000|0.0000|0.1671| - [0.975, 0.025, 0.000, 0.000, 0.000]
|  394|0.5000|0.5000|0.0000|0.1671| - [0.975, 0.025, 0.000, 0.000, 0.000]
|  395|0.5000|0.5000|0.0000|0.1671| - [0.975, 0.025, 0.000, 0.000, 0.000]
|  396|0.5000|0.5000|0.0000|0.1671| - [0.975, 0.025, 0.000, 0.000, 0.000]
|  397|0.9737|0.5000|0.1116|0.1667| - [0.977, 0.023, 0.000, 0.000, 0.000]
|  398|0.9474|0.5000|0.1056|0.1579| - [0.977, 0.023, 0.000, 0.000, 0.000]
|  399|0.8158|0.5000|0.2173|0.1726| - [0.977, 0.023, 0.000, 0.000, 0.000]
|  400|0.5263|0.5000|0.1116|0.1594| - [0.977, 0.023, 0.000, 0.000, 0.000]
|  401|0.5000|0.5000|0.0000|0.1692| - [0.933, 0.067, 0.000, 0.000, 0.000]
|  402|0.5000|0.5000|0.0000|0.1692| - [0.977, 0.023, 0.000, 0.000, 0.000]
|  403|0.5000|0.5000|0.0000|0.1589| - [0.977, 0.023, 0.000, 0.000, 0.000]
|  404|0.5000|0.5000|0.0000|0.1506| - [1.000, 0.000, 0.000, 0.000, 0.000]
|  405|0.5000|0.5000|0.0000|0.1589| - [0.977, 0.023, 0.000, 0.000, 0.000]
|  406|0.5000|0.5000|0.0000|0.1589| - [0.977, 0.023, 0.000, 0.000, 0.000]
|  407|0.5000|0.5000|0.0000|0.1589| - [0.977, 0.023, 0.000, 0.000, 0.000]
|  408|0.9737|0.5000|0.1116|0.1584| - [0.979, 0.021, 0.000, 0.000, 0.000]
|  409|0.7368|0.5000|0.2497|0.1538| - [0.979, 0.021, 0.000, 0.000, 0.000]
|  410|0.5789|0.5000|0.1718|0.1428| - [0.979, 0.021, 0.000, 0.000, 0.000]
|  411|0.5000|0.5000|0.0000|0.1491| - [0.979, 0.021, 0.000, 0.000, 0.000]
|  412|0.5000|0.5000|0.0000|0.1491| - [0.979, 0.021, 0.000, 0.000, 0.000]
|  413|0.5000|0.5000|0.0000|0.1413| - [0.979, 0.021, 0.000, 0.000, 0.000]
|  414|0.5000|0.5000|0.0000|0.1491| - [0.979, 0.021, 0.000, 0.000, 0.000]
|  415|0.5000|0.5000|0.0000|0.1491| - [0.979, 0.021, 0.000, 0.000, 0.000]
|  416|0.5000|0.5000|0.0000|0.1595| - [0.979, 0.021, 0.000, 0.000, 0.000]
|  417|0.5000|0.5000|0.0000|0.1595| - [0.979, 0.021, 0.000, 0.000, 0.000]
|  418|0.5000|0.5000|0.0000|0.1804| - [0.979, 0.021, 0.000, 0.000, 0.000]
|  419|0.7105|0.5000|0.0862|0.2311| - [0.899, 0.063, 0.038, 0.000, 0.000]
|  420|0.8158|0.5000|0.0768|0.2025| - [0.899, 0.063, 0.038, 0.000, 0.000]
|  421|0.7632|0.5000|0.0688|0.2114| - [0.899, 0.063, 0.038, 0.000, 0.000]
|  422|0.5526|0.5000|0.0505|0.2737| - [0.942, 0.058, 0.000, 0.000, 0.000]
|  423|0.5526|0.5000|0.0778|0.3005| - [0.942, 0.058, 0.000, 0.000, 0.000]
|  424|0.5789|0.5000|0.0754|0.2780| - [0.942, 0.058, 0.000, 0.000, 0.000]
|  425|0.5526|0.5000|0.0778|0.3005| - [0.942, 0.058, 0.000, 0.000, 0.000]
|  426|0.5263|0.5000|0.0610|0.2898| - [0.942, 0.058, 0.000, 0.000, 0.000]
|  427|0.7105|0.5000|0.0724|0.3068| - [0.960, 0.021, 0.000, 0.000, 0.019]
|  428|0.8684|0.5000|0.0883|0.2991| - [0.960, 0.021, 0.000, 0.000, 0.019]
|  429|0.8158|0.5000|0.2112|0.2986| - [0.960, 0.021, 0.000, 0.000, 0.019]
|  430|0.7105|0.5000|0.1638|0.2940| - [0.979, 0.021, 0.000, 0.000, 0.000]
|  431|0.8684|0.5000|0.2213|0.2788| - [0.964, 0.017, 0.000, 0.000, 0.019]
|  432|0.8684|0.5000|0.2231|0.2575| - [0.979, 0.021, 0.000, 0.000, 0.000]
|  433|0.9474|0.5000|0.2053|0.2550| - [0.979, 0.021, 0.000, 0.000, 0.000]
|  434|0.9474|0.5000|0.2587|0.2204| - [0.979, 0.021, 0.000, 0.000, 0.000]
|  435|0.9474|0.5000|0.2398|0.2059| - [0.979, 0.021, 0.000, 0.000, 0.000]
|  436|0.9211|0.5000|0.2633|0.1841| - [0.979, 0.021, 0.000, 0.000, 0.000]
|  437|0.7632|0.5000|0.2497|0.1486| - [0.979, 0.021, 0.000, 0.000, 0.000]
|  438|0.8158|0.5000|0.2173|0.1440| - [0.979, 0.021, 0.000, 0.000, 0.000]
|  439|0.9211|0.5000|0.2119|0.1386| - [0.980, 0.020, 0.000, 0.000, 0.000]
|  440|0.7368|0.5000|0.0887|0.0988| - [0.980, 0.020, 0.000, 0.000, 0.000]
|  441|0.6579|0.5000|0.0573|0.0815| - [0.980, 0.020, 0.000, 0.000, 0.000]
|  442|0.5526|0.5000|0.0148|0.0381| - [0.980, 0.020, 0.000, 0.000, 0.000]
|  443|0.5000|0.5000|0.0000|0.0316| - [0.993, 0.007, 0.000, 0.000, 0.000]
|  444|0.5263|0.5000|0.0121|0.0198| - [0.993, 0.007, 0.000, 0.000, 0.000]
|  445|0.7105|0.5000|0.0610|0.0263| - [0.982, 0.007, 0.000, 0.012, 0.000]
|  446|0.6842|0.5000|0.1152|0.0773| - [0.993, 0.007, 0.000, 0.000, 0.000]
|  447|0.7105|0.5000|0.1411|0.0732| - [0.993, 0.007, 0.000, 0.000, 0.000]
|  448|0.8158|0.5000|0.2686|0.1033| - [0.993, 0.007, 0.000, 0.000, 0.000]
|  449|0.6842|0.5000|0.2464|0.0769| - [0.993, 0.007, 0.000, 0.000, 0.000]
|  450|0.5263|0.5000|0.1116|0.0595| - [0.993, 0.007, 0.000, 0.000, 0.000]
|  451|0.9474|0.5000|0.1056|0.0623| - [0.994, 0.006, 0.000, 0.000, 0.000]
|  452|0.8947|0.5000|0.1811|0.0634| - [0.994, 0.006, 0.000, 0.000, 0.000]
|  453|0.7632|0.5000|0.0854|0.0947| - [0.994, 0.006, 0.000, 0.000, 0.000]
|  454|0.6053|0.5000|0.0270|0.1248| - [0.994, 0.006, 0.000, 0.000, 0.000]
|  455|0.6842|0.5000|0.0452|0.1097| - [0.994, 0.006, 0.000, 0.000, 0.000]
|  456|0.8421|0.5000|0.0858|0.0797| - [0.994, 0.006, 0.000, 0.000, 0.000]
|  457|0.8947|0.5000|0.0935|0.0694| - [0.994, 0.006, 0.000, 0.000, 0.000]
|  458|0.9211|0.5000|0.0996|0.0644| - [0.994, 0.006, 0.000, 0.000, 0.000]
|  459|0.8158|0.5000|0.0754|0.0766| - [0.994, 0.006, 0.000, 0.000, 0.000]
|  460|0.9211|0.5000|0.0996|0.0486| - [0.994, 0.006, 0.000, 0.000, 0.000]
|  461|0.9474|0.5000|0.1056|0.0515| - [0.994, 0.006, 0.000, 0.000, 0.000]
|  462|0.9737|0.5000|0.1116|0.0543| - [0.994, 0.006, 0.000, 0.000, 0.000]
|  463|0.9737|0.5000|0.1831|0.0566| - [0.994, 0.006, 0.000, 0.000, 0.000]
|  464|0.9737|0.5000|0.1116|0.0543| - [0.994, 0.006, 0.000, 0.000, 0.000]
|  465|0.9474|0.5000|0.1451|0.0729| - [0.994, 0.006, 0.000, 0.000, 0.000]
|  466|0.9737|0.5000|0.1116|0.0541| - [0.994, 0.006, 0.000, 0.000, 0.000]
|  467|0.9737|0.5000|0.1116|0.0541| - [0.994, 0.006, 0.000, 0.000, 0.000]
|  468|0.9211|0.5000|0.2049|0.0536| - [0.994, 0.006, 0.000, 0.000, 0.000]
|  469|0.6842|0.5000|0.2083|0.0599| - [0.994, 0.006, 0.000, 0.000, 0.000]
|  470|0.6053|0.5000|0.1429|0.0776| - [0.994, 0.006, 0.000, 0.000, 0.000]
|  471|0.5000|0.5000|0.0000|0.1079| - [0.958, 0.042, 0.000, 0.000, 0.000]
|  472|0.5000|0.5000|0.0000|0.1184| - [0.994, 0.006, 0.000, 0.000, 0.000]
|  473|0.5000|0.5000|0.0000|0.1175| - [0.980, 0.020, 0.000, 0.000, 0.000]
|  474|0.5000|0.5000|0.0000|0.1441| - [0.994, 0.006, 0.000, 0.000, 0.000]
|  475|0.5000|0.5000|0.0000|0.1289| - [0.994, 0.006, 0.000, 0.000, 0.000]
|  476|0.5000|0.5000|0.0000|0.1241| - [0.994, 0.006, 0.000, 0.000, 0.000]
|  477|0.5000|0.5000|0.0000|0.1110| - [0.994, 0.006, 0.000, 0.000, 0.000]
|  478|0.5000|0.5000|0.0000|0.1555| - [0.994, 0.006, 0.000, 0.000, 0.000]
|  479|0.5000|0.5000|0.0000|0.1633| - [0.958, 0.042, 0.000, 0.000, 0.000]
|  480|0.5000|0.5000|0.0000|0.1998| - [1.000, 0.000, 0.000, 0.000, 0.000]
|  481|0.5000|0.5000|0.0000|0.1998| - [0.958, 0.042, 0.000, 0.000, 0.000]
|  482|0.5000|0.5000|0.0000|0.1368| - [1.000, 0.000, 0.000, 0.000, 0.000]
|  483|0.5000|0.5000|0.0000|0.0421| - [1.000, 0.000, 0.000, 0.000, 0.000]
|  484|0.5000|0.5000|0.0000|0.0316| - [1.000, 0.000, 0.000, 0.000, 0.000]
|  485|0.5263|0.5000|0.0085|0.0054| - [0.994, 0.006, 0.000, 0.000, 0.000]
|  486|0.5526|0.5000|0.0148|0.0082| - [0.994, 0.006, 0.000, 0.000, 0.000]
|  487|0.5526|0.5000|0.0148|0.0082| - [0.994, 0.006, 0.000, 0.000, 0.000]
|  488|0.5000|0.5000|0.0000|0.0027| - [1.000, 0.000, 0.000, 0.000, 0.000]
|  489|0.5000|0.5000|0.0000|0.0214| - [1.000, 0.000, 0.000, 0.000, 0.000]
|  490|0.5000|0.5000|0.0000|0.0107| - [1.000, 0.000, 0.000, 0.000, 0.000]
|  491|0.5000|0.5000|0.0000|0.0053| - [0.994, 0.006, 0.000, 0.000, 0.000]
|  492|0.5000|0.5000|0.0000|0.0027| - [1.000, 0.000, 0.000, 0.000, 0.000]
|  493|0.5263|0.5000|0.0085|0.0057| - [0.994, 0.006, 0.000, 0.000, 0.000]
|  494|0.5000|0.5000|0.0000|0.0027| - [1.000, 0.000, 0.000, 0.000, 0.000]
|  495|0.5000|0.5000|0.0000|0.0105| - [1.000, 0.000, 0.000, 0.000, 0.000]
|  496|0.5000|0.5000|0.0000|0.0027| - [1.000, 0.000, 0.000, 0.000, 0.000]
|  497|0.5000|0.5000|0.0000|0.0199| - [1.000, 0.000, 0.000, 0.000, 0.000]
|  498|0.5000|0.5000|0.0000|0.0545| - [1.000, 0.000, 0.000, 0.000, 0.000]
|  499|0.5263|0.5000|0.0085|0.0101| - [0.994, 0.006, 0.000, 0.000, 0.000]
|  500|0.5000|0.5000|0.0000|0.0027| - [1.000, 0.000, 0.000, 0.000, 0.000]
|  501|0.5000|0.5000|0.0000|0.0053| - [1.000, 0.000, 0.000, 0.000, 0.000]
|  502|0.5000|0.5000|0.0000|0.0107| - [1.000, 0.000, 0.000, 0.000, 0.000]
|  503|0.5000|0.5000|0.0000|0.0187| - [1.000, 0.000, 0.000, 0.000, 0.000]
|  504|0.5000|0.5000|0.0000|0.0241| - [1.000, 0.000, 0.000, 0.000, 0.000]
|  505|0.5000|0.5000|0.0000|0.0053| - [1.000, 0.000, 0.000, 0.000, 0.000]
|  506|0.5000|0.5000|0.0000|0.0080| - [1.000, 0.000, 0.000, 0.000, 0.000]
|  507|0.5000|0.5000|0.0000|0.0134| - [1.000, 0.000, 0.000, 0.000, 0.000]
|  508|0.5000|0.5000|0.0000|0.0134| - [1.000, 0.000, 0.000, 0.000, 0.000]
|  509|0.5000|0.5000|0.0000|0.0214| - [0.994, 0.006, 0.000, 0.000, 0.000]
|  510|0.5000|0.5000|0.0000|0.0241| - [0.994, 0.006, 0.000, 0.000, 0.000]
|  511|0.5000|0.5000|0.0000|0.0321| - [1.000, 0.000, 0.000, 0.000, 0.000]
|  512|0.7105|0.5000|0.0547|0.0289| - [0.953, 0.005, 0.041, 0.000, 0.000]
|  513|0.5526|0.5000|0.0283|0.0370| - [0.953, 0.005, 0.041, 0.000, 0.000]
|  514|0.5263|0.5000|0.0547|0.0503| - [0.994, 0.006, 0.000, 0.000, 0.000]
|  515|0.5000|0.5000|0.0000|0.0374| - [1.000, 0.000, 0.000, 0.000, 0.000]
|  516|0.5000|0.5000|0.0000|0.0401| - [1.000, 0.000, 0.000, 0.000, 0.000]
|  517|0.5000|0.5000|0.0000|0.0770| - [1.000, 0.000, 0.000, 0.000, 0.000]
|  518|0.5000|0.5000|0.0000|0.0481| - [0.994, 0.006, 0.000, 0.000, 0.000]
|  519|0.9211|0.5000|0.0996|0.0454| - [0.994, 0.006, 0.000, 0.000, 0.000]
|  520|0.6842|0.5000|0.1581|0.0371| - [0.994, 0.006, 0.000, 0.000, 0.000]
|  521|0.5000|0.5000|0.0000|0.0446| - [1.000, 0.000, 0.000, 0.000, 0.000]
|  522|0.5000|0.5000|0.0000|0.0341| - [1.000, 0.000, 0.000, 0.000, 0.000]
|  523|0.5000|0.5000|0.0000|0.0569| - [0.994, 0.006, 0.000, 0.000, 0.000]
|  524|0.5000|0.5000|0.0000|0.0367| - [0.994, 0.006, 0.000, 0.000, 0.000]
|  525|0.5000|0.5000|0.0000|0.0315| - [1.000, 0.000, 0.000, 0.000, 0.000]
|  526|0.6053|0.5000|0.0566|0.0349| - [0.986, 0.006, 0.000, 0.009, 0.000]
|  527|0.6842|0.5000|0.1645|0.0587| - [0.994, 0.006, 0.000, 0.000, 0.000]
|  528|0.6316|0.5000|0.1161|0.0701| - [0.994, 0.006, 0.000, 0.000, 0.000]
|  529|0.6842|0.5000|0.1943|0.0707| - [0.994, 0.006, 0.000, 0.000, 0.000]
|  530|0.9737|0.5000|0.1831|0.0552| - [0.994, 0.006, 0.000, 0.000, 0.000]
|  531|0.7368|0.5000|0.2497|0.0495| - [0.994, 0.006, 0.000, 0.000, 0.000]
|  532|0.5000|0.5000|0.0000|0.0492| - [0.994, 0.006, 0.000, 0.000, 0.000]
|  533|0.5000|0.5000|0.0000|0.0492| - [0.994, 0.006, 0.000, 0.000, 0.000]
|  534|0.5000|0.5000|0.0000|0.0492| - [0.994, 0.006, 0.000, 0.000, 0.000]
|  535|0.5000|0.5000|0.0000|0.0440| - [0.994, 0.006, 0.000, 0.000, 0.000]
|  536|0.5000|0.5000|0.0000|0.0492| - [0.994, 0.006, 0.000, 0.000, 0.000]
|  537|0.5000|0.5000|0.0000|0.0492| - [0.994, 0.006, 0.000, 0.000, 0.000]
|  538|0.5000|0.5000|0.0000|0.0492| - [0.994, 0.006, 0.000, 0.000, 0.000]
|  539|0.5000|0.5000|0.0000|0.0466| - [0.994, 0.006, 0.000, 0.000, 0.000]
|  540|0.5000|0.5000|0.0000|0.0712| - [0.994, 0.006, 0.000, 0.000, 0.000]
|  541|0.5000|0.5000|0.0000|0.0492| - [0.994, 0.006, 0.000, 0.000, 0.000]
|  542|0.5000|0.5000|0.0000|0.0492| - [0.994, 0.006, 0.000, 0.000, 0.000]
|  543|0.5000|0.5000|0.0000|0.0492| - [0.994, 0.006, 0.000, 0.000, 0.000]
|  544|0.9737|0.5000|0.1116|0.0491| - [0.995, 0.005, 0.000, 0.000, 0.000]
|  545|0.9474|0.5000|0.1928|0.0461| - [0.995, 0.005, 0.000, 0.000, 0.000]
|  546|0.9737|0.5000|0.1116|0.0491| - [0.995, 0.005, 0.000, 0.000, 0.000]
|  547|0.9737|0.5000|0.1116|0.0491| - [0.995, 0.005, 0.000, 0.000, 0.000]
|  548|0.9737|0.5000|0.1829|0.0488| - [0.995, 0.005, 0.000, 0.000, 0.000]
|  549|0.9737|0.5000|0.2218|0.0486| - [0.995, 0.005, 0.000, 0.000, 0.000]
|  550|0.9737|0.5000|0.2612|0.0534| - [0.995, 0.005, 0.000, 0.000, 0.000]
|  551|0.9737|0.5000|0.2549|0.0481| - [0.995, 0.005, 0.000, 0.000, 0.000]
|  552|0.9737|0.5000|0.2588|0.0481| - [0.995, 0.005, 0.000, 0.000, 0.000]
|  553|0.9737|0.5000|0.2680|0.0474| - [0.995, 0.005, 0.000, 0.000, 0.000]
|  554|0.9474|0.5000|0.1905|0.0774| - [0.995, 0.005, 0.000, 0.000, 0.000]
|  555|0.8158|0.5000|0.2751|0.0457| - [0.995, 0.005, 0.000, 0.000, 0.000]
|  556|0.6316|0.5000|0.2091|0.0420| - [0.995, 0.005, 0.000, 0.000, 0.000]
|  557|0.5000|0.5000|0.0000|0.0345| - [1.000, 0.000, 0.000, 0.000, 0.000]
|  558|0.5000|0.5000|0.0000|0.0253| - [1.000, 0.000, 0.000, 0.000, 0.000]
|  559|0.5000|0.5000|0.0000|0.0253| - [0.995, 0.005, 0.000, 0.000, 0.000]
|  560|0.5000|0.5000|0.0000|0.0299| - [0.995, 0.005, 0.000, 0.000, 0.000]
|  561|0.5526|0.5000|0.0573|0.0249| - [0.995, 0.005, 0.000, 0.000, 0.000]
|  562|0.6053|0.5000|0.0943|0.0351| - [0.995, 0.005, 0.000, 0.000, 0.000]
|  563|0.5526|0.5000|0.0505|0.0290| - [0.995, 0.005, 0.000, 0.000, 0.000]
|  564|0.5526|0.5000|0.0566|0.0313| - [0.995, 0.005, 0.000, 0.000, 0.000]
|  565|0.5263|0.5000|0.0547|0.0340| - [0.995, 0.005, 0.000, 0.000, 0.000]
|  566|0.5000|0.5000|0.0000|0.0253| - [1.000, 0.000, 0.000, 0.000, 0.000]
|  567|0.5000|0.5000|0.0000|0.0184| - [1.000, 0.000, 0.000, 0.000, 0.000]
|  568|0.5000|0.5000|0.0000|0.0092| - [1.000, 0.000, 0.000, 0.000, 0.000]
|  569|0.5000|0.5000|0.0000|0.0046| - [1.000, 0.000, 0.000, 0.000, 0.000]
|  570|0.5000|0.5000|0.0000|0.0092| - [1.000, 0.000, 0.000, 0.000, 0.000]
|  571|0.5000|0.5000|0.0000|0.0418| - [1.000, 0.000, 0.000, 0.000, 0.000]
|  572|0.5000|0.5000|0.0000|0.0253| - [0.995, 0.005, 0.000, 0.000, 0.000]
|  573|0.5000|0.5000|0.0000|0.0161| - [1.000, 0.000, 0.000, 0.000, 0.000]
|  574|0.5000|0.5000|0.0000|0.0207| - [1.000, 0.000, 0.000, 0.000, 0.000]
|  575|0.5000|0.5000|0.0000|0.0184| - [0.995, 0.005, 0.000, 0.000, 0.000]
|  576|0.5000|0.5000|0.0000|0.0322| - [0.995, 0.005, 0.000, 0.000, 0.000]
|  577|0.5000|0.5000|0.0000|0.0391| - [0.995, 0.005, 0.000, 0.000, 0.000]
|  578|0.5000|0.5000|0.0000|0.0437| - [0.995, 0.005, 0.000, 0.000, 0.000]
|  579|0.9737|0.5000|0.1116|0.0436| - [0.995, 0.005, 0.000, 0.000, 0.000]
|  580|0.9474|0.5000|0.1829|0.0436| - [0.995, 0.005, 0.000, 0.000, 0.000]
|  581|0.9474|0.5000|0.1056|0.0620| - [0.995, 0.005, 0.000, 0.000, 0.000]
|  582|0.8947|0.5000|0.2038|0.0435| - [0.995, 0.005, 0.000, 0.000, 0.000]
|  583|0.7895|0.5000|0.2469|0.0434| - [0.995, 0.005, 0.000, 0.000, 0.000]
|  584|0.6579|0.5000|0.2324|0.0433| - [0.995, 0.005, 0.000, 0.000, 0.000]
|  585|0.5000|0.5000|0.0000|0.0431| - [0.995, 0.005, 0.000, 0.000, 0.000]
|  586|0.5000|0.5000|0.0000|0.0431| - [0.995, 0.005, 0.000, 0.000, 0.000]
|  587|0.5263|0.5000|0.1056|0.0553| - [0.995, 0.005, 0.000, 0.000, 0.000]
|  588|0.5000|0.5000|0.0000|0.1037| - [0.995, 0.005, 0.000, 0.000, 0.000]
|  589|0.5000|0.5000|0.0000|0.0674| - [0.953, 0.047, 0.000, 0.000, 0.000]
|  590|0.5000|0.5000|0.0000|0.0643| - [0.995, 0.005, 0.000, 0.000, 0.000]
|  591|0.5000|0.5000|0.0000|0.0855| - [0.995, 0.005, 0.000, 0.000, 0.000]
|  592|0.5000|0.5000|0.0000|0.0855| - [0.995, 0.005, 0.000, 0.000, 0.000]
|  593|0.7895|0.5000|0.0694|0.1794| - [0.995, 0.005, 0.000, 0.000, 0.000]
|  594|0.8421|0.5000|0.1192|0.1278| - [0.995, 0.005, 0.000, 0.000, 0.000]
|  595|0.8158|0.5000|0.0754|0.1702| - [0.995, 0.005, 0.000, 0.000, 0.000]
|  596|0.8158|0.5000|0.0754|0.1702| - [0.995, 0.005, 0.000, 0.000, 0.000]
|  597|0.7895|0.5000|0.1572|0.1299| - [0.995, 0.005, 0.000, 0.000, 0.000]
|  598|0.6579|0.5000|0.1289|0.2048| - [0.860, 0.088, 0.052, 0.000, 0.000]
|  599|0.6053|0.5000|0.0920|0.2265| - [0.860, 0.088, 0.052, 0.000, 0.000]
|  600|0.5526|0.5000|0.0778|0.3683| - [0.907, 0.093, 0.000, 0.000, 0.000]
|  601|0.7368|0.5000|0.0573|0.2549| - [0.908, 0.092, 0.000, 0.000, 0.000]
|  602|0.5526|0.5000|0.0331|0.1477| - [0.908, 0.092, 0.000, 0.000, 0.000]
|  603|0.5526|0.5000|0.0505|0.1899| - [0.908, 0.092, 0.000, 0.000, 0.000]
|  604|0.5000|0.5000|0.0000|0.0631| - [0.995, 0.005, 0.000, 0.000, 0.000]
|  605|0.5000|0.5000|0.0000|0.0819| - [0.908, 0.092, 0.000, 0.000, 0.000]
|  606|0.5000|0.5000|0.0000|0.0797| - [1.000, 0.000, 0.000, 0.000, 0.000]
|  607|0.5263|0.5000|0.0656|0.0594| - [0.995, 0.005, 0.000, 0.000, 0.000]
|  608|0.5263|0.5000|0.0996|0.0378| - [0.995, 0.005, 0.000, 0.000, 0.000]
|  609|0.5000|0.5000|0.0000|0.0420| - [0.995, 0.005, 0.000, 0.000, 0.000]
|  610|0.9737|0.5000|0.1116|0.0419| - [0.996, 0.004, 0.000, 0.000, 0.000]
|  611|0.9474|0.5000|0.1534|0.0418| - [0.996, 0.004, 0.000, 0.000, 0.000]
|  612|0.8158|0.5000|0.2412|0.0414| - [0.996, 0.004, 0.000, 0.000, 0.000]
|  613|0.7632|0.5000|0.2497|0.0412| - [0.996, 0.004, 0.000, 0.000, 0.000]
|  614|0.9474|0.5000|0.2083|0.0385| - [0.996, 0.004, 0.000, 0.000, 0.000]
|  615|0.9737|0.5000|0.1116|0.0403| - [0.996, 0.004, 0.000, 0.000, 0.000]
|  616|0.9737|0.5000|0.1116|0.0403| - [0.996, 0.004, 0.000, 0.000, 0.000]
|  617|0.8421|0.5000|0.2065|0.0496| - [0.996, 0.004, 0.000, 0.000, 0.000]
|  618|0.8684|0.5000|0.2202|0.0400| - [0.996, 0.004, 0.000, 0.000, 0.000]
|  619|0.7105|0.5000|0.2469|0.0396| - [0.996, 0.004, 0.000, 0.000, 0.000]
|  620|0.5263|0.5000|0.1116|0.0390| - [0.996, 0.004, 0.000, 0.000, 0.000]
|  621|0.5000|0.5000|0.0000|0.0390| - [0.996, 0.004, 0.000, 0.000, 0.000]
|  622|0.5000|0.5000|0.0000|0.0390| - [0.996, 0.004, 0.000, 0.000, 0.000]
|  623|0.5000|0.5000|0.0000|0.0390| - [0.996, 0.004, 0.000, 0.000, 0.000]
|  624|0.5000|0.5000|0.0000|0.0390| - [0.996, 0.004, 0.000, 0.000, 0.000]
|  625|0.5000|0.5000|0.0000|0.0390| - [0.996, 0.004, 0.000, 0.000, 0.000]
|  626|0.5000|0.5000|0.0000|0.0390| - [0.996, 0.004, 0.000, 0.000, 0.000]
|  627|0.5263|0.5000|0.1116|0.0423| - [0.996, 0.004, 0.000, 0.000, 0.000]
|  628|0.5000|0.5000|0.0000|0.0390| - [0.996, 0.004, 0.000, 0.000, 0.000]
|  629|0.9474|0.5000|0.1451|0.0368| - [0.996, 0.004, 0.000, 0.000, 0.000]
|  630|0.8421|0.5000|0.1444|0.0286| - [0.996, 0.004, 0.000, 0.000, 0.000]
|  631|0.8158|0.5000|0.1449|0.0453| - [0.996, 0.004, 0.000, 0.000, 0.000]
|  632|0.7895|0.5000|0.2452|0.0363| - [0.996, 0.004, 0.000, 0.000, 0.000]
|  633|0.6842|0.5000|0.2412|0.0381| - [0.996, 0.004, 0.000, 0.000, 0.000]
|  634|0.6579|0.5000|0.2173|0.0458| - [0.996, 0.004, 0.000, 0.000, 0.000]
|  635|0.6053|0.5000|0.2038|0.0381| - [0.996, 0.004, 0.000, 0.000, 0.000]
|  636|0.5000|0.5000|0.0000|0.0380| - [0.996, 0.004, 0.000, 0.000, 0.000]
|  637|0.5000|0.5000|0.0000|0.0451| - [0.996, 0.004, 0.000, 0.000, 0.000]
|  638|0.9211|0.5000|0.0999|0.0686| - [0.917, 0.024, 0.058, 0.000, 0.000]
|  639|0.8421|0.5000|0.1827|0.1391| - [0.917, 0.024, 0.058, 0.000, 0.000]
|  640|0.7368|0.5000|0.2033|0.2636| - [0.974, 0.026, 0.000, 0.000, 0.000]
|  641|0.7368|0.5000|0.1756|0.2921| - [0.974, 0.026, 0.000, 0.000, 0.000]
|  642|0.5789|0.5000|0.1272|0.1990| - [0.974, 0.026, 0.000, 0.000, 0.000]
|  643|0.5000|0.5000|0.0000|0.1408| - [1.000, 0.000, 0.000, 0.000, 0.000]
|  644|0.5000|0.5000|0.0000|0.1733| - [0.974, 0.026, 0.000, 0.000, 0.000]
|  645|0.5000|0.5000|0.0000|0.1733| - [0.974, 0.026, 0.000, 0.000, 0.000]
|  646|0.5000|0.5000|0.0000|0.1733| - [0.974, 0.026, 0.000, 0.000, 0.000]
|  647|0.5526|0.5000|0.1537|0.1741| - [0.974, 0.026, 0.000, 0.000, 0.000]
|  648|0.5000|0.5000|0.0000|0.1733| - [0.974, 0.026, 0.000, 0.000, 0.000]
|  649|0.5000|0.5000|0.0000|0.1733| - [0.974, 0.026, 0.000, 0.000, 0.000]
|  650|0.9474|0.5000|0.1056|0.1642| - [0.976, 0.024, 0.000, 0.000, 0.000]
|  651|0.8947|0.5000|0.2038|0.1715| - [0.976, 0.024, 0.000, 0.000, 0.000]
|  652|0.8158|0.5000|0.2510|0.1701| - [0.976, 0.024, 0.000, 0.000, 0.000]
|  653|0.7895|0.5000|0.2469|0.1697| - [0.976, 0.024, 0.000, 0.000, 0.000]
|  654|0.5789|0.5000|0.1823|0.1661| - [0.976, 0.024, 0.000, 0.000, 0.000]
|  655|0.9737|0.5000|0.1537|0.1650| - [0.977, 0.023, 0.000, 0.000, 0.000]
|  656|0.7632|0.5000|0.2497|0.1627| - [0.977, 0.023, 0.000, 0.000, 0.000]
|  657|0.5000|0.5000|0.0000|0.1603| - [0.977, 0.023, 0.000, 0.000, 0.000]
|  658|0.5000|0.5000|0.0000|0.1603| - [0.977, 0.023, 0.000, 0.000, 0.000]
|  659|0.5000|0.5000|0.0000|0.1603| - [0.977, 0.023, 0.000, 0.000, 0.000]
|  660|0.5000|0.5000|0.0000|0.1519| - [0.977, 0.023, 0.000, 0.000, 0.000]
|  661|0.5000|0.5000|0.0000|0.1603| - [0.977, 0.023, 0.000, 0.000, 0.000]
|  662|0.5263|0.5000|0.0999|0.1670| - [0.977, 0.023, 0.000, 0.000, 0.000]
|  663|0.5000|0.5000|0.0000|0.1603| - [0.977, 0.023, 0.000, 0.000, 0.000]
|  664|0.5000|0.5000|0.0000|0.1603| - [0.977, 0.023, 0.000, 0.000, 0.000]
|  665|0.5000|0.5000|0.0000|0.1603| - [0.977, 0.023, 0.000, 0.000, 0.000]
|  666|0.5263|0.5000|0.1116|0.1797| - [0.977, 0.023, 0.000, 0.000, 0.000]
|  667|0.5000|0.5000|0.0000|0.1603| - [0.977, 0.023, 0.000, 0.000, 0.000]
|  668|0.5000|0.5000|0.0000|0.1603| - [0.977, 0.023, 0.000, 0.000, 0.000]
|  669|0.5000|0.5000|0.0000|0.1603| - [0.977, 0.023, 0.000, 0.000, 0.000]
|  670|0.9737|0.5000|0.1116|0.1600| - [0.978, 0.022, 0.000, 0.000, 0.000]
|  671|0.8421|0.5000|0.2324|0.1585| - [0.978, 0.022, 0.000, 0.000, 0.000]
|  672|0.8421|0.5000|0.2443|0.1668| - [0.978, 0.022, 0.000, 0.000, 0.000]
|  673|0.6316|0.5000|0.2202|0.1559| - [0.978, 0.022, 0.000, 0.000, 0.000]
|  674|0.5000|0.5000|0.0000|0.1674| - [0.920, 0.080, 0.000, 0.000, 0.000]
|  675|0.5263|0.5000|0.1116|0.1585| - [0.978, 0.022, 0.000, 0.000, 0.000]
|  676|0.5000|0.5000|0.0000|0.1462| - [1.000, 0.000, 0.000, 0.000, 0.000]
|  677|0.5000|0.5000|0.0000|0.1544| - [0.978, 0.022, 0.000, 0.000, 0.000]
|  678|0.5000|0.5000|0.0000|0.1544| - [0.978, 0.022, 0.000, 0.000, 0.000]
|  679|0.5000|0.5000|0.0000|0.1544| - [0.978, 0.022, 0.000, 0.000, 0.000]
|  680|0.5000|0.5000|0.0000|0.1544| - [0.978, 0.022, 0.000, 0.000, 0.000]
|  681|0.5000|0.5000|0.0000|0.1544| - [0.978, 0.022, 0.000, 0.000, 0.000]
|  682|0.5000|0.5000|0.0000|0.1462| - [0.978, 0.022, 0.000, 0.000, 0.000]
|  683|0.5000|0.5000|0.0000|0.1137| - [1.000, 0.000, 0.000, 0.000, 0.000]
|  684|0.5000|0.5000|0.0000|0.1462| - [0.978, 0.022, 0.000, 0.000, 0.000]
|  685|0.5000|0.5000|0.0000|0.1544| - [0.978, 0.022, 0.000, 0.000, 0.000]
|  686|0.5000|0.5000|0.0000|0.1544| - [0.978, 0.022, 0.000, 0.000, 0.000]
|  687|0.5789|0.5000|0.1831|0.1683| - [0.978, 0.022, 0.000, 0.000, 0.000]
|  688|0.5263|0.5000|0.1116|0.1549| - [0.978, 0.022, 0.000, 0.000, 0.000]
|  689|0.5000|0.5000|0.0000|0.1544| - [0.978, 0.022, 0.000, 0.000, 0.000]
|  690|0.5000|0.5000|0.0000|0.1733| - [0.885, 0.115, 0.000, 0.000, 0.000]
|  691|0.5000|0.5000|0.0000|0.1722| - [0.978, 0.022, 0.000, 0.000, 0.000]
|  692|0.5000|0.5000|0.0000|0.1612| - [0.978, 0.022, 0.000, 0.000, 0.000]
|  693|0.5000|0.5000|0.0000|0.1544| - [0.978, 0.022, 0.000, 0.000, 0.000]
|  694|0.5000|0.5000|0.0000|0.1544| - [0.978, 0.022, 0.000, 0.000, 0.000]
|  695|0.9737|0.5000|0.1116|0.1543| - [0.978, 0.022, 0.000, 0.000, 0.000]
|  696|0.8421|0.5000|0.2324|0.1541| - [0.978, 0.022, 0.000, 0.000, 0.000]
|  697|0.6579|0.5000|0.2324|0.1539| - [0.978, 0.022, 0.000, 0.000, 0.000]
|  698|0.5526|0.5000|0.1534|0.1537| - [0.978, 0.022, 0.000, 0.000, 0.000]
|  699|0.5000|0.5000|0.0000|0.1537| - [0.978, 0.022, 0.000, 0.000, 0.000]
|  700|0.9737|0.5000|0.1116|0.1532| - [0.979, 0.021, 0.000, 0.000, 0.000]
|  701|0.8684|0.5000|0.2202|0.1513| - [0.979, 0.021, 0.000, 0.000, 0.000]
|  702|0.7895|0.5000|0.2469|0.1498| - [0.979, 0.021, 0.000, 0.000, 0.000]
|  703|0.5000|0.5000|0.0000|0.1446| - [0.979, 0.021, 0.000, 0.000, 0.000]
|  704|0.5000|0.5000|0.0000|0.1446| - [0.979, 0.021, 0.000, 0.000, 0.000]
|  705|0.5000|0.5000|0.0000|0.1446| - [0.979, 0.021, 0.000, 0.000, 0.000]
|  706|0.5000|0.5000|0.0000|0.1446| - [0.979, 0.021, 0.000, 0.000, 0.000]
|  707|0.5000|0.5000|0.0000|0.1446| - [0.979, 0.021, 0.000, 0.000, 0.000]
|  708|0.5000|0.5000|0.0000|0.1446| - [0.979, 0.021, 0.000, 0.000, 0.000]
|  709|0.5000|0.5000|0.0000|0.1446| - [0.979, 0.021, 0.000, 0.000, 0.000]
|  710|0.5000|0.5000|0.0000|0.1446| - [0.979, 0.021, 0.000, 0.000, 0.000]
|  711|0.5000|0.5000|0.0000|0.1446| - [0.979, 0.021, 0.000, 0.000, 0.000]
|  712|0.5000|0.5000|0.0000|0.1446| - [0.979, 0.021, 0.000, 0.000, 0.000]
|  713|0.5000|0.5000|0.0000|0.1446| - [0.979, 0.021, 0.000, 0.000, 0.000]
|  714|0.5000|0.5000|0.0000|0.1446| - [0.979, 0.021, 0.000, 0.000, 0.000]
|  715|0.5000|0.5000|0.0000|0.1446| - [0.979, 0.021, 0.000, 0.000, 0.000]
|  716|0.5000|0.5000|0.0000|0.1446| - [0.979, 0.021, 0.000, 0.000, 0.000]
|  717|0.5000|0.5000|0.0000|0.1446| - [0.979, 0.021, 0.000, 0.000, 0.000]
|  718|0.5000|0.5000|0.0000|0.1446| - [0.979, 0.021, 0.000, 0.000, 0.000]
|  719|0.5000|0.5000|0.0000|0.1446| - [0.979, 0.021, 0.000, 0.000, 0.000]
|  720|0.5000|0.5000|0.0000|0.1370| - [1.000, 0.000, 0.000, 0.000, 0.000]
|  721|0.5000|0.5000|0.0000|0.1293| - [0.979, 0.021, 0.000, 0.000, 0.000]
|  722|0.5000|0.5000|0.0000|0.1577| - [0.979, 0.021, 0.000, 0.000, 0.000]
|  723|0.5000|0.5000|0.0000|0.1446| - [0.979, 0.021, 0.000, 0.000, 0.000]
|  724|0.5263|0.5000|0.1116|0.1462| - [0.979, 0.021, 0.000, 0.000, 0.000]
|  725|0.5000|0.5000|0.0000|0.1531| - [0.979, 0.021, 0.000, 0.000, 0.000]
|  726|0.5000|0.5000|0.0000|0.1446| - [0.979, 0.021, 0.000, 0.000, 0.000]
|  727|0.5000|0.5000|0.0000|0.1446| - [0.979, 0.021, 0.000, 0.000, 0.000]
|  728|0.9737|0.5000|0.1116|0.1440| - [0.981, 0.019, 0.000, 0.000, 0.000]
|  729|0.9737|0.5000|0.1116|0.1440| - [0.981, 0.019, 0.000, 0.000, 0.000]
|  730|0.9474|0.5000|0.1534|0.1434| - [0.981, 0.019, 0.000, 0.000, 0.000]
|  731|0.8158|0.5000|0.2412|0.1406| - [0.981, 0.019, 0.000, 0.000, 0.000]
|  732|0.6316|0.5000|0.2202|0.1366| - [0.981, 0.019, 0.000, 0.000, 0.000]
|  733|0.9737|0.5000|0.1116|0.1331| - [0.983, 0.017, 0.000, 0.000, 0.000]
|  734|0.9737|0.5000|0.1537|0.1329| - [0.983, 0.017, 0.000, 0.000, 0.000]
|  735|0.9474|0.5000|0.2054|0.1319| - [0.983, 0.017, 0.000, 0.000, 0.000]
|  736|0.8158|0.5000|0.2645|0.1293| - [0.983, 0.017, 0.000, 0.000, 0.000]
|  737|0.5789|0.5000|0.1829|0.1241| - [0.983, 0.017, 0.000, 0.000, 0.000]
|  738|0.5000|0.5000|0.0000|0.1223| - [0.983, 0.017, 0.000, 0.000, 0.000]
|  739|0.5000|0.5000|0.0000|0.1223| - [0.983, 0.017, 0.000, 0.000, 0.000]
|  740|0.5000|0.5000|0.0000|0.1223| - [0.983, 0.017, 0.000, 0.000, 0.000]
|  741|0.5000|0.5000|0.0000|0.1223| - [0.983, 0.017, 0.000, 0.000, 0.000]
|  742|0.5000|0.5000|0.0000|0.1223| - [0.983, 0.017, 0.000, 0.000, 0.000]
|  743|0.5000|0.5000|0.0000|0.1223| - [0.983, 0.017, 0.000, 0.000, 0.000]
|  744|0.9737|0.5000|0.1116|0.1220| - [0.985, 0.015, 0.000, 0.000, 0.000]
|  745|0.9737|0.5000|0.1116|0.1220| - [0.985, 0.015, 0.000, 0.000, 0.000]
|  746|0.8684|0.5000|0.2348|0.1201| - [0.985, 0.015, 0.000, 0.000, 0.000]
|  747|0.7368|0.5000|0.2497|0.1187| - [0.985, 0.015, 0.000, 0.000, 0.000]
|  748|0.9737|0.5000|0.1116|0.1152| - [0.985, 0.015, 0.000, 0.000, 0.000]
|  749|0.9737|0.5000|0.1116|0.1152| - [0.985, 0.015, 0.000, 0.000, 0.000]
|  750|0.9737|0.5000|0.1116|0.1152| - [0.985, 0.015, 0.000, 0.000, 0.000]
|  751|0.9737|0.5000|0.1116|0.1152| - [0.985, 0.015, 0.000, 0.000, 0.000]
|  752|0.9474|0.5000|0.1534|0.1150| - [0.985, 0.015, 0.000, 0.000, 0.000]
|  753|0.7895|0.5000|0.2549|0.1252| - [0.985, 0.015, 0.000, 0.000, 0.000]
|  754|0.6579|0.5000|0.2324|0.1132| - [0.985, 0.015, 0.000, 0.000, 0.000]
|  755|0.5000|0.5000|0.0000|0.1122| - [0.985, 0.015, 0.000, 0.000, 0.000]
|  756|0.5000|0.5000|0.0000|0.1122| - [0.985, 0.015, 0.000, 0.000, 0.000]
|  757|0.5000|0.5000|0.0000|0.1122| - [0.985, 0.015, 0.000, 0.000, 0.000]
|  758|0.5000|0.5000|0.0000|0.1122| - [0.985, 0.015, 0.000, 0.000, 0.000]
|  759|0.5263|0.5000|0.1116|0.1153| - [0.985, 0.015, 0.000, 0.000, 0.000]
|  760|0.5000|0.5000|0.0000|0.1122| - [0.985, 0.015, 0.000, 0.000, 0.000]
|  761|0.5263|0.5000|0.1116|0.1185| - [0.985, 0.015, 0.000, 0.000, 0.000]
|  762|0.5263|0.5000|0.1116|0.1183| - [0.985, 0.015, 0.000, 0.000, 0.000]
|  763|0.5000|0.5000|0.0000|0.1122| - [0.985, 0.015, 0.000, 0.000, 0.000]
|  764|0.5000|0.5000|0.0000|0.1122| - [0.985, 0.015, 0.000, 0.000, 0.000]
|  765|0.5000|0.5000|0.0000|0.1122| - [0.985, 0.015, 0.000, 0.000, 0.000]
|  766|0.5000|0.5000|0.0000|0.1122| - [0.985, 0.015, 0.000, 0.000, 0.000]
|  767|0.5000|0.5000|0.0000|0.1122| - [0.985, 0.015, 0.000, 0.000, 0.000]
|  768|0.5000|0.5000|0.0000|0.1122| - [0.985, 0.015, 0.000, 0.000, 0.000]
|  769|0.5000|0.5000|0.0000|0.1122| - [0.985, 0.015, 0.000, 0.000, 0.000]
|  770|0.5263|0.5000|0.1116|0.1127| - [0.985, 0.015, 0.000, 0.000, 0.000]
|  771|0.5000|0.5000|0.0000|0.1122| - [0.985, 0.015, 0.000, 0.000, 0.000]
|  772|0.5000|0.5000|0.0000|0.1122| - [0.985, 0.015, 0.000, 0.000, 0.000]
|  773|0.9737|0.5000|0.1116|0.1118| - [0.986, 0.014, 0.000, 0.000, 0.000]
|  774|0.9474|0.5000|0.1534|0.1114| - [0.986, 0.014, 0.000, 0.000, 0.000]
|  775|0.9474|0.5000|0.1056|0.1172| - [0.986, 0.014, 0.000, 0.000, 0.000]
|  776|0.8684|0.5000|0.0887|0.1233| - [0.986, 0.014, 0.000, 0.000, 0.000]
|  777|0.9211|0.5000|0.1411|0.1334| - [0.933, 0.033, 0.000, 0.000, 0.034]
|  778|0.7105|0.5000|0.1416|0.1536| - [0.986, 0.014, 0.000, 0.000, 0.000]
|  779|0.8158|0.5000|0.2140|0.1844| - [0.933, 0.033, 0.000, 0.000, 0.034]
|  780|0.7105|0.5000|0.2063|0.2491| - [0.966, 0.034, 0.000, 0.000, 0.000]
|  781|0.8158|0.5000|0.1928|0.3266| - [0.966, 0.034, 0.000, 0.000, 0.000]
|  782|0.9474|0.5000|0.1534|0.3979| - [0.966, 0.034, 0.000, 0.000, 0.000]
|  783|0.8421|0.5000|0.2324|0.3547| - [0.966, 0.034, 0.000, 0.000, 0.000]
|  784|0.8421|0.5000|0.2443|0.3447| - [0.966, 0.034, 0.000, 0.000, 0.000]
|  785|0.7368|0.5000|0.2612|0.2516| - [0.966, 0.034, 0.000, 0.000, 0.000]
|  786|0.5526|0.5000|0.1534|0.2160| - [0.966, 0.034, 0.000, 0.000, 0.000]
|  787|0.5000|0.5000|0.0000|0.2144| - [0.966, 0.034, 0.000, 0.000, 0.000]
|  788|0.5000|0.5000|0.0000|0.2144| - [0.966, 0.034, 0.000, 0.000, 0.000]
|  789|0.5000|0.5000|0.0000|0.2144| - [0.966, 0.034, 0.000, 0.000, 0.000]
|  790|0.5000|0.5000|0.0000|0.2144| - [0.966, 0.034, 0.000, 0.000, 0.000]
|  791|0.5000|0.5000|0.0000|0.2144| - [0.966, 0.034, 0.000, 0.000, 0.000]
|  792|0.5000|0.5000|0.0000|0.2144| - [0.966, 0.034, 0.000, 0.000, 0.000]
|  793|0.5000|0.5000|0.0000|0.2144| - [0.966, 0.034, 0.000, 0.000, 0.000]
|  794|0.5000|0.5000|0.0000|0.2144| - [0.966, 0.034, 0.000, 0.000, 0.000]
|  795|0.5000|0.5000|0.0000|0.2144| - [0.966, 0.034, 0.000, 0.000, 0.000]
|  796|0.5000|0.5000|0.0000|0.2144| - [0.966, 0.034, 0.000, 0.000, 0.000]
|  797|0.9737|0.5000|0.1116|0.2136| - [0.969, 0.031, 0.000, 0.000, 0.000]
|  798|0.9737|0.5000|0.1831|0.2238| - [0.969, 0.031, 0.000, 0.000, 0.000]
|  799|0.9737|0.5000|0.1116|0.2136| - [0.969, 0.031, 0.000, 0.000, 0.000]
|  800|0.9211|0.5000|0.0996|0.1964| - [0.969, 0.031, 0.000, 0.000, 0.000]
|  801|0.8158|0.5000|0.2173|0.1980| - [0.969, 0.031, 0.000, 0.000, 0.000]
|  802|0.8421|0.5000|0.1629|0.1466| - [0.988, 0.000, 0.012, 0.000, 0.000]
|  803|0.9211|0.5000|0.2570|0.1876| - [0.988, 0.000, 0.012, 0.000, 0.000]
|  804|0.8947|0.5000|0.2218|0.1773| - [0.988, 0.000, 0.012, 0.000, 0.000]
|  805|0.8421|0.5000|0.2324|0.1656| - [0.988, 0.000, 0.012, 0.000, 0.000]
|  806|0.7632|0.5000|0.2497|0.1493| - [0.988, 0.000, 0.012, 0.000, 0.000]
|  807|0.5526|0.5000|0.1534|0.1058| - [0.988, 0.000, 0.012, 0.000, 0.000]
|  808|0.5000|0.5000|0.0000|0.0949| - [0.988, 0.000, 0.012, 0.000, 0.000]
|  809|0.5000|0.5000|0.0000|0.0949| - [0.988, 0.000, 0.012, 0.000, 0.000]
|  810|0.5000|0.5000|0.0000|0.0949| - [0.988, 0.000, 0.012, 0.000, 0.000]
|  811|0.9737|0.5000|0.1116|0.0947| - [0.988, 0.000, 0.012, 0.000, 0.000]
|  812|0.8947|0.5000|0.1928|0.0893| - [0.988, 0.000, 0.012, 0.000, 0.000]
|  813|0.8421|0.5000|0.2701|0.0937| - [0.988, 0.000, 0.012, 0.000, 0.000]
|  814|0.7895|0.5000|0.2469|0.0933| - [0.988, 0.000, 0.012, 0.000, 0.000]
|  815|0.6053|0.5000|0.1795|0.0917| - [0.988, 0.000, 0.012, 0.000, 0.000]
|  816|0.5263|0.5000|0.1056|0.0959| - [0.988, 0.000, 0.012, 0.000, 0.000]
|  817|0.5000|0.5000|0.0000|0.0911| - [0.988, 0.000, 0.012, 0.000, 0.000]
|  818|0.5000|0.5000|0.0000|0.0863| - [1.000, 0.000, 0.000, 0.000, 0.000]
|  819|0.5000|0.5000|0.0000|0.0815| - [0.988, 0.000, 0.012, 0.000, 0.000]
|  820|0.9211|0.5000|0.0996|0.0814| - [0.989, 0.000, 0.011, 0.000, 0.000]
|  821|0.8421|0.5000|0.2324|0.0903| - [0.989, 0.000, 0.011, 0.000, 0.000]
|  822|0.5526|0.5000|0.1537|0.0888| - [0.989, 0.000, 0.011, 0.000, 0.000]
|  823|0.5000|0.5000|0.0000|0.0886| - [0.989, 0.000, 0.011, 0.000, 0.000]
|  824|0.9737|0.5000|0.1537|0.0883| - [0.989, 0.000, 0.011, 0.000, 0.000]
|  825|0.9737|0.5000|0.1537|0.0880| - [0.990, 0.000, 0.010, 0.000, 0.000]
|  826|0.9474|0.5000|0.2226|0.0873| - [0.990, 0.000, 0.010, 0.000, 0.000]
|  827|0.6842|0.5000|0.2126|0.0973| - [0.990, 0.000, 0.010, 0.000, 0.000]
|  828|0.5789|0.5000|0.1829|0.0825| - [0.990, 0.000, 0.010, 0.000, 0.000]
|  829|0.5000|0.5000|0.0000|0.0820| - [0.990, 0.000, 0.010, 0.000, 0.000]
|  830|0.5000|0.5000|0.0000|0.0820| - [0.990, 0.000, 0.010, 0.000, 0.000]
|  831|0.5000|0.5000|0.0000|0.0820| - [0.990, 0.000, 0.010, 0.000, 0.000]
|  832|0.5000|0.5000|0.0000|0.0820| - [0.990, 0.000, 0.010, 0.000, 0.000]
|  833|0.5000|0.5000|0.0000|0.0820| - [0.990, 0.000, 0.010, 0.000, 0.000]
|  834|0.5000|0.5000|0.0000|0.0820| - [0.990, 0.000, 0.010, 0.000, 0.000]
|  835|0.5000|0.5000|0.0000|0.0820| - [0.990, 0.000, 0.010, 0.000, 0.000]
|  836|0.5000|0.5000|0.0000|0.0820| - [0.990, 0.000, 0.010, 0.000, 0.000]
|  837|0.5263|0.5000|0.1116|0.0948| - [0.990, 0.000, 0.010, 0.000, 0.000]
|  838|0.5000|0.5000|0.0000|0.0820| - [0.990, 0.000, 0.010, 0.000, 0.000]
|  839|0.5000|0.5000|0.0000|0.0820| - [0.990, 0.000, 0.010, 0.000, 0.000]
|  840|0.9737|0.5000|0.1116|0.0820| - [0.990, 0.000, 0.010, 0.000, 0.000]
|  841|0.9211|0.5000|0.1823|0.0820| - [0.990, 0.000, 0.010, 0.000, 0.000]
|  842|0.8684|0.5000|0.2202|0.0819| - [0.990, 0.000, 0.010, 0.000, 0.000]
|  843|0.8158|0.5000|0.2412|0.0818| - [0.990, 0.000, 0.010, 0.000, 0.000]
|  844|0.6316|0.5000|0.2202|0.0816| - [0.990, 0.000, 0.010, 0.000, 0.000]
|  845|0.5000|0.5000|0.0000|0.0815| - [0.990, 0.000, 0.010, 0.000, 0.000]
|  846|0.5000|0.5000|0.0000|0.0815| - [0.990, 0.000, 0.010, 0.000, 0.000]
|  847|0.5000|0.5000|0.0000|0.0815| - [0.990, 0.000, 0.010, 0.000, 0.000]
|  848|0.5000|0.5000|0.0000|0.0772| - [0.990, 0.000, 0.010, 0.000, 0.000]
|  849|0.5000|0.5000|0.0000|0.0686| - [1.000, 0.000, 0.000, 0.000, 0.000]
|  850|0.5263|0.5000|0.0547|0.0732| - [0.990, 0.000, 0.010, 0.000, 0.000]
|  851|0.5000|0.5000|0.0000|0.0772| - [1.000, 0.000, 0.000, 0.000, 0.000]
|  852|0.9737|0.5000|0.1116|0.0814| - [0.990, 0.000, 0.010, 0.000, 0.000]
|  853|0.9737|0.5000|0.1116|0.0814| - [0.990, 0.000, 0.010, 0.000, 0.000]
|  854|0.8684|0.5000|0.1917|0.0867| - [0.990, 0.000, 0.010, 0.000, 0.000]
|  855|0.8158|0.5000|0.1515|0.0780| - [0.974, 0.016, 0.010, 0.000, 0.000]
|  856|0.7895|0.5000|0.2469|0.1134| - [0.974, 0.016, 0.010, 0.000, 0.000]
|  857|0.6842|0.5000|0.2412|0.1470| - [0.974, 0.016, 0.010, 0.000, 0.000]
|  858|0.5263|0.5000|0.1116|0.1889| - [0.974, 0.016, 0.010, 0.000, 0.000]
|  859|0.5000|0.5000|0.0000|0.1994| - [0.974, 0.016, 0.010, 0.000, 0.000]
|  860|0.5000|0.5000|0.0000|0.1994| - [0.974, 0.016, 0.010, 0.000, 0.000]
|  861|0.5263|0.5000|0.1116|0.2139| - [0.974, 0.016, 0.010, 0.000, 0.000]
|  862|0.9737|0.5000|0.1116|0.1932| - [0.990, 0.000, 0.010, 0.000, 0.000]
|  863|0.8947|0.5000|0.2038|0.1746| - [0.990, 0.000, 0.010, 0.000, 0.000]
|  864|0.8158|0.5000|0.2412|0.1560| - [0.990, 0.000, 0.010, 0.000, 0.000]
|  865|0.8158|0.5000|0.2412|0.1560| - [0.990, 0.000, 0.010, 0.000, 0.000]
|  866|0.8421|0.5000|0.2443|0.1562| - [0.990, 0.000, 0.010, 0.000, 0.000]
|  867|0.8421|0.5000|0.2324|0.1622| - [0.990, 0.000, 0.010, 0.000, 0.000]
|  868|0.6579|0.5000|0.2324|0.1187| - [0.990, 0.000, 0.010, 0.000, 0.000]
|  869|0.6053|0.5000|0.2038|0.1063| - [0.990, 0.000, 0.010, 0.000, 0.000]
|  870|0.5263|0.5000|0.1116|0.0877| - [0.990, 0.000, 0.010, 0.000, 0.000]
|  871|0.5000|0.5000|0.0000|0.0815| - [0.990, 0.000, 0.010, 0.000, 0.000]
|  872|0.5000|0.5000|0.0000|0.0815| - [0.990, 0.000, 0.010, 0.000, 0.000]
|  873|0.5000|0.5000|0.0000|0.0815| - [0.990, 0.000, 0.010, 0.000, 0.000]
|  874|0.5263|0.5000|0.1116|0.0831| - [0.990, 0.000, 0.010, 0.000, 0.000]
|  875|0.5263|0.5000|0.1116|0.0815| - [0.990, 0.000, 0.010, 0.000, 0.000]
|  876|0.5263|0.5000|0.1116|0.0815| - [0.990, 0.000, 0.010, 0.000, 0.000]
|  877|0.5000|0.5000|0.0000|0.0815| - [0.990, 0.000, 0.010, 0.000, 0.000]
|  878|0.5000|0.5000|0.0000|0.0815| - [0.990, 0.000, 0.010, 0.000, 0.000]
|  879|0.5000|0.5000|0.0000|0.0772| - [0.990, 0.000, 0.010, 0.000, 0.000]
|  880|0.9737|0.5000|0.1116|0.0812| - [0.991, 0.000, 0.009, 0.000, 0.000]
|  881|0.9211|0.5000|0.2049|0.0806| - [0.991, 0.000, 0.009, 0.000, 0.000]
|  882|0.9737|0.5000|0.1116|0.0812| - [0.991, 0.000, 0.009, 0.000, 0.000]
|  883|0.7632|0.5000|0.2291|0.0750| - [0.991, 0.000, 0.009, 0.000, 0.000]
|  884|0.6316|0.5000|0.2202|0.0777| - [0.991, 0.000, 0.009, 0.000, 0.000]
|  885|0.5263|0.5000|0.1116|0.0765| - [0.991, 0.000, 0.009, 0.000, 0.000]
|  886|0.9474|0.5000|0.1056|0.0723| - [0.991, 0.000, 0.009, 0.000, 0.000]
|  887|0.9474|0.5000|0.1451|0.0722| - [0.991, 0.000, 0.009, 0.000, 0.000]
|  888|0.9737|0.5000|0.2549|0.0757| - [0.991, 0.000, 0.009, 0.000, 0.000]
|  889|0.7632|0.5000|0.2497|0.0742| - [0.991, 0.000, 0.009, 0.000, 0.000]
|  890|0.7368|0.5000|0.2549|0.0740| - [0.991, 0.000, 0.009, 0.000, 0.000]
|  891|0.6842|0.5000|0.2475|0.0735| - [0.991, 0.000, 0.009, 0.000, 0.000]
|  892|0.5526|0.5000|0.1534|0.0731| - [0.991, 0.000, 0.009, 0.000, 0.000]
|  893|0.5526|0.5000|0.1537|0.0788| - [0.991, 0.000, 0.009, 0.000, 0.000]
|  894|0.5000|0.5000|0.0000|0.0731| - [0.991, 0.000, 0.009, 0.000, 0.000]
|  895|0.5000|0.5000|0.0000|0.0843| - [0.991, 0.000, 0.009, 0.000, 0.000]
|  896|0.5000|0.5000|0.0000|0.0731| - [0.991, 0.000, 0.009, 0.000, 0.000]
|  897|0.5263|0.5000|0.1116|0.0755| - [0.991, 0.000, 0.009, 0.000, 0.000]
|  898|0.5000|0.5000|0.0000|0.0693| - [0.991, 0.000, 0.009, 0.000, 0.000]
|  899|0.9737|0.5000|0.1116|0.0731| - [0.991, 0.000, 0.009, 0.000, 0.000]
|  900|0.9737|0.5000|0.1116|0.0731| - [0.991, 0.000, 0.009, 0.000, 0.000]
|  901|0.9211|0.5000|0.1823|0.0730| - [0.991, 0.000, 0.009, 0.000, 0.000]
|  902|0.9211|0.5000|0.1449|0.0692| - [0.991, 0.000, 0.009, 0.000, 0.000]
|  903|0.7895|0.5000|0.2335|0.0689| - [0.991, 0.000, 0.009, 0.000, 0.000]
|  904|0.7105|0.5000|0.2042|0.0611| - [0.991, 0.000, 0.009, 0.000, 0.000]
|  905|0.5526|0.5000|0.1192|0.0570| - [0.991, 0.000, 0.009, 0.000, 0.000]
|  906|0.5000|0.5000|0.0000|0.0722| - [0.991, 0.000, 0.009, 0.000, 0.000]
|  907|0.5000|0.5000|0.0000|0.0722| - [0.991, 0.000, 0.009, 0.000, 0.000]
|  908|0.5000|0.5000|0.0000|0.0722| - [0.991, 0.000, 0.009, 0.000, 0.000]
|  909|0.5000|0.5000|0.0000|0.0722| - [0.991, 0.000, 0.009, 0.000, 0.000]
|  910|0.5000|0.5000|0.0000|0.0722| - [0.991, 0.000, 0.009, 0.000, 0.000]
|  911|0.5000|0.5000|0.0000|0.0722| - [0.991, 0.000, 0.009, 0.000, 0.000]
|  912|0.9737|0.5000|0.1116|0.0721| - [0.992, 0.000, 0.008, 0.000, 0.000]
|  913|0.9737|0.5000|0.1116|0.0721| - [0.992, 0.000, 0.008, 0.000, 0.000]
|  914|0.6579|0.5000|0.2324|0.0710| - [0.992, 0.000, 0.008, 0.000, 0.000]
|  915|0.9737|0.5000|0.1116|0.0704| - [0.992, 0.000, 0.008, 0.000, 0.000]
|  916|0.9211|0.5000|0.1449|0.0667| - [0.992, 0.000, 0.008, 0.000, 0.000]
|  917|0.8684|0.5000|0.2202|0.0703| - [0.992, 0.000, 0.008, 0.000, 0.000]
|  918|0.9211|0.5000|0.2049|0.0707| - [0.992, 0.000, 0.008, 0.000, 0.000]
|  919|0.9211|0.5000|0.1823|0.0704| - [0.992, 0.000, 0.008, 0.000, 0.000]
|  920|0.7895|0.5000|0.2248|0.0763| - [0.992, 0.000, 0.008, 0.000, 0.000]
|  921|0.8158|0.5000|0.2510|0.0743| - [0.992, 0.000, 0.008, 0.000, 0.000]
|  922|0.5526|0.5000|0.1534|0.0701| - [0.992, 0.000, 0.008, 0.000, 0.000]
|  923|0.5526|0.5000|0.1534|0.0701| - [0.992, 0.000, 0.008, 0.000, 0.000]
|  924|0.9737|0.5000|0.1116|0.0699| - [0.992, 0.000, 0.008, 0.000, 0.000]
|  925|0.8947|0.5000|0.2218|0.0695| - [0.992, 0.000, 0.008, 0.000, 0.000]
|  926|0.8684|0.5000|0.2348|0.0695| - [0.992, 0.000, 0.008, 0.000, 0.000]
|  927|0.7632|0.5000|0.2415|0.0654| - [0.992, 0.000, 0.008, 0.000, 0.000]
|  928|0.6579|0.5000|0.1718|0.0540| - [0.992, 0.000, 0.008, 0.000, 0.000]
|  929|0.6579|0.5000|0.2173|0.0773| - [0.992, 0.000, 0.008, 0.000, 0.000]
|  930|0.5526|0.5000|0.1451|0.0772| - [0.992, 0.000, 0.008, 0.000, 0.000]
|  931|0.5000|0.5000|0.0000|0.1129| - [0.961, 0.000, 0.039, 0.000, 0.000]
|  932|0.7895|0.5000|0.0694|0.1308| - [0.992, 0.000, 0.008, 0.000, 0.000]
|  933|0.7895|0.5000|0.1444|0.1129| - [0.992, 0.000, 0.008, 0.000, 0.000]
|  934|0.6316|0.5000|0.1515|0.1128| - [0.992, 0.000, 0.008, 0.000, 0.000]
|  935|0.5263|0.5000|0.0283|0.1436| - [0.992, 0.000, 0.008, 0.000, 0.000]
|  936|0.5000|0.5000|0.0000|0.1128| - [0.961, 0.000, 0.039, 0.000, 0.000]
|  937|0.5000|0.5000|0.0000|0.0824| - [0.992, 0.000, 0.008, 0.000, 0.000]
|  938|0.5000|0.5000|0.0000|0.0949| - [0.961, 0.000, 0.039, 0.000, 0.000]
|  939|0.5000|0.5000|0.0000|0.1486| - [0.961, 0.000, 0.039, 0.000, 0.000]
|  940|0.5000|0.5000|0.0000|0.1397| - [0.961, 0.000, 0.039, 0.000, 0.000]
|  941|0.5000|0.5000|0.0000|0.1755| - [0.961, 0.000, 0.039, 0.000, 0.000]
|  942|0.5263|0.5000|0.0547|0.2129| - [0.961, 0.000, 0.039, 0.000, 0.000]
|  943|0.5000|0.5000|0.0000|0.1845| - [0.961, 0.000, 0.039, 0.000, 0.000]
|  944|0.5000|0.5000|0.0000|0.1845| - [0.961, 0.000, 0.039, 0.000, 0.000]
|  945|0.5000|0.5000|0.0000|0.1934| - [0.961, 0.000, 0.039, 0.000, 0.000]
|  946|0.6316|0.5000|0.0331|0.1843| - [0.992, 0.000, 0.008, 0.000, 0.000]
|  947|0.5789|0.5000|0.0444|0.1840| - [0.992, 0.000, 0.008, 0.000, 0.000]
|  948|0.6316|0.5000|0.0427|0.1842| - [0.992, 0.000, 0.008, 0.000, 0.000]
|  949|0.8158|0.5000|0.0837|0.1804| - [0.962, 0.000, 0.038, 0.000, 0.000]
|  950|0.8684|0.5000|0.1286|0.2108| - [0.962, 0.000, 0.038, 0.000, 0.000]
|  951|0.9737|0.5000|0.1537|0.2392| - [0.962, 0.000, 0.007, 0.000, 0.031]
|  952|0.9211|0.5000|0.2475|0.2411| - [0.962, 0.000, 0.007, 0.000, 0.031]
|  953|0.9474|0.5000|0.2661|0.2390| - [0.962, 0.000, 0.007, 0.000, 0.031]
|  954|0.9737|0.5000|0.2228|0.2358| - [0.963, 0.000, 0.037, 0.000, 0.000]
|  955|0.8684|0.5000|0.2686|0.2380| - [0.963, 0.000, 0.037, 0.000, 0.000]
|  956|0.7632|0.5000|0.2363|0.2519| - [0.951, 0.011, 0.038, 0.000, 0.000]
|  957|0.8158|0.5000|0.2650|0.2435| - [0.963, 0.000, 0.037, 0.000, 0.000]
|  958|0.7368|0.5000|0.2549|0.2554| - [0.963, 0.000, 0.037, 0.000, 0.000]
|  959|0.9211|0.5000|0.2310|0.2249| - [0.969, 0.000, 0.000, 0.000, 0.031]
|  960|0.7632|0.5000|0.2083|0.1959| - [0.969, 0.000, 0.000, 0.000, 0.031]
|  961|0.5789|0.5000|0.0768|0.1593| - [0.994, 0.000, 0.006, 0.000, 0.000]
|  962|0.5789|0.5000|0.1498|0.0875| - [0.994, 0.000, 0.006, 0.000, 0.000]
|  963|0.5000|0.5000|0.0000|0.0541| - [0.994, 0.000, 0.006, 0.000, 0.000]
|  964|0.5000|0.5000|0.0000|0.0541| - [0.994, 0.000, 0.006, 0.000, 0.000]
|  965|0.5000|0.5000|0.0000|0.0541| - [0.994, 0.000, 0.006, 0.000, 0.000]
|  966|0.5000|0.5000|0.0000|0.0541| - [0.994, 0.000, 0.006, 0.000, 0.000]
|  967|0.5000|0.5000|0.0000|0.0541| - [0.994, 0.000, 0.006, 0.000, 0.000]
|  968|0.5000|0.5000|0.0000|0.0541| - [0.994, 0.000, 0.006, 0.000, 0.000]
|  969|0.9737|0.5000|0.1116|0.0541| - [0.994, 0.000, 0.006, 0.000, 0.000]
|  970|0.9737|0.5000|0.1116|0.0541| - [0.994, 0.000, 0.006, 0.000, 0.000]
|  971|0.9737|0.5000|0.1116|0.0541| - [0.994, 0.000, 0.006, 0.000, 0.000]
|  972|0.9737|0.5000|0.1116|0.0541| - [0.994, 0.000, 0.006, 0.000, 0.000]
|  973|0.9737|0.5000|0.1537|0.0541| - [0.994, 0.000, 0.006, 0.000, 0.000]
|  974|0.9211|0.5000|0.2049|0.0540| - [0.994, 0.000, 0.006, 0.000, 0.000]
|  975|0.7368|0.5000|0.2305|0.0511| - [0.994, 0.000, 0.006, 0.000, 0.000]
|  976|0.6316|0.5000|0.2202|0.0538| - [0.994, 0.000, 0.006, 0.000, 0.000]
|  977|0.6316|0.5000|0.2202|0.0538| - [0.994, 0.000, 0.006, 0.000, 0.000]
|  978|0.5000|0.5000|0.0000|0.0537| - [0.994, 0.000, 0.006, 0.000, 0.000]
|  979|0.5000|0.5000|0.0000|0.0537| - [0.994, 0.000, 0.006, 0.000, 0.000]
|  980|0.5000|0.5000|0.0000|0.0537| - [0.994, 0.000, 0.006, 0.000, 0.000]
|  981|0.5000|0.5000|0.0000|0.0537| - [0.994, 0.000, 0.006, 0.000, 0.000]
|  982|0.5000|0.5000|0.0000|0.0537| - [0.994, 0.000, 0.006, 0.000, 0.000]
|  983|0.5000|0.5000|0.0000|0.0509| - [1.000, 0.000, 0.000, 0.000, 0.000]
|  984|0.5000|0.5000|0.0000|0.0537| - [0.994, 0.000, 0.006, 0.000, 0.000]
|  985|0.5000|0.5000|0.0000|0.0509| - [0.994, 0.000, 0.006, 0.000, 0.000]
|  986|0.5000|0.5000|0.0000|0.0424| - [1.000, 0.000, 0.000, 0.000, 0.000]
|  987|0.5000|0.5000|0.0000|0.0396| - [0.994, 0.000, 0.006, 0.000, 0.000]
|  988|0.8158|0.5000|0.0754|0.0367| - [0.994, 0.000, 0.006, 0.000, 0.000]
|  989|0.7368|0.5000|0.0573|0.0282| - [0.994, 0.000, 0.006, 0.000, 0.000]
|  990|0.7105|0.5000|0.0533|0.0397| - [0.994, 0.000, 0.006, 0.000, 0.000]
|  991|0.7895|0.5000|0.0912|0.0769| - [0.994, 0.000, 0.006, 0.000, 0.000]
|  992|0.7105|0.5000|0.0610|0.0312| - [0.947, 0.000, 0.006, 0.000, 0.047]
|  993|0.7105|0.5000|0.0920|0.0604| - [0.994, 0.000, 0.006, 0.000, 0.000]
|  994|0.6842|0.5000|0.1032|0.0683| - [0.994, 0.000, 0.006, 0.000, 0.000]
|  995|0.6316|0.5000|0.0778|0.0510| - [0.947, 0.000, 0.006, 0.000, 0.047]
|  996|0.6053|0.5000|0.0900|0.0681| - [0.947, 0.000, 0.006, 0.000, 0.047]
|  997|0.5263|0.5000|0.0547|0.0527| - [0.994, 0.000, 0.006, 0.000, 0.000]
|  998|0.5789|0.5000|0.0958|0.0816| - [0.994, 0.000, 0.006, 0.000, 0.000]
|  999|0.5263|0.5000|0.0999|0.0636| - [0.994, 0.000, 0.006, 0.000, 0.000]
| 1000|0.5000|0.5000|0.0000|0.0518| - [0.994, 0.000, 0.006, 0.000, 0.000]
+-----+------+------+------+------+ 
