# Blotto run, B: 5, Rf: 0.00, Lf: 0.50 - 0.11 sec 
+-----+------+------+------+------+ 
| gen | best | mean |  sd  | avgH | best strategy
+-----+------+------+------+------+ 
|    1|0.8750|0.5000|0.2358|2.0623| - [0.282, 0.382, 0.057, 0.201, 0.079]
|    2|0.8684|0.5000|0.2238|1.9498| - [0.347, 0.019, 0.240, 0.047, 0.347]
|    3|0.8684|0.5000|0.2286|1.9382| - [0.347, 0.019, 0.240, 0.047, 0.347]
|    4|0.7632|0.5000|0.1921|2.0497| - [0.347, 0.019, 0.240, 0.047, 0.347]
|    5|0.9211|0.5000|0.2193|2.0966| - [0.347, 0.019, 0.240, 0.047, 0.347]
|    6|0.9737|0.5000|0.2760|2.0109| - [0.347, 0.019, 0.240, 0.047, 0.347]
|    7|0.9737|0.5000|0.2443|1.9542| - [0.347, 0.019, 0.240, 0.047, 0.347]
|    8|0.9211|0.5000|0.2366|1.9212| - [0.347, 0.019, 0.240, 0.047, 0.347]
|    9|0.8684|0.5000|0.2202|1.8883| - [0.347, 0.019, 0.240, 0.047, 0.347]
|   10|0.7632|0.5000|0.2497|1.8832| - [0.347, 0.019, 0.240, 0.047, 0.347]
|   11|0.6316|0.5000|0.2202|1.8768| - [0.347, 0.019, 0.240, 0.047, 0.347]
|   12|0.9737|0.5000|0.2054|1.8738| - [0.358, 0.020, 0.248, 0.049, 0.326]
|   13|0.8947|0.5000|0.2218|1.8680| - [0.358, 0.020, 0.248, 0.049, 0.326]
|   14|0.7368|0.5000|0.2497|1.8757| - [0.358, 0.020, 0.248, 0.049, 0.326]
|   15|0.7895|0.5000|0.2469|1.8746| - [0.358, 0.020, 0.248, 0.049, 0.326]
|   16|0.6316|0.5000|0.2233|1.8728| - [0.358, 0.020, 0.248, 0.049, 0.326]
|   17|0.9737|0.5000|0.1829|1.8689| - [0.376, 0.021, 0.261, 0.000, 0.342]
|   18|0.8947|0.5000|0.2218|1.8283| - [0.376, 0.021, 0.261, 0.000, 0.342]
|   19|0.9737|0.5000|0.2686|1.7767| - [0.405, 0.022, 0.298, 0.000, 0.274]
|   20|0.9211|0.5000|0.2693|1.7038| - [0.405, 0.022, 0.298, 0.000, 0.274]
|   21|0.9474|0.5000|0.2539|1.6830| - [0.405, 0.022, 0.298, 0.000, 0.274]
|   22|0.7895|0.5000|0.2469|1.6823| - [0.405, 0.022, 0.298, 0.000, 0.274]
|   23|0.6579|0.5000|0.2348|1.6828| - [0.405, 0.022, 0.298, 0.000, 0.274]
|   24|0.5000|0.5000|0.0000|1.6831| - [0.405, 0.022, 0.298, 0.000, 0.274]
|   25|0.9737|0.5000|0.1116|1.6813| - [0.449, 0.021, 0.276, 0.000, 0.254]
|   26|0.9737|0.5000|0.2480|1.6726| - [0.449, 0.021, 0.276, 0.000, 0.254]
|   27|0.9737|0.5000|0.2695|1.6630| - [0.449, 0.021, 0.276, 0.000, 0.254]
|   28|0.9737|0.5000|0.2590|1.6637| - [0.469, 0.022, 0.289, 0.000, 0.220]
|   29|0.9737|0.5000|0.2637|1.6434| - [0.470, 0.020, 0.266, 0.000, 0.245]
|   30|0.9737|0.5000|0.2348|1.6436| - [0.470, 0.020, 0.266, 0.000, 0.245]
|   31|0.8684|0.5000|0.2556|1.6332| - [0.470, 0.020, 0.266, 0.000, 0.245]
|   32|0.8684|0.5000|0.2686|1.6409| - [0.470, 0.020, 0.266, 0.000, 0.245]
|   33|0.8158|0.5000|0.2412|1.6300| - [0.470, 0.020, 0.266, 0.000, 0.245]
|   34|0.9737|0.5000|0.2228|1.6305| - [0.472, 0.020, 0.262, 0.000, 0.246]
|   35|0.9474|0.5000|0.1534|1.6297| - [0.472, 0.020, 0.262, 0.000, 0.246]
|   36|0.9474|0.5000|0.1534|1.6297| - [0.472, 0.020, 0.262, 0.000, 0.246]
|   37|0.8684|0.5000|0.2202|1.6295| - [0.472, 0.020, 0.262, 0.000, 0.246]
|   38|0.8158|0.5000|0.2510|1.6293| - [0.472, 0.020, 0.262, 0.000, 0.246]
|   39|0.6579|0.5000|0.2324|1.6289| - [0.472, 0.020, 0.262, 0.000, 0.246]
|   40|0.9737|0.5000|0.2049|1.6273| - [0.495, 0.021, 0.275, 0.000, 0.209]
|   41|0.9737|0.5000|0.1537|1.6213| - [0.495, 0.021, 0.275, 0.000, 0.209]
|   42|0.9737|0.5000|0.2218|1.6037| - [0.495, 0.021, 0.275, 0.000, 0.209]
|   43|0.9474|0.5000|0.2225|1.5535| - [0.495, 0.021, 0.275, 0.000, 0.209]
|   44|0.7632|0.5000|0.2571|1.5600| - [0.495, 0.021, 0.275, 0.000, 0.209]
|   45|0.7368|0.5000|0.2616|1.5458| - [0.495, 0.021, 0.275, 0.000, 0.209]
|   46|0.9737|0.5000|0.2228|1.5653| - [0.527, 0.020, 0.258, 0.000, 0.195]
|   47|0.8947|0.5000|0.2218|1.5943| - [0.527, 0.020, 0.258, 0.000, 0.195]
|   48|0.6316|0.5000|0.2202|1.5735| - [0.527, 0.020, 0.258, 0.000, 0.195]
|   49|0.9737|0.5000|0.1537|1.5597| - [0.558, 0.021, 0.215, 0.000, 0.207]
|   50|0.8947|0.5000|0.2038|1.5566| - [0.558, 0.021, 0.215, 0.000, 0.207]
|   51|0.9737|0.5000|0.2618|1.5469| - [0.574, 0.021, 0.221, 0.000, 0.183]
|   52|0.9737|0.5000|0.2233|1.5321| - [0.574, 0.021, 0.221, 0.000, 0.183]
|   53|0.9211|0.5000|0.2226|1.5347| - [0.574, 0.021, 0.221, 0.000, 0.183]
|   54|0.8421|0.5000|0.2324|1.5254| - [0.574, 0.021, 0.221, 0.000, 0.183]
|   55|0.6579|0.5000|0.2348|1.5249| - [0.574, 0.021, 0.221, 0.000, 0.183]
|   56|0.5000|0.5000|0.0000|1.5087| - [0.574, 0.021, 0.221, 0.000, 0.183]
|   57|0.5000|0.5000|0.0000|1.5087| - [0.574, 0.021, 0.221, 0.000, 0.183]
|   58|0.5000|0.5000|0.0000|1.5087| - [0.574, 0.021, 0.221, 0.000, 0.183]
|   59|0.5000|0.5000|0.0000|1.5087| - [0.574, 0.021, 0.221, 0.000, 0.183]
|   60|0.5000|0.5000|0.0000|1.5087| - [0.574, 0.021, 0.221, 0.000, 0.183]
|   61|0.5000|0.5000|0.0000|1.5087| - [0.574, 0.021, 0.221, 0.000, 0.183]
|   62|0.9737|0.5000|0.1537|1.5057| - [0.592, 0.022, 0.228, 0.000, 0.158]
|   63|0.9737|0.5000|0.2466|1.4969| - [0.593, 0.022, 0.229, 0.000, 0.156]
|   64|0.8158|0.5000|0.2587|1.4787| - [0.593, 0.022, 0.229, 0.000, 0.156]
|   65|0.5789|0.5000|0.1823|1.4740| - [0.593, 0.022, 0.229, 0.000, 0.156]
|   66|0.5000|0.5000|0.0000|1.4736| - [0.593, 0.022, 0.229, 0.000, 0.156]
|   67|0.5263|0.5000|0.1116|1.4776| - [0.593, 0.022, 0.229, 0.000, 0.156]
|   68|0.9737|0.5000|0.1116|1.4717| - [0.613, 0.021, 0.218, 0.000, 0.148]
|   69|0.9737|0.5000|0.1116|1.4717| - [0.613, 0.021, 0.218, 0.000, 0.148]
|   70|0.9737|0.5000|0.2348|1.4576| - [0.667, 0.023, 0.148, 0.000, 0.161]
|   71|0.9737|0.5000|0.2561|1.4501| - [0.667, 0.023, 0.148, 0.000, 0.161]
|   72|0.6842|0.5000|0.2483|1.3834| - [0.667, 0.023, 0.148, 0.000, 0.161]
|   73|0.5263|0.5000|0.1116|1.3494| - [0.667, 0.023, 0.148, 0.000, 0.161]
|   74|0.5000|0.5000|0.0000|1.3481| - [0.667, 0.023, 0.148, 0.000, 0.161]
|   75|0.5000|0.5000|0.0000|1.3481| - [0.667, 0.023, 0.148, 0.000, 0.161]
|   76|0.9737|0.5000|0.1116|1.3481| - [0.667, 0.023, 0.148, 0.000, 0.161]
|   77|0.9737|0.5000|0.1537|1.3458| - [0.685, 0.022, 0.140, 0.000, 0.153]
|   78|0.8947|0.5000|0.2361|1.3390| - [0.685, 0.022, 0.140, 0.000, 0.153]
|   79|0.8421|0.5000|0.2616|1.3332| - [0.685, 0.022, 0.140, 0.000, 0.153]
|   80|0.6579|0.5000|0.2361|1.3186| - [0.685, 0.022, 0.140, 0.000, 0.153]
|   81|0.5000|0.5000|0.0000|1.3051| - [0.685, 0.022, 0.140, 0.000, 0.153]
|   82|0.5000|0.5000|0.0000|1.3051| - [0.685, 0.022, 0.140, 0.000, 0.153]
|   83|0.5000|0.5000|0.0000|1.3051| - [0.685, 0.022, 0.140, 0.000, 0.153]
|   84|0.5000|0.5000|0.0000|1.3051| - [0.685, 0.022, 0.140, 0.000, 0.153]
|   85|0.5000|0.5000|0.0000|1.3051| - [0.685, 0.022, 0.140, 0.000, 0.153]
|   86|0.5263|0.5000|0.1116|1.3051| - [0.685, 0.022, 0.140, 0.000, 0.153]
|   87|0.5000|0.5000|0.0000|1.3051| - [0.685, 0.022, 0.140, 0.000, 0.153]
|   88|0.5000|0.5000|0.0000|1.3051| - [0.685, 0.022, 0.140, 0.000, 0.153]
|   89|0.9737|0.5000|0.1116|1.3016| - [0.711, 0.020, 0.129, 0.000, 0.140]
|   90|0.9737|0.5000|0.2348|1.2841| - [0.714, 0.020, 0.128, 0.000, 0.139]
|   91|0.9737|0.5000|0.2363|1.2528| - [0.714, 0.020, 0.128, 0.000, 0.139]
|   92|0.9737|0.5000|0.2618|1.2300| - [0.727, 0.020, 0.130, 0.000, 0.123]
|   93|0.9474|0.5000|0.2054|1.2245| - [0.727, 0.020, 0.130, 0.000, 0.123]
|   94|0.7895|0.5000|0.2612|1.2128| - [0.727, 0.020, 0.130, 0.000, 0.123]
|   95|0.6842|0.5000|0.2412|1.2135| - [0.727, 0.020, 0.130, 0.000, 0.123]
|   96|0.5526|0.5000|0.1534|1.2052| - [0.727, 0.020, 0.130, 0.000, 0.123]
|   97|0.5000|0.5000|0.0000|1.2019| - [0.727, 0.020, 0.130, 0.000, 0.123]
|   98|0.5000|0.5000|0.0000|1.2019| - [0.727, 0.020, 0.130, 0.000, 0.123]
|   99|0.9737|0.5000|0.1116|1.1839| - [0.816, 0.023, 0.146, 0.000, 0.015]
|  100|0.9211|0.5000|0.2049|1.1301| - [0.816, 0.023, 0.146, 0.000, 0.015]
|  101|0.9737|0.5000|0.2540|1.0714| - [0.825, 0.021, 0.139, 0.000, 0.015]
|  102|0.9737|0.5000|0.2540|0.9835| - [0.825, 0.021, 0.139, 0.000, 0.015]
|  103|0.9737|0.5000|0.2348|0.9489| - [0.825, 0.021, 0.139, 0.000, 0.015]
|  104|0.9474|0.5000|0.2650|0.9819| - [0.825, 0.021, 0.139, 0.000, 0.015]
|  105|0.8158|0.5000|0.2412|0.8502| - [0.825, 0.021, 0.139, 0.000, 0.015]
|  106|0.8421|0.5000|0.2443|0.8489| - [0.825, 0.021, 0.139, 0.000, 0.015]
|  107|0.9737|0.5000|0.2570|0.8291| - [0.837, 0.022, 0.141, 0.000, 0.000]
|  108|0.9737|0.5000|0.2686|0.8352| - [0.837, 0.022, 0.141, 0.000, 0.000]
|  109|0.9474|0.5000|0.2616|0.8255| - [0.837, 0.022, 0.141, 0.000, 0.000]
|  110|0.9474|0.5000|0.2231|0.8241| - [0.837, 0.022, 0.141, 0.000, 0.000]
|  111|0.9737|0.5000|0.2678|0.7885| - [0.880, 0.023, 0.082, 0.000, 0.016]
|  112|0.8947|0.5000|0.2561|0.7418| - [0.880, 0.023, 0.082, 0.000, 0.016]
|  113|0.9737|0.5000|0.2510|0.7073| - [0.885, 0.023, 0.082, 0.000, 0.010]
|  114|0.8684|0.5000|0.2464|0.6739| - [0.885, 0.023, 0.082, 0.000, 0.010]
|  115|0.7632|0.5000|0.2497|0.6614| - [0.885, 0.023, 0.082, 0.000, 0.010]
|  116|0.6316|0.5000|0.2202|0.6534| - [0.885, 0.023, 0.082, 0.000, 0.010]
|  117|0.5000|0.5000|0.0000|0.6453| - [0.885, 0.023, 0.082, 0.000, 0.010]
|  118|0.5263|0.5000|0.1116|0.6454| - [0.885, 0.023, 0.082, 0.000, 0.010]
|  119|0.5000|0.5000|0.0000|0.6453| - [0.885, 0.023, 0.082, 0.000, 0.010]
|  120|0.5263|0.5000|0.1116|0.6462| - [0.885, 0.023, 0.082, 0.000, 0.010]
|  121|0.5000|0.5000|0.0000|0.6453| - [0.885, 0.023, 0.082, 0.000, 0.010]
|  122|0.5000|0.5000|0.0000|0.6453| - [0.885, 0.023, 0.082, 0.000, 0.010]
|  123|0.5000|0.5000|0.0000|0.6453| - [0.885, 0.023, 0.082, 0.000, 0.010]
|  124|0.5000|0.5000|0.0000|0.6453| - [0.885, 0.023, 0.082, 0.000, 0.010]
|  125|0.5000|0.5000|0.0000|0.6453| - [0.885, 0.023, 0.082, 0.000, 0.010]
|  126|0.5000|0.5000|0.0000|0.6453| - [0.885, 0.023, 0.082, 0.000, 0.010]
|  127|0.5000|0.5000|0.0000|0.6453| - [0.885, 0.023, 0.082, 0.000, 0.010]
|  128|0.9737|0.5000|0.1116|0.6453| - [0.885, 0.023, 0.082, 0.000, 0.010]
|  129|0.9737|0.5000|0.1116|0.6453| - [0.885, 0.023, 0.082, 0.000, 0.010]
|  130|0.9737|0.5000|0.1829|0.6333| - [0.940, 0.024, 0.025, 0.000, 0.011]
|  131|0.9737|0.5000|0.2049|0.6333| - [0.940, 0.024, 0.025, 0.000, 0.011]
|  132|0.8684|0.5000|0.2673|0.5855| - [0.940, 0.024, 0.025, 0.000, 0.011]
|  133|0.8158|0.5000|0.2695|0.5576| - [0.940, 0.024, 0.025, 0.000, 0.011]
|  134|0.6842|0.5000|0.2412|0.5019| - [0.940, 0.024, 0.025, 0.000, 0.011]
|  135|0.9737|0.5000|0.1116|0.4098| - [0.964, 0.025, 0.000, 0.000, 0.011]
|  136|0.9211|0.5000|0.1823|0.3928| - [0.964, 0.025, 0.000, 0.000, 0.011]
|  137|0.7632|0.5000|0.2561|0.3415| - [0.964, 0.025, 0.000, 0.000, 0.011]
|  138|0.6579|0.5000|0.2324|0.3079| - [0.964, 0.025, 0.000, 0.000, 0.011]
|  139|0.7105|0.5000|0.2540|0.3168| - [0.964, 0.025, 0.000, 0.000, 0.011]
|  140|0.8158|0.5000|0.2645|0.3586| - [0.964, 0.025, 0.000, 0.000, 0.011]
|  141|0.6842|0.5000|0.2443|0.3158| - [0.964, 0.025, 0.000, 0.000, 0.011]
|  142|0.5000|0.5000|0.0000|0.2570| - [0.964, 0.025, 0.000, 0.000, 0.011]
|  143|0.5000|0.5000|0.0000|0.2570| - [0.964, 0.025, 0.000, 0.000, 0.011]
|  144|0.5263|0.5000|0.1116|0.2583| - [0.964, 0.025, 0.000, 0.000, 0.011]
|  145|0.5000|0.5000|0.0000|0.2570| - [0.964, 0.025, 0.000, 0.000, 0.011]
|  146|0.9737|0.5000|0.1537|0.2547| - [0.989, 0.000, 0.000, 0.000, 0.011]
|  147|0.9474|0.5000|0.1829|0.2306| - [0.989, 0.000, 0.000, 0.000, 0.011]
|  148|0.7895|0.5000|0.2469|0.1867| - [0.989, 0.000, 0.000, 0.000, 0.011]
|  149|0.6579|0.5000|0.2348|0.1428| - [0.989, 0.000, 0.000, 0.000, 0.011]
|  150|0.5000|0.5000|0.0000|0.0901| - [0.989, 0.000, 0.000, 0.000, 0.011]
|  151|0.5000|0.5000|0.0000|0.0901| - [0.989, 0.000, 0.000, 0.000, 0.011]
|  152|0.5000|0.5000|0.0000|0.0901| - [0.989, 0.000, 0.000, 0.000, 0.011]
|  153|0.5000|0.5000|0.0000|0.0901| - [0.989, 0.000, 0.000, 0.000, 0.011]
|  154|0.5000|0.5000|0.0000|0.0901| - [0.989, 0.000, 0.000, 0.000, 0.011]
|  155|0.5000|0.5000|0.0000|0.0854| - [1.000, 0.000, 0.000, 0.000, 0.000]
|  156|0.5000|0.5000|0.0000|0.0854| - [1.000, 0.000, 0.000, 0.000, 0.000]
|  157|0.9211|0.5000|0.1622|0.0808| - [0.989, 0.000, 0.000, 0.000, 0.011]
|  158|0.8421|0.5000|0.2324|0.0899| - [0.989, 0.000, 0.000, 0.000, 0.011]
|  159|0.6316|0.5000|0.2202|0.0895| - [0.989, 0.000, 0.000, 0.000, 0.011]
|  160|0.9737|0.5000|0.1116|0.0892| - [0.989, 0.000, 0.000, 0.000, 0.011]
|  161|0.8947|0.5000|0.2038|0.0890| - [0.989, 0.000, 0.000, 0.000, 0.011]
|  162|0.9211|0.5000|0.1449|0.0845| - [0.989, 0.000, 0.000, 0.000, 0.011]
|  163|0.8947|0.5000|0.1718|0.0844| - [0.989, 0.000, 0.000, 0.000, 0.011]
|  164|0.7368|0.5000|0.2497|0.0887| - [0.989, 0.000, 0.000, 0.000, 0.011]
|  165|0.5000|0.5000|0.0000|0.0882| - [0.989, 0.000, 0.000, 0.000, 0.011]
|  166|0.5000|0.5000|0.0000|0.0882| - [0.989, 0.000, 0.000, 0.000, 0.011]
|  167|0.5000|0.5000|0.0000|0.0882| - [0.989, 0.000, 0.000, 0.000, 0.011]
|  168|0.5000|0.5000|0.0000|0.0882| - [0.989, 0.000, 0.000, 0.000, 0.011]
|  169|0.9737|0.5000|0.1116|0.0880| - [0.989, 0.000, 0.000, 0.000, 0.011]
|  170|0.9474|0.5000|0.1829|0.0876| - [0.989, 0.000, 0.000, 0.000, 0.011]
|  171|0.8158|0.5000|0.2587|0.0865| - [0.989, 0.000, 0.000, 0.000, 0.011]
|  172|0.6316|0.5000|0.2202|0.0855| - [0.989, 0.000, 0.000, 0.000, 0.011]
|  173|0.5000|0.5000|0.0000|0.0880| - [0.989, 0.000, 0.000, 0.000, 0.011]
|  174|0.5000|0.5000|0.0000|0.0801| - [1.000, 0.000, 0.000, 0.000, 0.000]
|  175|0.5000|0.5000|0.0000|0.0846| - [0.989, 0.000, 0.000, 0.000, 0.011]
|  176|0.5263|0.5000|0.1116|0.0923| - [0.989, 0.000, 0.000, 0.000, 0.011]
|  177|0.9737|0.5000|0.1116|0.0920| - [0.969, 0.020, 0.000, 0.000, 0.011]
|  178|0.8684|0.5000|0.2348|0.1293| - [0.969, 0.020, 0.000, 0.000, 0.011]
|  179|0.8421|0.5000|0.2324|0.1293| - [0.969, 0.020, 0.000, 0.000, 0.011]
|  180|0.9737|0.5000|0.1829|0.2113| - [0.969, 0.020, 0.000, 0.000, 0.011]
|  181|0.9737|0.5000|0.1537|0.2298| - [0.969, 0.020, 0.000, 0.000, 0.011]
|  182|0.9737|0.5000|0.1116|0.2262| - [0.969, 0.020, 0.000, 0.000, 0.011]
|  183|0.8421|0.5000|0.2324|0.2259| - [0.969, 0.020, 0.000, 0.000, 0.011]
|  184|0.6316|0.5000|0.2202|0.2255| - [0.969, 0.020, 0.000, 0.000, 0.011]
|  185|0.5000|0.5000|0.0000|0.2253| - [0.969, 0.020, 0.000, 0.000, 0.011]
|  186|0.5000|0.5000|0.0000|0.2253| - [0.969, 0.020, 0.000, 0.000, 0.011]
|  187|0.5000|0.5000|0.0000|0.2253| - [0.969, 0.020, 0.000, 0.000, 0.011]
|  188|0.9737|0.5000|0.1537|0.2205| - [0.980, 0.020, 0.000, 0.000, 0.000]
|  189|0.9737|0.5000|0.1537|0.2205| - [0.980, 0.020, 0.000, 0.000, 0.000]
|  190|0.9474|0.5000|0.1534|0.2165| - [0.980, 0.020, 0.000, 0.000, 0.000]
|  191|0.8421|0.5000|0.2443|0.1990| - [0.980, 0.020, 0.000, 0.000, 0.000]
|  192|0.7632|0.5000|0.2666|0.1858| - [0.980, 0.020, 0.000, 0.000, 0.000]
|  193|0.7895|0.5000|0.2701|0.1901| - [0.980, 0.020, 0.000, 0.000, 0.000]
|  194|0.6053|0.5000|0.2038|0.1596| - [0.980, 0.020, 0.000, 0.000, 0.000]
|  195|0.5000|0.5000|0.0000|0.1422| - [0.980, 0.020, 0.000, 0.000, 0.000]
|  196|0.5000|0.5000|0.0000|0.1422| - [0.980, 0.020, 0.000, 0.000, 0.000]
|  197|0.5000|0.5000|0.0000|0.1422| - [0.980, 0.020, 0.000, 0.000, 0.000]
|  198|0.5000|0.5000|0.0000|0.1422| - [0.980, 0.020, 0.000, 0.000, 0.000]
|  199|0.5000|0.5000|0.0000|0.1422| - [0.980, 0.020, 0.000, 0.000, 0.000]
|  200|0.5000|0.5000|0.0000|0.1347| - [1.000, 0.000, 0.000, 0.000, 0.000]
|  201|0.5000|0.5000|0.0000|0.1422| - [0.980, 0.020, 0.000, 0.000, 0.000]
|  202|0.5000|0.5000|0.0000|0.1422| - [0.980, 0.020, 0.000, 0.000, 0.000]
|  203|0.5000|0.5000|0.0000|0.1422| - [0.980, 0.020, 0.000, 0.000, 0.000]
|  204|0.5000|0.5000|0.0000|0.1422| - [0.980, 0.020, 0.000, 0.000, 0.000]
|  205|0.5000|0.5000|0.0000|0.1422| - [0.980, 0.020, 0.000, 0.000, 0.000]
|  206|0.5000|0.5000|0.0000|0.1422| - [0.980, 0.020, 0.000, 0.000, 0.000]
|  207|0.5000|0.5000|0.0000|0.1422| - [0.980, 0.020, 0.000, 0.000, 0.000]
|  208|0.9737|0.5000|0.1116|0.1421| - [0.980, 0.020, 0.000, 0.000, 0.000]
|  209|0.9211|0.5000|0.1823|0.1418| - [0.980, 0.020, 0.000, 0.000, 0.000]
|  210|0.9211|0.5000|0.1823|0.1418| - [0.980, 0.020, 0.000, 0.000, 0.000]
|  211|0.7895|0.5000|0.2469|0.1411| - [0.980, 0.020, 0.000, 0.000, 0.000]
|  212|0.5789|0.5000|0.1823|0.1400| - [0.980, 0.020, 0.000, 0.000, 0.000]
|  213|0.9737|0.5000|0.1116|0.1391| - [0.982, 0.018, 0.000, 0.000, 0.000]
|  214|0.9737|0.5000|0.1116|0.1391| - [0.982, 0.018, 0.000, 0.000, 0.000]
|  215|0.9737|0.5000|0.1116|0.1391| - [0.982, 0.018, 0.000, 0.000, 0.000]
|  216|0.9737|0.5000|0.1116|0.1391| - [0.982, 0.018, 0.000, 0.000, 0.000]
|  217|0.9737|0.5000|0.1116|0.1391| - [0.982, 0.018, 0.000, 0.000, 0.000]
|  218|0.9474|0.5000|0.1829|0.1382| - [0.982, 0.018, 0.000, 0.000, 0.000]
|  219|0.7632|0.5000|0.2497|0.1355| - [0.982, 0.018, 0.000, 0.000, 0.000]
|  220|0.6053|0.5000|0.2038|0.1328| - [0.982, 0.018, 0.000, 0.000, 0.000]
|  221|0.5000|0.5000|0.0000|0.1309| - [0.982, 0.018, 0.000, 0.000, 0.000]
|  222|0.5000|0.5000|0.0000|0.1240| - [0.982, 0.018, 0.000, 0.000, 0.000]
|  223|0.5000|0.5000|0.0000|0.1103| - [1.000, 0.000, 0.000, 0.000, 0.000]
|  224|0.5000|0.5000|0.0000|0.1166| - [1.000, 0.000, 0.000, 0.000, 0.000]
|  225|0.5000|0.5000|0.0000|0.1028| - [1.000, 0.000, 0.000, 0.000, 0.000]
|  226|0.5263|0.5000|0.0452|0.0571| - [0.982, 0.018, 0.000, 0.000, 0.000]
|  227|0.5526|0.5000|0.0867|0.1005| - [0.982, 0.018, 0.000, 0.000, 0.000]
|  228|0.5000|0.5000|0.0000|0.1171| - [0.982, 0.018, 0.000, 0.000, 0.000]
|  229|0.5000|0.5000|0.0000|0.1309| - [0.982, 0.018, 0.000, 0.000, 0.000]
|  230|0.5000|0.5000|0.0000|0.1309| - [0.982, 0.018, 0.000, 0.000, 0.000]
|  231|0.5000|0.5000|0.0000|0.1309| - [0.982, 0.018, 0.000, 0.000, 0.000]
|  232|0.5000|0.5000|0.0000|0.1309| - [0.982, 0.018, 0.000, 0.000, 0.000]
|  233|0.5000|0.5000|0.0000|0.1309| - [0.982, 0.018, 0.000, 0.000, 0.000]
|  234|0.5000|0.5000|0.0000|0.1309| - [0.982, 0.018, 0.000, 0.000, 0.000]
|  235|0.9737|0.5000|0.1116|0.1308| - [0.982, 0.018, 0.000, 0.000, 0.000]
|  236|0.9737|0.5000|0.1116|0.1308| - [0.982, 0.018, 0.000, 0.000, 0.000]
|  237|0.8684|0.5000|0.2348|0.1301| - [0.982, 0.018, 0.000, 0.000, 0.000]
|  238|0.9737|0.5000|0.2510|0.1291| - [0.983, 0.017, 0.000, 0.000, 0.000]
|  239|0.9737|0.5000|0.2054|0.1317| - [0.983, 0.017, 0.000, 0.000, 0.000]
|  240|0.8684|0.5000|0.2348|0.1278| - [0.983, 0.017, 0.000, 0.000, 0.000]
|  241|0.6579|0.5000|0.2324|0.1274| - [0.983, 0.017, 0.000, 0.000, 0.000]
|  242|0.9737|0.5000|0.1116|0.1261| - [0.986, 0.014, 0.000, 0.000, 0.000]
|  243|0.9737|0.5000|0.1116|0.1261| - [0.986, 0.014, 0.000, 0.000, 0.000]
|  244|0.9211|0.5000|0.1823|0.1242| - [0.986, 0.014, 0.000, 0.000, 0.000]
|  245|0.8947|0.5000|0.2038|0.1232| - [0.986, 0.014, 0.000, 0.000, 0.000]
|  246|0.7632|0.5000|0.2497|0.1183| - [0.986, 0.014, 0.000, 0.000, 0.000]
|  247|0.6053|0.5000|0.2038|0.1125| - [0.986, 0.014, 0.000, 0.000, 0.000]
|  248|0.9737|0.5000|0.1537|0.1084| - [0.986, 0.014, 0.000, 0.000, 0.000]
|  249|0.9211|0.5000|0.1823|0.1080| - [0.986, 0.014, 0.000, 0.000, 0.000]
|  250|0.7895|0.5000|0.2248|0.1014| - [0.986, 0.014, 0.000, 0.000, 0.000]
|  251|0.7632|0.5000|0.2497|0.1067| - [0.986, 0.014, 0.000, 0.000, 0.000]
|  252|0.8421|0.5000|0.2324|0.1074| - [0.986, 0.014, 0.000, 0.000, 0.000]
|  253|0.6316|0.5000|0.2202|0.1057| - [0.986, 0.014, 0.000, 0.000, 0.000]
|  254|0.5000|0.5000|0.0000|0.1047| - [0.986, 0.014, 0.000, 0.000, 0.000]
|  255|0.5000|0.5000|0.0000|0.1047| - [0.986, 0.014, 0.000, 0.000, 0.000]
|  256|0.5000|0.5000|0.0000|0.1047| - [0.986, 0.014, 0.000, 0.000, 0.000]
|  257|0.9737|0.5000|0.1116|0.1045| - [0.987, 0.013, 0.000, 0.000, 0.000]
|  258|0.9737|0.5000|0.1116|0.1045| - [0.987, 0.013, 0.000, 0.000, 0.000]
|  259|0.9737|0.5000|0.1537|0.1044| - [0.987, 0.013, 0.000, 0.000, 0.000]
|  260|0.9474|0.5000|0.1056|0.0990| - [0.987, 0.013, 0.000, 0.000, 0.000]
|  261|0.9737|0.5000|0.1116|0.1045| - [0.987, 0.013, 0.000, 0.000, 0.000]
|  262|0.9474|0.5000|0.1056|0.0990| - [0.987, 0.013, 0.000, 0.000, 0.000]
|  263|0.9737|0.5000|0.1116|0.1045| - [0.987, 0.013, 0.000, 0.000, 0.000]
|  264|0.9737|0.5000|0.1829|0.1042| - [0.987, 0.013, 0.000, 0.000, 0.000]
|  265|0.9737|0.5000|0.2674|0.1031| - [0.987, 0.013, 0.000, 0.000, 0.000]
|  266|0.9737|0.5000|0.2686|0.1025| - [0.987, 0.013, 0.000, 0.000, 0.000]
|  267|0.9737|0.5000|0.1829|0.1020| - [0.987, 0.013, 0.000, 0.000, 0.000]
|  268|0.9737|0.5000|0.1116|0.1016| - [0.987, 0.013, 0.000, 0.000, 0.000]
|  269|0.9737|0.5000|0.1116|0.1016| - [0.987, 0.013, 0.000, 0.000, 0.000]
|  270|0.9737|0.5000|0.1116|0.1016| - [0.987, 0.013, 0.000, 0.000, 0.000]
|  271|0.9737|0.5000|0.1116|0.1016| - [0.987, 0.013, 0.000, 0.000, 0.000]
|  272|0.9737|0.5000|0.1116|0.1016| - [0.987, 0.013, 0.000, 0.000, 0.000]
|  273|0.9737|0.5000|0.1116|0.1016| - [0.987, 0.013, 0.000, 0.000, 0.000]
|  274|0.9737|0.5000|0.1116|0.1016| - [0.987, 0.013, 0.000, 0.000, 0.000]
|  275|0.9737|0.5000|0.1116|0.1016| - [0.987, 0.013, 0.000, 0.000, 0.000]
|  276|0.9737|0.5000|0.1116|0.1016| - [0.987, 0.013, 0.000, 0.000, 0.000]
|  277|0.9737|0.5000|0.1116|0.1016| - [0.987, 0.013, 0.000, 0.000, 0.000]
|  278|0.9737|0.5000|0.1116|0.1016| - [0.987, 0.013, 0.000, 0.000, 0.000]
|  279|0.9737|0.5000|0.1116|0.1016| - [0.987, 0.013, 0.000, 0.000, 0.000]
|  280|0.9737|0.5000|0.1116|0.1016| - [0.987, 0.013, 0.000, 0.000, 0.000]
|  281|0.9737|0.5000|0.1116|0.1016| - [0.987, 0.013, 0.000, 0.000, 0.000]
|  282|0.9474|0.5000|0.1056|0.0963| - [0.987, 0.013, 0.000, 0.000, 0.000]
|  283|0.9737|0.5000|0.1116|0.1016| - [0.987, 0.013, 0.000, 0.000, 0.000]
|  284|0.9737|0.5000|0.1116|0.1016| - [0.987, 0.013, 0.000, 0.000, 0.000]
|  285|0.9737|0.5000|0.1116|0.1016| - [0.987, 0.013, 0.000, 0.000, 0.000]
|  286|0.9737|0.5000|0.1537|0.1018| - [0.987, 0.013, 0.000, 0.000, 0.000]
|  287|0.9737|0.5000|0.1116|0.1016| - [0.987, 0.013, 0.000, 0.000, 0.000]
|  288|0.9737|0.5000|0.1116|0.1016| - [0.987, 0.013, 0.000, 0.000, 0.000]
|  289|0.9737|0.5000|0.1537|0.1015| - [0.987, 0.013, 0.000, 0.000, 0.000]
|  290|0.8947|0.5000|0.2038|0.1011| - [0.987, 0.013, 0.000, 0.000, 0.000]
|  291|0.6316|0.5000|0.2202|0.0999| - [0.987, 0.013, 0.000, 0.000, 0.000]
|  292|0.9737|0.5000|0.1116|0.0991| - [0.988, 0.012, 0.000, 0.000, 0.000]
|  293|0.7895|0.5000|0.2248|0.0928| - [0.988, 0.012, 0.000, 0.000, 0.000]
|  294|0.5789|0.5000|0.1823|0.0964| - [0.988, 0.012, 0.000, 0.000, 0.000]
|  295|0.5000|0.5000|0.0000|0.0959| - [0.988, 0.012, 0.000, 0.000, 0.000]
|  296|0.5000|0.5000|0.0000|0.0959| - [0.988, 0.012, 0.000, 0.000, 0.000]
|  297|0.9474|0.5000|0.1056|0.0906| - [0.988, 0.012, 0.000, 0.000, 0.000]
|  298|0.9474|0.5000|0.1534|0.0954| - [0.988, 0.012, 0.000, 0.000, 0.000]
|  299|0.8158|0.5000|0.2412|0.0943| - [0.988, 0.012, 0.000, 0.000, 0.000]
|  300|0.6053|0.5000|0.2038|0.0924| - [0.988, 0.012, 0.000, 0.000, 0.000]
|  301|0.5263|0.5000|0.1116|0.0917| - [0.988, 0.012, 0.000, 0.000, 0.000]
|  302|0.5000|0.5000|0.0000|0.0915| - [0.988, 0.012, 0.000, 0.000, 0.000]
|  303|0.5000|0.5000|0.0000|0.0915| - [0.988, 0.012, 0.000, 0.000, 0.000]
|  304|0.5000|0.5000|0.0000|0.0915| - [0.988, 0.012, 0.000, 0.000, 0.000]
|  305|0.9737|0.5000|0.1116|0.0915| - [0.988, 0.012, 0.000, 0.000, 0.000]
|  306|0.9211|0.5000|0.0996|0.0913| - [0.988, 0.012, 0.000, 0.000, 0.000]
|  307|0.8158|0.5000|0.1928|0.0818| - [0.988, 0.012, 0.000, 0.000, 0.000]
|  308|0.6316|0.5000|0.1791|0.0967| - [0.988, 0.012, 0.000, 0.000, 0.000]
|  309|0.5000|0.5000|0.0000|0.1213| - [0.988, 0.012, 0.000, 0.000, 0.000]
|  310|0.5000|0.5000|0.0000|0.1969| - [0.988, 0.012, 0.000, 0.000, 0.000]
|  311|0.5000|0.5000|0.0000|0.1817| - [0.988, 0.012, 0.000, 0.000, 0.000]
|  312|0.5000|0.5000|0.0000|0.1817| - [0.988, 0.012, 0.000, 0.000, 0.000]
|  313|0.8421|0.5000|0.0814|0.1663| - [0.989, 0.011, 0.000, 0.000, 0.000]
|  314|0.7632|0.5000|0.1653|0.1499| - [0.989, 0.011, 0.000, 0.000, 0.000]
|  315|0.7105|0.5000|0.0547|0.1866| - [0.901, 0.071, 0.028, 0.000, 0.000]
|  316|0.8158|0.5000|0.0768|0.1557| - [0.901, 0.071, 0.028, 0.000, 0.000]
|  317|0.6579|0.5000|0.0553|0.2018| - [0.928, 0.072, 0.000, 0.000, 0.000]
|  318|0.6579|0.5000|0.0616|0.1925| - [0.954, 0.046, 0.000, 0.000, 0.000]
|  319|0.7368|0.5000|0.0573|0.2427| - [0.954, 0.046, 0.000, 0.000, 0.000]
|  320|0.7632|0.5000|0.0633|0.2491| - [0.954, 0.046, 0.000, 0.000, 0.000]
|  321|0.7895|0.5000|0.0694|0.2646| - [0.954, 0.046, 0.000, 0.000, 0.000]
|  322|0.8158|0.5000|0.1403|0.2951| - [0.954, 0.046, 0.000, 0.000, 0.000]
|  323|0.7105|0.5000|0.1565|0.2672| - [0.954, 0.046, 0.000, 0.000, 0.000]
|  324|0.6316|0.5000|0.1377|0.2404| - [0.954, 0.046, 0.000, 0.000, 0.000]
|  325|0.5000|0.5000|0.0000|0.2219| - [0.954, 0.046, 0.000, 0.000, 0.000]
|  326|0.8158|0.5000|0.0754|0.2114| - [0.957, 0.043, 0.000, 0.000, 0.000]
|  327|0.7895|0.5000|0.1551|0.2290| - [0.957, 0.043, 0.000, 0.000, 0.000]
|  328|0.8421|0.5000|0.2198|0.2574| - [0.957, 0.043, 0.000, 0.000, 0.000]
|  329|0.7632|0.5000|0.2497|0.2647| - [0.957, 0.043, 0.000, 0.000, 0.000]
|  330|0.6053|0.5000|0.2038|0.2607| - [0.957, 0.043, 0.000, 0.000, 0.000]
|  331|0.5000|0.5000|0.0000|0.2580| - [0.957, 0.043, 0.000, 0.000, 0.000]
|  332|0.5000|0.5000|0.0000|0.2580| - [0.957, 0.043, 0.000, 0.000, 0.000]
|  333|0.5000|0.5000|0.0000|0.2580| - [0.957, 0.043, 0.000, 0.000, 0.000]
|  334|0.5000|0.5000|0.0000|0.2580| - [0.957, 0.043, 0.000, 0.000, 0.000]
|  335|0.5263|0.5000|0.1116|0.2598| - [0.957, 0.043, 0.000, 0.000, 0.000]
|  336|0.5000|0.5000|0.0000|0.2580| - [0.957, 0.043, 0.000, 0.000, 0.000]
|  337|0.5000|0.5000|0.0000|0.2580| - [0.957, 0.043, 0.000, 0.000, 0.000]
|  338|0.5000|0.5000|0.0000|0.2580| - [0.957, 0.043, 0.000, 0.000, 0.000]
|  339|0.9737|0.5000|0.1116|0.2528| - [0.977, 0.023, 0.000, 0.000, 0.000]
|  340|0.8947|0.5000|0.2038|0.2373| - [0.977, 0.023, 0.000, 0.000, 0.000]
|  341|0.9211|0.5000|0.2049|0.2424| - [0.977, 0.023, 0.000, 0.000, 0.000]
|  342|0.9474|0.5000|0.1829|0.2473| - [0.977, 0.023, 0.000, 0.000, 0.000]
|  343|0.8684|0.5000|0.2348|0.2318| - [0.977, 0.023, 0.000, 0.000, 0.000]
|  344|0.7368|0.5000|0.2497|0.2063| - [0.977, 0.023, 0.000, 0.000, 0.000]
|  345|0.5789|0.5000|0.1823|0.1754| - [0.977, 0.023, 0.000, 0.000, 0.000]
|  346|0.5000|0.5000|0.0000|0.1599| - [0.977, 0.023, 0.000, 0.000, 0.000]
|  347|0.5000|0.5000|0.0000|0.1599| - [0.977, 0.023, 0.000, 0.000, 0.000]
|  348|0.9737|0.5000|0.1116|0.1596| - [0.978, 0.022, 0.000, 0.000, 0.000]
|  349|0.9211|0.5000|0.1823|0.1591| - [0.978, 0.022, 0.000, 0.000, 0.000]
|  350|0.8947|0.5000|0.2038|0.1588| - [0.978, 0.022, 0.000, 0.000, 0.000]
|  351|0.8684|0.5000|0.2202|0.1585| - [0.978, 0.022, 0.000, 0.000, 0.000]
|  352|0.7632|0.5000|0.2497|0.1574| - [0.978, 0.022, 0.000, 0.000, 0.000]
|  353|0.5000|0.5000|0.0000|0.1547| - [0.978, 0.022, 0.000, 0.000, 0.000]
|  354|0.5000|0.5000|0.0000|0.1547| - [0.978, 0.022, 0.000, 0.000, 0.000]
|  355|0.5000|0.5000|0.0000|0.1547| - [0.978, 0.022, 0.000, 0.000, 0.000]
|  356|0.5000|0.5000|0.0000|0.1547| - [0.978, 0.022, 0.000, 0.000, 0.000]
|  357|0.5000|0.5000|0.0000|0.1547| - [0.978, 0.022, 0.000, 0.000, 0.000]
|  358|0.9737|0.5000|0.1116|0.1545| - [0.978, 0.022, 0.000, 0.000, 0.000]
|  359|0.8684|0.5000|0.2202|0.1537| - [0.978, 0.022, 0.000, 0.000, 0.000]
|  360|0.8947|0.5000|0.2038|0.1539| - [0.978, 0.022, 0.000, 0.000, 0.000]
|  361|0.9737|0.5000|0.2466|0.1517| - [0.984, 0.016, 0.000, 0.000, 0.000]
|  362|0.7895|0.5000|0.2403|0.1324| - [0.984, 0.016, 0.000, 0.000, 0.000]
|  363|0.6053|0.5000|0.1811|0.1125| - [0.984, 0.016, 0.000, 0.000, 0.000]
|  364|0.5000|0.5000|0.0000|0.1096| - [1.000, 0.000, 0.000, 0.000, 0.000]
|  365|0.5000|0.5000|0.0000|0.0927| - [1.000, 0.000, 0.000, 0.000, 0.000]
|  366|0.5000|0.5000|0.0000|0.1051| - [0.984, 0.016, 0.000, 0.000, 0.000]
|  367|0.8947|0.5000|0.0935|0.0988| - [0.984, 0.016, 0.000, 0.000, 0.000]
|  368|0.9211|0.5000|0.1807|0.1048| - [0.984, 0.016, 0.000, 0.000, 0.000]
|  369|0.7895|0.5000|0.1210|0.0771| - [0.984, 0.016, 0.000, 0.000, 0.000]
|  370|0.7895|0.5000|0.1097|0.0805| - [0.984, 0.016, 0.000, 0.000, 0.000]
|  371|0.6579|0.5000|0.0391|0.0429| - [0.984, 0.016, 0.000, 0.000, 0.000]
|  372|0.7632|0.5000|0.0633|0.0811| - [0.984, 0.016, 0.000, 0.000, 0.000]
|  373|0.7632|0.5000|0.0633|0.0811| - [0.984, 0.016, 0.000, 0.000, 0.000]
|  374|0.8947|0.5000|0.1164|0.1144| - [0.984, 0.016, 0.000, 0.000, 0.000]
|  375|0.8684|0.5000|0.0875|0.0918| - [0.984, 0.016, 0.000, 0.000, 0.000]
|  376|0.7632|0.5000|0.0633|0.0674| - [0.984, 0.016, 0.000, 0.000, 0.000]
|  377|0.6842|0.5000|0.0452|0.0490| - [0.984, 0.016, 0.000, 0.000, 0.000]
|  378|0.6842|0.5000|0.0598|0.0487| - [0.985, 0.015, 0.000, 0.000, 0.000]
|  379|0.7895|0.5000|0.0939|0.0732| - [0.985, 0.015, 0.000, 0.000, 0.000]
|  380|0.8421|0.5000|0.1539|0.0852| - [0.985, 0.015, 0.000, 0.000, 0.000]
|  381|0.7632|0.5000|0.1515|0.0784| - [0.985, 0.015, 0.000, 0.000, 0.000]
|  382|0.7368|0.5000|0.2549|0.1135| - [0.985, 0.015, 0.000, 0.000, 0.000]
|  383|0.5263|0.5000|0.1056|0.1061| - [0.985, 0.015, 0.000, 0.000, 0.000]
|  384|0.5000|0.5000|0.0000|0.1118| - [0.985, 0.015, 0.000, 0.000, 0.000]
|  385|0.5000|0.5000|0.0000|0.1059| - [0.985, 0.015, 0.000, 0.000, 0.000]
|  386|0.5000|0.5000|0.0000|0.1118| - [0.985, 0.015, 0.000, 0.000, 0.000]
|  387|0.5000|0.5000|0.0000|0.1088| - [0.994, 0.006, 0.000, 0.000, 0.000]
|  388|0.5000|0.5000|0.0000|0.1238| - [0.985, 0.015, 0.000, 0.000, 0.000]
|  389|0.9737|0.5000|0.1116|0.1115| - [0.986, 0.014, 0.000, 0.000, 0.000]
|  390|0.8947|0.5000|0.2218|0.1103| - [0.986, 0.014, 0.000, 0.000, 0.000]
|  391|0.7632|0.5000|0.2497|0.1091| - [0.986, 0.014, 0.000, 0.000, 0.000]
|  392|0.5000|0.5000|0.0000|0.1061| - [0.986, 0.014, 0.000, 0.000, 0.000]
|  393|0.5000|0.5000|0.0000|0.1061| - [0.986, 0.014, 0.000, 0.000, 0.000]
|  394|0.5000|0.5000|0.0000|0.1061| - [0.986, 0.014, 0.000, 0.000, 0.000]
|  395|0.5000|0.5000|0.0000|0.1061| - [0.986, 0.014, 0.000, 0.000, 0.000]
|  396|0.5000|0.5000|0.0000|0.1061| - [0.986, 0.014, 0.000, 0.000, 0.000]
|  397|0.5000|0.5000|0.0000|0.1061| - [0.986, 0.014, 0.000, 0.000, 0.000]
|  398|0.5000|0.5000|0.0000|0.1061| - [0.986, 0.014, 0.000, 0.000, 0.000]
|  399|0.5000|0.5000|0.0000|0.1061| - [0.986, 0.014, 0.000, 0.000, 0.000]
|  400|0.5000|0.5000|0.0000|0.1061| - [0.986, 0.014, 0.000, 0.000, 0.000]
|  401|0.5000|0.5000|0.0000|0.1061| - [0.986, 0.014, 0.000, 0.000, 0.000]
|  402|0.5000|0.5000|0.0000|0.1061| - [0.986, 0.014, 0.000, 0.000, 0.000]
|  403|0.5000|0.5000|0.0000|0.1061| - [0.986, 0.014, 0.000, 0.000, 0.000]
|  404|0.5000|0.5000|0.0000|0.1061| - [0.986, 0.014, 0.000, 0.000, 0.000]
|  405|0.5000|0.5000|0.0000|0.1061| - [0.986, 0.014, 0.000, 0.000, 0.000]
|  406|0.5000|0.5000|0.0000|0.1061| - [0.986, 0.014, 0.000, 0.000, 0.000]
|  407|0.5000|0.5000|0.0000|0.1061| - [0.986, 0.014, 0.000, 0.000, 0.000]
|  408|0.5000|0.5000|0.0000|0.1061| - [0.986, 0.014, 0.000, 0.000, 0.000]
|  409|0.5000|0.5000|0.0000|0.1241| - [0.986, 0.014, 0.000, 0.000, 0.000]
|  410|0.5000|0.5000|0.0000|0.1061| - [0.986, 0.014, 0.000, 0.000, 0.000]
|  411|0.5000|0.5000|0.0000|0.1006| - [0.986, 0.014, 0.000, 0.000, 0.000]
|  412|0.5000|0.5000|0.0000|0.1061| - [0.986, 0.014, 0.000, 0.000, 0.000]
|  413|0.5000|0.5000|0.0000|0.1061| - [0.986, 0.014, 0.000, 0.000, 0.000]
|  414|0.5000|0.5000|0.0000|0.1122| - [0.986, 0.014, 0.000, 0.000, 0.000]
|  415|0.5263|0.5000|0.1116|0.1063| - [0.986, 0.014, 0.000, 0.000, 0.000]
|  416|0.5000|0.5000|0.0000|0.1005| - [1.000, 0.000, 0.000, 0.000, 0.000]
|  417|0.9737|0.5000|0.1116|0.1060| - [0.986, 0.014, 0.000, 0.000, 0.000]
|  418|0.9474|0.5000|0.1451|0.1003| - [0.986, 0.014, 0.000, 0.000, 0.000]
|  419|0.8947|0.5000|0.0935|0.0892| - [0.986, 0.014, 0.000, 0.000, 0.000]
|  420|0.9211|0.5000|0.0996|0.0948| - [0.986, 0.014, 0.000, 0.000, 0.000]
|  421|0.9211|0.5000|0.0996|0.1186| - [0.986, 0.014, 0.000, 0.000, 0.000]
|  422|0.7368|0.5000|0.1515|0.1490| - [0.986, 0.014, 0.000, 0.000, 0.000]
|  423|0.6579|0.5000|0.1565|0.1486| - [0.986, 0.014, 0.000, 0.000, 0.000]
|  424|0.6579|0.5000|0.1565|0.1486| - [0.986, 0.014, 0.000, 0.000, 0.000]
|  425|0.6053|0.5000|0.0656|0.1774| - [0.986, 0.014, 0.000, 0.000, 0.000]
|  426|0.6579|0.5000|0.1503|0.1526| - [0.986, 0.014, 0.000, 0.000, 0.000]
|  427|0.8158|0.5000|0.0754|0.0706| - [0.987, 0.013, 0.000, 0.000, 0.000]
|  428|0.7895|0.5000|0.1551|0.0812| - [0.987, 0.013, 0.000, 0.000, 0.000]
|  429|0.7368|0.5000|0.1917|0.0863| - [0.987, 0.013, 0.000, 0.000, 0.000]
|  430|0.5000|0.5000|0.0000|0.0715| - [1.000, 0.000, 0.000, 0.000, 0.000]
|  431|0.5000|0.5000|0.0000|0.0745| - [1.000, 0.000, 0.000, 0.000, 0.000]
|  432|0.5000|0.5000|0.0000|0.0373| - [1.000, 0.000, 0.000, 0.000, 0.000]
|  433|0.5000|0.5000|0.0000|0.0106| - [1.000, 0.000, 0.000, 0.000, 0.000]
|  434|0.5000|0.5000|0.0000|0.0053| - [1.000, 0.000, 0.000, 0.000, 0.000]
|  435|0.5000|0.5000|0.0000|0.0053| - [1.000, 0.000, 0.000, 0.000, 0.000]
|  436|0.5000|0.5000|0.0000|0.0053| - [1.000, 0.000, 0.000, 0.000, 0.000]
|  437|0.5263|0.5000|0.0085|0.0209| - [0.987, 0.013, 0.000, 0.000, 0.000]
|  438|0.5263|0.5000|0.0085|0.0204| - [0.987, 0.013, 0.000, 0.000, 0.000]
|  439|0.5000|0.5000|0.0000|0.0106| - [1.000, 0.000, 0.000, 0.000, 0.000]
|  440|0.5000|0.5000|0.0000|0.0160| - [1.000, 0.000, 0.000, 0.000, 0.000]
|  441|0.5000|0.5000|0.0000|0.0266| - [0.987, 0.013, 0.000, 0.000, 0.000]
|  442|0.5000|0.5000|0.0000|0.0213| - [1.000, 0.000, 0.000, 0.000, 0.000]
|  443|0.5000|0.5000|0.0000|0.0266| - [1.000, 0.000, 0.000, 0.000, 0.000]
|  444|0.5000|0.5000|0.0000|0.0319| - [1.000, 0.000, 0.000, 0.000, 0.000]
|  445|0.5000|0.5000|0.0000|0.0479| - [1.000, 0.000, 0.000, 0.000, 0.000]
|  446|0.5263|0.5000|0.0283|0.0730| - [0.987, 0.013, 0.000, 0.000, 0.000]
|  447|0.6842|0.5000|0.1261|0.1003| - [0.939, 0.013, 0.048, 0.000, 0.000]
|  448|0.8684|0.5000|0.2152|0.2505| - [0.981, 0.013, 0.000, 0.006, 0.000]
|  449|0.9737|0.5000|0.2231|0.3304| - [0.981, 0.013, 0.000, 0.006, 0.000]
|  450|0.9737|0.5000|0.2633|0.2316| - [0.981, 0.013, 0.000, 0.006, 0.000]
|  451|0.9737|0.5000|0.1537|0.1595| - [0.981, 0.013, 0.000, 0.006, 0.000]
|  452|0.9737|0.5000|0.1116|0.1526| - [0.981, 0.013, 0.000, 0.006, 0.000]
|  453|0.9737|0.5000|0.1116|0.1526| - [0.981, 0.013, 0.000, 0.006, 0.000]
|  454|0.9737|0.5000|0.1116|0.1526| - [0.981, 0.013, 0.000, 0.006, 0.000]
|  455|0.9737|0.5000|0.1116|0.1526| - [0.981, 0.013, 0.000, 0.006, 0.000]
|  456|0.9737|0.5000|0.1537|0.1527| - [0.981, 0.013, 0.000, 0.006, 0.000]
|  457|0.9737|0.5000|0.1116|0.1526| - [0.981, 0.013, 0.000, 0.006, 0.000]
|  458|0.9737|0.5000|0.1537|0.1609| - [0.981, 0.013, 0.000, 0.006, 0.000]
|  459|0.9737|0.5000|0.1116|0.1526| - [0.981, 0.013, 0.000, 0.006, 0.000]
|  460|0.9737|0.5000|0.1116|0.1526| - [0.981, 0.013, 0.000, 0.006, 0.000]
|  461|0.9737|0.5000|0.1116|0.1526| - [0.981, 0.013, 0.000, 0.006, 0.000]
|  462|0.9737|0.5000|0.1116|0.1526| - [0.981, 0.013, 0.000, 0.006, 0.000]
|  463|0.9737|0.5000|0.1116|0.1526| - [0.981, 0.013, 0.000, 0.006, 0.000]
|  464|0.9737|0.5000|0.1116|0.1526| - [0.981, 0.013, 0.000, 0.006, 0.000]
|  465|0.9737|0.5000|0.1537|0.1473| - [0.994, 0.000, 0.000, 0.006, 0.000]
|  466|0.9737|0.5000|0.1116|0.1473| - [0.994, 0.000, 0.000, 0.006, 0.000]
|  467|0.9737|0.5000|0.1537|0.1474| - [0.994, 0.000, 0.000, 0.006, 0.000]
|  468|0.9737|0.5000|0.1116|0.1473| - [0.994, 0.000, 0.000, 0.006, 0.000]
|  469|0.9211|0.5000|0.1823|0.1368| - [0.994, 0.000, 0.000, 0.006, 0.000]
|  470|0.6579|0.5000|0.1967|0.0840| - [0.995, 0.000, 0.000, 0.005, 0.000]
|  471|0.9737|0.5000|0.1116|0.0524| - [0.995, 0.000, 0.000, 0.005, 0.000]
|  472|0.9211|0.5000|0.2049|0.0521| - [0.995, 0.000, 0.000, 0.005, 0.000]
|  473|0.7632|0.5000|0.2497|0.0510| - [0.995, 0.000, 0.000, 0.005, 0.000]
|  474|0.8684|0.5000|0.1813|0.0523| - [0.989, 0.000, 0.005, 0.006, 0.000]
|  475|0.9737|0.5000|0.1116|0.0519| - [0.989, 0.000, 0.005, 0.006, 0.000]
|  476|0.9737|0.5000|0.1116|0.0519| - [0.989, 0.000, 0.005, 0.006, 0.000]
|  477|0.9737|0.5000|0.1537|0.0604| - [0.989, 0.000, 0.005, 0.006, 0.000]
|  478|0.9737|0.5000|0.1116|0.0519| - [0.989, 0.000, 0.005, 0.006, 0.000]
|  479|0.8947|0.5000|0.2218|0.0688| - [0.989, 0.000, 0.005, 0.006, 0.000]
|  480|0.7368|0.5000|0.2587|0.0940| - [0.989, 0.000, 0.005, 0.006, 0.000]
|  481|0.5789|0.5000|0.1823|0.0905| - [0.989, 0.000, 0.005, 0.006, 0.000]
|  482|0.9737|0.5000|0.1537|0.0986| - [0.994, 0.000, 0.006, 0.000, 0.000]
|  483|0.9474|0.5000|0.1534|0.0958| - [0.994, 0.000, 0.006, 0.000, 0.000]
|  484|0.8947|0.5000|0.2038|0.0903| - [0.994, 0.000, 0.006, 0.000, 0.000]
|  485|0.6579|0.5000|0.2324|0.0657| - [0.994, 0.000, 0.006, 0.000, 0.000]
|  486|0.5789|0.5000|0.1823|0.0574| - [0.994, 0.000, 0.006, 0.000, 0.000]
|  487|0.5000|0.5000|0.0000|0.0492| - [0.994, 0.000, 0.006, 0.000, 0.000]
|  488|0.5263|0.5000|0.1116|0.0492| - [0.994, 0.000, 0.006, 0.000, 0.000]
|  489|0.5000|0.5000|0.0000|0.0492| - [0.994, 0.000, 0.006, 0.000, 0.000]
|  490|0.5000|0.5000|0.0000|0.0492| - [0.994, 0.000, 0.006, 0.000, 0.000]
|  491|0.5000|0.5000|0.0000|0.0492| - [0.994, 0.000, 0.006, 0.000, 0.000]
|  492|0.5000|0.5000|0.0000|0.0492| - [0.994, 0.000, 0.006, 0.000, 0.000]
|  493|0.5000|0.5000|0.0000|0.0492| - [0.994, 0.000, 0.006, 0.000, 0.000]
|  494|0.5000|0.5000|0.0000|0.0492| - [0.994, 0.000, 0.006, 0.000, 0.000]
|  495|0.5000|0.5000|0.0000|0.0492| - [0.994, 0.000, 0.006, 0.000, 0.000]
|  496|0.5263|0.5000|0.1116|0.0646| - [0.994, 0.000, 0.006, 0.000, 0.000]
|  497|0.5000|0.5000|0.0000|0.0492| - [0.994, 0.000, 0.006, 0.000, 0.000]
|  498|0.5000|0.5000|0.0000|0.0492| - [0.994, 0.000, 0.006, 0.000, 0.000]
|  499|0.5000|0.5000|0.0000|0.0492| - [0.994, 0.000, 0.006, 0.000, 0.000]
|  500|0.5000|0.5000|0.0000|0.0492| - [0.994, 0.000, 0.006, 0.000, 0.000]
|  501|0.5000|0.5000|0.0000|0.0492| - [0.994, 0.000, 0.006, 0.000, 0.000]
|  502|0.5000|0.5000|0.0000|0.0492| - [0.994, 0.000, 0.006, 0.000, 0.000]
|  503|0.5000|0.5000|0.0000|0.0492| - [0.994, 0.000, 0.006, 0.000, 0.000]
|  504|0.5000|0.5000|0.0000|0.0492| - [0.994, 0.000, 0.006, 0.000, 0.000]
|  505|0.5263|0.5000|0.1116|0.0520| - [0.994, 0.000, 0.006, 0.000, 0.000]
|  506|0.5263|0.5000|0.0999|0.0517| - [0.994, 0.000, 0.006, 0.000, 0.000]
|  507|0.5526|0.5000|0.1537|0.0565| - [0.994, 0.000, 0.006, 0.000, 0.000]
|  508|0.9737|0.5000|0.1116|0.0491| - [0.995, 0.000, 0.005, 0.000, 0.000]
|  509|0.9737|0.5000|0.1116|0.0491| - [0.995, 0.000, 0.005, 0.000, 0.000]
|  510|0.9737|0.5000|0.1116|0.0491| - [0.995, 0.000, 0.005, 0.000, 0.000]
|  511|0.8158|0.5000|0.2412|0.0483| - [0.995, 0.000, 0.005, 0.000, 0.000]
|  512|0.5526|0.5000|0.1534|0.0470| - [0.995, 0.000, 0.005, 0.000, 0.000]
|  513|0.5000|0.5000|0.0000|0.0467| - [0.995, 0.000, 0.005, 0.000, 0.000]
|  514|0.5000|0.5000|0.0000|0.0467| - [0.995, 0.000, 0.005, 0.000, 0.000]
|  515|0.5000|0.5000|0.0000|0.0443| - [1.000, 0.000, 0.000, 0.000, 0.000]
|  516|0.5000|0.5000|0.0000|0.0467| - [0.995, 0.000, 0.005, 0.000, 0.000]
|  517|0.5000|0.5000|0.0000|0.0603| - [0.995, 0.000, 0.005, 0.000, 0.000]
|  518|0.5000|0.5000|0.0000|0.0603| - [0.995, 0.000, 0.005, 0.000, 0.000]
|  519|0.5000|0.5000|0.0000|0.0467| - [0.995, 0.000, 0.005, 0.000, 0.000]
|  520|0.9737|0.5000|0.1116|0.0467| - [0.995, 0.000, 0.005, 0.000, 0.000]
|  521|0.9737|0.5000|0.1116|0.0467| - [0.995, 0.000, 0.005, 0.000, 0.000]
|  522|0.9474|0.5000|0.1534|0.0467| - [0.995, 0.000, 0.005, 0.000, 0.000]
|  523|0.8158|0.5000|0.2412|0.0467| - [0.995, 0.000, 0.005, 0.000, 0.000]
|  524|0.6842|0.5000|0.2412|0.0467| - [0.995, 0.000, 0.005, 0.000, 0.000]
|  525|0.5789|0.5000|0.1823|0.0466| - [0.995, 0.000, 0.005, 0.000, 0.000]
|  526|0.5000|0.5000|0.0000|0.0441| - [0.995, 0.000, 0.005, 0.000, 0.000]
|  527|0.5000|0.5000|0.0000|0.0466| - [0.995, 0.000, 0.005, 0.000, 0.000]
|  528|0.5000|0.5000|0.0000|0.0466| - [0.995, 0.000, 0.005, 0.000, 0.000]
|  529|0.5000|0.5000|0.0000|0.0466| - [0.995, 0.000, 0.005, 0.000, 0.000]
|  530|0.5000|0.5000|0.0000|0.0466| - [0.995, 0.000, 0.005, 0.000, 0.000]
|  531|0.5000|0.5000|0.0000|0.0466| - [0.995, 0.000, 0.005, 0.000, 0.000]
|  532|0.5000|0.5000|0.0000|0.0466| - [0.995, 0.000, 0.005, 0.000, 0.000]
|  533|0.5000|0.5000|0.0000|0.0466| - [0.995, 0.000, 0.005, 0.000, 0.000]
|  534|0.5000|0.5000|0.0000|0.0466| - [0.995, 0.000, 0.005, 0.000, 0.000]
|  535|0.5000|0.5000|0.0000|0.0441| - [0.995, 0.000, 0.005, 0.000, 0.000]
|  536|0.5000|0.5000|0.0000|0.0417| - [1.000, 0.000, 0.000, 0.000, 0.000]
|  537|0.5000|0.5000|0.0000|0.0417| - [0.995, 0.000, 0.005, 0.000, 0.000]
|  538|0.5000|0.5000|0.0000|0.0319| - [0.995, 0.000, 0.005, 0.000, 0.000]
|  539|0.5000|0.5000|0.0000|0.0319| - [0.995, 0.000, 0.005, 0.000, 0.000]
|  540|0.5000|0.5000|0.0000|0.0475| - [0.995, 0.000, 0.005, 0.000, 0.000]
|  541|0.5000|0.5000|0.0000|0.0392| - [0.995, 0.000, 0.005, 0.000, 0.000]
|  542|0.5000|0.5000|0.0000|0.0392| - [1.000, 0.000, 0.000, 0.000, 0.000]
|  543|0.5000|0.5000|0.0000|0.0466| - [0.995, 0.000, 0.005, 0.000, 0.000]
|  544|0.5000|0.5000|0.0000|0.0466| - [0.995, 0.000, 0.005, 0.000, 0.000]
|  545|0.5000|0.5000|0.0000|0.0466| - [0.995, 0.000, 0.005, 0.000, 0.000]
|  546|0.5000|0.5000|0.0000|0.0466| - [0.995, 0.000, 0.005, 0.000, 0.000]
|  547|0.5263|0.5000|0.1116|0.0466| - [0.995, 0.000, 0.005, 0.000, 0.000]
|  548|0.5000|0.5000|0.0000|0.0466| - [0.995, 0.000, 0.005, 0.000, 0.000]
|  549|0.5000|0.5000|0.0000|0.0466| - [0.995, 0.000, 0.005, 0.000, 0.000]
|  550|0.5000|0.5000|0.0000|0.0466| - [0.995, 0.000, 0.005, 0.000, 0.000]
|  551|0.5000|0.5000|0.0000|0.0466| - [0.995, 0.000, 0.005, 0.000, 0.000]
|  552|0.5000|0.5000|0.0000|0.0630| - [0.995, 0.000, 0.005, 0.000, 0.000]
|  553|0.5263|0.5000|0.1116|0.0467| - [0.995, 0.000, 0.005, 0.000, 0.000]
|  554|0.5000|0.5000|0.0000|0.0466| - [0.995, 0.000, 0.005, 0.000, 0.000]
|  555|0.5000|0.5000|0.0000|0.0501| - [0.995, 0.000, 0.005, 0.000, 0.000]
|  556|0.5000|0.5000|0.0000|0.0580| - [0.995, 0.000, 0.005, 0.000, 0.000]
|  557|0.8947|0.5000|0.0935|0.0806| - [0.995, 0.000, 0.005, 0.000, 0.000]
|  558|0.9211|0.5000|0.1823|0.0460| - [0.995, 0.000, 0.005, 0.000, 0.000]
|  559|0.8684|0.5000|0.2202|0.0457| - [0.995, 0.000, 0.005, 0.000, 0.000]
|  560|0.7368|0.5000|0.2497|0.0448| - [0.995, 0.000, 0.005, 0.000, 0.000]
|  561|0.6579|0.5000|0.2324|0.0442| - [0.995, 0.000, 0.005, 0.000, 0.000]
|  562|0.5263|0.5000|0.1116|0.0433| - [0.995, 0.000, 0.005, 0.000, 0.000]
|  563|0.5000|0.5000|0.0000|0.0566| - [0.995, 0.000, 0.005, 0.000, 0.000]
|  564|0.6053|0.5000|0.0270|0.1079| - [0.958, 0.000, 0.042, 0.000, 0.000]
|  565|0.7105|0.5000|0.0931|0.1270| - [0.893, 0.000, 0.039, 0.068, 0.000]
|  566|0.5526|0.5000|0.0283|0.1600| - [0.893, 0.000, 0.039, 0.068, 0.000]
|  567|0.7632|0.5000|0.0656|0.1160| - [0.893, 0.000, 0.039, 0.068, 0.000]
|  568|0.8158|0.5000|0.0783|0.1047| - [0.893, 0.000, 0.039, 0.068, 0.000]
|  569|0.8684|0.5000|0.0883|0.0933| - [0.893, 0.000, 0.039, 0.068, 0.000]
|  570|0.9737|0.5000|0.1116|0.0720| - [0.893, 0.000, 0.039, 0.068, 0.000]
|  571|0.9737|0.5000|0.1116|0.0720| - [0.893, 0.000, 0.039, 0.068, 0.000]
|  572|0.9737|0.5000|0.1116|0.0720| - [0.893, 0.000, 0.039, 0.068, 0.000]
|  573|0.9211|0.5000|0.2228|0.1910| - [0.893, 0.000, 0.039, 0.068, 0.000]
|  574|0.8684|0.5000|0.2560|0.2648| - [0.893, 0.000, 0.039, 0.068, 0.000]
|  575|0.7105|0.5000|0.2539|0.4302| - [0.893, 0.000, 0.039, 0.068, 0.000]
|  576|0.9211|0.5000|0.1932|0.5185| - [0.958, 0.000, 0.042, 0.000, 0.000]
|  577|0.9737|0.5000|0.1831|0.5613| - [0.958, 0.000, 0.042, 0.000, 0.000]
|  578|0.8947|0.5000|0.2475|0.5159| - [0.958, 0.000, 0.042, 0.000, 0.000]
|  579|0.6316|0.5000|0.2231|0.3313| - [0.958, 0.000, 0.042, 0.000, 0.000]
|  580|0.5526|0.5000|0.1534|0.2739| - [0.958, 0.000, 0.042, 0.000, 0.000]
|  581|0.5000|0.5000|0.0000|0.2519| - [0.958, 0.000, 0.042, 0.000, 0.000]
|  582|0.5000|0.5000|0.0000|0.2519| - [0.958, 0.000, 0.042, 0.000, 0.000]
|  583|0.5000|0.5000|0.0000|0.2519| - [0.958, 0.000, 0.042, 0.000, 0.000]
|  584|0.5000|0.5000|0.0000|0.2519| - [0.958, 0.000, 0.042, 0.000, 0.000]
|  585|0.9737|0.5000|0.1116|0.2519| - [0.958, 0.000, 0.042, 0.000, 0.000]
|  586|0.9474|0.5000|0.1534|0.2518| - [0.958, 0.000, 0.042, 0.000, 0.000]
|  587|0.9474|0.5000|0.1534|0.2518| - [0.958, 0.000, 0.042, 0.000, 0.000]
|  588|0.9211|0.5000|0.1823|0.2517| - [0.958, 0.000, 0.042, 0.000, 0.000]
|  589|0.9474|0.5000|0.1534|0.2518| - [0.958, 0.000, 0.042, 0.000, 0.000]
|  590|0.9737|0.5000|0.2218|0.2513| - [0.959, 0.000, 0.041, 0.000, 0.000]
|  591|0.8421|0.5000|0.2124|0.2577| - [0.959, 0.000, 0.041, 0.000, 0.000]
|  592|0.9737|0.5000|0.2348|0.2470| - [0.960, 0.000, 0.040, 0.000, 0.000]
|  593|0.9737|0.5000|0.2348|0.2470| - [0.960, 0.000, 0.040, 0.000, 0.000]
|  594|0.9737|0.5000|0.2363|0.2441| - [0.963, 0.000, 0.037, 0.000, 0.000]
|  595|0.9737|0.5000|0.2443|0.2425| - [0.963, 0.000, 0.037, 0.000, 0.000]
|  596|0.8684|0.5000|0.2348|0.2382| - [0.963, 0.000, 0.037, 0.000, 0.000]
|  597|0.8684|0.5000|0.2625|0.2383| - [0.963, 0.000, 0.037, 0.000, 0.000]
|  598|0.8158|0.5000|0.2510|0.2369| - [0.963, 0.000, 0.037, 0.000, 0.000]
|  599|0.6579|0.5000|0.2348|0.2325| - [0.963, 0.000, 0.037, 0.000, 0.000]
|  600|0.9211|0.5000|0.1556|0.2306| - [0.958, 0.001, 0.041, 0.000, 0.000]
|  601|0.9737|0.5000|0.1829|0.2298| - [0.958, 0.001, 0.041, 0.000, 0.000]
|  602|0.8684|0.5000|0.2348|0.2380| - [0.958, 0.001, 0.041, 0.000, 0.000]
|  603|0.7368|0.5000|0.2040|0.2434| - [0.958, 0.001, 0.041, 0.000, 0.000]
|  604|0.7632|0.5000|0.1825|0.2540| - [0.959, 0.000, 0.041, 0.000, 0.000]
|  605|0.9474|0.5000|0.1534|0.2605| - [0.959, 0.000, 0.041, 0.000, 0.000]
|  606|0.7105|0.5000|0.2469|0.2533| - [0.959, 0.000, 0.041, 0.000, 0.000]
|  607|0.5789|0.5000|0.1823|0.2493| - [0.959, 0.000, 0.041, 0.000, 0.000]
|  608|0.9737|0.5000|0.1116|0.2464| - [0.961, 0.000, 0.039, 0.000, 0.000]
|  609|0.9737|0.5000|0.1831|0.2409| - [0.979, 0.000, 0.021, 0.000, 0.000]
|  610|0.9211|0.5000|0.2556|0.2302| - [0.979, 0.000, 0.021, 0.000, 0.000]
|  611|0.8421|0.5000|0.2329|0.2185| - [0.979, 0.000, 0.021, 0.000, 0.000]
|  612|0.8421|0.5000|0.2443|0.2131| - [0.979, 0.000, 0.021, 0.000, 0.000]
|  613|0.8947|0.5000|0.2361|0.2235| - [0.979, 0.000, 0.021, 0.000, 0.000]
|  614|0.7895|0.5000|0.2494|0.1898| - [0.979, 0.000, 0.021, 0.000, 0.000]
|  615|0.8158|0.5000|0.2752|0.2020| - [0.979, 0.000, 0.021, 0.000, 0.000]
|  616|0.6316|0.5000|0.2231|0.1607| - [0.979, 0.000, 0.021, 0.000, 0.000]
|  617|0.5000|0.5000|0.0000|0.1444| - [0.979, 0.000, 0.021, 0.000, 0.000]
|  618|0.5000|0.5000|0.0000|0.1444| - [0.979, 0.000, 0.021, 0.000, 0.000]
|  619|0.5000|0.5000|0.0000|0.1444| - [0.979, 0.000, 0.021, 0.000, 0.000]
|  620|0.5000|0.5000|0.0000|0.1444| - [0.979, 0.000, 0.021, 0.000, 0.000]
|  621|0.5000|0.5000|0.0000|0.1444| - [0.979, 0.000, 0.021, 0.000, 0.000]
|  622|0.5000|0.5000|0.0000|0.1444| - [0.979, 0.000, 0.021, 0.000, 0.000]
|  623|0.5263|0.5000|0.1116|0.1540| - [0.979, 0.000, 0.021, 0.000, 0.000]
|  624|0.5000|0.5000|0.0000|0.1444| - [0.979, 0.000, 0.021, 0.000, 0.000]
|  625|0.5000|0.5000|0.0000|0.1444| - [0.979, 0.000, 0.021, 0.000, 0.000]
|  626|0.5000|0.5000|0.0000|0.1444| - [0.979, 0.000, 0.021, 0.000, 0.000]
|  627|0.5000|0.5000|0.0000|0.1444| - [0.979, 0.000, 0.021, 0.000, 0.000]
|  628|0.9737|0.5000|0.1116|0.1424| - [0.986, 0.000, 0.014, 0.000, 0.000]
|  629|0.9737|0.5000|0.1116|0.1424| - [0.986, 0.000, 0.014, 0.000, 0.000]
|  630|0.9737|0.5000|0.1116|0.1424| - [0.986, 0.000, 0.014, 0.000, 0.000]
|  631|0.9737|0.5000|0.1116|0.1424| - [0.986, 0.000, 0.014, 0.000, 0.000]
|  632|0.9474|0.5000|0.1056|0.1488| - [0.986, 0.000, 0.014, 0.000, 0.000]
|  633|0.8947|0.5000|0.2218|0.1343| - [0.986, 0.000, 0.014, 0.000, 0.000]
|  634|0.6316|0.5000|0.2202|0.1162| - [0.986, 0.000, 0.014, 0.000, 0.000]
|  635|0.6316|0.5000|0.2218|0.1142| - [0.986, 0.000, 0.014, 0.000, 0.000]
|  636|0.5526|0.5000|0.1363|0.1090| - [0.986, 0.000, 0.014, 0.000, 0.000]
|  637|0.5526|0.5000|0.1195|0.1175| - [0.986, 0.000, 0.014, 0.000, 0.000]
|  638|0.5000|0.5000|0.0000|0.1368| - [0.986, 0.000, 0.014, 0.000, 0.000]
|  639|0.5000|0.5000|0.0000|0.0950| - [0.986, 0.000, 0.014, 0.000, 0.000]
|  640|0.5000|0.5000|0.0000|0.0950| - [1.000, 0.000, 0.000, 0.000, 0.000]
|  641|0.5000|0.5000|0.0000|0.0950| - [1.000, 0.000, 0.000, 0.000, 0.000]
|  642|0.5000|0.5000|0.0000|0.1061| - [0.986, 0.000, 0.014, 0.000, 0.000]
|  643|0.5000|0.5000|0.0000|0.1061| - [0.986, 0.000, 0.014, 0.000, 0.000]
|  644|0.5000|0.5000|0.0000|0.1061| - [0.986, 0.000, 0.014, 0.000, 0.000]
|  645|0.5000|0.5000|0.0000|0.1061| - [0.986, 0.000, 0.014, 0.000, 0.000]
|  646|0.9737|0.5000|0.1116|0.1061| - [0.986, 0.000, 0.014, 0.000, 0.000]
|  647|0.8947|0.5000|0.2038|0.1060| - [0.986, 0.000, 0.014, 0.000, 0.000]
|  648|0.8947|0.5000|0.2038|0.1060| - [0.986, 0.000, 0.014, 0.000, 0.000]
|  649|0.7895|0.5000|0.2248|0.1106| - [0.986, 0.000, 0.014, 0.000, 0.000]
|  650|0.7632|0.5000|0.1429|0.1298| - [0.986, 0.000, 0.014, 0.000, 0.000]
|  651|0.7632|0.5000|0.1572|0.1399| - [0.939, 0.000, 0.030, 0.032, 0.000]
|  652|0.6053|0.5000|0.0352|0.1541| - [0.939, 0.000, 0.030, 0.032, 0.000]
|  653|0.6316|0.5000|0.1087|0.1956| - [0.970, 0.000, 0.030, 0.000, 0.000]
|  654|0.7895|0.5000|0.2138|0.3013| - [0.970, 0.000, 0.030, 0.000, 0.000]
|  655|0.5000|0.5000|0.0000|0.1969| - [0.970, 0.000, 0.030, 0.000, 0.000]
|  656|0.5000|0.5000|0.0000|0.1969| - [0.970, 0.000, 0.030, 0.000, 0.000]
|  657|0.5000|0.5000|0.0000|0.1969| - [0.970, 0.000, 0.030, 0.000, 0.000]
|  658|0.5000|0.5000|0.0000|0.1969| - [0.970, 0.000, 0.030, 0.000, 0.000]
|  659|0.5000|0.5000|0.0000|0.1969| - [0.970, 0.000, 0.030, 0.000, 0.000]
|  660|0.5000|0.5000|0.0000|0.1969| - [0.970, 0.000, 0.030, 0.000, 0.000]
|  661|0.5263|0.5000|0.0999|0.1915| - [0.970, 0.000, 0.030, 0.000, 0.000]
|  662|0.5000|0.5000|0.0000|0.1969| - [0.970, 0.000, 0.030, 0.000, 0.000]
|  663|0.5000|0.5000|0.0000|0.1969| - [0.970, 0.000, 0.030, 0.000, 0.000]
|  664|0.9737|0.5000|0.1116|0.1950| - [0.976, 0.000, 0.024, 0.000, 0.000]
|  665|0.9474|0.5000|0.1534|0.1932| - [0.976, 0.000, 0.024, 0.000, 0.000]
|  666|0.9211|0.5000|0.1823|0.1914| - [0.976, 0.000, 0.024, 0.000, 0.000]
|  667|0.8947|0.5000|0.2038|0.1895| - [0.976, 0.000, 0.024, 0.000, 0.000]
|  668|0.7368|0.5000|0.2497|0.1785| - [0.976, 0.000, 0.024, 0.000, 0.000]
|  669|0.7105|0.5000|0.2469|0.1767| - [0.976, 0.000, 0.024, 0.000, 0.000]
|  670|0.5526|0.5000|0.1534|0.1657| - [0.976, 0.000, 0.024, 0.000, 0.000]
|  671|0.9737|0.5000|0.1537|0.1632| - [0.979, 0.000, 0.021, 0.000, 0.000]
|  672|0.8421|0.5000|0.2324|0.1579| - [0.979, 0.000, 0.021, 0.000, 0.000]
|  673|0.7368|0.5000|0.2497|0.1552| - [0.979, 0.000, 0.021, 0.000, 0.000]
|  674|0.5789|0.5000|0.1823|0.1511| - [0.979, 0.000, 0.021, 0.000, 0.000]
|  675|0.5000|0.5000|0.0000|0.1660| - [0.899, 0.000, 0.101, 0.000, 0.000]
|  676|0.5000|0.5000|0.0000|0.1490| - [0.979, 0.000, 0.021, 0.000, 0.000]
|  677|0.5000|0.5000|0.0000|0.1412| - [1.000, 0.000, 0.000, 0.000, 0.000]
|  678|0.5263|0.5000|0.1056|0.1656| - [0.979, 0.000, 0.021, 0.000, 0.000]
|  679|0.5000|0.5000|0.0000|0.1818| - [0.979, 0.000, 0.021, 0.000, 0.000]
|  680|0.5000|0.5000|0.0000|0.2310| - [0.903, 0.000, 0.097, 0.000, 0.000]
|  681|0.5000|0.5000|0.0000|0.1490| - [0.979, 0.000, 0.021, 0.000, 0.000]
|  682|0.5000|0.5000|0.0000|0.1490| - [0.979, 0.000, 0.021, 0.000, 0.000]
|  683|0.5000|0.5000|0.0000|0.1490| - [0.979, 0.000, 0.021, 0.000, 0.000]
|  684|0.5000|0.5000|0.0000|0.1490| - [0.979, 0.000, 0.021, 0.000, 0.000]
|  685|0.5000|0.5000|0.0000|0.1490| - [0.979, 0.000, 0.021, 0.000, 0.000]
|  686|0.5000|0.5000|0.0000|0.1490| - [0.979, 0.000, 0.021, 0.000, 0.000]
|  687|0.5000|0.5000|0.0000|0.1490| - [0.979, 0.000, 0.021, 0.000, 0.000]
|  688|0.9737|0.5000|0.1116|0.1489| - [0.979, 0.000, 0.021, 0.000, 0.000]
|  689|0.9737|0.5000|0.1116|0.1489| - [0.979, 0.000, 0.021, 0.000, 0.000]
|  690|0.9737|0.5000|0.1116|0.1489| - [0.979, 0.000, 0.021, 0.000, 0.000]
|  691|0.9737|0.5000|0.1116|0.1489| - [0.979, 0.000, 0.021, 0.000, 0.000]
|  692|0.9474|0.5000|0.1056|0.1579| - [0.979, 0.000, 0.021, 0.000, 0.000]
|  693|0.8684|0.5000|0.0875|0.1848| - [0.979, 0.000, 0.021, 0.000, 0.000]
|  694|0.8421|0.5000|0.1508|0.1755| - [0.979, 0.000, 0.021, 0.000, 0.000]
|  695|0.7632|0.5000|0.2291|0.1566| - [0.979, 0.000, 0.021, 0.000, 0.000]
|  696|0.9211|0.5000|0.1823|0.1486| - [0.979, 0.000, 0.021, 0.000, 0.000]
|  697|0.9737|0.5000|0.2561|0.1475| - [0.979, 0.000, 0.021, 0.000, 0.000]
|  698|0.9474|0.5000|0.2083|0.1391| - [0.979, 0.000, 0.021, 0.000, 0.000]
|  699|0.9737|0.5000|0.1829|0.1465| - [0.979, 0.000, 0.021, 0.000, 0.000]
|  700|0.9737|0.5000|0.2049|0.1593| - [0.937, 0.041, 0.022, 0.000, 0.000]
|  701|0.9737|0.5000|0.2561|0.1707| - [0.937, 0.041, 0.022, 0.000, 0.000]
|  702|0.8421|0.5000|0.2701|0.2251| - [0.937, 0.041, 0.022, 0.000, 0.000]
|  703|0.7895|0.5000|0.2248|0.2306| - [0.937, 0.041, 0.022, 0.000, 0.000]
|  704|0.6579|0.5000|0.1967|0.3102| - [0.958, 0.042, 0.000, 0.000, 0.000]
|  705|0.8947|0.5000|0.1705|0.3615| - [0.958, 0.042, 0.000, 0.000, 0.000]
|  706|0.7895|0.5000|0.2662|0.3287| - [0.958, 0.042, 0.000, 0.000, 0.000]
|  707|0.5263|0.5000|0.1116|0.2606| - [0.958, 0.042, 0.000, 0.000, 0.000]
|  708|0.5000|0.5000|0.0000|0.2530| - [0.958, 0.042, 0.000, 0.000, 0.000]
|  709|0.5000|0.5000|0.0000|0.2530| - [0.958, 0.042, 0.000, 0.000, 0.000]
|  710|0.5000|0.5000|0.0000|0.2530| - [0.958, 0.042, 0.000, 0.000, 0.000]
|  711|0.5000|0.5000|0.0000|0.2530| - [0.958, 0.042, 0.000, 0.000, 0.000]
|  712|0.9474|0.5000|0.1056|0.2626| - [0.961, 0.039, 0.000, 0.000, 0.000]
|  713|0.8421|0.5000|0.0814|0.3042| - [0.961, 0.039, 0.000, 0.000, 0.000]
|  714|0.7895|0.5000|0.1331|0.3127| - [0.961, 0.039, 0.000, 0.000, 0.000]
|  715|0.6316|0.5000|0.1237|0.3201| - [0.961, 0.039, 0.000, 0.000, 0.000]
|  716|0.7895|0.5000|0.0694|0.3139| - [0.970, 0.030, 0.000, 0.000, 0.000]
|  717|0.8947|0.5000|0.2038|0.2290| - [0.970, 0.030, 0.000, 0.000, 0.000]
|  718|0.6316|0.5000|0.2202|0.2067| - [0.970, 0.030, 0.000, 0.000, 0.000]
|  719|0.5263|0.5000|0.1116|0.1978| - [0.970, 0.030, 0.000, 0.000, 0.000]
|  720|0.5000|0.5000|0.0000|0.1956| - [0.970, 0.030, 0.000, 0.000, 0.000]
|  721|0.5000|0.5000|0.0000|0.1956| - [0.970, 0.030, 0.000, 0.000, 0.000]
|  722|0.5000|0.5000|0.0000|0.2088| - [0.970, 0.030, 0.000, 0.000, 0.000]
|  723|0.5263|0.5000|0.1116|0.1967| - [0.970, 0.030, 0.000, 0.000, 0.000]
|  724|0.5000|0.5000|0.0000|0.1956| - [0.970, 0.030, 0.000, 0.000, 0.000]
|  725|0.5000|0.5000|0.0000|0.1956| - [0.970, 0.030, 0.000, 0.000, 0.000]
|  726|0.5000|0.5000|0.0000|0.1956| - [0.970, 0.030, 0.000, 0.000, 0.000]
|  727|0.5000|0.5000|0.0000|0.2053| - [0.970, 0.030, 0.000, 0.000, 0.000]
|  728|0.5000|0.5000|0.0000|0.1956| - [0.970, 0.030, 0.000, 0.000, 0.000]
|  729|0.5000|0.5000|0.0000|0.1956| - [0.970, 0.030, 0.000, 0.000, 0.000]
|  730|0.5000|0.5000|0.0000|0.1956| - [0.970, 0.030, 0.000, 0.000, 0.000]
|  731|0.5000|0.5000|0.0000|0.1956| - [0.970, 0.030, 0.000, 0.000, 0.000]
|  732|0.5000|0.5000|0.0000|0.1869| - [0.970, 0.030, 0.000, 0.000, 0.000]
|  733|0.9737|0.5000|0.1116|0.1954| - [0.970, 0.030, 0.000, 0.000, 0.000]
|  734|0.7368|0.5000|0.2497|0.1942| - [0.970, 0.030, 0.000, 0.000, 0.000]
|  735|0.5526|0.5000|0.1534|0.1932| - [0.970, 0.030, 0.000, 0.000, 0.000]
|  736|0.5000|0.5000|0.0000|0.1929| - [0.970, 0.030, 0.000, 0.000, 0.000]
|  737|0.5000|0.5000|0.0000|0.1929| - [0.970, 0.030, 0.000, 0.000, 0.000]
|  738|0.5000|0.5000|0.0000|0.1929| - [0.970, 0.030, 0.000, 0.000, 0.000]
|  739|0.5000|0.5000|0.0000|0.1929| - [0.970, 0.030, 0.000, 0.000, 0.000]
|  740|0.9737|0.5000|0.1116|0.1921| - [0.973, 0.027, 0.000, 0.000, 0.000]
|  741|0.8947|0.5000|0.2038|0.1898| - [0.973, 0.027, 0.000, 0.000, 0.000]
|  742|0.7632|0.5000|0.2497|0.1859| - [0.973, 0.027, 0.000, 0.000, 0.000]
|  743|0.6316|0.5000|0.1949|0.2028| - [0.973, 0.027, 0.000, 0.000, 0.000]
|  744|0.5000|0.5000|0.0000|0.2032| - [0.916, 0.084, 0.000, 0.000, 0.000]
|  745|0.6579|0.5000|0.0444|0.2767| - [0.884, 0.081, 0.000, 0.000, 0.034]
|  746|0.8947|0.5000|0.1164|0.3889| - [0.921, 0.079, 0.000, 0.000, 0.000]
|  747|0.8421|0.5000|0.0814|0.3531| - [0.921, 0.079, 0.000, 0.000, 0.000]
|  748|0.7895|0.5000|0.0694|0.3280| - [0.921, 0.079, 0.000, 0.000, 0.000]
|  749|0.9474|0.5000|0.1534|0.4151| - [0.921, 0.079, 0.000, 0.000, 0.000]
|  750|0.8947|0.5000|0.2038|0.4133| - [0.921, 0.079, 0.000, 0.000, 0.000]
|  751|0.7368|0.5000|0.2549|0.4070| - [0.921, 0.079, 0.000, 0.000, 0.000]
|  752|0.5000|0.5000|0.0000|0.3997| - [0.921, 0.079, 0.000, 0.000, 0.000]
|  753|0.5000|0.5000|0.0000|0.3997| - [0.921, 0.079, 0.000, 0.000, 0.000]
|  754|0.5000|0.5000|0.0000|0.3997| - [0.921, 0.079, 0.000, 0.000, 0.000]
|  755|0.5000|0.5000|0.0000|0.3997| - [0.921, 0.079, 0.000, 0.000, 0.000]
|  756|0.5000|0.5000|0.0000|0.3997| - [0.921, 0.079, 0.000, 0.000, 0.000]
|  757|0.5000|0.5000|0.0000|0.3997| - [0.921, 0.079, 0.000, 0.000, 0.000]
|  758|0.5000|0.5000|0.0000|0.3997| - [0.921, 0.079, 0.000, 0.000, 0.000]
|  759|0.5000|0.5000|0.0000|0.3997| - [0.921, 0.079, 0.000, 0.000, 0.000]
|  760|0.9737|0.5000|0.1116|0.4037| - [0.921, 0.046, 0.000, 0.000, 0.033]
|  761|0.9737|0.5000|0.1116|0.4037| - [0.921, 0.046, 0.000, 0.000, 0.033]
|  762|0.9737|0.5000|0.1116|0.4037| - [0.921, 0.046, 0.000, 0.000, 0.033]
|  763|0.9737|0.5000|0.1116|0.4037| - [0.921, 0.046, 0.000, 0.000, 0.033]
|  764|0.9737|0.5000|0.1116|0.4037| - [0.921, 0.046, 0.000, 0.000, 0.033]
|  765|0.8421|0.5000|0.2324|0.4237| - [0.921, 0.046, 0.000, 0.000, 0.033]
|  766|0.9737|0.5000|0.2443|0.4234| - [0.936, 0.047, 0.000, 0.000, 0.017]
|  767|0.9737|0.5000|0.2218|0.4553| - [0.936, 0.047, 0.000, 0.000, 0.017]
|  768|0.8947|0.5000|0.2038|0.4585| - [0.936, 0.047, 0.000, 0.000, 0.017]
|  769|0.7368|0.5000|0.2497|0.4328| - [0.936, 0.047, 0.000, 0.000, 0.017]
|  770|0.7895|0.5000|0.2469|0.4414| - [0.936, 0.047, 0.000, 0.000, 0.017]
|  771|0.8421|0.5000|0.2324|0.4499| - [0.936, 0.047, 0.000, 0.000, 0.017]
|  772|0.7105|0.5000|0.2539|0.4283| - [0.936, 0.047, 0.000, 0.000, 0.017]
|  773|0.8158|0.5000|0.2510|0.4455| - [0.936, 0.047, 0.000, 0.000, 0.017]
|  774|0.9737|0.5000|0.1829|0.3936| - [0.966, 0.000, 0.000, 0.000, 0.034]
|  775|0.9737|0.5000|0.1116|0.3851| - [0.966, 0.000, 0.000, 0.000, 0.034]
|  776|0.9737|0.5000|0.1116|0.3851| - [0.966, 0.000, 0.000, 0.000, 0.034]
|  777|0.8947|0.5000|0.2038|0.3569| - [0.966, 0.000, 0.000, 0.000, 0.034]
|  778|0.6316|0.5000|0.2202|0.2631| - [0.966, 0.000, 0.000, 0.000, 0.034]
|  779|0.5000|0.5000|0.0000|0.2162| - [0.966, 0.000, 0.000, 0.000, 0.034]
|  780|0.5000|0.5000|0.0000|0.2162| - [0.966, 0.000, 0.000, 0.000, 0.034]
|  781|0.5000|0.5000|0.0000|0.2162| - [0.966, 0.000, 0.000, 0.000, 0.034]
|  782|0.5000|0.5000|0.0000|0.2162| - [0.966, 0.000, 0.000, 0.000, 0.034]
|  783|0.5000|0.5000|0.0000|0.2162| - [0.966, 0.000, 0.000, 0.000, 0.034]
|  784|0.5000|0.5000|0.0000|0.2103| - [0.966, 0.000, 0.000, 0.000, 0.034]
|  785|0.5000|0.5000|0.0000|0.2049| - [0.966, 0.000, 0.000, 0.000, 0.034]
|  786|0.5000|0.5000|0.0000|0.2049| - [1.000, 0.000, 0.000, 0.000, 0.000]
|  787|0.5000|0.5000|0.0000|0.2241| - [0.966, 0.000, 0.000, 0.000, 0.034]
|  788|0.7632|0.5000|0.0656|0.2609| - [0.917, 0.000, 0.000, 0.014, 0.069]
|  789|0.7105|0.5000|0.0547|0.2688| - [0.917, 0.000, 0.000, 0.014, 0.069]
|  790|0.7105|0.5000|0.0547|0.2688| - [0.917, 0.000, 0.000, 0.014, 0.069]
|  791|0.8158|0.5000|0.1449|0.2716| - [0.917, 0.000, 0.000, 0.014, 0.069]
|  792|0.7105|0.5000|0.1620|0.3961| - [0.930, 0.000, 0.000, 0.000, 0.070]
|  793|0.7895|0.5000|0.2051|0.4473| - [0.930, 0.000, 0.000, 0.000, 0.070]
|  794|0.7105|0.5000|0.2469|0.4085| - [0.930, 0.000, 0.000, 0.000, 0.070]
|  795|0.5000|0.5000|0.0000|0.3659| - [0.930, 0.000, 0.000, 0.000, 0.070]
|  796|0.5000|0.5000|0.0000|0.3659| - [0.930, 0.000, 0.000, 0.000, 0.070]
|  797|0.5000|0.5000|0.0000|0.3659| - [0.930, 0.000, 0.000, 0.000, 0.070]
|  798|0.5000|0.5000|0.0000|0.3659| - [0.930, 0.000, 0.000, 0.000, 0.070]
|  799|0.5000|0.5000|0.0000|0.3659| - [0.930, 0.000, 0.000, 0.000, 0.070]
|  800|0.5000|0.5000|0.0000|0.3659| - [0.930, 0.000, 0.000, 0.000, 0.070]
|  801|0.5000|0.5000|0.0000|0.3659| - [0.930, 0.000, 0.000, 0.000, 0.070]
|  802|0.5000|0.5000|0.0000|0.3659| - [0.930, 0.000, 0.000, 0.000, 0.070]
|  803|0.5000|0.5000|0.0000|0.3659| - [0.930, 0.000, 0.000, 0.000, 0.070]
|  804|0.5000|0.5000|0.0000|0.3659| - [0.930, 0.000, 0.000, 0.000, 0.070]
|  805|0.5000|0.5000|0.0000|0.3659| - [0.930, 0.000, 0.000, 0.000, 0.070]
|  806|0.5000|0.5000|0.0000|0.3659| - [0.930, 0.000, 0.000, 0.000, 0.070]
|  807|0.5263|0.5000|0.1116|0.3680| - [0.930, 0.000, 0.000, 0.000, 0.070]
|  808|0.5000|0.5000|0.0000|0.3659| - [0.930, 0.000, 0.000, 0.000, 0.070]
|  809|0.5000|0.5000|0.0000|0.3573| - [0.930, 0.000, 0.000, 0.000, 0.070]
|  810|0.5000|0.5000|0.0000|0.3659| - [0.930, 0.000, 0.000, 0.000, 0.070]
|  811|0.5000|0.5000|0.0000|0.3659| - [0.930, 0.000, 0.000, 0.000, 0.070]
|  812|0.9737|0.5000|0.1116|0.3657| - [0.931, 0.000, 0.000, 0.000, 0.069]
|  813|0.9737|0.5000|0.1116|0.3657| - [0.931, 0.000, 0.000, 0.000, 0.069]
|  814|0.9211|0.5000|0.1823|0.3655| - [0.931, 0.000, 0.000, 0.000, 0.069]
|  815|0.7368|0.5000|0.2497|0.3645| - [0.931, 0.000, 0.000, 0.000, 0.069]
|  816|0.5263|0.5000|0.1116|0.3633| - [0.931, 0.000, 0.000, 0.000, 0.069]
|  817|0.5263|0.5000|0.1116|0.3635| - [0.931, 0.000, 0.000, 0.000, 0.069]
|  818|0.5000|0.5000|0.0000|0.3632| - [0.931, 0.000, 0.000, 0.000, 0.069]
|  819|0.5000|0.5000|0.0000|0.3632| - [0.931, 0.000, 0.000, 0.000, 0.069]
|  820|0.9211|0.5000|0.1366|0.3627| - [0.935, 0.000, 0.000, 0.000, 0.065]
|  821|0.8684|0.5000|0.2348|0.3576| - [0.935, 0.000, 0.000, 0.000, 0.065]
|  822|0.7632|0.5000|0.2497|0.3548| - [0.935, 0.000, 0.000, 0.000, 0.065]
|  823|0.9211|0.5000|0.1988|0.3477| - [0.952, 0.000, 0.000, 0.000, 0.048]
|  824|0.9211|0.5000|0.2049|0.3479| - [0.929, 0.000, 0.002, 0.000, 0.069]
|  825|0.7368|0.5000|0.2549|0.3805| - [0.929, 0.000, 0.002, 0.000, 0.069]
|  826|0.5789|0.5000|0.1823|0.3772| - [0.929, 0.000, 0.002, 0.000, 0.069]
|  827|0.5000|0.5000|0.0000|0.3831| - [0.929, 0.000, 0.002, 0.000, 0.069]
|  828|0.5263|0.5000|0.1116|0.3834| - [0.929, 0.000, 0.002, 0.000, 0.069]
|  829|0.5000|0.5000|0.0000|0.3831| - [0.929, 0.000, 0.002, 0.000, 0.069]
|  830|0.5000|0.5000|0.0000|0.3831| - [0.929, 0.000, 0.002, 0.000, 0.069]
|  831|0.5000|0.5000|0.0000|0.3831| - [0.929, 0.000, 0.002, 0.000, 0.069]
|  832|0.5000|0.5000|0.0000|0.3831| - [0.929, 0.000, 0.002, 0.000, 0.069]
|  833|0.5000|0.5000|0.0000|0.3831| - [0.929, 0.000, 0.002, 0.000, 0.069]
|  834|0.5000|0.5000|0.0000|0.3831| - [0.929, 0.000, 0.002, 0.000, 0.069]
|  835|0.5000|0.5000|0.0000|0.3831| - [0.929, 0.000, 0.002, 0.000, 0.069]
|  836|0.9737|0.5000|0.1116|0.3821| - [0.931, 0.000, 0.000, 0.000, 0.069]
|  837|0.8947|0.5000|0.2038|0.3789| - [0.931, 0.000, 0.000, 0.000, 0.069]
|  838|0.7105|0.5000|0.2469|0.3716| - [0.931, 0.000, 0.000, 0.000, 0.069]
|  839|0.5526|0.5000|0.1534|0.3653| - [0.931, 0.000, 0.000, 0.000, 0.069]
|  840|0.5000|0.5000|0.0000|0.3632| - [0.931, 0.000, 0.000, 0.000, 0.069]
|  841|0.5263|0.5000|0.1116|0.3699| - [0.931, 0.000, 0.000, 0.000, 0.069]
|  842|0.9737|0.5000|0.1116|0.3616| - [0.938, 0.000, 0.000, 0.000, 0.062]
|  843|0.9474|0.5000|0.1534|0.3601| - [0.938, 0.000, 0.000, 0.000, 0.062]
|  844|0.8947|0.5000|0.2038|0.3571| - [0.938, 0.000, 0.000, 0.000, 0.062]
|  845|0.9737|0.5000|0.2549|0.3462| - [0.939, 0.000, 0.000, 0.000, 0.061]
|  846|0.9737|0.5000|0.2443|0.3432| - [0.939, 0.000, 0.000, 0.000, 0.061]
|  847|0.8947|0.5000|0.2686|0.3442| - [0.939, 0.000, 0.000, 0.000, 0.061]
|  848|0.9211|0.5000|0.2049|0.3352| - [0.939, 0.000, 0.000, 0.000, 0.061]
|  849|0.7632|0.5000|0.2497|0.3327| - [0.939, 0.000, 0.000, 0.000, 0.061]
|  850|0.5000|0.5000|0.0000|0.3310| - [0.939, 0.000, 0.000, 0.000, 0.061]
|  851|0.5000|0.5000|0.0000|0.3310| - [0.939, 0.000, 0.000, 0.000, 0.061]
|  852|0.5000|0.5000|0.0000|0.3310| - [0.939, 0.000, 0.000, 0.000, 0.061]
|  853|0.5000|0.5000|0.0000|0.3310| - [0.939, 0.000, 0.000, 0.000, 0.061]
|  854|0.9737|0.5000|0.1537|0.3315| - [0.940, 0.000, 0.000, 0.000, 0.060]
|  855|0.9737|0.5000|0.1537|0.3248| - [0.966, 0.000, 0.000, 0.000, 0.034]
|  856|0.9211|0.5000|0.2228|0.3095| - [0.966, 0.000, 0.000, 0.000, 0.034]
|  857|0.7895|0.5000|0.2695|0.2787| - [0.966, 0.000, 0.000, 0.000, 0.034]
|  858|0.6842|0.5000|0.2443|0.2575| - [0.966, 0.000, 0.000, 0.000, 0.034]
|  859|0.6316|0.5000|0.2218|0.2395| - [0.966, 0.000, 0.000, 0.000, 0.034]
|  860|0.5789|0.5000|0.1823|0.2155| - [0.966, 0.000, 0.000, 0.000, 0.034]
|  861|0.5000|0.5000|0.0000|0.2148| - [0.966, 0.000, 0.000, 0.000, 0.034]
|  862|0.5263|0.5000|0.1116|0.2152| - [0.966, 0.000, 0.000, 0.000, 0.034]
|  863|0.5000|0.5000|0.0000|0.2083| - [0.966, 0.000, 0.000, 0.000, 0.034]
|  864|0.5000|0.5000|0.0000|0.1953| - [0.988, 0.000, 0.000, 0.000, 0.012]
|  865|0.5000|0.5000|0.0000|0.1758| - [0.966, 0.000, 0.000, 0.000, 0.034]
|  866|0.5000|0.5000|0.0000|0.1888| - [0.966, 0.000, 0.000, 0.000, 0.034]
|  867|0.5000|0.5000|0.0000|0.1953| - [0.966, 0.000, 0.000, 0.000, 0.034]
|  868|0.5000|0.5000|0.0000|0.2083| - [0.966, 0.000, 0.000, 0.000, 0.034]
|  869|0.5000|0.5000|0.0000|0.2148| - [0.966, 0.000, 0.000, 0.000, 0.034]
|  870|0.5000|0.5000|0.0000|0.2148| - [0.966, 0.000, 0.000, 0.000, 0.034]
|  871|0.5000|0.5000|0.0000|0.2227| - [0.966, 0.000, 0.000, 0.000, 0.034]
|  872|0.5000|0.5000|0.0000|0.2148| - [0.966, 0.000, 0.000, 0.000, 0.034]
|  873|0.9737|0.5000|0.1116|0.2145| - [0.967, 0.000, 0.000, 0.000, 0.033]
|  874|0.8947|0.5000|0.1240|0.2320| - [0.967, 0.000, 0.000, 0.000, 0.033]
|  875|0.9737|0.5000|0.1116|0.2145| - [0.967, 0.000, 0.000, 0.000, 0.033]
|  876|0.9737|0.5000|0.1537|0.2150| - [0.967, 0.000, 0.000, 0.000, 0.033]
|  877|0.9737|0.5000|0.1116|0.2145| - [0.967, 0.000, 0.000, 0.000, 0.033]
|  878|0.8684|0.5000|0.2202|0.2132| - [0.967, 0.000, 0.000, 0.000, 0.033]
|  879|0.7368|0.5000|0.2497|0.2117| - [0.967, 0.000, 0.000, 0.000, 0.033]
|  880|0.6316|0.5000|0.2202|0.2104| - [0.967, 0.000, 0.000, 0.000, 0.033]
|  881|0.5000|0.5000|0.0000|0.2089| - [0.967, 0.000, 0.000, 0.000, 0.033]
|  882|0.5000|0.5000|0.0000|0.2089| - [0.967, 0.000, 0.000, 0.000, 0.033]
|  883|0.5000|0.5000|0.0000|0.2089| - [0.967, 0.000, 0.000, 0.000, 0.033]
|  884|0.5000|0.5000|0.0000|0.2089| - [0.967, 0.000, 0.000, 0.000, 0.033]
|  885|0.5000|0.5000|0.0000|0.2089| - [0.967, 0.000, 0.000, 0.000, 0.033]
|  886|0.9737|0.5000|0.1116|0.2089| - [0.967, 0.000, 0.000, 0.000, 0.033]
|  887|0.9474|0.5000|0.1534|0.2088| - [0.967, 0.000, 0.000, 0.000, 0.033]
|  888|0.8684|0.5000|0.2202|0.2087| - [0.967, 0.000, 0.000, 0.000, 0.033]
|  889|0.8421|0.5000|0.2065|0.2165| - [0.967, 0.000, 0.000, 0.000, 0.033]
|  890|0.6579|0.5000|0.2022|0.2240| - [0.967, 0.000, 0.000, 0.000, 0.033]
|  891|0.6579|0.5000|0.0444|0.2754| - [0.893, 0.000, 0.000, 0.042, 0.065]
|  892|0.5526|0.5000|0.0171|0.3095| - [0.956, 0.000, 0.000, 0.000, 0.044]
|  893|0.6053|0.5000|0.0837|0.2948| - [0.956, 0.000, 0.000, 0.000, 0.044]
|  894|0.6053|0.5000|0.1003|0.2664| - [0.967, 0.000, 0.000, 0.000, 0.033]
|  895|0.6579|0.5000|0.0958|0.3027| - [0.956, 0.000, 0.000, 0.000, 0.044]
|  896|0.6316|0.5000|0.1129|0.2770| - [0.967, 0.000, 0.000, 0.000, 0.033]
|  897|0.6842|0.5000|0.1498|0.2670| - [0.967, 0.000, 0.000, 0.000, 0.033]
|  898|0.6316|0.5000|0.1129|0.2770| - [0.967, 0.000, 0.000, 0.000, 0.033]
|  899|0.5000|0.5000|0.0000|0.2708| - [0.932, 0.000, 0.000, 0.000, 0.068]
|  900|0.5000|0.5000|0.0000|0.2395| - [0.967, 0.000, 0.000, 0.000, 0.033]
|  901|0.5000|0.5000|0.0000|0.2473| - [0.967, 0.000, 0.000, 0.000, 0.033]
|  902|0.5000|0.5000|0.0000|0.2238| - [0.967, 0.000, 0.000, 0.000, 0.033]
|  903|0.5000|0.5000|0.0000|0.2238| - [0.932, 0.000, 0.000, 0.000, 0.068]
|  904|0.5000|0.5000|0.0000|0.2081| - [0.967, 0.000, 0.000, 0.000, 0.033]
|  905|0.5263|0.5000|0.1056|0.1973| - [0.967, 0.000, 0.000, 0.000, 0.033]
|  906|0.5000|0.5000|0.0000|0.2081| - [0.967, 0.000, 0.000, 0.000, 0.033]
|  907|0.5000|0.5000|0.0000|0.2081| - [0.967, 0.000, 0.000, 0.000, 0.033]
|  908|0.5000|0.5000|0.0000|0.2081| - [0.967, 0.000, 0.000, 0.000, 0.033]
|  909|0.5000|0.5000|0.0000|0.2239| - [0.967, 0.000, 0.000, 0.000, 0.033]
|  910|0.5000|0.5000|0.0000|0.2081| - [0.967, 0.000, 0.000, 0.000, 0.033]
|  911|0.5000|0.5000|0.0000|0.2081| - [0.967, 0.000, 0.000, 0.000, 0.033]
|  912|0.5000|0.5000|0.0000|0.2081| - [0.967, 0.000, 0.000, 0.000, 0.033]
|  913|0.5000|0.5000|0.0000|0.1981| - [0.967, 0.000, 0.000, 0.000, 0.033]
|  914|0.5000|0.5000|0.0000|0.1378| - [0.998, 0.000, 0.000, 0.000, 0.002]
|  915|0.5000|0.5000|0.0000|0.1478| - [0.998, 0.000, 0.000, 0.000, 0.002]
|  916|0.5000|0.5000|0.0000|0.0774| - [0.967, 0.000, 0.000, 0.000, 0.033]
|  917|0.5000|0.5000|0.0000|0.1666| - [0.967, 0.000, 0.000, 0.000, 0.033]
|  918|0.5000|0.5000|0.0000|0.1780| - [0.967, 0.000, 0.000, 0.000, 0.033]
|  919|0.5000|0.5000|0.0000|0.1780| - [0.967, 0.000, 0.000, 0.000, 0.033]
|  920|0.5000|0.5000|0.0000|0.1780| - [0.967, 0.000, 0.000, 0.000, 0.033]
|  921|0.5000|0.5000|0.0000|0.2081| - [0.967, 0.000, 0.000, 0.000, 0.033]
|  922|0.9737|0.5000|0.1116|0.2080| - [0.968, 0.000, 0.000, 0.000, 0.032]
|  923|0.8684|0.5000|0.2202|0.2075| - [0.968, 0.000, 0.000, 0.000, 0.032]
|  924|0.7632|0.5000|0.2291|0.1993| - [0.968, 0.000, 0.000, 0.000, 0.032]
|  925|0.6053|0.5000|0.1454|0.1933| - [0.968, 0.000, 0.000, 0.000, 0.032]
|  926|0.5789|0.5000|0.1418|0.1753| - [0.968, 0.000, 0.000, 0.000, 0.032]
|  927|0.5789|0.5000|0.1192|0.1599| - [0.968, 0.000, 0.000, 0.000, 0.032]
|  928|0.5789|0.5000|0.1306|0.1645| - [0.968, 0.000, 0.000, 0.000, 0.032]
|  929|0.6053|0.5000|0.1928|0.1985| - [0.968, 0.000, 0.000, 0.000, 0.032]
|  930|0.5000|0.5000|0.0000|0.2057| - [0.968, 0.000, 0.000, 0.000, 0.032]
|  931|0.5000|0.5000|0.0000|0.2057| - [0.968, 0.000, 0.000, 0.000, 0.032]
|  932|0.5000|0.5000|0.0000|0.2057| - [0.968, 0.000, 0.000, 0.000, 0.032]
|  933|0.5000|0.5000|0.0000|0.2057| - [0.968, 0.000, 0.000, 0.000, 0.032]
|  934|0.5000|0.5000|0.0000|0.2057| - [0.968, 0.000, 0.000, 0.000, 0.032]
|  935|0.5000|0.5000|0.0000|0.2057| - [0.968, 0.000, 0.000, 0.000, 0.032]
|  936|0.5000|0.5000|0.0000|0.2057| - [0.968, 0.000, 0.000, 0.000, 0.032]
|  937|0.9737|0.5000|0.1116|0.2054| - [0.969, 0.000, 0.000, 0.000, 0.031]
|  938|0.9737|0.5000|0.1116|0.2054| - [0.969, 0.000, 0.000, 0.000, 0.031]
|  939|0.9474|0.5000|0.1056|0.1946| - [0.969, 0.000, 0.000, 0.000, 0.031]
|  940|0.7895|0.5000|0.1021|0.1401| - [0.969, 0.000, 0.000, 0.000, 0.031]
|  941|0.8158|0.5000|0.1403|0.1614| - [0.969, 0.000, 0.000, 0.000, 0.031]
|  942|0.8947|0.5000|0.1718|0.1939| - [0.969, 0.000, 0.000, 0.000, 0.031]
|  943|0.7632|0.5000|0.2497|0.2028| - [0.969, 0.000, 0.000, 0.000, 0.031]
|  944|0.6579|0.5000|0.2348|0.2023| - [0.969, 0.000, 0.000, 0.000, 0.031]
|  945|0.5789|0.5000|0.1823|0.2006| - [0.969, 0.000, 0.000, 0.000, 0.031]
|  946|0.5000|0.5000|0.0000|0.1996| - [0.969, 0.000, 0.000, 0.000, 0.031]
|  947|0.5000|0.5000|0.0000|0.1996| - [0.969, 0.000, 0.000, 0.000, 0.031]
|  948|0.5000|0.5000|0.0000|0.1996| - [0.969, 0.000, 0.000, 0.000, 0.031]
|  949|0.5263|0.5000|0.1116|0.2029| - [0.969, 0.000, 0.000, 0.000, 0.031]
|  950|0.5000|0.5000|0.0000|0.1996| - [0.969, 0.000, 0.000, 0.000, 0.031]
|  951|0.9737|0.5000|0.1116|0.1991| - [0.971, 0.000, 0.000, 0.000, 0.029]
|  952|0.7632|0.5000|0.2561|0.1945| - [0.971, 0.000, 0.000, 0.000, 0.029]
|  953|0.6579|0.5000|0.1967|0.2042| - [0.937, 0.033, 0.000, 0.000, 0.030]
|  954|0.8684|0.5000|0.2348|0.2574| - [0.937, 0.033, 0.000, 0.000, 0.030]
|  955|0.7632|0.5000|0.2497|0.2912| - [0.937, 0.033, 0.000, 0.000, 0.030]
|  956|0.6316|0.5000|0.2202|0.3475| - [0.937, 0.033, 0.000, 0.000, 0.030]
|  957|0.5263|0.5000|0.1116|0.4120| - [0.937, 0.033, 0.000, 0.000, 0.030]
|  958|0.5000|0.5000|0.0000|0.4038| - [0.937, 0.033, 0.000, 0.000, 0.030]
|  959|0.5000|0.5000|0.0000|0.4038| - [0.937, 0.033, 0.000, 0.000, 0.030]
|  960|0.9737|0.5000|0.1116|0.4010| - [0.947, 0.034, 0.000, 0.000, 0.020]
|  961|0.9737|0.5000|0.1537|0.3903| - [0.969, 0.000, 0.000, 0.000, 0.031]
|  962|0.9737|0.5000|0.1829|0.3875| - [0.969, 0.000, 0.000, 0.000, 0.031]
|  963|0.9211|0.5000|0.2049|0.3688| - [0.969, 0.000, 0.000, 0.000, 0.031]
|  964|0.8947|0.5000|0.2361|0.3553| - [0.969, 0.000, 0.000, 0.000, 0.031]
|  965|0.9737|0.5000|0.1829|0.3875| - [0.969, 0.000, 0.000, 0.000, 0.031]
|  966|0.7895|0.5000|0.2686|0.2986| - [0.969, 0.000, 0.000, 0.000, 0.031]
|  967|0.5789|0.5000|0.1633|0.2131| - [0.969, 0.000, 0.000, 0.000, 0.031]
|  968|0.5000|0.5000|0.0000|0.1996| - [0.969, 0.000, 0.000, 0.000, 0.031]
|  969|0.5000|0.5000|0.0000|0.1996| - [0.969, 0.000, 0.000, 0.000, 0.031]
|  970|0.5000|0.5000|0.0000|0.2075| - [0.969, 0.000, 0.000, 0.000, 0.031]
|  971|0.5000|0.5000|0.0000|0.2234| - [0.934, 0.000, 0.000, 0.000, 0.066]
|  972|0.5000|0.5000|0.0000|0.2313| - [0.934, 0.000, 0.000, 0.000, 0.066]
|  973|0.5000|0.5000|0.0000|0.2709| - [0.934, 0.000, 0.000, 0.000, 0.066]
|  974|0.5000|0.5000|0.0000|0.3184| - [0.934, 0.000, 0.000, 0.000, 0.066]
|  975|0.9211|0.5000|0.0996|0.3342| - [0.935, 0.000, 0.000, 0.000, 0.065]
|  976|0.9737|0.5000|0.1537|0.3464| - [0.951, 0.000, 0.000, 0.000, 0.049]
|  977|0.9211|0.5000|0.1823|0.3393| - [0.951, 0.000, 0.000, 0.000, 0.049]
|  978|0.8158|0.5000|0.2412|0.3250| - [0.951, 0.000, 0.000, 0.000, 0.049]
|  979|0.7895|0.5000|0.2469|0.3214| - [0.951, 0.000, 0.000, 0.000, 0.049]
|  980|0.6316|0.5000|0.2218|0.2965| - [0.951, 0.000, 0.000, 0.000, 0.049]
|  981|0.5000|0.5000|0.0000|0.2921| - [0.951, 0.000, 0.000, 0.000, 0.049]
|  982|0.5000|0.5000|0.0000|0.3024| - [0.951, 0.000, 0.000, 0.000, 0.049]
|  983|0.5000|0.5000|0.0000|0.2819| - [0.951, 0.000, 0.000, 0.000, 0.049]
|  984|0.5000|0.5000|0.0000|0.2819| - [0.951, 0.000, 0.000, 0.000, 0.049]
|  985|0.5263|0.5000|0.1116|0.2823| - [0.951, 0.000, 0.000, 0.000, 0.049]
|  986|0.5000|0.5000|0.0000|0.2819| - [0.951, 0.000, 0.000, 0.000, 0.049]
|  987|0.5000|0.5000|0.0000|0.2819| - [0.951, 0.000, 0.000, 0.000, 0.049]
|  988|0.5000|0.5000|0.0000|0.2819| - [0.951, 0.000, 0.000, 0.000, 0.049]
|  989|0.5000|0.5000|0.0000|0.2819| - [0.951, 0.000, 0.000, 0.000, 0.049]
|  990|0.5000|0.5000|0.0000|0.2522| - [0.951, 0.000, 0.000, 0.000, 0.049]
|  991|0.5000|0.5000|0.0000|0.2077| - [1.000, 0.000, 0.000, 0.000, 0.000]
|  992|0.5000|0.5000|0.0000|0.2077| - [1.000, 0.000, 0.000, 0.000, 0.000]
|  993|0.5263|0.5000|0.0935|0.2378| - [0.951, 0.000, 0.000, 0.000, 0.049]
|  994|0.5789|0.5000|0.1508|0.2385| - [0.951, 0.000, 0.000, 0.000, 0.049]
|  995|0.8421|0.5000|0.1110|0.2076| - [0.953, 0.000, 0.000, 0.000, 0.047]
|  996|0.7632|0.5000|0.1871|0.2343| - [0.953, 0.000, 0.000, 0.000, 0.047]
|  997|0.7105|0.5000|0.2335|0.2615| - [0.953, 0.000, 0.000, 0.000, 0.047]
|  998|0.5000|0.5000|0.0000|0.2291| - [1.000, 0.000, 0.000, 0.000, 0.000]
|  999|0.5000|0.5000|0.0000|0.2721| - [0.953, 0.000, 0.000, 0.000, 0.047]
| 1000|0.5000|0.5000|0.0000|0.2721| - [0.953, 0.000, 0.000, 0.000, 0.047]
+-----+------+------+------+------+ 
