# Blotto run, B: 5, Rf: 0.00, Lf: 0.00 - 0.13 sec 
+-----+------+------+------+------+ 
| gen | best | mean |  sd  | avgH | best strategy
+-----+------+------+------+------+ 
|    1|0.7250|0.5000|0.1427|2.0777| - [0.169, 0.230, 0.224, 0.296, 0.080]
|    2|0.7105|0.5000|0.2573|2.0143| - [0.262, 0.008, 0.228, 0.320, 0.182]
|    3|0.7895|0.5000|0.2697|2.0804| - [0.262, 0.008, 0.228, 0.320, 0.182]
|    4|0.9211|0.5000|0.2498|2.0522| - [0.268, 0.494, 0.032, 0.022, 0.183]
|    5|0.8684|0.5000|0.1556|2.0092| - [0.268, 0.494, 0.032, 0.022, 0.183]
|    6|0.8684|0.5000|0.2202|1.9489| - [0.268, 0.494, 0.032, 0.022, 0.183]
|    7|0.9737|0.5000|0.2510|1.8418| - [0.273, 0.503, 0.015, 0.023, 0.186]
|    8|0.9737|0.5000|0.2588|1.8464| - [0.273, 0.503, 0.015, 0.023, 0.186]
|    9|0.9737|0.5000|0.1116|1.7383| - [0.273, 0.503, 0.015, 0.023, 0.186]
|   10|0.9737|0.5000|0.2218|1.7221| - [0.275, 0.507, 0.007, 0.023, 0.188]
|   11|0.9737|0.5000|0.2612|1.7096| - [0.280, 0.472, 0.034, 0.023, 0.191]
|   12|0.8684|0.5000|0.2737|1.7049| - [0.280, 0.472, 0.034, 0.023, 0.191]
|   13|0.9737|0.5000|0.2228|1.7495| - [0.251, 0.491, 0.035, 0.024, 0.199]
|   14|0.8158|0.5000|0.2412|1.7703| - [0.251, 0.491, 0.035, 0.024, 0.199]
|   15|0.6053|0.5000|0.2038|1.7679| - [0.251, 0.491, 0.035, 0.024, 0.199]
|   16|0.5000|0.5000|0.0000|1.7668| - [0.251, 0.491, 0.035, 0.024, 0.199]
|   17|0.5000|0.5000|0.0000|1.7668| - [0.251, 0.491, 0.035, 0.024, 0.199]
|   18|0.5000|0.5000|0.0000|1.7668| - [0.251, 0.491, 0.035, 0.024, 0.199]
|   19|0.9737|0.5000|0.1537|1.7737| - [0.257, 0.503, 0.036, 0.025, 0.180]
|   20|0.9474|0.5000|0.1829|1.7644| - [0.257, 0.503, 0.036, 0.025, 0.180]
|   21|0.6579|0.5000|0.2324|1.7564| - [0.257, 0.503, 0.036, 0.025, 0.180]
|   22|0.9737|0.5000|0.1537|1.7434| - [0.264, 0.516, 0.037, 0.000, 0.184]
|   23|0.9737|0.5000|0.2054|1.7338| - [0.273, 0.472, 0.038, 0.026, 0.191]
|   24|0.8421|0.5000|0.2715|1.7401| - [0.273, 0.472, 0.038, 0.026, 0.191]
|   25|0.7895|0.5000|0.2699|1.7652| - [0.273, 0.472, 0.038, 0.026, 0.191]
|   26|0.9737|0.5000|0.1537|1.7822| - [0.301, 0.520, 0.042, 0.029, 0.108]
|   27|0.8947|0.5000|0.2038|1.7758| - [0.301, 0.520, 0.042, 0.029, 0.108]
|   28|0.6579|0.5000|0.2348|1.7242| - [0.301, 0.520, 0.042, 0.029, 0.108]
|   29|0.5000|0.5000|0.0000|1.6984| - [0.301, 0.520, 0.042, 0.029, 0.108]
|   30|0.9737|0.5000|0.1116|1.6984| - [0.287, 0.531, 0.043, 0.030, 0.110]
|   31|0.9737|0.5000|0.2056|1.6980| - [0.287, 0.531, 0.043, 0.030, 0.110]
|   32|0.9737|0.5000|0.2218|1.6936| - [0.287, 0.531, 0.043, 0.030, 0.110]
|   33|0.9737|0.5000|0.2510|1.6899| - [0.287, 0.531, 0.043, 0.030, 0.110]
|   34|0.9737|0.5000|0.2650|1.6898| - [0.287, 0.531, 0.043, 0.030, 0.110]
|   35|0.9737|0.5000|0.2715|1.6906| - [0.287, 0.531, 0.043, 0.030, 0.110]
|   36|0.9737|0.5000|0.2218|1.6925| - [0.287, 0.531, 0.043, 0.030, 0.110]
|   37|0.9737|0.5000|0.2233|1.6973| - [0.306, 0.500, 0.046, 0.032, 0.117]
|   38|0.9737|0.5000|0.1831|1.6993| - [0.306, 0.500, 0.046, 0.032, 0.117]
|   39|0.8947|0.5000|0.2218|1.7074| - [0.306, 0.500, 0.046, 0.032, 0.117]
|   40|0.7895|0.5000|0.2469|1.7176| - [0.306, 0.500, 0.046, 0.032, 0.117]
|   41|0.9737|0.5000|0.2510|1.7272| - [0.308, 0.505, 0.046, 0.032, 0.109]
|   42|0.9737|0.5000|0.2588|1.7169| - [0.320, 0.524, 0.000, 0.033, 0.123]
|   43|0.8158|0.5000|0.2588|1.6657| - [0.320, 0.524, 0.000, 0.033, 0.123]
|   44|0.6316|0.5000|0.2202|1.6011| - [0.320, 0.524, 0.000, 0.033, 0.123]
|   45|0.6053|0.5000|0.2038|1.5907| - [0.320, 0.524, 0.000, 0.033, 0.123]
|   46|0.5000|0.5000|0.0000|1.5494| - [0.320, 0.524, 0.000, 0.033, 0.123]
|   47|0.5000|0.5000|0.0000|1.5494| - [0.320, 0.524, 0.000, 0.033, 0.123]
|   48|0.9737|0.5000|0.1116|1.5500| - [0.327, 0.514, 0.000, 0.034, 0.125]
|   49|0.9737|0.5000|0.1831|1.5504| - [0.299, 0.540, 0.000, 0.034, 0.127]
|   50|0.9737|0.5000|0.2231|1.5513| - [0.332, 0.507, 0.000, 0.034, 0.127]
|   51|0.9474|0.5000|0.2573|1.5536| - [0.332, 0.507, 0.000, 0.034, 0.127]
|   52|0.7632|0.5000|0.2611|1.5639| - [0.332, 0.507, 0.000, 0.034, 0.127]
|   53|0.9737|0.5000|0.2054|1.5688| - [0.314, 0.524, 0.000, 0.034, 0.128]
|   54|0.8947|0.5000|0.2038|1.5682| - [0.314, 0.524, 0.000, 0.034, 0.128]
|   55|0.9737|0.5000|0.1537|1.5694| - [0.280, 0.546, 0.000, 0.037, 0.137]
|   56|0.9737|0.5000|0.2348|1.5671| - [0.280, 0.546, 0.000, 0.037, 0.137]
|   57|0.8421|0.5000|0.2616|1.5655| - [0.280, 0.546, 0.000, 0.037, 0.137]
|   58|0.8421|0.5000|0.2110|1.5568| - [0.288, 0.561, 0.000, 0.010, 0.141]
|   59|0.9211|0.5000|0.2065|1.5559| - [0.282, 0.543, 0.000, 0.037, 0.138]
|   60|0.9737|0.5000|0.1829|1.5544| - [0.288, 0.561, 0.000, 0.010, 0.141]
|   61|0.9211|0.5000|0.2049|1.5424| - [0.288, 0.561, 0.000, 0.010, 0.141]
|   62|0.9737|0.5000|0.1116|1.5541| - [0.288, 0.561, 0.000, 0.010, 0.141]
|   63|0.9737|0.5000|0.1831|1.5519| - [0.290, 0.565, 0.000, 0.038, 0.106]
|   64|0.9737|0.5000|0.2054|1.5531| - [0.290, 0.565, 0.000, 0.038, 0.106]
|   65|0.8684|0.5000|0.2733|1.5379| - [0.290, 0.565, 0.000, 0.038, 0.106]
|   66|0.7895|0.5000|0.2348|1.5300| - [0.290, 0.565, 0.000, 0.038, 0.106]
|   67|0.6579|0.5000|0.2114|1.4915| - [0.290, 0.565, 0.000, 0.038, 0.106]
|   68|0.6053|0.5000|0.2038|1.4981| - [0.290, 0.565, 0.000, 0.038, 0.106]
|   69|0.5526|0.5000|0.1534|1.5031| - [0.290, 0.565, 0.000, 0.038, 0.106]
|   70|0.5000|0.5000|0.0000|1.5078| - [0.290, 0.565, 0.000, 0.038, 0.106]
|   71|0.9737|0.5000|0.1116|1.4981| - [0.302, 0.587, 0.000, 0.000, 0.111]
|   72|0.9737|0.5000|0.2049|1.4691| - [0.302, 0.587, 0.000, 0.000, 0.111]
|   73|0.9474|0.5000|0.2053|1.4691| - [0.302, 0.587, 0.000, 0.000, 0.111]
|   74|0.9737|0.5000|0.1829|1.4787| - [0.302, 0.587, 0.000, 0.000, 0.111]
|   75|0.9474|0.5000|0.2464|1.4400| - [0.302, 0.587, 0.000, 0.000, 0.111]
|   76|0.9737|0.5000|0.2049|1.3529| - [0.302, 0.587, 0.000, 0.000, 0.111]
|   77|0.9737|0.5000|0.1829|1.3433| - [0.302, 0.587, 0.000, 0.000, 0.111]
|   78|0.9737|0.5000|0.1537|1.3227| - [0.305, 0.594, 0.000, 0.000, 0.100]
|   79|0.7105|0.5000|0.2049|1.3112| - [0.305, 0.594, 0.000, 0.000, 0.100]
|   80|0.8684|0.5000|0.1787|1.3033| - [0.319, 0.576, 0.000, 0.000, 0.105]
|   81|0.9737|0.5000|0.2647|1.2937| - [0.319, 0.576, 0.000, 0.000, 0.105]
|   82|0.8684|0.5000|0.1682|1.3024| - [0.319, 0.576, 0.000, 0.000, 0.105]
|   83|0.9737|0.5000|0.2561|1.2950| - [0.319, 0.576, 0.000, 0.000, 0.105]
|   84|0.9737|0.5000|0.2524|1.2923| - [0.319, 0.576, 0.000, 0.000, 0.105]
|   85|0.9737|0.5000|0.2732|1.2935| - [0.319, 0.576, 0.000, 0.000, 0.105]
|   86|0.9737|0.5000|0.2647|1.3188| - [0.319, 0.576, 0.000, 0.000, 0.105]
|   87|0.9737|0.5000|0.2560|1.3249| - [0.319, 0.576, 0.000, 0.000, 0.105]
|   88|0.9737|0.5000|0.2633|1.3249| - [0.319, 0.576, 0.000, 0.000, 0.105]
|   89|0.9737|0.5000|0.2574|1.3264| - [0.319, 0.576, 0.000, 0.000, 0.105]
|   90|0.9737|0.5000|0.2443|1.3249| - [0.319, 0.576, 0.000, 0.000, 0.105]
|   91|0.9737|0.5000|0.1831|1.3249| - [0.319, 0.576, 0.000, 0.000, 0.105]
|   92|0.9737|0.5000|0.1116|1.3249| - [0.319, 0.576, 0.000, 0.000, 0.105]
|   93|0.9737|0.5000|0.1116|1.3249| - [0.319, 0.576, 0.000, 0.000, 0.105]
|   94|0.9737|0.5000|0.1829|1.3249| - [0.319, 0.576, 0.000, 0.000, 0.105]
|   95|0.9737|0.5000|0.2732|1.3272| - [0.319, 0.576, 0.000, 0.000, 0.105]
|   96|0.9737|0.5000|0.2707|1.3249| - [0.319, 0.576, 0.000, 0.000, 0.105]
|   97|0.9737|0.5000|0.2764|1.3227| - [0.271, 0.617, 0.000, 0.000, 0.112]
|   98|0.8947|0.5000|0.2743|1.3184| - [0.271, 0.617, 0.000, 0.000, 0.112]
|   99|0.8421|0.5000|0.2616|1.3276| - [0.271, 0.617, 0.000, 0.000, 0.112]
|  100|0.6579|0.5000|0.2363|1.3385| - [0.271, 0.617, 0.000, 0.000, 0.112]
|  101|0.9474|0.5000|0.1764|1.3019| - [0.205, 0.673, 0.000, 0.000, 0.122]
|  102|0.9474|0.5000|0.1534|1.2866| - [0.205, 0.673, 0.000, 0.000, 0.122]
|  103|0.7368|0.5000|0.2497|1.2569| - [0.205, 0.673, 0.000, 0.000, 0.122]
|  104|0.9737|0.5000|0.2218|1.2379| - [0.199, 0.678, 0.000, 0.000, 0.123]
|  105|0.8947|0.5000|0.2218|1.2215| - [0.199, 0.678, 0.000, 0.000, 0.123]
|  106|0.6316|0.5000|0.2202|1.2182| - [0.199, 0.678, 0.000, 0.000, 0.123]
|  107|0.9737|0.5000|0.1829|1.2136| - [0.158, 0.712, 0.000, 0.000, 0.129]
|  108|0.9737|0.5000|0.1116|1.2129| - [0.158, 0.712, 0.000, 0.000, 0.129]
|  109|0.7895|0.5000|0.2469|1.1889| - [0.158, 0.712, 0.000, 0.000, 0.129]
|  110|0.6053|0.5000|0.1827|1.1775| - [0.158, 0.712, 0.000, 0.000, 0.129]
|  111|0.5263|0.5000|0.0996|1.1785| - [0.158, 0.712, 0.000, 0.000, 0.129]
|  112|0.7632|0.5000|0.0656|1.2001| - [0.160, 0.723, 0.000, 0.000, 0.117]
|  113|0.6842|0.5000|0.1406|1.2064| - [0.192, 0.654, 0.000, 0.034, 0.119]
|  114|0.8421|0.5000|0.1922|1.1702| - [0.192, 0.654, 0.000, 0.034, 0.119]
|  115|0.7368|0.5000|0.2497|1.2642| - [0.192, 0.654, 0.000, 0.034, 0.119]
|  116|0.6579|0.5000|0.2324|1.3217| - [0.192, 0.654, 0.000, 0.034, 0.119]
|  117|0.9737|0.5000|0.1116|1.3874| - [0.151, 0.688, 0.000, 0.036, 0.125]
|  118|0.8158|0.5000|0.2510|1.3693| - [0.151, 0.688, 0.000, 0.036, 0.125]
|  119|0.9737|0.5000|0.2549|1.3563| - [0.151, 0.687, 0.000, 0.036, 0.125]
|  120|0.9474|0.5000|0.2053|1.3377| - [0.151, 0.687, 0.000, 0.036, 0.125]
|  121|0.9737|0.5000|0.1116|1.3314| - [0.151, 0.687, 0.000, 0.036, 0.125]
|  122|0.8684|0.5000|0.2202|1.3317| - [0.151, 0.687, 0.000, 0.036, 0.125]
|  123|0.9737|0.5000|0.2443|1.3321| - [0.150, 0.689, 0.000, 0.036, 0.125]
|  124|0.9737|0.5000|0.1537|1.3346| - [0.150, 0.689, 0.000, 0.036, 0.125]
|  125|0.9737|0.5000|0.2228|1.3247| - [0.157, 0.713, 0.000, 0.000, 0.130]
|  126|0.9474|0.5000|0.1829|1.3132| - [0.157, 0.713, 0.000, 0.000, 0.130]
|  127|0.9474|0.5000|0.2361|1.3128| - [0.157, 0.713, 0.000, 0.000, 0.130]
|  128|0.9737|0.5000|0.2699|1.2566| - [0.167, 0.695, 0.000, 0.000, 0.138]
|  129|0.8947|0.5000|0.2561|1.2250| - [0.167, 0.695, 0.000, 0.000, 0.138]
|  130|0.8158|0.5000|0.2650|1.1979| - [0.167, 0.695, 0.000, 0.000, 0.138]
|  131|0.7632|0.5000|0.2611|1.1974| - [0.167, 0.695, 0.000, 0.000, 0.138]
|  132|0.5789|0.5000|0.1823|1.1843| - [0.167, 0.695, 0.000, 0.000, 0.138]
|  133|0.6579|0.5000|0.2324|1.1778| - [0.167, 0.695, 0.000, 0.000, 0.138]
|  134|0.6053|0.5000|0.2038|1.1821| - [0.167, 0.695, 0.000, 0.000, 0.138]
|  135|0.9737|0.5000|0.1116|1.1909| - [0.167, 0.695, 0.000, 0.000, 0.138]
|  136|0.8421|0.5000|0.2443|1.1909| - [0.167, 0.695, 0.000, 0.000, 0.138]
|  137|0.6316|0.5000|0.2202|1.1911| - [0.167, 0.695, 0.000, 0.000, 0.138]
|  138|0.6053|0.5000|0.2038|1.1911| - [0.167, 0.695, 0.000, 0.000, 0.138]
|  139|0.5000|0.5000|0.0000|1.1911| - [0.167, 0.695, 0.000, 0.000, 0.138]
|  140|0.5000|0.5000|0.0000|1.1911| - [0.167, 0.695, 0.000, 0.000, 0.138]
|  141|0.5000|0.5000|0.0000|1.1911| - [0.167, 0.695, 0.000, 0.000, 0.138]
|  142|0.5000|0.5000|0.0000|1.1911| - [0.167, 0.695, 0.000, 0.000, 0.138]
|  143|0.9737|0.5000|0.1116|1.1831| - [0.179, 0.746, 0.000, 0.000, 0.074]
|  144|0.9211|0.5000|0.2049|1.1623| - [0.179, 0.746, 0.000, 0.000, 0.074]
|  145|0.6579|0.5000|0.2324|1.0869| - [0.179, 0.746, 0.000, 0.000, 0.074]
|  146|0.5000|0.5000|0.0000|1.0387| - [0.179, 0.746, 0.000, 0.000, 0.074]
|  147|0.5000|0.5000|0.0000|1.0387| - [0.179, 0.746, 0.000, 0.000, 0.074]
|  148|0.5000|0.5000|0.0000|1.0387| - [0.179, 0.746, 0.000, 0.000, 0.074]
|  149|0.5263|0.5000|0.1116|1.0445| - [0.179, 0.746, 0.000, 0.000, 0.074]
|  150|0.5000|0.5000|0.0000|1.0387| - [0.179, 0.746, 0.000, 0.000, 0.074]
|  151|0.5000|0.5000|0.0000|1.0387| - [0.179, 0.746, 0.000, 0.000, 0.074]
|  152|0.5000|0.5000|0.0000|1.0387| - [0.179, 0.746, 0.000, 0.000, 0.074]
|  153|0.5000|0.5000|0.0000|1.0387| - [0.179, 0.746, 0.000, 0.000, 0.074]
|  154|0.5000|0.5000|0.0000|1.0387| - [0.179, 0.746, 0.000, 0.000, 0.074]
|  155|0.9737|0.5000|0.1116|1.0343| - [0.137, 0.785, 0.000, 0.000, 0.078]
|  156|0.9737|0.5000|0.2443|1.0099| - [0.146, 0.771, 0.000, 0.000, 0.083]
|  157|0.9737|0.5000|0.2348|1.0143| - [0.146, 0.771, 0.000, 0.000, 0.083]
|  158|0.8421|0.5000|0.2719|0.9977| - [0.146, 0.771, 0.000, 0.000, 0.083]
|  159|0.9211|0.5000|0.2556|0.9823| - [0.173, 0.720, 0.000, 0.000, 0.107]
|  160|0.9737|0.5000|0.2549|0.9797| - [0.173, 0.720, 0.000, 0.000, 0.107]
|  161|0.9737|0.5000|0.1537|0.9972| - [0.173, 0.720, 0.000, 0.000, 0.107]
|  162|0.9474|0.5000|0.2024|0.9954| - [0.173, 0.720, 0.000, 0.000, 0.107]
|  163|0.9474|0.5000|0.2418|0.9672| - [0.173, 0.720, 0.000, 0.000, 0.107]
|  164|0.9211|0.5000|0.0996|1.1309| - [0.173, 0.720, 0.000, 0.000, 0.107]
|  165|0.8684|0.5000|0.0875|1.1378| - [0.173, 0.720, 0.000, 0.000, 0.107]
|  166|0.9737|0.5000|0.1116|1.1241| - [0.173, 0.720, 0.000, 0.000, 0.107]
|  167|0.9737|0.5000|0.1116|1.1241| - [0.173, 0.720, 0.000, 0.000, 0.107]
|  168|0.9737|0.5000|0.1116|1.1241| - [0.173, 0.720, 0.000, 0.000, 0.107]
|  169|0.9737|0.5000|0.1116|1.1241| - [0.173, 0.720, 0.000, 0.000, 0.107]
|  170|0.9737|0.5000|0.1116|1.1241| - [0.173, 0.720, 0.000, 0.000, 0.107]
|  171|0.9737|0.5000|0.1116|1.1241| - [0.173, 0.720, 0.000, 0.000, 0.107]
|  172|0.9737|0.5000|0.1116|1.1241| - [0.173, 0.720, 0.000, 0.000, 0.107]
|  173|0.9737|0.5000|0.1116|1.1241| - [0.173, 0.720, 0.000, 0.000, 0.107]
|  174|0.9737|0.5000|0.1116|1.1241| - [0.173, 0.720, 0.000, 0.000, 0.107]
|  175|0.9737|0.5000|0.1537|1.1224| - [0.176, 0.730, 0.000, 0.000, 0.094]
|  176|0.9737|0.5000|0.1537|1.1207| - [0.176, 0.730, 0.000, 0.000, 0.094]
|  177|0.9211|0.5000|0.2674|1.1074| - [0.176, 0.730, 0.000, 0.000, 0.094]
|  178|0.5526|0.5000|0.1534|1.0923| - [0.176, 0.730, 0.000, 0.000, 0.094]
|  179|0.9737|0.5000|0.1116|1.0891| - [0.143, 0.759, 0.000, 0.000, 0.098]
|  180|0.9474|0.5000|0.1534|1.0859| - [0.143, 0.759, 0.000, 0.000, 0.098]
|  181|0.8947|0.5000|0.2038|1.0795| - [0.143, 0.759, 0.000, 0.000, 0.098]
|  182|0.7895|0.5000|0.2296|1.0818| - [0.143, 0.759, 0.000, 0.000, 0.098]
|  183|0.6579|0.5000|0.2324|1.0506| - [0.143, 0.759, 0.000, 0.000, 0.098]
|  184|0.5000|0.5000|0.0000|1.0314| - [0.143, 0.759, 0.000, 0.000, 0.098]
|  185|0.5000|0.5000|0.0000|1.0314| - [0.143, 0.759, 0.000, 0.000, 0.098]
|  186|0.5000|0.5000|0.0000|1.0314| - [0.143, 0.759, 0.000, 0.000, 0.098]
|  187|0.5000|0.5000|0.0000|1.0314| - [0.143, 0.759, 0.000, 0.000, 0.098]
|  188|0.5000|0.5000|0.0000|1.0314| - [0.143, 0.759, 0.000, 0.000, 0.098]
|  189|0.5000|0.5000|0.0000|1.0314| - [0.143, 0.759, 0.000, 0.000, 0.098]
|  190|0.5000|0.5000|0.0000|1.0314| - [0.143, 0.759, 0.000, 0.000, 0.098]
|  191|0.5000|0.5000|0.0000|1.0314| - [0.143, 0.759, 0.000, 0.000, 0.098]
|  192|0.5000|0.5000|0.0000|1.0314| - [0.143, 0.759, 0.000, 0.000, 0.098]
|  193|0.5000|0.5000|0.0000|1.0314| - [0.143, 0.759, 0.000, 0.000, 0.098]
|  194|0.5000|0.5000|0.0000|1.0314| - [0.143, 0.759, 0.000, 0.000, 0.098]
|  195|0.5000|0.5000|0.0000|1.0314| - [0.143, 0.759, 0.000, 0.000, 0.098]
|  196|0.9737|0.5000|0.1116|1.0106| - [0.019, 0.869, 0.000, 0.000, 0.112]
|  197|0.9737|0.5000|0.1116|1.0106| - [0.019, 0.869, 0.000, 0.000, 0.112]
|  198|0.8684|0.5000|0.2202|0.9275| - [0.019, 0.869, 0.000, 0.000, 0.112]
|  199|0.7632|0.5000|0.2497|0.8444| - [0.019, 0.869, 0.000, 0.000, 0.112]
|  200|0.7632|0.5000|0.2497|0.8444| - [0.019, 0.869, 0.000, 0.000, 0.112]
|  201|0.7895|0.5000|0.2469|0.8652| - [0.019, 0.869, 0.000, 0.000, 0.112]
|  202|0.9737|0.5000|0.2228|0.6961| - [0.018, 0.870, 0.000, 0.000, 0.112]
|  203|0.9211|0.5000|0.1823|0.6361| - [0.018, 0.870, 0.000, 0.000, 0.112]
|  204|0.9737|0.5000|0.2588|0.6419| - [0.019, 0.869, 0.000, 0.000, 0.112]
|  205|0.9211|0.5000|0.2645|0.6355| - [0.019, 0.869, 0.000, 0.000, 0.112]
|  206|0.7105|0.5000|0.2561|0.6369| - [0.019, 0.869, 0.000, 0.000, 0.112]
|  207|0.6579|0.5000|0.2348|0.6369| - [0.019, 0.869, 0.000, 0.000, 0.112]
|  208|0.9737|0.5000|0.1116|0.6332| - [0.020, 0.901, 0.000, 0.000, 0.080]
|  209|0.8421|0.5000|0.2443|0.6000| - [0.020, 0.901, 0.000, 0.000, 0.080]
|  210|0.6316|0.5000|0.2218|0.5574| - [0.020, 0.901, 0.000, 0.000, 0.080]
|  211|0.5000|0.5000|0.0000|0.5374| - [0.020, 0.901, 0.000, 0.000, 0.080]
|  212|0.9737|0.5000|0.1116|0.5169| - [0.021, 0.979, 0.000, 0.000, 0.000]
|  213|0.8421|0.5000|0.2324|0.4146| - [0.021, 0.979, 0.000, 0.000, 0.000]
|  214|0.7632|0.5000|0.2497|0.3531| - [0.021, 0.979, 0.000, 0.000, 0.000]
|  215|0.6053|0.5000|0.2049|0.2137| - [0.021, 0.979, 0.000, 0.000, 0.000]
|  216|0.5263|0.5000|0.1116|0.1625| - [0.021, 0.979, 0.000, 0.000, 0.000]
|  217|0.5000|0.5000|0.0000|0.1484| - [0.021, 0.979, 0.000, 0.000, 0.000]
|  218|0.5000|0.5000|0.0000|0.1484| - [0.021, 0.979, 0.000, 0.000, 0.000]
|  219|0.5000|0.5000|0.0000|0.1484| - [0.021, 0.979, 0.000, 0.000, 0.000]
|  220|0.5000|0.5000|0.0000|0.1555| - [0.021, 0.979, 0.000, 0.000, 0.000]
|  221|0.5000|0.5000|0.0000|0.1489| - [0.021, 0.979, 0.000, 0.000, 0.000]
|  222|0.5000|0.5000|0.0000|0.1482| - [0.021, 0.979, 0.000, 0.000, 0.000]
|  223|0.5000|0.5000|0.0000|0.1484| - [0.021, 0.979, 0.000, 0.000, 0.000]
|  224|0.5000|0.5000|0.0000|0.1484| - [0.021, 0.979, 0.000, 0.000, 0.000]
|  225|0.5000|0.5000|0.0000|0.1485| - [0.021, 0.979, 0.000, 0.000, 0.000]
|  226|0.5000|0.5000|0.0000|0.1484| - [0.021, 0.979, 0.000, 0.000, 0.000]
|  227|0.5263|0.5000|0.1116|0.1493| - [0.021, 0.979, 0.000, 0.000, 0.000]
|  228|0.5000|0.5000|0.0000|0.1408| - [0.021, 0.979, 0.000, 0.000, 0.000]
|  229|0.5000|0.5000|0.0000|0.1605| - [0.021, 0.979, 0.000, 0.000, 0.000]
|  230|0.5000|0.5000|0.0000|0.1484| - [0.021, 0.979, 0.000, 0.000, 0.000]
|  231|0.5263|0.5000|0.0999|0.1574| - [0.021, 0.979, 0.000, 0.000, 0.000]
|  232|0.5000|0.5000|0.0000|0.1472| - [0.021, 0.979, 0.000, 0.000, 0.000]
|  233|0.5000|0.5000|0.0000|0.1483| - [0.021, 0.979, 0.000, 0.000, 0.000]
|  234|0.5000|0.5000|0.0000|0.1422| - [0.021, 0.979, 0.000, 0.000, 0.000]
|  235|0.5000|0.5000|0.0000|0.1634| - [0.021, 0.979, 0.000, 0.000, 0.000]
|  236|0.5000|0.5000|0.0000|0.1634| - [0.021, 0.979, 0.000, 0.000, 0.000]
|  237|0.5000|0.5000|0.0000|0.1784| - [0.021, 0.979, 0.000, 0.000, 0.000]
|  238|0.5000|0.5000|0.0000|0.1484| - [0.021, 0.979, 0.000, 0.000, 0.000]
|  239|0.5000|0.5000|0.0000|0.1484| - [0.021, 0.979, 0.000, 0.000, 0.000]
|  240|0.5000|0.5000|0.0000|0.1484| - [0.021, 0.979, 0.000, 0.000, 0.000]
|  241|0.5000|0.5000|0.0000|0.1484| - [0.021, 0.979, 0.000, 0.000, 0.000]
|  242|0.5000|0.5000|0.0000|0.1484| - [0.021, 0.979, 0.000, 0.000, 0.000]
|  243|0.5000|0.5000|0.0000|0.1484| - [0.021, 0.979, 0.000, 0.000, 0.000]
|  244|0.5000|0.5000|0.0000|0.1484| - [0.021, 0.979, 0.000, 0.000, 0.000]
|  245|0.5000|0.5000|0.0000|0.1480| - [0.021, 0.979, 0.000, 0.000, 0.000]
|  246|0.5000|0.5000|0.0000|0.1790| - [0.021, 0.979, 0.000, 0.000, 0.000]
|  247|0.5000|0.5000|0.0000|0.1981| - [0.021, 0.979, 0.000, 0.000, 0.000]
|  248|0.5000|0.5000|0.0000|0.1608| - [0.075, 0.925, 0.000, 0.000, 0.000]
|  249|0.5000|0.5000|0.0000|0.1608| - [0.021, 0.979, 0.000, 0.000, 0.000]
|  250|0.5000|0.5000|0.0000|0.1608| - [0.021, 0.979, 0.000, 0.000, 0.000]
|  251|0.5000|0.5000|0.0000|0.1856| - [0.021, 0.979, 0.000, 0.000, 0.000]
|  252|0.5000|0.5000|0.0000|0.1732| - [0.021, 0.979, 0.000, 0.000, 0.000]
|  253|0.5000|0.5000|0.0000|0.1856| - [0.021, 0.979, 0.000, 0.000, 0.000]
|  254|0.5000|0.5000|0.0000|0.2353| - [0.021, 0.979, 0.000, 0.000, 0.000]
|  255|0.5000|0.5000|0.0000|0.1981| - [0.075, 0.925, 0.000, 0.000, 0.000]
|  256|0.5000|0.5000|0.0000|0.2105| - [0.075, 0.925, 0.000, 0.000, 0.000]
|  257|0.5000|0.5000|0.0000|0.2105| - [0.021, 0.979, 0.000, 0.000, 0.000]
|  258|0.5000|0.5000|0.0000|0.2229| - [0.075, 0.925, 0.000, 0.000, 0.000]
|  259|0.5000|0.5000|0.0000|0.1732| - [0.075, 0.925, 0.000, 0.000, 0.000]
|  260|0.5000|0.5000|0.0000|0.1732| - [0.021, 0.979, 0.000, 0.000, 0.000]
|  261|0.5000|0.5000|0.0000|0.1732| - [0.021, 0.979, 0.000, 0.000, 0.000]
|  262|0.5000|0.5000|0.0000|0.1484| - [0.021, 0.979, 0.000, 0.000, 0.000]
|  263|0.5000|0.5000|0.0000|0.1484| - [0.021, 0.979, 0.000, 0.000, 0.000]
|  264|0.5000|0.5000|0.0000|0.1484| - [0.021, 0.979, 0.000, 0.000, 0.000]
|  265|0.5000|0.5000|0.0000|0.1484| - [0.021, 0.979, 0.000, 0.000, 0.000]
|  266|0.5000|0.5000|0.0000|0.1484| - [0.021, 0.979, 0.000, 0.000, 0.000]
|  267|0.5000|0.5000|0.0000|0.1484| - [0.021, 0.979, 0.000, 0.000, 0.000]
|  268|0.5000|0.5000|0.0000|0.1484| - [0.021, 0.979, 0.000, 0.000, 0.000]
|  269|0.5000|0.5000|0.0000|0.1484| - [0.021, 0.979, 0.000, 0.000, 0.000]
|  270|0.5000|0.5000|0.0000|0.1484| - [0.021, 0.979, 0.000, 0.000, 0.000]
|  271|0.5000|0.5000|0.0000|0.1484| - [0.021, 0.979, 0.000, 0.000, 0.000]
|  272|0.5000|0.5000|0.0000|0.1484| - [0.021, 0.979, 0.000, 0.000, 0.000]
|  273|0.5000|0.5000|0.0000|0.1484| - [0.021, 0.979, 0.000, 0.000, 0.000]
|  274|0.5000|0.5000|0.0000|0.1484| - [0.021, 0.979, 0.000, 0.000, 0.000]
|  275|0.5000|0.5000|0.0000|0.1484| - [0.021, 0.979, 0.000, 0.000, 0.000]
|  276|0.5000|0.5000|0.0000|0.1484| - [0.021, 0.979, 0.000, 0.000, 0.000]
|  277|0.5000|0.5000|0.0000|0.1484| - [0.021, 0.979, 0.000, 0.000, 0.000]
|  278|0.5000|0.5000|0.0000|0.1486| - [0.021, 0.979, 0.000, 0.000, 0.000]
|  279|0.5000|0.5000|0.0000|0.1482| - [0.021, 0.979, 0.000, 0.000, 0.000]
|  280|0.5000|0.5000|0.0000|0.1485| - [0.021, 0.979, 0.000, 0.000, 0.000]
|  281|0.5000|0.5000|0.0000|0.1527| - [0.021, 0.979, 0.000, 0.000, 0.000]
|  282|0.5000|0.5000|0.0000|0.2088| - [0.073, 0.927, 0.000, 0.000, 0.000]
|  283|0.5000|0.5000|0.0000|0.2088| - [0.021, 0.979, 0.000, 0.000, 0.000]
|  284|0.5000|0.5000|0.0000|0.2093| - [0.021, 0.979, 0.000, 0.000, 0.000]
|  285|0.5000|0.5000|0.0000|0.1484| - [0.021, 0.979, 0.000, 0.000, 0.000]
|  286|0.5000|0.5000|0.0000|0.1406| - [0.021, 0.979, 0.000, 0.000, 0.000]
|  287|0.5000|0.5000|0.0000|0.1484| - [0.021, 0.979, 0.000, 0.000, 0.000]
|  288|0.5000|0.5000|0.0000|0.1484| - [0.021, 0.979, 0.000, 0.000, 0.000]
|  289|0.5000|0.5000|0.0000|0.1486| - [0.022, 0.978, 0.000, 0.000, 0.000]
|  290|0.5000|0.5000|0.0000|0.1491| - [0.021, 0.979, 0.000, 0.000, 0.000]
|  291|0.5000|0.5000|0.0000|0.1484| - [0.021, 0.979, 0.000, 0.000, 0.000]
|  292|0.5000|0.5000|0.0000|0.1484| - [0.021, 0.979, 0.000, 0.000, 0.000]
|  293|0.5000|0.5000|0.0000|0.1484| - [0.021, 0.979, 0.000, 0.000, 0.000]
|  294|0.5000|0.5000|0.0000|0.1484| - [0.021, 0.979, 0.000, 0.000, 0.000]
|  295|0.5000|0.5000|0.0000|0.1516| - [0.021, 0.979, 0.000, 0.000, 0.000]
|  296|0.5000|0.5000|0.0000|0.1645| - [0.021, 0.979, 0.000, 0.000, 0.000]
|  297|0.5000|0.5000|0.0000|0.1535| - [0.033, 0.967, 0.000, 0.000, 0.000]
|  298|0.5000|0.5000|0.0000|0.1582| - [0.021, 0.979, 0.000, 0.000, 0.000]
|  299|0.5000|0.5000|0.0000|0.1353| - [0.003, 0.997, 0.000, 0.000, 0.000]
|  300|0.5000|0.5000|0.0000|0.1406| - [0.021, 0.979, 0.000, 0.000, 0.000]
|  301|0.5000|0.5000|0.0000|0.1484| - [0.021, 0.979, 0.000, 0.000, 0.000]
|  302|0.5000|0.5000|0.0000|0.1484| - [0.021, 0.979, 0.000, 0.000, 0.000]
|  303|0.5000|0.5000|0.0000|0.1489| - [0.021, 0.979, 0.000, 0.000, 0.000]
|  304|0.5000|0.5000|0.0000|0.1484| - [0.021, 0.979, 0.000, 0.000, 0.000]
|  305|0.5000|0.5000|0.0000|0.1484| - [0.021, 0.979, 0.000, 0.000, 0.000]
|  306|0.5000|0.5000|0.0000|0.1484| - [0.021, 0.979, 0.000, 0.000, 0.000]
|  307|0.5263|0.5000|0.1116|0.1556| - [0.021, 0.979, 0.000, 0.000, 0.000]
|  308|0.5000|0.5000|0.0000|0.1484| - [0.021, 0.979, 0.000, 0.000, 0.000]
|  309|0.5000|0.5000|0.0000|0.1484| - [0.021, 0.979, 0.000, 0.000, 0.000]
|  310|0.5000|0.5000|0.0000|0.1406| - [0.000, 1.000, 0.000, 0.000, 0.000]
|  311|0.5000|0.5000|0.0000|0.1250| - [0.000, 1.000, 0.000, 0.000, 0.000]
|  312|0.5000|0.5000|0.0000|0.1406| - [0.021, 0.979, 0.000, 0.000, 0.000]
|  313|0.5000|0.5000|0.0000|0.1484| - [0.021, 0.979, 0.000, 0.000, 0.000]
|  314|0.5000|0.5000|0.0000|0.1628| - [0.021, 0.979, 0.000, 0.000, 0.000]
|  315|0.5000|0.5000|0.0000|0.1610| - [0.021, 0.979, 0.000, 0.000, 0.000]
|  316|0.5000|0.5000|0.0000|0.1735| - [0.021, 0.979, 0.000, 0.000, 0.000]
|  317|0.5000|0.5000|0.0000|0.1610| - [0.021, 0.979, 0.000, 0.000, 0.000]
|  318|0.5000|0.5000|0.0000|0.1485| - [0.021, 0.979, 0.000, 0.000, 0.000]
|  319|0.5000|0.5000|0.0000|0.1484| - [0.021, 0.979, 0.000, 0.000, 0.000]
|  320|0.5000|0.5000|0.0000|0.1484| - [0.021, 0.979, 0.000, 0.000, 0.000]
|  321|0.5000|0.5000|0.0000|0.1484| - [0.021, 0.979, 0.000, 0.000, 0.000]
|  322|0.5000|0.5000|0.0000|0.1484| - [0.021, 0.979, 0.000, 0.000, 0.000]
|  323|0.5000|0.5000|0.0000|0.1484| - [0.021, 0.979, 0.000, 0.000, 0.000]
|  324|0.5000|0.5000|0.0000|0.1484| - [0.021, 0.979, 0.000, 0.000, 0.000]
|  325|0.5000|0.5000|0.0000|0.1484| - [0.021, 0.979, 0.000, 0.000, 0.000]
|  326|0.5000|0.5000|0.0000|0.1453| - [0.011, 0.989, 0.000, 0.000, 0.000]
|  327|0.5000|0.5000|0.0000|0.1584| - [0.021, 0.979, 0.000, 0.000, 0.000]
|  328|0.5000|0.5000|0.0000|0.1361| - [0.021, 0.979, 0.000, 0.000, 0.000]
|  329|0.5000|0.5000|0.0000|0.1330| - [0.021, 0.979, 0.000, 0.000, 0.000]
|  330|0.5000|0.5000|0.0000|0.1360| - [0.011, 0.989, 0.000, 0.000, 0.000]
|  331|0.5000|0.5000|0.0000|0.1263| - [0.011, 0.989, 0.000, 0.000, 0.000]
|  332|0.5000|0.5000|0.0000|0.1176| - [0.011, 0.989, 0.000, 0.000, 0.000]
|  333|0.5000|0.5000|0.0000|0.1006| - [0.021, 0.979, 0.000, 0.000, 0.000]
|  334|0.5000|0.5000|0.0000|0.1145| - [0.021, 0.979, 0.000, 0.000, 0.000]
|  335|0.5000|0.5000|0.0000|0.1067| - [0.011, 0.989, 0.000, 0.000, 0.000]
|  336|0.5000|0.5000|0.0000|0.0928| - [0.011, 0.989, 0.000, 0.000, 0.000]
|  337|0.5000|0.5000|0.0000|0.0926| - [0.011, 0.989, 0.000, 0.000, 0.000]
|  338|0.5000|0.5000|0.0000|0.1020| - [0.021, 0.979, 0.000, 0.000, 0.000]
|  339|0.5000|0.5000|0.0000|0.0918| - [0.011, 0.989, 0.000, 0.000, 0.000]
|  340|0.5000|0.5000|0.0000|0.0947| - [0.011, 0.989, 0.000, 0.000, 0.000]
|  341|0.5000|0.5000|0.0000|0.0929| - [0.011, 0.989, 0.000, 0.000, 0.000]
|  342|0.5000|0.5000|0.0000|0.0905| - [0.011, 0.989, 0.000, 0.000, 0.000]
|  343|0.5000|0.5000|0.0000|0.0905| - [0.011, 0.989, 0.000, 0.000, 0.000]
|  344|0.5000|0.5000|0.0000|0.0905| - [0.011, 0.989, 0.000, 0.000, 0.000]
|  345|0.5000|0.5000|0.0000|0.0969| - [0.011, 0.989, 0.000, 0.000, 0.000]
|  346|0.5000|0.5000|0.0000|0.0929| - [0.011, 0.989, 0.000, 0.000, 0.000]
|  347|0.5000|0.5000|0.0000|0.0995| - [0.011, 0.989, 0.000, 0.000, 0.000]
|  348|0.5000|0.5000|0.0000|0.0995| - [0.011, 0.989, 0.000, 0.000, 0.000]
|  349|0.5000|0.5000|0.0000|0.1191| - [0.011, 0.989, 0.000, 0.000, 0.000]
|  350|0.5000|0.5000|0.0000|0.1288| - [0.021, 0.979, 0.000, 0.000, 0.000]
|  351|0.5000|0.5000|0.0000|0.1616| - [0.079, 0.921, 0.000, 0.000, 0.000]
|  352|0.5000|0.5000|0.0000|0.1484| - [0.021, 0.979, 0.000, 0.000, 0.000]
|  353|0.5000|0.5000|0.0000|0.1484| - [0.021, 0.979, 0.000, 0.000, 0.000]
|  354|0.5000|0.5000|0.0000|0.1484| - [0.021, 0.979, 0.000, 0.000, 0.000]
|  355|0.5000|0.5000|0.0000|0.1484| - [0.021, 0.979, 0.000, 0.000, 0.000]
|  356|0.5000|0.5000|0.0000|0.1482| - [0.021, 0.979, 0.000, 0.000, 0.000]
|  357|0.5000|0.5000|0.0000|0.1484| - [0.021, 0.979, 0.000, 0.000, 0.000]
|  358|0.5000|0.5000|0.0000|0.1581| - [0.021, 0.979, 0.000, 0.000, 0.000]
|  359|0.5000|0.5000|0.0000|0.1484| - [0.021, 0.979, 0.000, 0.000, 0.000]
|  360|0.5000|0.5000|0.0000|0.1484| - [0.021, 0.979, 0.000, 0.000, 0.000]
|  361|0.5000|0.5000|0.0000|0.1484| - [0.021, 0.979, 0.000, 0.000, 0.000]
|  362|0.5000|0.5000|0.0000|0.1484| - [0.021, 0.979, 0.000, 0.000, 0.000]
|  363|0.5000|0.5000|0.0000|0.1485| - [0.021, 0.979, 0.000, 0.000, 0.000]
|  364|0.5000|0.5000|0.0000|0.1484| - [0.021, 0.979, 0.000, 0.000, 0.000]
|  365|0.5000|0.5000|0.0000|0.1484| - [0.021, 0.979, 0.000, 0.000, 0.000]
|  366|0.5000|0.5000|0.0000|0.1484| - [0.021, 0.979, 0.000, 0.000, 0.000]
|  367|0.5000|0.5000|0.0000|0.1406| - [0.021, 0.979, 0.000, 0.000, 0.000]
|  368|0.5000|0.5000|0.0000|0.1403| - [0.021, 0.979, 0.000, 0.000, 0.000]
|  369|0.5000|0.5000|0.0000|0.1479| - [0.021, 0.979, 0.000, 0.000, 0.000]
|  370|0.5000|0.5000|0.0000|0.1396| - [0.021, 0.979, 0.000, 0.000, 0.000]
|  371|0.5000|0.5000|0.0000|0.1005| - [0.021, 0.979, 0.000, 0.000, 0.000]
|  372|0.5526|0.5000|0.0283|0.1041| - [0.021, 0.971, 0.000, 0.007, 0.000]
|  373|0.6053|0.5000|0.0352|0.1116| - [0.021, 0.971, 0.000, 0.007, 0.000]
|  374|0.7105|0.5000|0.1107|0.1180| - [0.021, 0.971, 0.000, 0.007, 0.000]
|  375|0.6579|0.5000|0.1390|0.1555| - [0.021, 0.971, 0.000, 0.007, 0.000]
|  376|0.7632|0.5000|0.1821|0.1805| - [0.021, 0.979, 0.000, 0.000, 0.000]
|  377|0.8158|0.5000|0.2412|0.1878| - [0.021, 0.979, 0.000, 0.000, 0.000]
|  378|0.6842|0.5000|0.2412|0.1714| - [0.021, 0.979, 0.000, 0.000, 0.000]
|  379|0.5000|0.5000|0.0000|0.1486| - [0.021, 0.979, 0.000, 0.000, 0.000]
|  380|0.5000|0.5000|0.0000|0.1486| - [0.021, 0.979, 0.000, 0.000, 0.000]
|  381|0.5000|0.5000|0.0000|0.1545| - [0.045, 0.955, 0.000, 0.000, 0.000]
|  382|0.5000|0.5000|0.0000|0.1971| - [0.021, 0.979, 0.000, 0.000, 0.000]
|  383|0.5000|0.5000|0.0000|0.2155| - [0.021, 0.979, 0.000, 0.000, 0.000]
|  384|0.5000|0.5000|0.0000|0.1940| - [0.045, 0.955, 0.000, 0.000, 0.000]
|  385|0.5000|0.5000|0.0000|0.1667| - [0.021, 0.979, 0.000, 0.000, 0.000]
|  386|0.5000|0.5000|0.0000|0.1726| - [0.021, 0.979, 0.000, 0.000, 0.000]
|  387|0.5000|0.5000|0.0000|0.1545| - [0.021, 0.979, 0.000, 0.000, 0.000]
|  388|0.5000|0.5000|0.0000|0.1545| - [0.021, 0.979, 0.000, 0.000, 0.000]
|  389|0.5000|0.5000|0.0000|0.1788| - [0.021, 0.979, 0.000, 0.000, 0.000]
|  390|0.5000|0.5000|0.0000|0.2217| - [0.021, 0.979, 0.000, 0.000, 0.000]
|  391|0.5000|0.5000|0.0000|0.2446| - [0.045, 0.955, 0.000, 0.000, 0.000]
|  392|0.5000|0.5000|0.0000|0.2203| - [0.021, 0.979, 0.000, 0.000, 0.000]
|  393|0.5000|0.5000|0.0000|0.2093| - [0.045, 0.955, 0.000, 0.000, 0.000]
|  394|0.5000|0.5000|0.0000|0.1832| - [0.045, 0.955, 0.000, 0.000, 0.000]
|  395|0.5000|0.5000|0.0000|0.1788| - [0.045, 0.955, 0.000, 0.000, 0.000]
|  396|0.5000|0.5000|0.0000|0.1484| - [0.021, 0.979, 0.000, 0.000, 0.000]
|  397|0.5000|0.5000|0.0000|0.1484| - [0.021, 0.979, 0.000, 0.000, 0.000]
|  398|0.5000|0.5000|0.0000|0.1484| - [0.021, 0.979, 0.000, 0.000, 0.000]
|  399|0.5000|0.5000|0.0000|0.1484| - [0.021, 0.979, 0.000, 0.000, 0.000]
|  400|0.5000|0.5000|0.0000|0.1483| - [0.021, 0.979, 0.000, 0.000, 0.000]
|  401|0.5000|0.5000|0.0000|0.1484| - [0.021, 0.979, 0.000, 0.000, 0.000]
|  402|0.5000|0.5000|0.0000|0.1488| - [0.021, 0.979, 0.000, 0.000, 0.000]
|  403|0.5000|0.5000|0.0000|0.1485| - [0.021, 0.979, 0.000, 0.000, 0.000]
|  404|0.5000|0.5000|0.0000|0.1444| - [0.021, 0.979, 0.000, 0.000, 0.000]
|  405|0.5000|0.5000|0.0000|0.1404| - [0.021, 0.979, 0.000, 0.000, 0.000]
|  406|0.5000|0.5000|0.0000|0.1484| - [0.021, 0.979, 0.000, 0.000, 0.000]
|  407|0.5000|0.5000|0.0000|0.1415| - [0.021, 0.979, 0.000, 0.000, 0.000]
|  408|0.5526|0.5000|0.1219|0.1712| - [0.021, 0.979, 0.000, 0.000, 0.000]
|  409|0.5000|0.5000|0.0000|0.1484| - [0.021, 0.979, 0.000, 0.000, 0.000]
|  410|0.5000|0.5000|0.0000|0.1484| - [0.021, 0.979, 0.000, 0.000, 0.000]
|  411|0.5000|0.5000|0.0000|0.1484| - [0.021, 0.979, 0.000, 0.000, 0.000]
|  412|0.5000|0.5000|0.0000|0.1484| - [0.021, 0.979, 0.000, 0.000, 0.000]
|  413|0.5000|0.5000|0.0000|0.1484| - [0.021, 0.979, 0.000, 0.000, 0.000]
|  414|0.5000|0.5000|0.0000|0.1484| - [0.021, 0.979, 0.000, 0.000, 0.000]
|  415|0.5000|0.5000|0.0000|0.1484| - [0.021, 0.979, 0.000, 0.000, 0.000]
|  416|0.5000|0.5000|0.0000|0.1484| - [0.021, 0.979, 0.000, 0.000, 0.000]
|  417|0.5000|0.5000|0.0000|0.1484| - [0.021, 0.979, 0.000, 0.000, 0.000]
|  418|0.5000|0.5000|0.0000|0.1484| - [0.021, 0.979, 0.000, 0.000, 0.000]
|  419|0.5000|0.5000|0.0000|0.1484| - [0.021, 0.979, 0.000, 0.000, 0.000]
|  420|0.5000|0.5000|0.0000|0.1484| - [0.021, 0.979, 0.000, 0.000, 0.000]
|  421|0.5263|0.5000|0.1116|0.1522| - [0.021, 0.979, 0.000, 0.000, 0.000]
|  422|0.5000|0.5000|0.0000|0.1484| - [0.021, 0.979, 0.000, 0.000, 0.000]
|  423|0.5000|0.5000|0.0000|0.1484| - [0.021, 0.979, 0.000, 0.000, 0.000]
|  424|0.5000|0.5000|0.0000|0.1484| - [0.021, 0.979, 0.000, 0.000, 0.000]
|  425|0.5000|0.5000|0.0000|0.1484| - [0.021, 0.979, 0.000, 0.000, 0.000]
|  426|0.5000|0.5000|0.0000|0.1484| - [0.021, 0.979, 0.000, 0.000, 0.000]
|  427|0.5000|0.5000|0.0000|0.1484| - [0.021, 0.979, 0.000, 0.000, 0.000]
|  428|0.5000|0.5000|0.0000|0.1484| - [0.021, 0.979, 0.000, 0.000, 0.000]
|  429|0.5000|0.5000|0.0000|0.1499| - [0.021, 0.979, 0.000, 0.000, 0.000]
|  430|0.9211|0.5000|0.0999|0.1680| - [0.025, 0.916, 0.000, 0.000, 0.059]
|  431|0.9211|0.5000|0.1823|0.2025| - [0.025, 0.916, 0.000, 0.000, 0.059]
|  432|0.8158|0.5000|0.2510|0.2941| - [0.025, 0.916, 0.000, 0.000, 0.059]
|  433|0.6842|0.5000|0.2412|0.3905| - [0.025, 0.916, 0.000, 0.000, 0.059]
|  434|0.9737|0.5000|0.1116|0.4826| - [0.000, 0.939, 0.000, 0.000, 0.061]
|  435|0.9474|0.5000|0.1534|0.4741| - [0.000, 0.939, 0.000, 0.000, 0.061]
|  436|0.8158|0.5000|0.2510|0.4275| - [0.000, 0.939, 0.000, 0.000, 0.061]
|  437|0.8158|0.5000|0.2587|0.4233| - [0.000, 0.939, 0.000, 0.000, 0.061]
|  438|0.7105|0.5000|0.2335|0.3825| - [0.000, 0.939, 0.000, 0.000, 0.061]
|  439|0.7105|0.5000|0.2469|0.3642| - [0.000, 0.939, 0.000, 0.000, 0.061]
|  440|0.5526|0.5000|0.1374|0.3491| - [0.000, 0.939, 0.000, 0.000, 0.061]
|  441|0.5000|0.5000|0.0000|0.3303| - [0.000, 0.940, 0.000, 0.000, 0.060]
|  442|0.5000|0.5000|0.0000|0.3348| - [0.000, 0.940, 0.000, 0.000, 0.060]
|  443|0.5000|0.5000|0.0000|0.3366| - [0.000, 0.935, 0.000, 0.000, 0.065]
|  444|0.5000|0.5000|0.0000|0.3391| - [0.000, 0.940, 0.000, 0.000, 0.060]
|  445|0.5000|0.5000|0.0000|0.3402| - [0.000, 0.935, 0.000, 0.000, 0.065]
|  446|0.5000|0.5000|0.0000|0.3446| - [0.000, 0.935, 0.000, 0.000, 0.065]
|  447|0.5000|0.5000|0.0000|0.3454| - [0.000, 0.935, 0.000, 0.000, 0.065]
|  448|0.5000|0.5000|0.0000|0.3454| - [0.000, 0.935, 0.000, 0.000, 0.065]
|  449|0.5000|0.5000|0.0000|0.3454| - [0.000, 0.935, 0.000, 0.000, 0.065]
|  450|0.5000|0.5000|0.0000|0.3454| - [0.000, 0.935, 0.000, 0.000, 0.065]
|  451|0.5000|0.5000|0.0000|0.3454| - [0.000, 0.935, 0.000, 0.000, 0.065]
|  452|0.5000|0.5000|0.0000|0.3464| - [0.000, 0.935, 0.000, 0.000, 0.065]
|  453|0.5000|0.5000|0.0000|0.3474| - [0.000, 0.935, 0.000, 0.000, 0.065]
|  454|0.5000|0.5000|0.0000|0.3484| - [0.000, 0.935, 0.000, 0.000, 0.065]
|  455|0.5263|0.5000|0.0883|0.3559| - [0.000, 0.935, 0.000, 0.000, 0.065]
|  456|0.5000|0.5000|0.0000|0.3439| - [0.000, 0.939, 0.000, 0.000, 0.061]
|  457|0.5000|0.5000|0.0000|0.3467| - [0.000, 0.939, 0.000, 0.000, 0.061]
|  458|0.5000|0.5000|0.0000|0.3384| - [0.000, 0.930, 0.000, 0.000, 0.070]
|  459|0.5000|0.5000|0.0000|0.3411| - [0.000, 0.939, 0.000, 0.000, 0.061]
|  460|0.5000|0.5000|0.0000|0.3450| - [0.000, 0.930, 0.000, 0.000, 0.070]
|  461|0.8421|0.5000|0.0883|0.3639| - [0.025, 0.907, 0.000, 0.000, 0.068]
|  462|0.8421|0.5000|0.1234|0.3819| - [0.025, 0.907, 0.000, 0.000, 0.068]
|  463|0.6053|0.5000|0.0352|0.3686| - [0.025, 0.907, 0.000, 0.000, 0.068]
|  464|0.6579|0.5000|0.0444|0.3682| - [0.025, 0.907, 0.000, 0.000, 0.068]
|  465|0.8158|0.5000|0.0768|0.3672| - [0.025, 0.907, 0.000, 0.000, 0.068]
|  466|0.9211|0.5000|0.1823|0.4107| - [0.025, 0.907, 0.000, 0.000, 0.068]
|  467|0.6842|0.5000|0.2412|0.4616| - [0.025, 0.907, 0.000, 0.000, 0.068]
|  468|0.6053|0.5000|0.2038|0.4877| - [0.025, 0.907, 0.000, 0.000, 0.068]
|  469|0.6842|0.5000|0.2412|0.4616| - [0.025, 0.907, 0.000, 0.000, 0.068]
|  470|0.6316|0.5000|0.2218|0.4924| - [0.025, 0.907, 0.000, 0.000, 0.068]
|  471|0.6316|0.5000|0.2202|0.4790| - [0.025, 0.907, 0.000, 0.000, 0.068]
|  472|0.5000|0.5000|0.0000|0.5224| - [0.025, 0.907, 0.000, 0.000, 0.068]
|  473|0.5000|0.5000|0.0000|0.5224| - [0.025, 0.907, 0.000, 0.000, 0.068]
|  474|0.9737|0.5000|0.1116|0.5169| - [0.025, 0.933, 0.000, 0.000, 0.041]
|  475|0.9737|0.5000|0.1116|0.5169| - [0.025, 0.933, 0.000, 0.000, 0.041]
|  476|0.7895|0.5000|0.2469|0.4786| - [0.025, 0.933, 0.000, 0.000, 0.041]
|  477|0.7895|0.5000|0.2230|0.4960| - [0.025, 0.933, 0.000, 0.000, 0.041]
|  478|0.9737|0.5000|0.2443|0.4917| - [0.027, 0.897, 0.000, 0.000, 0.075]
|  479|0.8947|0.5000|0.2315|0.4882| - [0.027, 0.897, 0.000, 0.000, 0.075]
|  480|0.9211|0.5000|0.1932|0.4696| - [0.027, 0.897, 0.000, 0.000, 0.075]
|  481|0.9211|0.5000|0.1898|0.4937| - [0.023, 0.827, 0.059, 0.006, 0.086]
|  482|0.9737|0.5000|0.2647|0.5790| - [0.000, 0.846, 0.061, 0.006, 0.088]
|  483|0.9737|0.5000|0.2699|0.6496| - [0.000, 0.846, 0.061, 0.006, 0.088]
|  484|0.9737|0.5000|0.2790|0.7190| - [0.000, 0.846, 0.061, 0.006, 0.088]
|  485|0.9737|0.5000|0.2727|0.9453| - [0.000, 0.846, 0.061, 0.006, 0.088]
|  486|0.8684|0.5000|0.2743|0.9047| - [0.000, 0.846, 0.061, 0.006, 0.088]
|  487|0.7632|0.5000|0.2497|0.8756| - [0.000, 0.846, 0.061, 0.006, 0.088]
|  488|0.9737|0.5000|0.1116|0.7999| - [0.000, 0.851, 0.061, 0.000, 0.088]
|  489|0.9737|0.5000|0.1116|0.7999| - [0.000, 0.851, 0.061, 0.000, 0.088]
|  490|0.8947|0.5000|0.2038|0.7922| - [0.000, 0.851, 0.061, 0.000, 0.088]
|  491|0.7368|0.5000|0.2497|0.7766| - [0.000, 0.851, 0.061, 0.000, 0.088]
|  492|0.6316|0.5000|0.2202|0.7662| - [0.000, 0.851, 0.061, 0.000, 0.088]
|  493|0.5000|0.5000|0.0000|0.7533| - [0.000, 0.851, 0.061, 0.000, 0.088]
|  494|0.5000|0.5000|0.0000|0.7533| - [0.000, 0.851, 0.061, 0.000, 0.088]
|  495|0.9737|0.5000|0.1116|0.7373| - [0.000, 0.906, 0.000, 0.000, 0.094]
|  496|0.9737|0.5000|0.1537|0.7270| - [0.000, 0.906, 0.000, 0.000, 0.094]
|  497|0.8684|0.5000|0.2202|0.6733| - [0.000, 0.906, 0.000, 0.000, 0.094]
|  498|0.7368|0.5000|0.2497|0.5933| - [0.000, 0.906, 0.000, 0.000, 0.094]
|  499|0.6316|0.5000|0.2202|0.5293| - [0.000, 0.906, 0.000, 0.000, 0.094]
|  500|0.5000|0.5000|0.0000|0.4617| - [0.000, 0.906, 0.000, 0.000, 0.094]
|  501|0.5000|0.5000|0.0000|0.4493| - [0.000, 0.906, 0.000, 0.000, 0.094]
|  502|0.5000|0.5000|0.0000|0.4493| - [0.000, 0.906, 0.000, 0.000, 0.094]
|  503|0.5000|0.5000|0.0000|0.4493| - [0.000, 0.906, 0.000, 0.000, 0.094]
|  504|0.5000|0.5000|0.0000|0.4493| - [0.000, 0.906, 0.000, 0.000, 0.094]
|  505|0.5000|0.5000|0.0000|0.4493| - [0.000, 0.906, 0.000, 0.000, 0.094]
|  506|0.5000|0.5000|0.0000|0.4493| - [0.000, 0.906, 0.000, 0.000, 0.094]
|  507|0.5000|0.5000|0.0000|0.4493| - [0.000, 0.906, 0.000, 0.000, 0.094]
|  508|0.5000|0.5000|0.0000|0.4502| - [0.000, 0.906, 0.000, 0.000, 0.094]
|  509|0.5000|0.5000|0.0000|0.4502| - [0.000, 0.906, 0.000, 0.000, 0.094]
|  510|0.5000|0.5000|0.0000|0.4526| - [0.000, 0.902, 0.000, 0.000, 0.098]
|  511|0.5000|0.5000|0.0000|0.4536| - [0.000, 0.906, 0.000, 0.000, 0.094]
|  512|0.5000|0.5000|0.0000|0.4578| - [0.000, 0.906, 0.000, 0.000, 0.094]
|  513|0.5000|0.5000|0.0000|0.4544| - [0.000, 0.901, 0.000, 0.000, 0.099]
|  514|0.5000|0.5000|0.0000|0.4488| - [0.000, 0.906, 0.000, 0.000, 0.094]
|  515|0.5000|0.5000|0.0000|0.4365| - [0.000, 0.901, 0.000, 0.000, 0.099]
|  516|0.5000|0.5000|0.0000|0.4534| - [0.000, 0.901, 0.000, 0.000, 0.099]
|  517|0.5000|0.5000|0.0000|0.4587| - [0.000, 0.901, 0.000, 0.000, 0.099]
|  518|0.5000|0.5000|0.0000|0.4544| - [0.000, 0.906, 0.000, 0.000, 0.094]
|  519|0.5000|0.5000|0.0000|0.4315| - [0.000, 0.901, 0.000, 0.000, 0.099]
|  520|0.5000|0.5000|0.0000|0.4510| - [0.000, 0.906, 0.000, 0.000, 0.094]
|  521|0.5000|0.5000|0.0000|0.4503| - [0.000, 0.906, 0.000, 0.000, 0.094]
|  522|0.5000|0.5000|0.0000|0.4493| - [0.000, 0.906, 0.000, 0.000, 0.094]
|  523|0.5000|0.5000|0.0000|0.4493| - [0.000, 0.906, 0.000, 0.000, 0.094]
|  524|0.5000|0.5000|0.0000|0.4549| - [0.000, 0.906, 0.000, 0.000, 0.094]
|  525|0.5000|0.5000|0.0000|0.4878| - [0.000, 0.871, 0.000, 0.000, 0.129]
|  526|0.5000|0.5000|0.0000|0.4714| - [0.000, 0.906, 0.000, 0.000, 0.094]
|  527|0.5000|0.5000|0.0000|0.4550| - [0.000, 0.906, 0.000, 0.000, 0.094]
|  528|0.5000|0.5000|0.0000|0.4556| - [0.000, 0.906, 0.000, 0.000, 0.094]
|  529|0.5000|0.5000|0.0000|0.4496| - [0.000, 0.906, 0.000, 0.000, 0.094]
|  530|0.5000|0.5000|0.0000|0.4508| - [0.000, 0.906, 0.000, 0.000, 0.094]
|  531|0.5000|0.5000|0.0000|0.4495| - [0.000, 0.906, 0.000, 0.000, 0.094]
|  532|0.5000|0.5000|0.0000|0.4495| - [0.000, 0.906, 0.000, 0.000, 0.094]
|  533|0.5000|0.5000|0.0000|0.4486| - [0.000, 0.906, 0.000, 0.000, 0.094]
|  534|0.5000|0.5000|0.0000|0.4495| - [0.000, 0.906, 0.000, 0.000, 0.094]
|  535|0.5000|0.5000|0.0000|0.4497| - [0.000, 0.906, 0.000, 0.000, 0.094]
|  536|0.5000|0.5000|0.0000|0.4497| - [0.000, 0.906, 0.000, 0.000, 0.094]
|  537|0.5000|0.5000|0.0000|0.4497| - [0.000, 0.906, 0.000, 0.000, 0.094]
|  538|0.5000|0.5000|0.0000|0.4497| - [0.000, 0.906, 0.000, 0.000, 0.094]
|  539|0.5263|0.5000|0.1116|0.4561| - [0.000, 0.906, 0.000, 0.000, 0.094]
|  540|0.5000|0.5000|0.0000|0.4497| - [0.000, 0.906, 0.000, 0.000, 0.094]
|  541|0.5000|0.5000|0.0000|0.4503| - [0.000, 0.906, 0.000, 0.000, 0.094]
|  542|0.5000|0.5000|0.0000|0.4503| - [0.000, 0.906, 0.000, 0.000, 0.094]
|  543|0.5000|0.5000|0.0000|0.4578| - [0.000, 0.880, 0.000, 0.000, 0.120]
|  544|0.5000|0.5000|0.0000|0.4662| - [0.000, 0.903, 0.000, 0.000, 0.097]
|  545|0.5263|0.5000|0.0256|0.4895| - [0.000, 0.880, 0.000, 0.000, 0.120]
|  546|0.5000|0.5000|0.0000|0.4833| - [0.000, 0.880, 0.000, 0.000, 0.120]
|  547|0.5000|0.5000|0.0000|0.4893| - [0.000, 0.880, 0.000, 0.000, 0.120]
|  548|0.5000|0.5000|0.0000|0.5045| - [0.000, 0.880, 0.000, 0.000, 0.120]
|  549|0.5000|0.5000|0.0000|0.5297| - [0.000, 0.880, 0.000, 0.000, 0.120]
|  550|0.5000|0.5000|0.0000|0.5297| - [0.000, 0.880, 0.000, 0.000, 0.120]
|  551|0.5000|0.5000|0.0000|0.5297| - [0.000, 0.880, 0.000, 0.000, 0.120]
|  552|0.5000|0.5000|0.0000|0.5297| - [0.000, 0.880, 0.000, 0.000, 0.120]
|  553|0.5000|0.5000|0.0000|0.5297| - [0.000, 0.880, 0.000, 0.000, 0.120]
|  554|0.5000|0.5000|0.0000|0.5282| - [0.000, 0.890, 0.000, 0.000, 0.110]
|  555|0.5000|0.5000|0.0000|0.5101| - [0.000, 0.958, 0.000, 0.000, 0.042]
|  556|0.5000|0.5000|0.0000|0.5266| - [0.000, 0.890, 0.000, 0.000, 0.110]
|  557|0.5000|0.5000|0.0000|0.5214| - [0.000, 0.880, 0.000, 0.000, 0.120]
|  558|0.5000|0.5000|0.0000|0.5297| - [0.000, 0.880, 0.000, 0.000, 0.120]
|  559|0.5000|0.5000|0.0000|0.5297| - [0.000, 0.880, 0.000, 0.000, 0.120]
|  560|0.5000|0.5000|0.0000|0.5297| - [0.000, 0.880, 0.000, 0.000, 0.120]
|  561|0.5000|0.5000|0.0000|0.5282| - [0.000, 0.890, 0.000, 0.000, 0.110]
|  562|0.5000|0.5000|0.0000|0.5297| - [0.000, 0.880, 0.000, 0.000, 0.120]
|  563|0.5000|0.5000|0.0000|0.5297| - [0.000, 0.880, 0.000, 0.000, 0.120]
|  564|0.5000|0.5000|0.0000|0.5297| - [0.000, 0.880, 0.000, 0.000, 0.120]
|  565|0.5000|0.5000|0.0000|0.5297| - [0.000, 0.880, 0.000, 0.000, 0.120]
|  566|0.5000|0.5000|0.0000|0.5297| - [0.000, 0.880, 0.000, 0.000, 0.120]
|  567|0.5000|0.5000|0.0000|0.5297| - [0.000, 0.880, 0.000, 0.000, 0.120]
|  568|0.5000|0.5000|0.0000|0.5297| - [0.000, 0.880, 0.000, 0.000, 0.120]
|  569|0.5263|0.5000|0.1116|0.5349| - [0.000, 0.880, 0.000, 0.000, 0.120]
|  570|0.5000|0.5000|0.0000|0.5297| - [0.000, 0.880, 0.000, 0.000, 0.120]
|  571|0.5000|0.5000|0.0000|0.5297| - [0.000, 0.880, 0.000, 0.000, 0.120]
|  572|0.5000|0.5000|0.0000|0.5291| - [0.000, 0.884, 0.000, 0.000, 0.116]
|  573|0.5000|0.5000|0.0000|0.5297| - [0.000, 0.880, 0.000, 0.000, 0.120]
|  574|0.5000|0.5000|0.0000|0.5306| - [0.000, 0.880, 0.000, 0.000, 0.120]
|  575|0.5000|0.5000|0.0000|0.5331| - [0.000, 0.880, 0.000, 0.000, 0.120]
|  576|0.5000|0.5000|0.0000|0.5362| - [0.000, 0.880, 0.000, 0.000, 0.120]
|  577|0.5000|0.5000|0.0000|0.5306| - [0.000, 0.880, 0.000, 0.000, 0.120]
|  578|0.5000|0.5000|0.0000|0.5297| - [0.000, 0.880, 0.000, 0.000, 0.120]
|  579|0.5000|0.5000|0.0000|0.5297| - [0.000, 0.880, 0.000, 0.000, 0.120]
|  580|0.5000|0.5000|0.0000|0.5297| - [0.000, 0.880, 0.000, 0.000, 0.120]
|  581|0.5000|0.5000|0.0000|0.5297| - [0.000, 0.880, 0.000, 0.000, 0.120]
|  582|0.5000|0.5000|0.0000|0.5297| - [0.000, 0.880, 0.000, 0.000, 0.120]
|  583|0.5000|0.5000|0.0000|0.5297| - [0.000, 0.880, 0.000, 0.000, 0.120]
|  584|0.5000|0.5000|0.0000|0.5297| - [0.000, 0.880, 0.000, 0.000, 0.120]
|  585|0.5000|0.5000|0.0000|0.5297| - [0.000, 0.880, 0.000, 0.000, 0.120]
|  586|0.5000|0.5000|0.0000|0.5316| - [0.000, 0.880, 0.000, 0.000, 0.120]
|  587|0.5000|0.5000|0.0000|0.5297| - [0.000, 0.880, 0.000, 0.000, 0.120]
|  588|0.5000|0.5000|0.0000|0.5298| - [0.000, 0.880, 0.000, 0.000, 0.120]
|  589|0.5000|0.5000|0.0000|0.5297| - [0.000, 0.880, 0.000, 0.000, 0.120]
|  590|0.5000|0.5000|0.0000|0.5115| - [0.000, 0.880, 0.000, 0.000, 0.120]
|  591|0.5000|0.5000|0.0000|0.5271| - [0.000, 0.880, 0.000, 0.000, 0.120]
|  592|0.5263|0.5000|0.0999|0.5350| - [0.000, 0.880, 0.000, 0.000, 0.120]
|  593|0.5000|0.5000|0.0000|0.5312| - [0.000, 0.880, 0.000, 0.000, 0.120]
|  594|0.5000|0.5000|0.0000|0.5326| - [0.000, 0.880, 0.000, 0.000, 0.120]
|  595|0.5000|0.5000|0.0000|0.5326| - [0.000, 0.880, 0.000, 0.000, 0.120]
|  596|0.5000|0.5000|0.0000|0.5238| - [0.000, 0.870, 0.000, 0.000, 0.130]
|  597|0.5000|0.5000|0.0000|0.5423| - [0.000, 0.880, 0.000, 0.000, 0.120]
|  598|0.5000|0.5000|0.0000|0.5389| - [0.000, 0.880, 0.000, 0.000, 0.120]
|  599|0.5000|0.5000|0.0000|0.5355| - [0.000, 0.880, 0.000, 0.000, 0.120]
|  600|0.5000|0.5000|0.0000|0.5297| - [0.000, 0.880, 0.000, 0.000, 0.120]
|  601|0.5000|0.5000|0.0000|0.5364| - [0.000, 0.880, 0.000, 0.000, 0.120]
|  602|0.5000|0.5000|0.0000|0.5633| - [0.000, 0.880, 0.000, 0.000, 0.120]
|  603|0.5263|0.5000|0.0256|0.5915| - [0.000, 0.880, 0.000, 0.000, 0.120]
|  604|0.5000|0.5000|0.0000|0.5774| - [0.000, 0.880, 0.000, 0.000, 0.120]
|  605|0.5000|0.5000|0.0000|0.5747| - [0.000, 0.880, 0.000, 0.000, 0.120]
|  606|0.9211|0.5000|0.1107|0.5688| - [0.000, 0.861, 0.014, 0.000, 0.125]
|  607|0.8684|0.5000|0.2202|0.5843| - [0.000, 0.861, 0.014, 0.000, 0.125]
|  608|0.7368|0.5000|0.2497|0.6119| - [0.000, 0.861, 0.014, 0.000, 0.125]
|  609|0.6579|0.5000|0.2324|0.6101| - [0.000, 0.861, 0.014, 0.000, 0.125]
|  610|0.5000|0.5000|0.0000|0.6472| - [0.000, 0.861, 0.014, 0.000, 0.125]
|  611|0.9737|0.5000|0.1116|0.6420| - [0.000, 0.874, 0.000, 0.000, 0.126]
|  612|0.9211|0.5000|0.1366|0.6439| - [0.000, 0.874, 0.000, 0.000, 0.126]
|  613|0.8421|0.5000|0.2324|0.6158| - [0.000, 0.874, 0.000, 0.000, 0.126]
|  614|0.6316|0.5000|0.2202|0.5739| - [0.000, 0.874, 0.000, 0.000, 0.126]
|  615|0.5263|0.5000|0.0999|0.5460| - [0.000, 0.874, 0.000, 0.000, 0.126]
|  616|0.5000|0.5000|0.0000|0.5171| - [0.000, 0.933, 0.000, 0.000, 0.067]
|  617|0.5000|0.5000|0.0000|0.5070| - [0.000, 0.933, 0.000, 0.000, 0.067]
|  618|0.5000|0.5000|0.0000|0.5253| - [0.000, 0.933, 0.000, 0.000, 0.067]
|  619|0.5000|0.5000|0.0000|0.5313| - [0.000, 0.874, 0.000, 0.000, 0.126]
|  620|0.5000|0.5000|0.0000|0.5496| - [0.000, 0.810, 0.000, 0.000, 0.190]
|  621|0.5000|0.5000|0.0000|0.5253| - [0.000, 0.874, 0.000, 0.000, 0.126]
|  622|0.5000|0.5000|0.0000|0.4861| - [0.000, 0.874, 0.000, 0.000, 0.126]
|  623|0.5000|0.5000|0.0000|0.4943| - [0.000, 0.874, 0.000, 0.000, 0.126]
|  624|0.5000|0.5000|0.0000|0.5167| - [0.000, 0.933, 0.000, 0.000, 0.067]
|  625|0.5000|0.5000|0.0000|0.4968| - [0.000, 0.874, 0.000, 0.000, 0.126]
|  626|0.5000|0.5000|0.0000|0.5375| - [0.000, 0.874, 0.000, 0.000, 0.126]
|  627|0.5000|0.5000|0.0000|0.5477| - [0.000, 0.874, 0.000, 0.000, 0.126]
|  628|0.5000|0.5000|0.0000|0.5477| - [0.000, 0.874, 0.000, 0.000, 0.126]
|  629|0.5000|0.5000|0.0000|0.5477| - [0.000, 0.874, 0.000, 0.000, 0.126]
|  630|0.5000|0.5000|0.0000|0.5477| - [0.000, 0.874, 0.000, 0.000, 0.126]
|  631|0.5000|0.5000|0.0000|0.5477| - [0.000, 0.874, 0.000, 0.000, 0.126]
|  632|0.5000|0.5000|0.0000|0.5472| - [0.000, 0.874, 0.000, 0.000, 0.126]
|  633|0.5000|0.5000|0.0000|0.5483| - [0.000, 0.874, 0.000, 0.000, 0.126]
|  634|0.5000|0.5000|0.0000|0.5508| - [0.000, 0.874, 0.000, 0.000, 0.126]
|  635|0.5000|0.5000|0.0000|0.5477| - [0.000, 0.874, 0.000, 0.000, 0.126]
|  636|0.5000|0.5000|0.0000|0.5459| - [0.000, 0.874, 0.000, 0.000, 0.126]
|  637|0.5000|0.5000|0.0000|0.5474| - [0.000, 0.874, 0.000, 0.000, 0.126]
|  638|0.5000|0.5000|0.0000|0.5482| - [0.000, 0.866, 0.000, 0.000, 0.134]
|  639|0.5000|0.5000|0.0000|0.5474| - [0.000, 0.874, 0.000, 0.000, 0.126]
|  640|0.5263|0.5000|0.0283|0.5477| - [0.000, 0.874, 0.000, 0.000, 0.126]
|  641|0.5000|0.5000|0.0000|0.5463| - [0.000, 0.876, 0.000, 0.000, 0.124]
|  642|0.5000|0.5000|0.0000|0.5492| - [0.000, 0.861, 0.000, 0.000, 0.139]
|  643|0.5000|0.5000|0.0000|0.5472| - [0.000, 0.874, 0.000, 0.000, 0.126]
|  644|0.5000|0.5000|0.0000|0.5469| - [0.000, 0.874, 0.000, 0.000, 0.126]
|  645|0.5000|0.5000|0.0000|0.5479| - [0.000, 0.874, 0.000, 0.000, 0.126]
|  646|0.5000|0.5000|0.0000|0.5537| - [0.000, 0.874, 0.000, 0.000, 0.126]
|  647|0.5000|0.5000|0.0000|0.5477| - [0.000, 0.874, 0.000, 0.000, 0.126]
|  648|0.5000|0.5000|0.0000|0.5477| - [0.000, 0.874, 0.000, 0.000, 0.126]
|  649|0.5000|0.5000|0.0000|0.5477| - [0.000, 0.874, 0.000, 0.000, 0.126]
|  650|0.5000|0.5000|0.0000|0.5470| - [0.000, 0.874, 0.000, 0.000, 0.126]
|  651|0.5000|0.5000|0.0000|0.5479| - [0.000, 0.874, 0.000, 0.000, 0.126]
|  652|0.5000|0.5000|0.0000|0.5477| - [0.000, 0.874, 0.000, 0.000, 0.126]
|  653|0.5000|0.5000|0.0000|0.5477| - [0.000, 0.874, 0.000, 0.000, 0.126]
|  654|0.5000|0.5000|0.0000|0.5477| - [0.000, 0.874, 0.000, 0.000, 0.126]
|  655|0.5000|0.5000|0.0000|0.5477| - [0.000, 0.874, 0.000, 0.000, 0.126]
|  656|0.5000|0.5000|0.0000|0.5477| - [0.000, 0.874, 0.000, 0.000, 0.126]
|  657|0.5000|0.5000|0.0000|0.5477| - [0.000, 0.874, 0.000, 0.000, 0.126]
|  658|0.5000|0.5000|0.0000|0.5386| - [0.000, 0.874, 0.000, 0.000, 0.126]
|  659|0.5000|0.5000|0.0000|0.5477| - [0.000, 0.874, 0.000, 0.000, 0.126]
|  660|0.5000|0.5000|0.0000|0.5477| - [0.000, 0.874, 0.000, 0.000, 0.126]
|  661|0.5000|0.5000|0.0000|0.5477| - [0.000, 0.874, 0.000, 0.000, 0.126]
|  662|0.5000|0.5000|0.0000|0.5377| - [0.000, 0.874, 0.000, 0.000, 0.126]
|  663|0.5000|0.5000|0.0000|0.5377| - [0.000, 0.932, 0.000, 0.000, 0.068]
|  664|0.5263|0.5000|0.1116|0.5498| - [0.000, 0.874, 0.000, 0.000, 0.126]
|  665|0.5000|0.5000|0.0000|0.5477| - [0.000, 0.874, 0.000, 0.000, 0.126]
|  666|0.5000|0.5000|0.0000|0.5477| - [0.000, 0.874, 0.000, 0.000, 0.126]
|  667|0.5000|0.5000|0.0000|0.5477| - [0.000, 0.874, 0.000, 0.000, 0.126]
|  668|0.5000|0.5000|0.0000|0.5477| - [0.000, 0.874, 0.000, 0.000, 0.126]
|  669|0.5000|0.5000|0.0000|0.5477| - [0.000, 0.874, 0.000, 0.000, 0.126]
|  670|0.5000|0.5000|0.0000|0.5475| - [0.000, 0.874, 0.000, 0.000, 0.126]
|  671|0.5000|0.5000|0.0000|0.5477| - [0.000, 0.874, 0.000, 0.000, 0.126]
|  672|0.5000|0.5000|0.0000|0.5478| - [0.000, 0.874, 0.000, 0.000, 0.126]
|  673|0.5000|0.5000|0.0000|0.5478| - [0.000, 0.874, 0.000, 0.000, 0.126]
|  674|0.5000|0.5000|0.0000|0.5486| - [0.000, 0.873, 0.000, 0.000, 0.127]
|  675|0.5000|0.5000|0.0000|0.5480| - [0.000, 0.874, 0.000, 0.000, 0.126]
|  676|0.5000|0.5000|0.0000|0.5483| - [0.000, 0.874, 0.000, 0.000, 0.126]
|  677|0.5000|0.5000|0.0000|0.5488| - [0.000, 0.874, 0.000, 0.000, 0.126]
|  678|0.5000|0.5000|0.0000|0.5479| - [0.000, 0.874, 0.000, 0.000, 0.126]
|  679|0.5000|0.5000|0.0000|0.5481| - [0.000, 0.874, 0.000, 0.000, 0.126]
|  680|0.5000|0.5000|0.0000|0.5480| - [0.000, 0.874, 0.000, 0.000, 0.126]
|  681|0.5000|0.5000|0.0000|0.5481| - [0.000, 0.874, 0.000, 0.000, 0.126]
|  682|0.5000|0.5000|0.0000|0.5480| - [0.000, 0.874, 0.000, 0.000, 0.126]
|  683|0.5000|0.5000|0.0000|0.5480| - [0.000, 0.874, 0.000, 0.000, 0.126]
|  684|0.5000|0.5000|0.0000|0.5478| - [0.000, 0.873, 0.000, 0.000, 0.127]
|  685|0.5000|0.5000|0.0000|0.5525| - [0.000, 0.838, 0.000, 0.000, 0.162]
|  686|0.5000|0.5000|0.0000|0.5477| - [0.000, 0.874, 0.000, 0.000, 0.126]
|  687|0.5000|0.5000|0.0000|0.5477| - [0.000, 0.874, 0.000, 0.000, 0.126]
|  688|0.5000|0.5000|0.0000|0.5523| - [0.000, 0.874, 0.000, 0.000, 0.126]
|  689|0.5000|0.5000|0.0000|0.5477| - [0.000, 0.874, 0.000, 0.000, 0.126]
|  690|0.5000|0.5000|0.0000|0.5377| - [0.000, 0.874, 0.000, 0.000, 0.126]
|  691|0.5000|0.5000|0.0000|0.5477| - [0.000, 0.874, 0.000, 0.000, 0.126]
|  692|0.5000|0.5000|0.0000|0.5477| - [0.000, 0.874, 0.000, 0.000, 0.126]
|  693|0.5263|0.5000|0.1116|0.5511| - [0.000, 0.874, 0.000, 0.000, 0.126]
|  694|0.5000|0.5000|0.0000|0.5467| - [0.000, 0.874, 0.000, 0.000, 0.126]
|  695|0.5000|0.5000|0.0000|0.5509| - [0.000, 0.874, 0.000, 0.000, 0.126]
|  696|0.5000|0.5000|0.0000|0.5401| - [0.000, 0.867, 0.000, 0.000, 0.133]
|  697|0.5000|0.5000|0.0000|0.5263| - [0.000, 0.874, 0.000, 0.000, 0.126]
|  698|0.5000|0.5000|0.0000|0.5323| - [0.000, 0.874, 0.000, 0.000, 0.126]
|  699|0.5000|0.5000|0.0000|0.5590| - [0.000, 0.867, 0.000, 0.000, 0.133]
|  700|0.5000|0.5000|0.0000|0.5513| - [0.000, 0.874, 0.000, 0.000, 0.126]
|  701|0.5000|0.5000|0.0000|0.5532| - [0.000, 0.867, 0.000, 0.000, 0.133]
|  702|0.6053|0.5000|0.0352|0.5609| - [0.000, 0.852, 0.017, 0.000, 0.131]
|  703|0.5789|0.5000|0.0754|0.5820| - [0.000, 0.833, 0.020, 0.019, 0.128]
|  704|0.5263|0.5000|0.0085|0.5758| - [0.000, 0.833, 0.020, 0.019, 0.128]
|  705|0.5000|0.5000|0.0000|0.5789| - [0.000, 0.867, 0.000, 0.000, 0.133]
|  706|0.5000|0.5000|0.0000|0.5789| - [0.000, 0.867, 0.000, 0.000, 0.133]
|  707|0.5000|0.5000|0.0000|0.5793| - [0.000, 0.867, 0.000, 0.000, 0.133]
|  708|0.5000|0.5000|0.0000|0.5786| - [0.000, 0.867, 0.000, 0.000, 0.133]
|  709|0.5000|0.5000|0.0000|0.5790| - [0.000, 0.867, 0.000, 0.000, 0.133]
|  710|0.5263|0.5000|0.0209|0.6189| - [0.000, 0.833, 0.020, 0.019, 0.128]
|  711|0.5000|0.5000|0.0000|0.5789| - [0.000, 0.867, 0.000, 0.000, 0.133]
|  712|0.5000|0.5000|0.0000|0.6056| - [0.000, 0.833, 0.020, 0.019, 0.128]
|  713|0.5526|0.5000|0.0148|0.5786| - [0.000, 0.833, 0.020, 0.019, 0.128]
|  714|0.5000|0.5000|0.0000|0.5789| - [0.000, 0.867, 0.000, 0.000, 0.133]
|  715|0.5000|0.5000|0.0000|0.6205| - [0.000, 0.867, 0.000, 0.000, 0.133]
|  716|0.5000|0.5000|0.0000|0.5789| - [0.000, 0.867, 0.000, 0.000, 0.133]
|  717|0.5000|0.5000|0.0000|0.5789| - [0.000, 0.867, 0.000, 0.000, 0.133]
|  718|0.5000|0.5000|0.0000|0.5789| - [0.000, 0.867, 0.000, 0.000, 0.133]
|  719|0.5000|0.5000|0.0000|0.6724| - [0.000, 0.867, 0.000, 0.000, 0.133]
|  720|0.5000|0.5000|0.0000|0.6590| - [0.000, 0.833, 0.020, 0.019, 0.128]
|  721|0.5000|0.5000|0.0000|0.6724| - [0.000, 0.833, 0.020, 0.019, 0.128]
|  722|0.5000|0.5000|0.0000|0.6366| - [0.000, 0.867, 0.000, 0.000, 0.133]
|  723|0.7632|0.5000|0.0633|0.7078| - [0.000, 0.865, 0.021, 0.019, 0.095]
|  724|0.6316|0.5000|0.0331|0.6410| - [0.000, 0.865, 0.021, 0.019, 0.095]
|  725|0.5526|0.5000|0.0148|0.6009| - [0.000, 0.865, 0.021, 0.019, 0.095]
|  726|0.5000|0.5000|0.0000|0.5830| - [0.000, 0.867, 0.000, 0.000, 0.133]
|  727|0.5000|0.5000|0.0000|0.6004| - [0.000, 0.867, 0.000, 0.000, 0.133]
|  728|0.5000|0.5000|0.0000|0.5742| - [0.000, 0.867, 0.000, 0.000, 0.133]
|  729|0.5000|0.5000|0.0000|0.5737| - [0.000, 0.871, 0.000, 0.000, 0.129]
|  730|0.5000|0.5000|0.0000|0.5742| - [0.000, 0.867, 0.000, 0.000, 0.133]
|  731|0.5000|0.5000|0.0000|0.5708| - [0.000, 0.890, 0.000, 0.000, 0.110]
|  732|0.5000|0.5000|0.0000|0.5718| - [0.000, 0.884, 0.000, 0.000, 0.116]
|  733|0.5000|0.5000|0.0000|0.5666| - [0.000, 0.867, 0.000, 0.000, 0.133]
|  734|0.5000|0.5000|0.0000|0.5742| - [0.000, 0.867, 0.000, 0.000, 0.133]
|  735|0.5000|0.5000|0.0000|0.5742| - [0.000, 0.867, 0.000, 0.000, 0.133]
|  736|0.5000|0.5000|0.0000|0.6179| - [0.000, 0.867, 0.000, 0.000, 0.133]
|  737|0.5000|0.5000|0.0000|0.6266| - [0.000, 0.865, 0.021, 0.019, 0.095]
|  738|0.5000|0.5000|0.0000|0.6030| - [0.000, 0.865, 0.021, 0.019, 0.095]
|  739|0.5000|0.5000|0.0000|0.6166| - [0.000, 0.867, 0.000, 0.000, 0.133]
|  740|0.5000|0.5000|0.0000|0.6528| - [0.000, 0.867, 0.000, 0.000, 0.133]
|  741|0.5000|0.5000|0.0000|0.6702| - [0.000, 0.865, 0.021, 0.019, 0.095]
|  742|0.5000|0.5000|0.0000|0.7139| - [0.000, 0.867, 0.000, 0.000, 0.133]
|  743|0.9474|0.5000|0.1491|0.7035| - [0.000, 0.877, 0.021, 0.006, 0.096]
|  744|0.8684|0.5000|0.2202|0.7018| - [0.000, 0.877, 0.021, 0.006, 0.096]
|  745|0.8684|0.5000|0.2202|0.7105| - [0.000, 0.877, 0.021, 0.006, 0.096]
|  746|0.6579|0.5000|0.2324|0.6772| - [0.000, 0.877, 0.021, 0.006, 0.096]
|  747|0.5526|0.5000|0.1534|0.6606| - [0.000, 0.877, 0.021, 0.006, 0.096]
|  748|0.5000|0.5000|0.0000|0.6522| - [0.000, 0.877, 0.021, 0.006, 0.096]
|  749|0.5000|0.5000|0.0000|0.6522| - [0.000, 0.877, 0.021, 0.006, 0.096]
|  750|0.5000|0.5000|0.0000|0.6522| - [0.000, 0.877, 0.021, 0.006, 0.096]
|  751|0.9737|0.5000|0.1537|0.6458| - [0.000, 0.899, 0.022, 0.006, 0.073]
|  752|0.9737|0.5000|0.2483|0.6290| - [0.000, 0.899, 0.022, 0.006, 0.073]
|  753|0.9211|0.5000|0.2428|0.5975| - [0.000, 0.899, 0.022, 0.006, 0.073]
|  754|0.7105|0.5000|0.1584|0.5937| - [0.000, 0.899, 0.022, 0.006, 0.073]
|  755|0.6053|0.5000|0.1133|0.5716| - [0.000, 0.904, 0.022, 0.000, 0.074]
|  756|0.5263|0.5000|0.0444|0.5704| - [0.000, 0.904, 0.022, 0.000, 0.074]
|  757|0.5526|0.5000|0.1063|0.5535| - [0.000, 0.904, 0.022, 0.000, 0.074]
|  758|0.5000|0.5000|0.0000|0.5548| - [0.000, 0.904, 0.022, 0.000, 0.074]
|  759|0.5000|0.5000|0.0000|0.5548| - [0.000, 0.877, 0.021, 0.006, 0.096]
|  760|0.5000|0.5000|0.0000|0.5678| - [0.000, 0.904, 0.022, 0.000, 0.074]
|  761|0.5263|0.5000|0.0814|0.5663| - [0.000, 0.904, 0.022, 0.000, 0.074]
|  762|0.5000|0.5000|0.0000|0.5613| - [0.000, 0.904, 0.022, 0.000, 0.074]
|  763|0.7895|0.5000|0.0694|0.5753| - [0.000, 0.900, 0.023, 0.000, 0.077]
|  764|0.7632|0.5000|0.1192|0.5708| - [0.000, 0.900, 0.023, 0.000, 0.077]
|  765|0.5789|0.5000|0.0661|0.6052| - [0.000, 0.900, 0.023, 0.000, 0.077]
|  766|0.7895|0.5000|0.0694|0.5823| - [0.000, 0.919, 0.023, 0.000, 0.057]
|  767|0.8158|0.5000|0.1579|0.5682| - [0.000, 0.919, 0.023, 0.000, 0.057]
|  768|0.7368|0.5000|0.1917|0.5371| - [0.000, 0.919, 0.023, 0.000, 0.057]
|  769|0.6579|0.5000|0.1314|0.5521| - [0.000, 0.919, 0.023, 0.000, 0.057]
|  770|0.8158|0.5000|0.1882|0.5215| - [0.000, 0.921, 0.000, 0.000, 0.079]
|  771|0.8947|0.5000|0.1894|0.5143| - [0.000, 0.897, 0.024, 0.000, 0.080]
|  772|0.8947|0.5000|0.1934|0.5014| - [0.000, 0.897, 0.024, 0.000, 0.080]
|  773|0.9737|0.5000|0.2560|0.4666| - [0.000, 0.897, 0.024, 0.000, 0.080]
|  774|0.9737|0.5000|0.1894|0.4092| - [0.000, 0.897, 0.024, 0.000, 0.080]
|  775|0.9737|0.5000|0.1116|0.3929| - [0.000, 0.897, 0.024, 0.000, 0.080]
|  776|0.9737|0.5000|0.1116|0.3774| - [0.000, 0.897, 0.024, 0.000, 0.080]
|  777|0.9737|0.5000|0.1116|0.3764| - [0.000, 0.897, 0.024, 0.000, 0.080]
|  778|0.9211|0.5000|0.1823|0.4174| - [0.000, 0.897, 0.024, 0.000, 0.080]
|  779|0.8158|0.5000|0.2412|0.4511| - [0.000, 0.897, 0.024, 0.000, 0.080]
|  780|0.7632|0.5000|0.2497|0.4681| - [0.000, 0.897, 0.024, 0.000, 0.080]
|  781|0.5263|0.5000|0.1116|0.5707| - [0.000, 0.897, 0.024, 0.000, 0.080]
|  782|0.5000|0.5000|0.0000|0.5603| - [0.000, 0.897, 0.024, 0.000, 0.080]
|  783|0.5263|0.5000|0.1116|0.5602| - [0.000, 0.897, 0.024, 0.000, 0.080]
|  784|0.5000|0.5000|0.0000|0.5603| - [0.000, 0.897, 0.024, 0.000, 0.080]
|  785|0.5000|0.5000|0.0000|0.5603| - [0.000, 0.897, 0.024, 0.000, 0.080]
|  786|0.5000|0.5000|0.0000|0.5603| - [0.000, 0.897, 0.024, 0.000, 0.080]
|  787|0.5000|0.5000|0.0000|0.5603| - [0.000, 0.897, 0.024, 0.000, 0.080]
|  788|0.5000|0.5000|0.0000|0.5603| - [0.000, 0.897, 0.024, 0.000, 0.080]
|  789|0.9737|0.5000|0.1116|0.5462| - [0.000, 0.958, 0.025, 0.000, 0.017]
|  790|0.9737|0.5000|0.1537|0.5322| - [0.000, 0.958, 0.025, 0.000, 0.017]
|  791|0.9737|0.5000|0.1537|0.5474| - [0.000, 0.958, 0.025, 0.000, 0.017]
|  792|0.9211|0.5000|0.1823|0.5181| - [0.000, 0.958, 0.025, 0.000, 0.017]
|  793|0.8684|0.5000|0.2348|0.4855| - [0.000, 0.958, 0.025, 0.000, 0.017]
|  794|0.7368|0.5000|0.2625|0.3971| - [0.000, 0.958, 0.025, 0.000, 0.017]
|  795|0.9474|0.5000|0.2029|0.3453| - [0.000, 0.957, 0.026, 0.000, 0.017]
|  796|0.8947|0.5000|0.1928|0.3124| - [0.000, 0.957, 0.026, 0.000, 0.017]
|  797|0.9211|0.5000|0.1823|0.2935| - [0.000, 0.957, 0.026, 0.000, 0.017]
|  798|0.9737|0.5000|0.2510|0.2947| - [0.000, 0.956, 0.027, 0.000, 0.018]
|  799|0.9737|0.5000|0.2363|0.2891| - [0.000, 0.956, 0.027, 0.000, 0.018]
|  800|0.9737|0.5000|0.2218|0.2981| - [0.000, 0.956, 0.027, 0.000, 0.018]
|  801|0.9737|0.5000|0.2049|0.2976| - [0.000, 0.956, 0.027, 0.000, 0.018]
|  802|0.9737|0.5000|0.2549|0.3013| - [0.000, 0.956, 0.027, 0.000, 0.018]
|  803|0.9737|0.5000|0.1116|0.3054| - [0.000, 0.956, 0.027, 0.000, 0.018]
|  804|0.9737|0.5000|0.1116|0.3054| - [0.000, 0.956, 0.027, 0.000, 0.018]
|  805|0.9737|0.5000|0.1116|0.3054| - [0.000, 0.956, 0.027, 0.000, 0.018]
|  806|0.9737|0.5000|0.1116|0.3054| - [0.000, 0.956, 0.027, 0.000, 0.018]
|  807|0.9737|0.5000|0.1116|0.3054| - [0.000, 0.956, 0.027, 0.000, 0.018]
|  808|0.9737|0.5000|0.1116|0.3054| - [0.000, 0.956, 0.027, 0.000, 0.018]
|  809|0.9737|0.5000|0.1537|0.2963| - [0.000, 0.982, 0.000, 0.000, 0.018]
|  810|0.9737|0.5000|0.1537|0.2906| - [0.000, 0.982, 0.000, 0.000, 0.018]
|  811|0.8947|0.5000|0.2218|0.2631| - [0.000, 0.982, 0.000, 0.000, 0.018]
|  812|0.7368|0.5000|0.2248|0.2408| - [0.000, 0.982, 0.000, 0.000, 0.018]
|  813|0.7368|0.5000|0.2497|0.2139| - [0.000, 0.982, 0.000, 0.000, 0.018]
|  814|0.9737|0.5000|0.1537|0.1507| - [0.000, 0.952, 0.029, 0.000, 0.019]
|  815|0.9737|0.5000|0.1116|0.1417| - [0.000, 0.952, 0.029, 0.000, 0.019]
|  816|0.9737|0.5000|0.1116|0.1415| - [0.000, 0.952, 0.029, 0.000, 0.019]
|  817|0.9737|0.5000|0.2228|0.1811| - [0.000, 0.953, 0.029, 0.000, 0.018]
|  818|0.9737|0.5000|0.2678|0.2471| - [0.000, 0.950, 0.030, 0.000, 0.020]
|  819|0.9211|0.5000|0.2645|0.3037| - [0.000, 0.950, 0.030, 0.000, 0.020]
|  820|0.7895|0.5000|0.2549|0.3282| - [0.000, 0.950, 0.030, 0.000, 0.020]
|  821|0.6579|0.5000|0.2361|0.3313| - [0.000, 0.950, 0.030, 0.000, 0.020]
|  822|0.5789|0.5000|0.1823|0.3337| - [0.000, 0.950, 0.030, 0.000, 0.020]
|  823|0.5000|0.5000|0.0000|0.3366| - [0.000, 0.950, 0.030, 0.000, 0.020]
|  824|0.5000|0.5000|0.0000|0.3366| - [0.000, 0.950, 0.030, 0.000, 0.020]
|  825|0.9737|0.5000|0.1116|0.3266| - [0.000, 0.979, 0.000, 0.000, 0.021]
|  826|0.9737|0.5000|0.1116|0.3266| - [0.000, 0.979, 0.000, 0.000, 0.021]
|  827|0.8684|0.5000|0.2202|0.2863| - [0.000, 0.979, 0.000, 0.000, 0.021]
|  828|0.5526|0.5000|0.1534|0.1656| - [0.000, 0.979, 0.000, 0.000, 0.021]
|  829|0.5000|0.5000|0.0000|0.1455| - [0.000, 0.979, 0.000, 0.000, 0.021]
|  830|0.5000|0.5000|0.0000|0.1541| - [0.000, 0.979, 0.000, 0.000, 0.021]
|  831|0.5000|0.5000|0.0000|0.1713| - [0.000, 0.945, 0.000, 0.000, 0.055]
|  832|0.5000|0.5000|0.0000|0.1541| - [0.000, 0.979, 0.000, 0.000, 0.021]
|  833|0.5000|0.5000|0.0000|0.1455| - [0.000, 0.979, 0.000, 0.000, 0.021]
|  834|0.5000|0.5000|0.0000|0.1455| - [0.000, 0.979, 0.000, 0.000, 0.021]
|  835|0.5000|0.5000|0.0000|0.1455| - [0.000, 0.979, 0.000, 0.000, 0.021]
|  836|0.5000|0.5000|0.0000|0.1455| - [0.000, 0.979, 0.000, 0.000, 0.021]
|  837|0.5000|0.5000|0.0000|0.1455| - [0.000, 0.979, 0.000, 0.000, 0.021]
|  838|0.5000|0.5000|0.0000|0.1455| - [0.000, 0.979, 0.000, 0.000, 0.021]
|  839|0.5000|0.5000|0.0000|0.1302| - [0.000, 0.979, 0.000, 0.000, 0.021]
|  840|0.5000|0.5000|0.0000|0.1455| - [0.000, 0.979, 0.000, 0.000, 0.021]
|  841|0.5000|0.5000|0.0000|0.1455| - [0.000, 0.979, 0.000, 0.000, 0.021]
|  842|0.5000|0.5000|0.0000|0.1455| - [0.000, 0.979, 0.000, 0.000, 0.021]
|  843|0.5000|0.5000|0.0000|0.1455| - [0.000, 0.979, 0.000, 0.000, 0.021]
|  844|0.5000|0.5000|0.0000|0.1455| - [0.000, 0.979, 0.000, 0.000, 0.021]
|  845|0.5000|0.5000|0.0000|0.1455| - [0.000, 0.979, 0.000, 0.000, 0.021]
|  846|0.5000|0.5000|0.0000|0.1455| - [0.000, 0.979, 0.000, 0.000, 0.021]
|  847|0.5000|0.5000|0.0000|0.1455| - [0.000, 0.979, 0.000, 0.000, 0.021]
|  848|0.5000|0.5000|0.0000|0.1455| - [0.000, 0.979, 0.000, 0.000, 0.021]
|  849|0.5000|0.5000|0.0000|0.1455| - [0.000, 0.979, 0.000, 0.000, 0.021]
|  850|0.5000|0.5000|0.0000|0.1455| - [0.000, 0.979, 0.000, 0.000, 0.021]
|  851|0.5000|0.5000|0.0000|0.1461| - [0.000, 0.979, 0.000, 0.000, 0.021]
|  852|0.5000|0.5000|0.0000|0.1472| - [0.000, 0.977, 0.000, 0.000, 0.023]
|  853|0.5000|0.5000|0.0000|0.1467| - [0.000, 0.977, 0.000, 0.000, 0.023]
|  854|0.5000|0.5000|0.0000|0.1442| - [0.000, 0.979, 0.000, 0.000, 0.021]
|  855|0.5000|0.5000|0.0000|0.1455| - [0.000, 0.979, 0.000, 0.000, 0.021]
|  856|0.5000|0.5000|0.0000|0.1455| - [0.000, 0.979, 0.000, 0.000, 0.021]
|  857|0.5000|0.5000|0.0000|0.1455| - [0.000, 0.979, 0.000, 0.000, 0.021]
|  858|0.5000|0.5000|0.0000|0.1455| - [0.000, 0.979, 0.000, 0.000, 0.021]
|  859|0.5000|0.5000|0.0000|0.1457| - [0.000, 0.979, 0.000, 0.000, 0.021]
|  860|0.5000|0.5000|0.0000|0.1455| - [0.000, 0.979, 0.000, 0.000, 0.021]
|  861|0.5000|0.5000|0.0000|0.1455| - [0.000, 0.979, 0.000, 0.000, 0.021]
|  862|0.5000|0.5000|0.0000|0.1455| - [0.000, 0.979, 0.000, 0.000, 0.021]
|  863|0.5000|0.5000|0.0000|0.1455| - [0.000, 0.979, 0.000, 0.000, 0.021]
|  864|0.5000|0.5000|0.0000|0.1455| - [0.000, 0.979, 0.000, 0.000, 0.021]
|  865|0.5000|0.5000|0.0000|0.1455| - [0.000, 0.979, 0.000, 0.000, 0.021]
|  866|0.5000|0.5000|0.0000|0.1455| - [0.000, 0.979, 0.000, 0.000, 0.021]
|  867|0.5000|0.5000|0.0000|0.1455| - [0.000, 0.979, 0.000, 0.000, 0.021]
|  868|0.5000|0.5000|0.0000|0.1455| - [0.000, 0.979, 0.000, 0.000, 0.021]
|  869|0.5000|0.5000|0.0000|0.1455| - [0.000, 0.979, 0.000, 0.000, 0.021]
|  870|0.5526|0.5000|0.1537|0.1652| - [0.000, 0.979, 0.000, 0.000, 0.021]
|  871|0.5000|0.5000|0.0000|0.1455| - [0.000, 0.979, 0.000, 0.000, 0.021]
|  872|0.5000|0.5000|0.0000|0.1455| - [0.000, 0.979, 0.000, 0.000, 0.021]
|  873|0.5000|0.5000|0.0000|0.1454| - [0.000, 0.979, 0.000, 0.000, 0.021]
|  874|0.5000|0.5000|0.0000|0.1519| - [0.000, 0.979, 0.000, 0.000, 0.021]
|  875|0.5000|0.5000|0.0000|0.1455| - [0.000, 0.979, 0.000, 0.000, 0.021]
|  876|0.5000|0.5000|0.0000|0.1455| - [0.000, 0.979, 0.000, 0.000, 0.021]
|  877|0.5000|0.5000|0.0000|0.1455| - [0.000, 0.979, 0.000, 0.000, 0.021]
|  878|0.5000|0.5000|0.0000|0.1455| - [0.000, 0.979, 0.000, 0.000, 0.021]
|  879|0.5000|0.5000|0.0000|0.1552| - [0.000, 0.979, 0.000, 0.000, 0.021]
|  880|0.5000|0.5000|0.0000|0.1552| - [0.000, 0.979, 0.000, 0.000, 0.021]
|  881|0.5000|0.5000|0.0000|0.1455| - [0.000, 0.979, 0.000, 0.000, 0.021]
|  882|0.5000|0.5000|0.0000|0.1461| - [0.000, 0.979, 0.000, 0.000, 0.021]
|  883|0.5000|0.5000|0.0000|0.1461| - [0.000, 0.979, 0.000, 0.000, 0.021]
|  884|0.5000|0.5000|0.0000|0.1395| - [0.000, 0.979, 0.000, 0.000, 0.021]
|  885|0.5000|0.5000|0.0000|0.1455| - [0.000, 0.979, 0.000, 0.000, 0.021]
|  886|0.5263|0.5000|0.1116|0.1470| - [0.000, 0.979, 0.000, 0.000, 0.021]
|  887|0.5000|0.5000|0.0000|0.1455| - [0.000, 0.979, 0.000, 0.000, 0.021]
|  888|0.5000|0.5000|0.0000|0.1458| - [0.000, 0.979, 0.000, 0.000, 0.021]
|  889|0.5000|0.5000|0.0000|0.1465| - [0.000, 0.979, 0.000, 0.000, 0.021]
|  890|0.5000|0.5000|0.0000|0.1458| - [0.000, 0.979, 0.000, 0.000, 0.021]
|  891|0.5000|0.5000|0.0000|0.1455| - [0.000, 0.979, 0.000, 0.000, 0.021]
|  892|0.5000|0.5000|0.0000|0.1455| - [0.000, 0.979, 0.000, 0.000, 0.021]
|  893|0.5000|0.5000|0.0000|0.1455| - [0.000, 0.979, 0.000, 0.000, 0.021]
|  894|0.5000|0.5000|0.0000|0.1457| - [0.000, 0.979, 0.000, 0.000, 0.021]
|  895|0.5000|0.5000|0.0000|0.1455| - [0.000, 0.979, 0.000, 0.000, 0.021]
|  896|0.5000|0.5000|0.0000|0.1455| - [0.000, 0.979, 0.000, 0.000, 0.021]
|  897|0.5526|0.5000|0.1459|0.1623| - [0.000, 0.979, 0.000, 0.000, 0.021]
|  898|0.5263|0.5000|0.0999|0.1492| - [0.000, 0.979, 0.000, 0.000, 0.021]
|  899|0.5000|0.5000|0.0000|0.1455| - [0.000, 0.979, 0.000, 0.000, 0.021]
|  900|0.5000|0.5000|0.0000|0.1455| - [0.000, 0.979, 0.000, 0.000, 0.021]
|  901|0.5000|0.5000|0.0000|0.1459| - [0.000, 0.979, 0.000, 0.000, 0.021]
|  902|0.5000|0.5000|0.0000|0.1456| - [0.000, 0.979, 0.000, 0.000, 0.021]
|  903|0.5000|0.5000|0.0000|0.1453| - [0.000, 0.980, 0.000, 0.000, 0.020]
|  904|0.5000|0.5000|0.0000|0.1442| - [0.000, 0.979, 0.000, 0.000, 0.021]
|  905|0.5000|0.5000|0.0000|0.1471| - [0.000, 0.979, 0.000, 0.000, 0.021]
|  906|0.5000|0.5000|0.0000|0.1558| - [0.000, 0.979, 0.000, 0.000, 0.021]
|  907|0.5000|0.5000|0.0000|0.1619| - [0.000, 0.979, 0.000, 0.000, 0.021]
|  908|0.5000|0.5000|0.0000|0.1893| - [0.000, 0.979, 0.000, 0.000, 0.021]
|  909|0.5000|0.5000|0.0000|0.2094| - [0.000, 0.947, 0.000, 0.000, 0.053]
|  910|0.5000|0.5000|0.0000|0.2413| - [0.000, 0.979, 0.000, 0.000, 0.021]
|  911|0.7105|0.5000|0.0547|0.2526| - [0.000, 0.972, 0.000, 0.008, 0.021]
|  912|0.6053|0.5000|0.0966|0.2228| - [0.000, 0.979, 0.000, 0.000, 0.021]
|  913|0.5526|0.5000|0.0505|0.2247| - [0.000, 0.979, 0.000, 0.000, 0.021]
|  914|0.5526|0.5000|0.0283|0.2177| - [0.000, 0.972, 0.000, 0.008, 0.021]
|  915|0.6053|0.5000|0.0352|0.2367| - [0.000, 0.972, 0.000, 0.008, 0.021]
|  916|0.5789|0.5000|0.0724|0.2195| - [0.000, 0.979, 0.000, 0.000, 0.021]
|  917|0.5000|0.5000|0.0000|0.2094| - [0.000, 0.979, 0.000, 0.000, 0.021]
|  918|0.5000|0.5000|0.0000|0.1934| - [0.000, 0.979, 0.000, 0.000, 0.021]
|  919|0.5000|0.5000|0.0000|0.2333| - [0.000, 0.947, 0.000, 0.000, 0.053]
|  920|0.5000|0.5000|0.0000|0.1934| - [0.000, 0.947, 0.000, 0.000, 0.053]
|  921|0.5000|0.5000|0.0000|0.1854| - [0.000, 0.979, 0.000, 0.000, 0.021]
|  922|0.5000|0.5000|0.0000|0.1934| - [0.000, 0.979, 0.000, 0.000, 0.021]
|  923|0.5000|0.5000|0.0000|0.1934| - [0.000, 0.947, 0.000, 0.000, 0.053]
|  924|0.5000|0.5000|0.0000|0.1854| - [0.000, 0.979, 0.000, 0.000, 0.021]
|  925|0.5000|0.5000|0.0000|0.1695| - [0.000, 0.979, 0.000, 0.000, 0.021]
|  926|0.5000|0.5000|0.0000|0.1535| - [0.000, 0.979, 0.000, 0.000, 0.021]
|  927|0.5000|0.5000|0.0000|0.1454| - [0.000, 0.979, 0.000, 0.000, 0.021]
|  928|0.5000|0.5000|0.0000|0.1455| - [0.000, 0.979, 0.000, 0.000, 0.021]
|  929|0.5000|0.5000|0.0000|0.1455| - [0.000, 0.979, 0.000, 0.000, 0.021]
|  930|0.5000|0.5000|0.0000|0.1455| - [0.000, 0.979, 0.000, 0.000, 0.021]
|  931|0.5000|0.5000|0.0000|0.1455| - [0.000, 0.979, 0.000, 0.000, 0.021]
|  932|0.5000|0.5000|0.0000|0.1458| - [0.000, 0.979, 0.000, 0.000, 0.021]
|  933|0.5000|0.5000|0.0000|0.1379| - [0.000, 1.000, 0.000, 0.000, 0.000]
|  934|0.5000|0.5000|0.0000|0.1456| - [0.000, 0.979, 0.000, 0.000, 0.021]
|  935|0.5000|0.5000|0.0000|0.1457| - [0.000, 0.979, 0.000, 0.000, 0.021]
|  936|0.5000|0.5000|0.0000|0.1457| - [0.000, 0.979, 0.000, 0.000, 0.021]
|  937|0.5000|0.5000|0.0000|0.1459| - [0.000, 0.979, 0.000, 0.000, 0.021]
|  938|0.5000|0.5000|0.0000|0.1457| - [0.000, 0.979, 0.000, 0.000, 0.021]
|  939|0.5000|0.5000|0.0000|0.1454| - [0.000, 0.979, 0.000, 0.000, 0.021]
|  940|0.5000|0.5000|0.0000|0.1460| - [0.000, 0.979, 0.000, 0.000, 0.021]
|  941|0.5000|0.5000|0.0000|0.1457| - [0.000, 0.979, 0.000, 0.000, 0.021]
|  942|0.5000|0.5000|0.0000|0.1457| - [0.000, 0.979, 0.000, 0.000, 0.021]
|  943|0.5000|0.5000|0.0000|0.1457| - [0.000, 0.979, 0.000, 0.000, 0.021]
|  944|0.5000|0.5000|0.0000|0.1455| - [0.000, 0.979, 0.000, 0.000, 0.021]
|  945|0.5000|0.5000|0.0000|0.1455| - [0.000, 0.979, 0.000, 0.000, 0.021]
|  946|0.5000|0.5000|0.0000|0.1455| - [0.000, 0.979, 0.000, 0.000, 0.021]
|  947|0.5000|0.5000|0.0000|0.1455| - [0.000, 0.979, 0.000, 0.000, 0.021]
|  948|0.5000|0.5000|0.0000|0.1455| - [0.000, 0.979, 0.000, 0.000, 0.021]
|  949|0.5000|0.5000|0.0000|0.1379| - [0.000, 0.979, 0.000, 0.000, 0.021]
|  950|0.5000|0.5000|0.0000|0.1455| - [0.000, 0.979, 0.000, 0.000, 0.021]
|  951|0.5000|0.5000|0.0000|0.1455| - [0.000, 0.979, 0.000, 0.000, 0.021]
|  952|0.5000|0.5000|0.0000|0.1455| - [0.000, 0.979, 0.000, 0.000, 0.021]
|  953|0.5000|0.5000|0.0000|0.1453| - [0.000, 0.980, 0.000, 0.000, 0.020]
|  954|0.5000|0.5000|0.0000|0.1453| - [0.000, 0.979, 0.000, 0.000, 0.021]
|  955|0.5000|0.5000|0.0000|0.1453| - [0.000, 0.979, 0.000, 0.000, 0.021]
|  956|0.5000|0.5000|0.0000|0.1494| - [0.000, 0.979, 0.000, 0.000, 0.021]
|  957|0.5000|0.5000|0.0000|0.1494| - [0.000, 0.979, 0.000, 0.000, 0.021]
|  958|0.5000|0.5000|0.0000|0.1455| - [0.000, 0.979, 0.000, 0.000, 0.021]
|  959|0.5000|0.5000|0.0000|0.1455| - [0.000, 0.979, 0.000, 0.000, 0.021]
|  960|0.5000|0.5000|0.0000|0.1455| - [0.000, 0.979, 0.000, 0.000, 0.021]
|  961|0.5000|0.5000|0.0000|0.1423| - [0.000, 0.979, 0.000, 0.000, 0.021]
|  962|0.5000|0.5000|0.0000|0.1392| - [0.000, 0.979, 0.000, 0.000, 0.021]
|  963|0.5000|0.5000|0.0000|0.1283| - [0.000, 0.989, 0.000, 0.000, 0.011]
|  964|0.5000|0.5000|0.0000|0.0894| - [0.000, 0.979, 0.000, 0.000, 0.021]
|  965|0.5000|0.5000|0.0000|0.0840| - [0.000, 0.989, 0.000, 0.000, 0.011]
|  966|0.5263|0.5000|0.0256|0.0979| - [0.000, 0.979, 0.000, 0.000, 0.021]
|  967|0.5000|0.5000|0.0000|0.1174| - [0.000, 0.979, 0.000, 0.000, 0.021]
|  968|0.5000|0.5000|0.0000|0.0957| - [0.000, 0.989, 0.000, 0.000, 0.011]
|  969|0.5000|0.5000|0.0000|0.1255| - [0.000, 0.989, 0.000, 0.000, 0.011]
|  970|0.5000|0.5000|0.0000|0.1463| - [0.000, 0.979, 0.000, 0.000, 0.021]
|  971|0.5000|0.5000|0.0000|0.1253| - [0.000, 0.979, 0.000, 0.000, 0.021]
|  972|0.5000|0.5000|0.0000|0.1170| - [0.000, 1.000, 0.000, 0.000, 0.000]
|  973|0.5000|0.5000|0.0000|0.1410| - [0.000, 1.000, 0.000, 0.000, 0.000]
|  974|0.5000|0.5000|0.0000|0.1317| - [0.000, 0.979, 0.000, 0.000, 0.021]
|  975|0.5000|0.5000|0.0000|0.1618| - [0.000, 0.979, 0.000, 0.000, 0.021]
|  976|0.5000|0.5000|0.0000|0.3259| - [0.000, 0.913, 0.000, 0.000, 0.087]
|  977|0.5000|0.5000|0.0000|0.2585| - [0.000, 0.963, 0.000, 0.000, 0.037]
|  978|0.5000|0.5000|0.0000|0.2439| - [0.000, 0.979, 0.000, 0.000, 0.021]
|  979|0.5000|0.5000|0.0000|0.2566| - [0.000, 0.963, 0.000, 0.000, 0.037]
|  980|0.5000|0.5000|0.0000|0.1882| - [0.000, 0.963, 0.000, 0.000, 0.037]
|  981|0.5000|0.5000|0.0000|0.1790| - [0.000, 0.993, 0.000, 0.000, 0.007]
|  982|0.5263|0.5000|0.0352|0.1819| - [0.000, 0.963, 0.000, 0.000, 0.037]
|  983|0.5000|0.5000|0.0000|0.1805| - [0.000, 0.963, 0.000, 0.000, 0.037]
|  984|0.5000|0.5000|0.0000|0.1570| - [0.000, 0.993, 0.000, 0.000, 0.007]
|  985|0.5000|0.5000|0.0000|0.1378| - [0.000, 0.965, 0.000, 0.000, 0.035]
|  986|0.5000|0.5000|0.0000|0.1206| - [0.000, 0.965, 0.000, 0.000, 0.035]
|  987|0.5000|0.5000|0.0000|0.1257| - [0.000, 0.993, 0.000, 0.000, 0.007]
|  988|0.5000|0.5000|0.0000|0.1142| - [0.000, 0.963, 0.000, 0.000, 0.037]
|  989|0.5000|0.5000|0.0000|0.1877| - [0.000, 1.000, 0.000, 0.000, 0.000]
|  990|0.5263|0.5000|0.0547|0.2407| - [0.000, 0.962, 0.000, 0.000, 0.038]
|  991|0.5000|0.5000|0.0000|0.2293| - [0.000, 0.963, 0.000, 0.000, 0.037]
|  992|0.5000|0.5000|0.0000|0.2173| - [0.000, 0.963, 0.000, 0.000, 0.037]
|  993|0.5000|0.5000|0.0000|0.2296| - [0.000, 0.962, 0.000, 0.000, 0.038]
|  994|0.5000|0.5000|0.0000|0.2284| - [0.000, 0.963, 0.000, 0.000, 0.037]
|  995|0.5000|0.5000|0.0000|0.2286| - [0.000, 0.963, 0.000, 0.000, 0.037]
|  996|0.5000|0.5000|0.0000|0.2394| - [0.000, 0.962, 0.000, 0.000, 0.038]
|  997|0.5000|0.5000|0.0000|0.2296| - [0.000, 0.963, 0.000, 0.000, 0.037]
|  998|0.5000|0.5000|0.0000|0.2282| - [0.000, 0.963, 0.000, 0.000, 0.037]
|  999|0.5000|0.5000|0.0000|0.2281| - [0.000, 0.963, 0.000, 0.000, 0.037]
| 1000|0.5000|0.5000|0.0000|0.2281| - [0.000, 0.963, 0.000, 0.000, 0.037]
+-----+------+------+------+------+ 
