# Blotto run, B: 5, Rf: 1.00, Lf: 0.50 - 0.14 sec 
+-----+------+------+------+------+ 
| gen | best | mean |  sd  | avgH | best strategy
+-----+------+------+------+------+ 
|    1|0.8750|0.5000|0.2077|2.0629| - [0.303, 0.254, 0.021, 0.299, 0.123]
|    2|0.9737|0.5000|0.2864|2.0632| - [0.303, 0.254, 0.021, 0.299, 0.123]
|    3|0.8947|0.5000|0.2794|2.0111| - [0.303, 0.254, 0.021, 0.299, 0.123]
|    4|0.9737|0.5000|0.2727|2.0052| - [0.313, 0.359, 0.028, 0.000, 0.301]
|    5|0.9737|0.5000|0.2228|2.0234| - [0.313, 0.359, 0.028, 0.000, 0.301]
|    6|0.8684|0.5000|0.2625|1.9215| - [0.313, 0.359, 0.028, 0.000, 0.301]
|    7|0.9737|0.5000|0.2612|1.8811| - [0.315, 0.357, 0.028, 0.000, 0.300]
|    8|0.9737|0.5000|0.2578|1.7712| - [0.316, 0.357, 0.028, 0.000, 0.299]
|    9|0.8947|0.5000|0.2479|1.7217| - [0.316, 0.357, 0.028, 0.000, 0.299]
|   10|0.9737|0.5000|0.2510|1.7220| - [0.325, 0.334, 0.029, 0.000, 0.312]
|   11|0.9737|0.5000|0.2570|1.7226| - [0.343, 0.343, 0.027, 0.000, 0.287]
|   12|0.9737|0.5000|0.2049|1.7225| - [0.343, 0.343, 0.027, 0.000, 0.287]
|   13|0.9737|0.5000|0.2748|1.7239| - [0.343, 0.343, 0.027, 0.000, 0.287]
|   14|0.9737|0.5000|0.2650|1.7227| - [0.343, 0.343, 0.027, 0.000, 0.287]
|   15|0.9737|0.5000|0.2612|1.7221| - [0.343, 0.343, 0.027, 0.000, 0.287]
|   16|0.9737|0.5000|0.2228|1.7175| - [0.343, 0.343, 0.027, 0.000, 0.287]
|   17|0.9737|0.5000|0.2739|1.7169| - [0.343, 0.343, 0.027, 0.000, 0.287]
|   18|0.9737|0.5000|0.2054|1.7169| - [0.343, 0.343, 0.027, 0.000, 0.287]
|   19|0.9737|0.5000|0.1116|1.7169| - [0.343, 0.343, 0.027, 0.000, 0.287]
|   20|0.9737|0.5000|0.2348|1.7169| - [0.343, 0.343, 0.027, 0.000, 0.287]
|   21|0.9737|0.5000|0.2348|1.7169| - [0.343, 0.343, 0.027, 0.000, 0.287]
|   22|0.9737|0.5000|0.2466|1.7097| - [0.352, 0.352, 0.000, 0.000, 0.295]
|   23|0.9737|0.5000|0.2549|1.7097| - [0.352, 0.352, 0.000, 0.000, 0.295]
|   24|0.9474|0.5000|0.1534|1.7025| - [0.352, 0.352, 0.000, 0.000, 0.295]
|   25|0.9474|0.5000|0.1534|1.7025| - [0.352, 0.352, 0.000, 0.000, 0.295]
|   26|0.7368|0.5000|0.2497|1.6449| - [0.352, 0.352, 0.000, 0.000, 0.295]
|   27|0.5789|0.5000|0.1823|1.6018| - [0.352, 0.352, 0.000, 0.000, 0.295]
|   28|0.5000|0.5000|0.0000|1.5802| - [0.352, 0.352, 0.000, 0.000, 0.295]
|   29|0.5000|0.5000|0.0000|1.5802| - [0.352, 0.352, 0.000, 0.000, 0.295]
|   30|0.5000|0.5000|0.0000|1.5802| - [0.352, 0.352, 0.000, 0.000, 0.295]
|   31|0.9737|0.5000|0.1116|1.5798| - [0.364, 0.364, 0.000, 0.000, 0.271]
|   32|0.9474|0.5000|0.1534|1.5794| - [0.364, 0.364, 0.000, 0.000, 0.271]
|   33|0.9737|0.5000|0.1537|1.5798| - [0.374, 0.313, 0.000, 0.000, 0.314]
|   34|0.8947|0.5000|0.2218|1.5797| - [0.374, 0.313, 0.000, 0.000, 0.314]
|   35|0.8158|0.5000|0.2412|1.5801| - [0.374, 0.313, 0.000, 0.000, 0.314]
|   36|0.6053|0.5000|0.2038|1.5799| - [0.374, 0.313, 0.000, 0.000, 0.314]
|   37|0.5263|0.5000|0.1116|1.5798| - [0.374, 0.313, 0.000, 0.000, 0.314]
|   38|0.9737|0.5000|0.1116|1.5797| - [0.379, 0.310, 0.000, 0.000, 0.311]
|   39|0.9211|0.5000|0.2228|1.5795| - [0.379, 0.310, 0.000, 0.000, 0.311]
|   40|0.8421|0.5000|0.2324|1.5793| - [0.379, 0.310, 0.000, 0.000, 0.311]
|   41|0.9737|0.5000|0.2612|1.5786| - [0.398, 0.276, 0.000, 0.000, 0.326]
|   42|0.9737|0.5000|0.2549|1.5786| - [0.398, 0.276, 0.000, 0.000, 0.326]
|   43|0.9737|0.5000|0.2561|1.5786| - [0.398, 0.276, 0.000, 0.000, 0.326]
|   44|0.9737|0.5000|0.2560|1.5756| - [0.398, 0.276, 0.000, 0.000, 0.326]
|   45|0.8158|0.5000|0.2699|1.5711| - [0.398, 0.276, 0.000, 0.000, 0.326]
|   46|0.9737|0.5000|0.1116|1.5662| - [0.439, 0.200, 0.000, 0.000, 0.361]
|   47|0.9737|0.5000|0.1116|1.5662| - [0.439, 0.200, 0.000, 0.000, 0.361]
|   48|0.8947|0.5000|0.2218|1.5551| - [0.439, 0.200, 0.000, 0.000, 0.361]
|   49|0.6579|0.5000|0.2324|1.5329| - [0.439, 0.200, 0.000, 0.000, 0.361]
|   50|0.5789|0.5000|0.1829|1.5219| - [0.439, 0.200, 0.000, 0.000, 0.361]
|   51|0.5000|0.5000|0.0000|1.5163| - [0.439, 0.200, 0.000, 0.000, 0.361]
|   52|0.5000|0.5000|0.0000|1.5163| - [0.439, 0.200, 0.000, 0.000, 0.361]
|   53|0.9737|0.5000|0.1537|1.5126| - [0.470, 0.189, 0.000, 0.000, 0.341]
|   54|0.9737|0.5000|0.1116|1.5153| - [0.470, 0.189, 0.000, 0.000, 0.341]
|   55|0.9474|0.5000|0.1534|1.5142| - [0.470, 0.189, 0.000, 0.000, 0.341]
|   56|0.8684|0.5000|0.2202|1.5109| - [0.470, 0.189, 0.000, 0.000, 0.341]
|   57|0.7895|0.5000|0.2549|1.5072| - [0.470, 0.189, 0.000, 0.000, 0.341]
|   58|0.6053|0.5000|0.2054|1.5111| - [0.470, 0.189, 0.000, 0.000, 0.341]
|   59|0.5000|0.5000|0.0000|1.4958| - [0.470, 0.189, 0.000, 0.000, 0.341]
|   60|0.5000|0.5000|0.0000|1.4958| - [0.470, 0.189, 0.000, 0.000, 0.341]
|   61|0.5000|0.5000|0.0000|1.4958| - [0.470, 0.189, 0.000, 0.000, 0.341]
|   62|0.5000|0.5000|0.0000|1.4958| - [0.470, 0.189, 0.000, 0.000, 0.341]
|   63|0.5000|0.5000|0.0000|1.4958| - [0.470, 0.189, 0.000, 0.000, 0.341]
|   64|0.5000|0.5000|0.0000|1.4958| - [0.470, 0.189, 0.000, 0.000, 0.341]
|   65|0.5000|0.5000|0.0000|1.4958| - [0.470, 0.189, 0.000, 0.000, 0.341]
|   66|0.5000|0.5000|0.0000|1.4958| - [0.470, 0.189, 0.000, 0.000, 0.341]
|   67|0.5000|0.5000|0.0000|1.4958| - [0.470, 0.189, 0.000, 0.000, 0.341]
|   68|0.9737|0.5000|0.1116|1.4957| - [0.477, 0.192, 0.000, 0.000, 0.331]
|   69|0.9211|0.5000|0.2228|1.4972| - [0.477, 0.192, 0.000, 0.000, 0.331]
|   70|0.9737|0.5000|0.2549|1.4942| - [0.518, 0.209, 0.000, 0.000, 0.273]
|   71|0.9211|0.5000|0.2049|1.4916| - [0.518, 0.209, 0.000, 0.000, 0.273]
|   72|0.8947|0.5000|0.2038|1.4904| - [0.518, 0.209, 0.000, 0.000, 0.273]
|   73|0.7368|0.5000|0.2497|1.4841| - [0.518, 0.209, 0.000, 0.000, 0.273]
|   74|0.6053|0.5000|0.2054|1.4903| - [0.518, 0.209, 0.000, 0.000, 0.273]
|   75|0.9737|0.5000|0.1831|1.4927| - [0.523, 0.211, 0.000, 0.000, 0.266]
|   76|0.9737|0.5000|0.1116|1.4744| - [0.523, 0.211, 0.000, 0.000, 0.266]
|   77|0.9474|0.5000|0.1534|1.4742| - [0.523, 0.211, 0.000, 0.000, 0.266]
|   78|0.9211|0.5000|0.1823|1.4740| - [0.523, 0.211, 0.000, 0.000, 0.266]
|   79|0.7105|0.5000|0.2469|1.4724| - [0.523, 0.211, 0.000, 0.000, 0.266]
|   80|0.9737|0.5000|0.1537|1.4679| - [0.556, 0.161, 0.000, 0.000, 0.283]
|   81|0.9737|0.5000|0.1537|1.4675| - [0.556, 0.161, 0.000, 0.000, 0.283]
|   82|0.9211|0.5000|0.2483|1.4596| - [0.556, 0.161, 0.000, 0.000, 0.283]
|   83|0.8947|0.5000|0.2570|1.4572| - [0.556, 0.161, 0.000, 0.000, 0.283]
|   84|0.7895|0.5000|0.2733|1.4440| - [0.556, 0.161, 0.000, 0.000, 0.283]
|   85|0.7368|0.5000|0.2636|1.4376| - [0.556, 0.161, 0.000, 0.000, 0.283]
|   86|0.9737|0.5000|0.2363|1.4202| - [0.573, 0.167, 0.000, 0.000, 0.260]
|   87|0.8158|0.5000|0.2645|1.3994| - [0.573, 0.167, 0.000, 0.000, 0.260]
|   88|0.6579|0.5000|0.2371|1.3941| - [0.573, 0.167, 0.000, 0.000, 0.260]
|   89|0.5526|0.5000|0.1534|1.3936| - [0.573, 0.167, 0.000, 0.000, 0.260]
|   90|0.9737|0.5000|0.1116|1.3950| - [0.589, 0.161, 0.000, 0.000, 0.251]
|   91|0.9211|0.5000|0.1823|1.3927| - [0.589, 0.161, 0.000, 0.000, 0.251]
|   92|0.9737|0.5000|0.2348|1.3824| - [0.636, 0.093, 0.000, 0.000, 0.271]
|   93|0.7368|0.5000|0.2612|1.3128| - [0.636, 0.093, 0.000, 0.000, 0.271]
|   94|0.6316|0.5000|0.2202|1.2786| - [0.636, 0.093, 0.000, 0.000, 0.271]
|   95|0.9737|0.5000|0.2049|1.2642| - [0.649, 0.095, 0.000, 0.000, 0.256]
|   96|0.9737|0.5000|0.1537|1.2428| - [0.651, 0.095, 0.000, 0.000, 0.254]
|   97|0.9474|0.5000|0.2226|1.2405| - [0.651, 0.095, 0.000, 0.000, 0.254]
|   98|0.9211|0.5000|0.2475|1.2389| - [0.651, 0.095, 0.000, 0.000, 0.254]
|   99|0.8421|0.5000|0.2666|1.2364| - [0.651, 0.095, 0.000, 0.000, 0.254]
|  100|0.9737|0.5000|0.2695|1.2314| - [0.654, 0.094, 0.000, 0.000, 0.252]
|  101|0.8684|0.5000|0.2699|1.2282| - [0.654, 0.094, 0.000, 0.000, 0.252]
|  102|0.9737|0.5000|0.2510|1.2176| - [0.692, 0.038, 0.000, 0.000, 0.270]
|  103|0.8947|0.5000|0.2218|1.1873| - [0.692, 0.038, 0.000, 0.000, 0.270]
|  104|0.7368|0.5000|0.2497|1.1356| - [0.692, 0.038, 0.000, 0.000, 0.270]
|  105|0.9737|0.5000|0.2363|1.0805| - [0.719, 0.000, 0.000, 0.000, 0.281]
|  106|0.9737|0.5000|0.2054|1.0536| - [0.719, 0.000, 0.000, 0.000, 0.281]
|  107|0.8684|0.5000|0.2701|1.0008| - [0.719, 0.000, 0.000, 0.000, 0.281]
|  108|0.6842|0.5000|0.2464|0.9277| - [0.719, 0.000, 0.000, 0.000, 0.281]
|  109|0.5000|0.5000|0.0000|0.8565| - [0.719, 0.000, 0.000, 0.000, 0.281]
|  110|0.5000|0.5000|0.0000|0.8565| - [0.719, 0.000, 0.000, 0.000, 0.281]
|  111|0.5000|0.5000|0.0000|0.8565| - [0.719, 0.000, 0.000, 0.000, 0.281]
|  112|0.9737|0.5000|0.1831|0.8554| - [0.736, 0.000, 0.000, 0.000, 0.264]
|  113|0.9737|0.5000|0.2348|0.8509| - [0.736, 0.000, 0.000, 0.000, 0.264]
|  114|0.8947|0.5000|0.2666|0.8464| - [0.736, 0.000, 0.000, 0.000, 0.264]
|  115|0.8158|0.5000|0.2711|0.8436| - [0.736, 0.000, 0.000, 0.000, 0.264]
|  116|0.6842|0.5000|0.2475|0.8383| - [0.736, 0.000, 0.000, 0.000, 0.264]
|  117|0.5000|0.5000|0.0000|0.8333| - [0.736, 0.000, 0.000, 0.000, 0.264]
|  118|0.5000|0.5000|0.0000|0.8333| - [0.736, 0.000, 0.000, 0.000, 0.264]
|  119|0.5000|0.5000|0.0000|0.8333| - [0.736, 0.000, 0.000, 0.000, 0.264]
|  120|0.5000|0.5000|0.0000|0.8333| - [0.736, 0.000, 0.000, 0.000, 0.264]
|  121|0.5000|0.5000|0.0000|0.8333| - [0.736, 0.000, 0.000, 0.000, 0.264]
|  122|0.5000|0.5000|0.0000|0.8333| - [0.736, 0.000, 0.000, 0.000, 0.264]
|  123|0.5000|0.5000|0.0000|0.8333| - [0.736, 0.000, 0.000, 0.000, 0.264]
|  124|0.5000|0.5000|0.0000|0.8333| - [0.736, 0.000, 0.000, 0.000, 0.264]
|  125|0.5000|0.5000|0.0000|0.8333| - [0.736, 0.000, 0.000, 0.000, 0.264]
|  126|0.5000|0.5000|0.0000|0.8333| - [0.736, 0.000, 0.000, 0.000, 0.264]
|  127|0.9737|0.5000|0.1116|0.8319| - [0.753, 0.000, 0.000, 0.000, 0.247]
|  128|0.8421|0.5000|0.2324|0.8250| - [0.753, 0.000, 0.000, 0.000, 0.247]
|  129|0.5000|0.5000|0.0000|0.8072| - [0.753, 0.000, 0.000, 0.000, 0.247]
|  130|0.5000|0.5000|0.0000|0.8072| - [0.753, 0.000, 0.000, 0.000, 0.247]
|  131|0.5000|0.5000|0.0000|0.8072| - [0.753, 0.000, 0.000, 0.000, 0.247]
|  132|0.5000|0.5000|0.0000|0.8072| - [0.753, 0.000, 0.000, 0.000, 0.247]
|  133|0.5000|0.5000|0.0000|0.8072| - [0.753, 0.000, 0.000, 0.000, 0.247]
|  134|0.5000|0.5000|0.0000|0.8072| - [0.753, 0.000, 0.000, 0.000, 0.247]
|  135|0.5000|0.5000|0.0000|0.8072| - [0.753, 0.000, 0.000, 0.000, 0.247]
|  136|0.5000|0.5000|0.0000|0.8072| - [0.753, 0.000, 0.000, 0.000, 0.247]
|  137|0.9737|0.5000|0.1116|0.8071| - [0.753, 0.000, 0.000, 0.000, 0.247]
|  138|0.8421|0.5000|0.2443|0.8067| - [0.753, 0.000, 0.000, 0.000, 0.247]
|  139|0.6842|0.5000|0.2412|0.8063| - [0.753, 0.000, 0.000, 0.000, 0.247]
|  140|0.5263|0.5000|0.1116|0.8069| - [0.753, 0.000, 0.000, 0.000, 0.247]
|  141|0.5000|0.5000|0.0000|0.8058| - [0.753, 0.000, 0.000, 0.000, 0.247]
|  142|0.5000|0.5000|0.0000|0.8058| - [0.753, 0.000, 0.000, 0.000, 0.247]
|  143|0.5000|0.5000|0.0000|0.8058| - [0.753, 0.000, 0.000, 0.000, 0.247]
|  144|0.5000|0.5000|0.0000|0.8058| - [0.753, 0.000, 0.000, 0.000, 0.247]
|  145|0.9737|0.5000|0.1116|0.8166| - [0.717, 0.000, 0.035, 0.000, 0.248]
|  146|0.9737|0.5000|0.1116|0.8166| - [0.717, 0.000, 0.035, 0.000, 0.248]
|  147|0.8684|0.5000|0.2202|0.8601| - [0.717, 0.000, 0.035, 0.000, 0.248]
|  148|0.9211|0.5000|0.2049|0.8372| - [0.717, 0.000, 0.035, 0.000, 0.248]
|  149|0.8947|0.5000|0.1553|0.8295| - [0.717, 0.000, 0.035, 0.000, 0.248]
|  150|0.9211|0.5000|0.1823|0.8383| - [0.717, 0.000, 0.035, 0.000, 0.248]
|  151|0.6842|0.5000|0.2412|0.9361| - [0.717, 0.000, 0.035, 0.000, 0.248]
|  152|0.5526|0.5000|0.1534|0.9905| - [0.717, 0.000, 0.035, 0.000, 0.248]
|  153|0.9737|0.5000|0.1116|1.0074| - [0.732, 0.000, 0.015, 0.000, 0.254]
|  154|0.9737|0.5000|0.1116|1.0074| - [0.732, 0.000, 0.015, 0.000, 0.254]
|  155|0.8421|0.5000|0.2324|0.9834| - [0.732, 0.000, 0.015, 0.000, 0.254]
|  156|0.5263|0.5000|0.1116|0.9224| - [0.732, 0.000, 0.015, 0.000, 0.254]
|  157|0.5000|0.5000|0.0000|0.9209| - [0.732, 0.000, 0.015, 0.000, 0.254]
|  158|0.9737|0.5000|0.1537|0.9169| - [0.775, 0.000, 0.016, 0.000, 0.209]
|  159|0.9737|0.5000|0.1537|0.9169| - [0.775, 0.000, 0.016, 0.000, 0.209]
|  160|0.7632|0.5000|0.2110|0.9001| - [0.775, 0.000, 0.016, 0.000, 0.209]
|  161|0.5526|0.5000|0.1537|0.8636| - [0.775, 0.000, 0.016, 0.000, 0.209]
|  162|0.5263|0.5000|0.1116|0.8600| - [0.775, 0.000, 0.016, 0.000, 0.209]
|  163|0.5000|0.5000|0.0000|0.8503| - [0.775, 0.000, 0.016, 0.000, 0.209]
|  164|0.5000|0.5000|0.0000|0.8503| - [0.775, 0.000, 0.016, 0.000, 0.209]
|  165|0.9737|0.5000|0.1116|0.8449| - [0.787, 0.000, 0.000, 0.000, 0.213]
|  166|0.9474|0.5000|0.1829|0.8349| - [0.787, 0.000, 0.000, 0.000, 0.213]
|  167|0.8947|0.5000|0.2038|0.8285| - [0.787, 0.000, 0.000, 0.000, 0.213]
|  168|0.8684|0.5000|0.2202|0.8230| - [0.787, 0.000, 0.000, 0.000, 0.213]
|  169|0.9737|0.5000|0.1829|0.8374| - [0.793, 0.000, 0.014, 0.000, 0.193]
|  170|0.8947|0.5000|0.2475|0.8258| - [0.793, 0.000, 0.014, 0.000, 0.193]
|  171|0.8421|0.5000|0.2324|0.8381| - [0.793, 0.000, 0.014, 0.000, 0.193]
|  172|0.7368|0.5000|0.2549|0.8287| - [0.793, 0.000, 0.014, 0.000, 0.193]
|  173|0.6842|0.5000|0.2475|0.8208| - [0.793, 0.000, 0.014, 0.000, 0.193]
|  174|0.5263|0.5000|0.1116|0.8123| - [0.793, 0.000, 0.014, 0.000, 0.193]
|  175|0.5263|0.5000|0.1116|0.8138| - [0.793, 0.000, 0.014, 0.000, 0.193]
|  176|0.5000|0.5000|0.0000|0.8116| - [0.793, 0.000, 0.014, 0.000, 0.193]
|  177|0.5000|0.5000|0.0000|0.8116| - [0.793, 0.000, 0.014, 0.000, 0.193]
|  178|0.5000|0.5000|0.0000|0.8116| - [0.793, 0.000, 0.014, 0.000, 0.193]
|  179|0.5263|0.5000|0.1116|0.8132| - [0.793, 0.000, 0.014, 0.000, 0.193]
|  180|0.5000|0.5000|0.0000|0.8116| - [0.793, 0.000, 0.014, 0.000, 0.193]
|  181|0.5000|0.5000|0.0000|0.8116| - [0.793, 0.000, 0.014, 0.000, 0.193]
|  182|0.5000|0.5000|0.0000|0.8116| - [0.793, 0.000, 0.014, 0.000, 0.193]
|  183|0.5000|0.5000|0.0000|0.8116| - [0.793, 0.000, 0.014, 0.000, 0.193]
|  184|0.5000|0.5000|0.0000|0.8116| - [0.793, 0.000, 0.014, 0.000, 0.193]
|  185|0.5000|0.5000|0.0000|0.8116| - [0.793, 0.000, 0.014, 0.000, 0.193]
|  186|0.9737|0.5000|0.1116|0.8092| - [0.812, 0.000, 0.013, 0.000, 0.175]
|  187|0.9737|0.5000|0.1116|0.8092| - [0.812, 0.000, 0.013, 0.000, 0.175]
|  188|0.9737|0.5000|0.1116|0.8092| - [0.812, 0.000, 0.013, 0.000, 0.175]
|  189|0.9737|0.5000|0.1537|0.8068| - [0.812, 0.000, 0.013, 0.000, 0.175]
|  190|0.9737|0.5000|0.1829|0.8045| - [0.812, 0.000, 0.013, 0.000, 0.175]
|  191|0.9737|0.5000|0.1829|0.8045| - [0.812, 0.000, 0.013, 0.000, 0.175]
|  192|0.9737|0.5000|0.2466|0.7940| - [0.819, 0.000, 0.012, 0.000, 0.169]
|  193|0.9737|0.5000|0.2612|0.7865| - [0.819, 0.000, 0.012, 0.000, 0.169]
|  194|0.9737|0.5000|0.2708|0.7499| - [0.866, 0.000, 0.014, 0.000, 0.120]
|  195|0.8684|0.5000|0.2637|0.7222| - [0.866, 0.000, 0.014, 0.000, 0.120]
|  196|0.7105|0.5000|0.2539|0.6877| - [0.866, 0.000, 0.014, 0.000, 0.120]
|  197|0.5263|0.5000|0.1116|0.6425| - [0.866, 0.000, 0.014, 0.000, 0.120]
|  198|0.5000|0.5000|0.0000|0.6316| - [0.866, 0.000, 0.014, 0.000, 0.120]
|  199|0.5000|0.5000|0.0000|0.6316| - [0.866, 0.000, 0.014, 0.000, 0.120]
|  200|0.5000|0.5000|0.0000|0.6316| - [0.866, 0.000, 0.014, 0.000, 0.120]
|  201|0.9737|0.5000|0.1537|0.6292| - [0.879, 0.000, 0.000, 0.000, 0.121]
|  202|0.9737|0.5000|0.2363|0.6054| - [0.884, 0.000, 0.014, 0.000, 0.102]
|  203|0.9737|0.5000|0.2116|0.5859| - [0.884, 0.000, 0.014, 0.000, 0.102]
|  204|0.9737|0.5000|0.2348|0.5479| - [0.884, 0.000, 0.014, 0.000, 0.102]
|  205|0.9737|0.5000|0.1699|0.5417| - [0.884, 0.000, 0.014, 0.000, 0.102]
|  206|0.8421|0.5000|0.2443|0.5514| - [0.884, 0.000, 0.014, 0.000, 0.102]
|  207|0.7105|0.5000|0.2502|0.5816| - [0.884, 0.000, 0.014, 0.000, 0.102]
|  208|0.7632|0.5000|0.2561|0.5923| - [0.884, 0.000, 0.014, 0.000, 0.102]
|  209|0.7895|0.5000|0.2469|0.5904| - [0.884, 0.000, 0.014, 0.000, 0.102]
|  210|0.7105|0.5000|0.2469|0.5874| - [0.884, 0.000, 0.014, 0.000, 0.102]
|  211|0.6316|0.5000|0.2202|0.5844| - [0.884, 0.000, 0.014, 0.000, 0.102]
|  212|0.5263|0.5000|0.1116|0.5972| - [0.884, 0.000, 0.014, 0.000, 0.102]
|  213|0.9737|0.5000|0.1116|0.5772| - [0.897, 0.000, 0.014, 0.000, 0.088]
|  214|0.9737|0.5000|0.1831|0.5682| - [0.897, 0.000, 0.014, 0.000, 0.088]
|  215|0.9737|0.5000|0.2054|0.5613| - [0.897, 0.000, 0.014, 0.000, 0.088]
|  216|0.9737|0.5000|0.2561|0.5296| - [0.897, 0.000, 0.014, 0.000, 0.088]
|  217|0.8684|0.5000|0.2625|0.5154| - [0.897, 0.000, 0.014, 0.000, 0.088]
|  218|0.9737|0.5000|0.2443|0.5156| - [0.898, 0.000, 0.000, 0.000, 0.102]
|  219|0.9737|0.5000|0.2054|0.5066| - [0.983, 0.000, 0.016, 0.000, 0.002]
|  220|0.9737|0.5000|0.1537|0.5158| - [0.983, 0.000, 0.016, 0.000, 0.002]
|  221|0.9211|0.5000|0.2228|0.4615| - [0.983, 0.000, 0.016, 0.000, 0.002]
|  222|0.9737|0.5000|0.2778|0.3638| - [0.983, 0.000, 0.016, 0.000, 0.002]
|  223|0.9211|0.5000|0.2556|0.2381| - [0.983, 0.000, 0.016, 0.000, 0.002]
|  224|0.9737|0.5000|0.1829|0.1317| - [0.987, 0.000, 0.011, 0.000, 0.002]
|  225|0.9737|0.5000|0.1537|0.1318| - [0.987, 0.000, 0.011, 0.000, 0.002]
|  226|0.9737|0.5000|0.2054|0.1302| - [0.987, 0.000, 0.011, 0.000, 0.002]
|  227|0.9737|0.5000|0.2570|0.1188| - [0.998, 0.000, 0.000, 0.000, 0.002]
|  228|0.7895|0.5000|0.2697|0.0724| - [0.998, 0.000, 0.000, 0.000, 0.002]
|  229|0.7368|0.5000|0.2497|0.0590| - [0.998, 0.000, 0.000, 0.000, 0.002]
|  230|0.7105|0.5000|0.2119|0.0729| - [0.998, 0.000, 0.000, 0.000, 0.002]
|  231|0.6579|0.5000|0.2348|0.0402| - [0.998, 0.000, 0.000, 0.000, 0.002]
|  232|0.5000|0.5000|0.0000|0.0167| - [0.998, 0.000, 0.000, 0.000, 0.002]
|  233|0.5000|0.5000|0.0000|0.0190| - [0.998, 0.000, 0.000, 0.000, 0.002]
|  234|0.5526|0.5000|0.1496|0.0255| - [0.998, 0.000, 0.000, 0.000, 0.002]
|  235|0.5000|0.5000|0.0000|0.0234| - [0.993, 0.000, 0.000, 0.000, 0.007]
|  236|0.5000|0.5000|0.0000|0.0278| - [0.993, 0.000, 0.000, 0.000, 0.007]
|  237|0.5263|0.5000|0.1116|0.0399| - [0.998, 0.000, 0.000, 0.000, 0.002]
|  238|0.9737|0.5000|0.1116|0.0599| - [0.860, 0.000, 0.061, 0.073, 0.006]
|  239|0.9737|0.5000|0.1116|0.0554| - [0.860, 0.000, 0.061, 0.073, 0.006]
|  240|0.9737|0.5000|0.1537|0.0554| - [0.860, 0.000, 0.061, 0.073, 0.006]
|  241|0.8421|0.5000|0.2443|0.2511| - [0.860, 0.000, 0.061, 0.073, 0.006]
|  242|0.7368|0.5000|0.2497|0.4039| - [0.860, 0.000, 0.061, 0.073, 0.006]
|  243|0.5263|0.5000|0.1116|0.7654| - [0.860, 0.000, 0.061, 0.073, 0.006]
|  244|0.9737|0.5000|0.1116|0.7518| - [0.862, 0.000, 0.060, 0.072, 0.006]
|  245|0.8421|0.5000|0.2443|0.7489| - [0.862, 0.000, 0.060, 0.072, 0.006]
|  246|0.9737|0.5000|0.2049|0.7440| - [0.866, 0.000, 0.060, 0.068, 0.006]
|  247|0.9211|0.5000|0.2049|0.7404| - [0.866, 0.000, 0.060, 0.068, 0.006]
|  248|0.9737|0.5000|0.2510|0.7374| - [0.867, 0.000, 0.055, 0.072, 0.006]
|  249|0.8947|0.5000|0.2638|0.7316| - [0.867, 0.000, 0.055, 0.072, 0.006]
|  250|0.7632|0.5000|0.2561|0.7286| - [0.867, 0.000, 0.055, 0.072, 0.006]
|  251|0.5789|0.5000|0.1823|0.7262| - [0.867, 0.000, 0.055, 0.072, 0.006]
|  252|0.9737|0.5000|0.1537|0.7146| - [0.901, 0.000, 0.018, 0.075, 0.006]
|  253|0.9211|0.5000|0.1366|0.7291| - [0.901, 0.000, 0.018, 0.075, 0.006]
|  254|0.9211|0.5000|0.2372|0.7181| - [0.901, 0.000, 0.018, 0.075, 0.006]
|  255|0.9737|0.5000|0.2588|0.7008| - [0.901, 0.000, 0.018, 0.075, 0.006]
|  256|0.9737|0.5000|0.2510|0.6995| - [0.901, 0.000, 0.018, 0.075, 0.006]
|  257|0.8684|0.5000|0.2167|0.6979| - [0.901, 0.000, 0.018, 0.075, 0.006]
|  258|0.9737|0.5000|0.1116|0.6718| - [0.901, 0.000, 0.018, 0.075, 0.006]
|  259|0.9737|0.5000|0.2218|0.6395| - [0.921, 0.000, 0.000, 0.079, 0.000]
|  260|0.8684|0.5000|0.2517|0.5938| - [0.883, 0.020, 0.018, 0.074, 0.006]
|  261|0.9737|0.5000|0.2739|0.6109| - [0.883, 0.020, 0.018, 0.074, 0.006]
|  262|0.9737|0.5000|0.2363|0.6321| - [0.885, 0.019, 0.017, 0.073, 0.006]
|  263|0.9737|0.5000|0.1831|0.6922| - [0.890, 0.012, 0.018, 0.074, 0.006]
|  264|0.9737|0.5000|0.2561|0.6868| - [0.890, 0.020, 0.017, 0.073, 0.000]
|  265|0.9737|0.5000|0.2695|0.6819| - [0.890, 0.020, 0.017, 0.073, 0.000]
|  266|0.9737|0.5000|0.2049|0.6849| - [0.890, 0.020, 0.017, 0.073, 0.000]
|  267|0.9211|0.5000|0.1823|0.6785| - [0.890, 0.020, 0.017, 0.073, 0.000]
|  268|0.8947|0.5000|0.2038|0.6760| - [0.890, 0.020, 0.017, 0.073, 0.000]
|  269|0.8421|0.5000|0.2324|0.6709| - [0.890, 0.020, 0.017, 0.073, 0.000]
|  270|0.8158|0.5000|0.2412|0.6684| - [0.890, 0.020, 0.017, 0.073, 0.000]
|  271|0.9737|0.5000|0.2510|0.6557| - [0.890, 0.019, 0.017, 0.073, 0.000]
|  272|0.9737|0.5000|0.1829|0.6430| - [0.890, 0.019, 0.017, 0.073, 0.000]
|  273|0.9737|0.5000|0.1537|0.6317| - [0.906, 0.020, 0.000, 0.074, 0.000]
|  274|0.9474|0.5000|0.1534|0.6257| - [0.906, 0.020, 0.000, 0.074, 0.000]
|  275|0.8947|0.5000|0.2038|0.6133| - [0.906, 0.020, 0.000, 0.074, 0.000]
|  276|0.9737|0.5000|0.1116|0.6318| - [0.906, 0.020, 0.000, 0.074, 0.000]
|  277|0.9474|0.5000|0.1534|0.6257| - [0.906, 0.020, 0.000, 0.074, 0.000]
|  278|0.9737|0.5000|0.2348|0.6007| - [0.907, 0.020, 0.000, 0.073, 0.000]
|  279|0.8947|0.5000|0.2666|0.5567| - [0.907, 0.020, 0.000, 0.073, 0.000]
|  280|0.8158|0.5000|0.2439|0.5303| - [0.924, 0.000, 0.000, 0.076, 0.000]
|  281|0.9737|0.5000|0.2510|0.5120| - [0.924, 0.000, 0.000, 0.076, 0.000]
|  282|0.9211|0.5000|0.2366|0.4988| - [0.924, 0.000, 0.000, 0.076, 0.000]
|  283|0.9737|0.5000|0.1829|0.5020| - [0.928, 0.020, 0.000, 0.052, 0.000]
|  284|0.9737|0.5000|0.1829|0.5020| - [0.928, 0.020, 0.000, 0.052, 0.000]
|  285|0.9211|0.5000|0.2556|0.4721| - [0.928, 0.020, 0.000, 0.052, 0.000]
|  286|0.7895|0.5000|0.2686|0.4568| - [0.928, 0.020, 0.000, 0.052, 0.000]
|  287|0.5000|0.5000|0.0000|0.4357| - [0.928, 0.020, 0.000, 0.052, 0.000]
|  288|0.5000|0.5000|0.0000|0.4357| - [0.928, 0.020, 0.000, 0.052, 0.000]
|  289|0.5000|0.5000|0.0000|0.4357| - [0.928, 0.020, 0.000, 0.052, 0.000]
|  290|0.5000|0.5000|0.0000|0.4357| - [0.928, 0.020, 0.000, 0.052, 0.000]
|  291|0.5000|0.5000|0.0000|0.4357| - [0.928, 0.020, 0.000, 0.052, 0.000]
|  292|0.9737|0.5000|0.1116|0.4284| - [0.947, 0.000, 0.000, 0.053, 0.000]
|  293|0.9737|0.5000|0.1116|0.4284| - [0.947, 0.000, 0.000, 0.053, 0.000]
|  294|0.8947|0.5000|0.2218|0.3995| - [0.947, 0.000, 0.000, 0.053, 0.000]
|  295|0.7368|0.5000|0.2497|0.3633| - [0.947, 0.000, 0.000, 0.053, 0.000]
|  296|0.8158|0.5000|0.1699|0.3189| - [0.952, 0.000, 0.000, 0.048, 0.000]
|  297|0.9474|0.5000|0.1534|0.2961| - [0.952, 0.000, 0.000, 0.048, 0.000]
|  298|0.9737|0.5000|0.2348|0.2821| - [0.959, 0.000, 0.000, 0.041, 0.000]
|  299|0.8421|0.5000|0.2175|0.2844| - [0.959, 0.000, 0.000, 0.041, 0.000]
|  300|0.9737|0.5000|0.2510|0.2585| - [0.960, 0.000, 0.000, 0.040, 0.000]
|  301|0.9737|0.5000|0.1831|0.2482| - [0.960, 0.000, 0.000, 0.040, 0.000]
|  302|0.8684|0.5000|0.2625|0.2522| - [0.960, 0.000, 0.000, 0.040, 0.000]
|  303|0.6316|0.5000|0.2218|0.2441| - [0.960, 0.000, 0.000, 0.040, 0.000]
|  304|0.5000|0.5000|0.0000|0.2407| - [0.960, 0.000, 0.000, 0.040, 0.000]
|  305|0.9737|0.5000|0.1116|0.2400| - [0.963, 0.000, 0.000, 0.037, 0.000]
|  306|0.9737|0.5000|0.1116|0.2400| - [0.963, 0.000, 0.000, 0.037, 0.000]
|  307|0.8947|0.5000|0.2218|0.2374| - [0.963, 0.000, 0.000, 0.037, 0.000]
|  308|0.7368|0.5000|0.2040|0.2388| - [0.963, 0.000, 0.000, 0.037, 0.000]
|  309|0.5000|0.5000|0.0000|0.2163| - [0.963, 0.000, 0.000, 0.037, 0.000]
|  310|0.5000|0.5000|0.0000|0.2283| - [0.963, 0.000, 0.000, 0.037, 0.000]
|  311|0.5000|0.5000|0.0000|0.2283| - [0.963, 0.000, 0.000, 0.037, 0.000]
|  312|0.5000|0.5000|0.0000|0.2283| - [0.963, 0.000, 0.000, 0.037, 0.000]
|  313|0.5000|0.5000|0.0000|0.2283| - [0.963, 0.000, 0.000, 0.037, 0.000]
|  314|0.5000|0.5000|0.0000|0.2283| - [0.963, 0.000, 0.000, 0.037, 0.000]
|  315|0.5000|0.5000|0.0000|0.2283| - [0.963, 0.000, 0.000, 0.037, 0.000]
|  316|0.5000|0.5000|0.0000|0.2283| - [0.963, 0.000, 0.000, 0.037, 0.000]
|  317|0.5000|0.5000|0.0000|0.2283| - [0.963, 0.000, 0.000, 0.037, 0.000]
|  318|0.5000|0.5000|0.0000|0.2196| - [0.993, 0.000, 0.000, 0.007, 0.000]
|  319|0.5000|0.5000|0.0000|0.2196| - [0.993, 0.000, 0.000, 0.007, 0.000]
|  320|0.5000|0.5000|0.0000|0.2283| - [0.963, 0.000, 0.000, 0.037, 0.000]
|  321|0.5000|0.5000|0.0000|0.2390| - [0.963, 0.000, 0.000, 0.037, 0.000]
|  322|0.5000|0.5000|0.0000|0.2283| - [0.963, 0.000, 0.000, 0.037, 0.000]
|  323|0.5000|0.5000|0.0000|0.2283| - [0.963, 0.000, 0.000, 0.037, 0.000]
|  324|0.9737|0.5000|0.1116|0.2281| - [0.964, 0.000, 0.000, 0.036, 0.000]
|  325|0.9737|0.5000|0.1116|0.2281| - [0.964, 0.000, 0.000, 0.036, 0.000]
|  326|0.9737|0.5000|0.1537|0.2275| - [0.965, 0.000, 0.000, 0.035, 0.000]
|  327|0.9737|0.5000|0.1537|0.2272| - [0.965, 0.000, 0.000, 0.035, 0.000]
|  328|0.9737|0.5000|0.2218|0.2257| - [0.965, 0.000, 0.000, 0.035, 0.000]
|  329|0.8684|0.5000|0.2348|0.2252| - [0.965, 0.000, 0.000, 0.035, 0.000]
|  330|0.8421|0.5000|0.2324|0.2247| - [0.965, 0.000, 0.000, 0.035, 0.000]
|  331|0.7368|0.5000|0.2497|0.2222| - [0.965, 0.000, 0.000, 0.035, 0.000]
|  332|0.5789|0.5000|0.1823|0.2186| - [0.965, 0.000, 0.000, 0.035, 0.000]
|  333|0.5000|0.5000|0.0000|0.2168| - [0.965, 0.000, 0.000, 0.035, 0.000]
|  334|0.5000|0.5000|0.0000|0.2168| - [0.965, 0.000, 0.000, 0.035, 0.000]
|  335|0.5000|0.5000|0.0000|0.2168| - [0.965, 0.000, 0.000, 0.035, 0.000]
|  336|0.5000|0.5000|0.0000|0.2168| - [0.965, 0.000, 0.000, 0.035, 0.000]
|  337|0.5000|0.5000|0.0000|0.2168| - [0.965, 0.000, 0.000, 0.035, 0.000]
|  338|0.5000|0.5000|0.0000|0.2168| - [0.965, 0.000, 0.000, 0.035, 0.000]
|  339|0.5000|0.5000|0.0000|0.2168| - [0.965, 0.000, 0.000, 0.035, 0.000]
|  340|0.5000|0.5000|0.0000|0.2168| - [0.965, 0.000, 0.000, 0.035, 0.000]
|  341|0.5000|0.5000|0.0000|0.2054| - [0.965, 0.000, 0.000, 0.035, 0.000]
|  342|0.5000|0.5000|0.0000|0.2168| - [0.965, 0.000, 0.000, 0.035, 0.000]
|  343|0.5000|0.5000|0.0000|0.2168| - [0.965, 0.000, 0.000, 0.035, 0.000]
|  344|0.5000|0.5000|0.0000|0.2086| - [0.965, 0.000, 0.000, 0.035, 0.000]
|  345|0.5000|0.5000|0.0000|0.2086| - [0.965, 0.000, 0.000, 0.035, 0.000]
|  346|0.5000|0.5000|0.0000|0.2086| - [0.993, 0.000, 0.000, 0.007, 0.000]
|  347|0.5000|0.5000|0.0000|0.2168| - [0.965, 0.000, 0.000, 0.035, 0.000]
|  348|0.5000|0.5000|0.0000|0.2168| - [0.965, 0.000, 0.000, 0.035, 0.000]
|  349|0.5000|0.5000|0.0000|0.2168| - [0.965, 0.000, 0.000, 0.035, 0.000]
|  350|0.5000|0.5000|0.0000|0.2168| - [0.965, 0.000, 0.000, 0.035, 0.000]
|  351|0.5000|0.5000|0.0000|0.2168| - [0.965, 0.000, 0.000, 0.035, 0.000]
|  352|0.5000|0.5000|0.0000|0.2168| - [0.965, 0.000, 0.000, 0.035, 0.000]
|  353|0.5000|0.5000|0.0000|0.2168| - [0.965, 0.000, 0.000, 0.035, 0.000]
|  354|0.5000|0.5000|0.0000|0.2168| - [0.965, 0.000, 0.000, 0.035, 0.000]
|  355|0.5000|0.5000|0.0000|0.2168| - [0.965, 0.000, 0.000, 0.035, 0.000]
|  356|0.5000|0.5000|0.0000|0.2168| - [0.965, 0.000, 0.000, 0.035, 0.000]
|  357|0.9737|0.5000|0.1116|0.2168| - [0.966, 0.000, 0.000, 0.034, 0.000]
|  358|0.8947|0.5000|0.2038|0.2167| - [0.966, 0.000, 0.000, 0.034, 0.000]
|  359|0.6579|0.5000|0.2324|0.2166| - [0.966, 0.000, 0.000, 0.034, 0.000]
|  360|0.6316|0.5000|0.2202|0.2165| - [0.966, 0.000, 0.000, 0.034, 0.000]
|  361|0.9737|0.5000|0.1116|0.2143| - [0.974, 0.000, 0.000, 0.026, 0.000]
|  362|0.9737|0.5000|0.1116|0.2143| - [0.974, 0.000, 0.000, 0.026, 0.000]
|  363|0.9737|0.5000|0.1829|0.2098| - [0.974, 0.000, 0.000, 0.026, 0.000]
|  364|0.9474|0.5000|0.1451|0.2209| - [0.974, 0.000, 0.000, 0.026, 0.000]
|  365|0.9737|0.5000|0.1831|0.2117| - [0.974, 0.000, 0.000, 0.026, 0.000]
|  366|0.9737|0.5000|0.1829|0.2136| - [0.974, 0.000, 0.000, 0.026, 0.000]
|  367|0.9211|0.5000|0.2570|0.2081| - [0.974, 0.000, 0.000, 0.026, 0.000]
|  368|0.9737|0.5000|0.2723|0.2088| - [0.974, 0.000, 0.000, 0.026, 0.000]
|  369|0.9737|0.5000|0.2561|0.2074| - [0.974, 0.000, 0.000, 0.026, 0.000]
|  370|0.9737|0.5000|0.2348|0.2068| - [0.974, 0.000, 0.000, 0.026, 0.000]
|  371|0.9737|0.5000|0.1537|0.2062| - [0.974, 0.000, 0.000, 0.026, 0.000]
|  372|0.9737|0.5000|0.1116|0.2060| - [0.974, 0.000, 0.000, 0.026, 0.000]
|  373|0.9474|0.5000|0.1411|0.2181| - [0.974, 0.000, 0.000, 0.026, 0.000]
|  374|0.9737|0.5000|0.1116|0.2060| - [0.974, 0.000, 0.000, 0.026, 0.000]
|  375|0.9737|0.5000|0.1116|0.2060| - [0.974, 0.000, 0.000, 0.026, 0.000]
|  376|0.9737|0.5000|0.1116|0.2060| - [0.974, 0.000, 0.000, 0.026, 0.000]
|  377|0.9211|0.5000|0.1823|0.2024| - [0.974, 0.000, 0.000, 0.026, 0.000]
|  378|0.9737|0.5000|0.1116|0.2060| - [0.974, 0.000, 0.000, 0.026, 0.000]
|  379|0.9474|0.5000|0.1534|0.2042| - [0.974, 0.000, 0.000, 0.026, 0.000]
|  380|0.8684|0.5000|0.2202|0.1989| - [0.974, 0.000, 0.000, 0.026, 0.000]
|  381|0.7632|0.5000|0.2110|0.2255| - [0.974, 0.000, 0.000, 0.026, 0.000]
|  382|0.7632|0.5000|0.2561|0.1904| - [0.974, 0.000, 0.000, 0.026, 0.000]
|  383|0.6053|0.5000|0.1917|0.1718| - [0.974, 0.000, 0.000, 0.026, 0.000]
|  384|0.5000|0.5000|0.0000|0.1555| - [1.000, 0.000, 0.000, 0.000, 0.000]
|  385|0.5000|0.5000|0.0000|0.1646| - [0.974, 0.000, 0.000, 0.026, 0.000]
|  386|0.5000|0.5000|0.0000|0.1372| - [1.000, 0.000, 0.000, 0.000, 0.000]
|  387|0.5000|0.5000|0.0000|0.1280| - [0.974, 0.000, 0.000, 0.026, 0.000]
|  388|0.5000|0.5000|0.0000|0.1372| - [1.000, 0.000, 0.000, 0.000, 0.000]
|  389|0.5000|0.5000|0.0000|0.1463| - [0.974, 0.000, 0.000, 0.026, 0.000]
|  390|0.5000|0.5000|0.0000|0.1646| - [1.000, 0.000, 0.000, 0.000, 0.000]
|  391|0.5000|0.5000|0.0000|0.1738| - [0.974, 0.000, 0.000, 0.026, 0.000]
|  392|0.5000|0.5000|0.0000|0.1738| - [0.974, 0.000, 0.000, 0.026, 0.000]
|  393|0.5000|0.5000|0.0000|0.1738| - [0.974, 0.000, 0.000, 0.026, 0.000]
|  394|0.5000|0.5000|0.0000|0.1738| - [0.974, 0.000, 0.000, 0.026, 0.000]
|  395|0.5000|0.5000|0.0000|0.1646| - [0.974, 0.000, 0.000, 0.026, 0.000]
|  396|0.5000|0.5000|0.0000|0.1738| - [0.974, 0.000, 0.000, 0.026, 0.000]
|  397|0.5000|0.5000|0.0000|0.1738| - [0.974, 0.000, 0.000, 0.026, 0.000]
|  398|0.5000|0.5000|0.0000|0.1738| - [0.974, 0.000, 0.000, 0.026, 0.000]
|  399|0.5000|0.5000|0.0000|0.1738| - [0.974, 0.000, 0.000, 0.026, 0.000]
|  400|0.5000|0.5000|0.0000|0.1738| - [0.974, 0.000, 0.000, 0.026, 0.000]
|  401|0.5000|0.5000|0.0000|0.1646| - [0.974, 0.000, 0.000, 0.026, 0.000]
|  402|0.5000|0.5000|0.0000|0.1646| - [0.974, 0.000, 0.000, 0.026, 0.000]
|  403|0.5263|0.5000|0.1056|0.1741| - [0.974, 0.000, 0.000, 0.026, 0.000]
|  404|0.5000|0.5000|0.0000|0.1699| - [0.974, 0.000, 0.000, 0.026, 0.000]
|  405|0.7632|0.5000|0.0656|0.1579| - [0.975, 0.000, 0.000, 0.025, 0.000]
|  406|0.8158|0.5000|0.1574|0.1734| - [0.975, 0.000, 0.000, 0.025, 0.000]
|  407|0.8158|0.5000|0.1638|0.1650| - [0.975, 0.000, 0.000, 0.025, 0.000]
|  408|0.9737|0.5000|0.2466|0.1708| - [0.976, 0.000, 0.000, 0.024, 0.000]
|  409|0.9737|0.5000|0.2218|0.1682| - [0.976, 0.000, 0.000, 0.024, 0.000]
|  410|0.8421|0.5000|0.2244|0.1726| - [0.976, 0.000, 0.000, 0.024, 0.000]
|  411|0.9211|0.5000|0.2391|0.1717| - [0.976, 0.000, 0.000, 0.024, 0.000]
|  412|0.9737|0.5000|0.2510|0.1646| - [0.976, 0.000, 0.000, 0.024, 0.000]
|  413|0.9474|0.5000|0.1829|0.1643| - [0.976, 0.000, 0.000, 0.024, 0.000]
|  414|0.9737|0.5000|0.1537|0.1643| - [0.976, 0.000, 0.000, 0.024, 0.000]
|  415|0.9211|0.5000|0.2366|0.1638| - [0.976, 0.000, 0.000, 0.024, 0.000]
|  416|0.7632|0.5000|0.2612|0.1634| - [0.976, 0.000, 0.000, 0.024, 0.000]
|  417|0.5789|0.5000|0.1829|0.1625| - [0.976, 0.000, 0.000, 0.024, 0.000]
|  418|0.9474|0.5000|0.1056|0.1694| - [0.977, 0.000, 0.000, 0.023, 0.000]
|  419|0.9211|0.5000|0.1823|0.1618| - [0.977, 0.000, 0.000, 0.023, 0.000]
|  420|0.7632|0.5000|0.2497|0.1607| - [0.977, 0.000, 0.000, 0.023, 0.000]
|  421|0.6053|0.5000|0.2038|0.1595| - [0.977, 0.000, 0.000, 0.023, 0.000]
|  422|0.6053|0.5000|0.2038|0.1595| - [0.977, 0.000, 0.000, 0.023, 0.000]
|  423|0.5000|0.5000|0.0000|0.1587| - [0.977, 0.000, 0.000, 0.023, 0.000]
|  424|0.5000|0.5000|0.0000|0.1662| - [0.977, 0.000, 0.000, 0.023, 0.000]
|  425|0.5000|0.5000|0.0000|0.1587| - [0.977, 0.000, 0.000, 0.023, 0.000]
|  426|0.5000|0.5000|0.0000|0.1587| - [0.977, 0.000, 0.000, 0.023, 0.000]
|  427|0.5000|0.5000|0.0000|0.1521| - [0.996, 0.000, 0.000, 0.004, 0.000]
|  428|0.5000|0.5000|0.0000|0.1521| - [0.977, 0.000, 0.000, 0.023, 0.000]
|  429|0.5000|0.5000|0.0000|0.1390| - [0.977, 0.000, 0.000, 0.023, 0.000]
|  430|0.5000|0.5000|0.0000|0.1259| - [0.977, 0.000, 0.000, 0.023, 0.000]
|  431|0.5000|0.5000|0.0000|0.1456| - [0.977, 0.000, 0.000, 0.023, 0.000]
|  432|0.5000|0.5000|0.0000|0.1456| - [0.996, 0.000, 0.000, 0.004, 0.000]
|  433|0.5000|0.5000|0.0000|0.1587| - [0.977, 0.000, 0.000, 0.023, 0.000]
|  434|0.5000|0.5000|0.0000|0.1587| - [0.977, 0.000, 0.000, 0.023, 0.000]
|  435|0.5000|0.5000|0.0000|0.1587| - [0.977, 0.000, 0.000, 0.023, 0.000]
|  436|0.5000|0.5000|0.0000|0.1587| - [0.977, 0.000, 0.000, 0.023, 0.000]
|  437|0.5000|0.5000|0.0000|0.1587| - [0.977, 0.000, 0.000, 0.023, 0.000]
|  438|0.5000|0.5000|0.0000|0.1587| - [0.977, 0.000, 0.000, 0.023, 0.000]
|  439|0.5000|0.5000|0.0000|0.1587| - [0.977, 0.000, 0.000, 0.023, 0.000]
|  440|0.5000|0.5000|0.0000|0.1751| - [0.977, 0.000, 0.000, 0.023, 0.000]
|  441|0.5000|0.5000|0.0000|0.1587| - [0.977, 0.000, 0.000, 0.023, 0.000]
|  442|0.5263|0.5000|0.1116|0.1627| - [0.977, 0.000, 0.000, 0.023, 0.000]
|  443|0.5000|0.5000|0.0000|0.1587| - [0.977, 0.000, 0.000, 0.023, 0.000]
|  444|0.5000|0.5000|0.0000|0.1587| - [0.977, 0.000, 0.000, 0.023, 0.000]
|  445|0.5000|0.5000|0.0000|0.1587| - [0.977, 0.000, 0.000, 0.023, 0.000]
|  446|0.5526|0.5000|0.1537|0.1705| - [0.977, 0.000, 0.000, 0.023, 0.000]
|  447|0.9474|0.5000|0.1056|0.1499| - [0.978, 0.000, 0.000, 0.022, 0.000]
|  448|0.9474|0.5000|0.1534|0.1579| - [0.978, 0.000, 0.000, 0.022, 0.000]
|  449|0.8684|0.5000|0.2348|0.1662| - [0.978, 0.000, 0.000, 0.022, 0.000]
|  450|0.9474|0.5000|0.1534|0.1579| - [0.978, 0.000, 0.000, 0.022, 0.000]
|  451|0.9211|0.5000|0.1823|0.1575| - [0.978, 0.000, 0.000, 0.022, 0.000]
|  452|0.8947|0.5000|0.2038|0.1571| - [0.978, 0.000, 0.000, 0.022, 0.000]
|  453|0.7895|0.5000|0.2469|0.1556| - [0.978, 0.000, 0.000, 0.022, 0.000]
|  454|0.9737|0.5000|0.2218|0.1526| - [0.979, 0.000, 0.000, 0.021, 0.000]
|  455|0.9211|0.5000|0.2226|0.1513| - [0.979, 0.000, 0.000, 0.021, 0.000]
|  456|0.7895|0.5000|0.2469|0.1493| - [0.979, 0.000, 0.000, 0.021, 0.000]
|  457|0.5526|0.5000|0.1534|0.1470| - [0.979, 0.000, 0.000, 0.021, 0.000]
|  458|0.5000|0.5000|0.0000|0.1465| - [0.979, 0.000, 0.000, 0.021, 0.000]
|  459|0.5000|0.5000|0.0000|0.1465| - [0.979, 0.000, 0.000, 0.021, 0.000]
|  460|0.5263|0.5000|0.1116|0.1470| - [0.979, 0.000, 0.000, 0.021, 0.000]
|  461|0.5000|0.5000|0.0000|0.1465| - [0.979, 0.000, 0.000, 0.021, 0.000]
|  462|0.5263|0.5000|0.1056|0.1576| - [0.979, 0.000, 0.000, 0.021, 0.000]
|  463|0.5000|0.5000|0.0000|0.1388| - [1.000, 0.000, 0.000, 0.000, 0.000]
|  464|0.5000|0.5000|0.0000|0.1465| - [0.979, 0.000, 0.000, 0.021, 0.000]
|  465|0.9737|0.5000|0.1116|0.1460| - [0.981, 0.000, 0.000, 0.019, 0.000]
|  466|0.9737|0.5000|0.1116|0.1460| - [0.981, 0.000, 0.000, 0.019, 0.000]
|  467|0.9737|0.5000|0.1116|0.1460| - [0.981, 0.000, 0.000, 0.019, 0.000]
|  468|0.8158|0.5000|0.2412|0.1430| - [0.981, 0.000, 0.000, 0.019, 0.000]
|  469|0.7632|0.5000|0.2497|0.1419| - [0.981, 0.000, 0.000, 0.019, 0.000]
|  470|0.6053|0.5000|0.2038|0.1389| - [0.981, 0.000, 0.000, 0.019, 0.000]
|  471|0.5263|0.5000|0.1116|0.1374| - [0.981, 0.000, 0.000, 0.019, 0.000]
|  472|0.5000|0.5000|0.0000|0.1369| - [0.981, 0.000, 0.000, 0.019, 0.000]
|  473|0.9737|0.5000|0.1116|0.1368| - [0.981, 0.000, 0.000, 0.019, 0.000]
|  474|0.9737|0.5000|0.1116|0.1368| - [0.981, 0.000, 0.000, 0.019, 0.000]
|  475|0.9737|0.5000|0.1116|0.1368| - [0.981, 0.000, 0.000, 0.019, 0.000]
|  476|0.9211|0.5000|0.1366|0.1435| - [0.983, 0.000, 0.000, 0.017, 0.000]
|  477|0.9211|0.5000|0.0996|0.1654| - [0.983, 0.000, 0.000, 0.017, 0.000]
|  478|0.7895|0.5000|0.0694|0.2384| - [0.983, 0.000, 0.000, 0.017, 0.000]
|  479|0.7368|0.5000|0.0573|0.2676| - [0.983, 0.000, 0.000, 0.017, 0.000]
|  480|0.6842|0.5000|0.0783|0.2808| - [0.983, 0.000, 0.000, 0.017, 0.000]
|  481|0.5789|0.5000|0.1403|0.1869| - [0.983, 0.000, 0.000, 0.017, 0.000]
|  482|0.5000|0.5000|0.0000|0.1236| - [0.983, 0.000, 0.000, 0.017, 0.000]
|  483|0.5000|0.5000|0.0000|0.1236| - [0.983, 0.000, 0.000, 0.017, 0.000]
|  484|0.5000|0.5000|0.0000|0.1236| - [0.983, 0.000, 0.000, 0.017, 0.000]
|  485|0.5000|0.5000|0.0000|0.1236| - [0.983, 0.000, 0.000, 0.017, 0.000]
|  486|0.5000|0.5000|0.0000|0.1236| - [0.983, 0.000, 0.000, 0.017, 0.000]
|  487|0.5000|0.5000|0.0000|0.1236| - [0.983, 0.000, 0.000, 0.017, 0.000]
|  488|0.5000|0.5000|0.0000|0.1236| - [0.983, 0.000, 0.000, 0.017, 0.000]
|  489|0.5000|0.5000|0.0000|0.1236| - [0.983, 0.000, 0.000, 0.017, 0.000]
|  490|0.5000|0.5000|0.0000|0.1291| - [0.963, 0.000, 0.000, 0.037, 0.000]
|  491|0.5000|0.5000|0.0000|0.1291| - [0.983, 0.000, 0.000, 0.017, 0.000]
|  492|0.5263|0.5000|0.1116|0.1364| - [0.983, 0.000, 0.000, 0.017, 0.000]
|  493|0.5000|0.5000|0.0000|0.1236| - [0.983, 0.000, 0.000, 0.017, 0.000]
|  494|0.5000|0.5000|0.0000|0.1236| - [0.983, 0.000, 0.000, 0.017, 0.000]
|  495|0.5000|0.5000|0.0000|0.1297| - [0.983, 0.000, 0.000, 0.017, 0.000]
|  496|0.5000|0.5000|0.0000|0.1541| - [0.983, 0.000, 0.000, 0.017, 0.000]
|  497|0.5000|0.5000|0.0000|0.1541| - [0.961, 0.000, 0.000, 0.039, 0.000]
|  498|0.5000|0.5000|0.0000|0.1358| - [0.961, 0.000, 0.000, 0.039, 0.000]
|  499|0.5000|0.5000|0.0000|0.1297| - [0.961, 0.000, 0.000, 0.039, 0.000]
|  500|0.5000|0.5000|0.0000|0.1358| - [0.983, 0.000, 0.000, 0.017, 0.000]
|  501|0.5000|0.5000|0.0000|0.1358| - [0.983, 0.000, 0.000, 0.017, 0.000]
|  502|0.5000|0.5000|0.0000|0.1236| - [0.983, 0.000, 0.000, 0.017, 0.000]
|  503|0.5000|0.5000|0.0000|0.1236| - [0.983, 0.000, 0.000, 0.017, 0.000]
|  504|0.5000|0.5000|0.0000|0.1236| - [0.983, 0.000, 0.000, 0.017, 0.000]
|  505|0.5000|0.5000|0.0000|0.1236| - [0.983, 0.000, 0.000, 0.017, 0.000]
|  506|0.5000|0.5000|0.0000|0.1295| - [0.983, 0.000, 0.000, 0.017, 0.000]
|  507|0.5000|0.5000|0.0000|0.1318| - [0.983, 0.000, 0.000, 0.017, 0.000]
|  508|0.5000|0.5000|0.0000|0.1236| - [0.983, 0.000, 0.000, 0.017, 0.000]
|  509|0.5000|0.5000|0.0000|0.1236| - [0.983, 0.000, 0.000, 0.017, 0.000]
|  510|0.5000|0.5000|0.0000|0.1236| - [0.983, 0.000, 0.000, 0.017, 0.000]
|  511|0.5000|0.5000|0.0000|0.1236| - [0.983, 0.000, 0.000, 0.017, 0.000]
|  512|0.9737|0.5000|0.1116|0.1232| - [0.984, 0.000, 0.000, 0.016, 0.000]
|  513|0.7895|0.5000|0.2549|0.1204| - [0.984, 0.000, 0.000, 0.016, 0.000]
|  514|0.6579|0.5000|0.2324|0.1190| - [0.984, 0.000, 0.000, 0.016, 0.000]
|  515|0.5526|0.5000|0.1534|0.1177| - [0.984, 0.000, 0.000, 0.016, 0.000]
|  516|0.5000|0.5000|0.0000|0.1233| - [0.984, 0.000, 0.000, 0.016, 0.000]
|  517|0.5000|0.5000|0.0000|0.1170| - [0.984, 0.000, 0.000, 0.016, 0.000]
|  518|0.9737|0.5000|0.1116|0.1167| - [0.985, 0.000, 0.000, 0.015, 0.000]
|  519|0.9737|0.5000|0.1116|0.1167| - [0.985, 0.000, 0.000, 0.015, 0.000]
|  520|0.9474|0.5000|0.1534|0.1165| - [0.985, 0.000, 0.000, 0.015, 0.000]
|  521|0.7895|0.5000|0.2469|0.1149| - [0.985, 0.000, 0.000, 0.015, 0.000]
|  522|0.6053|0.5000|0.2038|0.1132| - [0.985, 0.000, 0.000, 0.015, 0.000]
|  523|0.5263|0.5000|0.1116|0.1124| - [0.985, 0.000, 0.000, 0.015, 0.000]
|  524|0.5000|0.5000|0.0000|0.1122| - [0.985, 0.000, 0.000, 0.015, 0.000]
|  525|0.5000|0.5000|0.0000|0.1122| - [0.985, 0.000, 0.000, 0.015, 0.000]
|  526|0.5000|0.5000|0.0000|0.1122| - [0.985, 0.000, 0.000, 0.015, 0.000]
|  527|0.5000|0.5000|0.0000|0.1122| - [0.985, 0.000, 0.000, 0.015, 0.000]
|  528|0.5000|0.5000|0.0000|0.1122| - [0.985, 0.000, 0.000, 0.015, 0.000]
|  529|0.5000|0.5000|0.0000|0.1064| - [0.985, 0.000, 0.000, 0.015, 0.000]
|  530|0.5000|0.5000|0.0000|0.1006| - [1.000, 0.000, 0.000, 0.000, 0.000]
|  531|0.8947|0.5000|0.0935|0.0947| - [0.985, 0.000, 0.000, 0.015, 0.000]
|  532|0.7632|0.5000|0.0633|0.0766| - [0.985, 0.000, 0.000, 0.015, 0.000]
|  533|0.8421|0.5000|0.1110|0.0831| - [0.985, 0.000, 0.000, 0.015, 0.000]
|  534|0.8947|0.5000|0.0935|0.0947| - [0.985, 0.000, 0.000, 0.015, 0.000]
|  535|0.8947|0.5000|0.1686|0.0941| - [0.987, 0.000, 0.000, 0.013, 0.000]
|  536|0.8684|0.5000|0.1278|0.0938| - [0.987, 0.000, 0.000, 0.013, 0.000]
|  537|0.7105|0.5000|0.1565|0.0803| - [0.987, 0.000, 0.000, 0.013, 0.000]
|  538|0.5263|0.5000|0.0814|0.0769| - [0.987, 0.000, 0.000, 0.013, 0.000]
|  539|0.5000|0.5000|0.0000|0.0623| - [1.000, 0.000, 0.000, 0.000, 0.000]
|  540|0.5000|0.5000|0.0000|0.0604| - [0.987, 0.000, 0.000, 0.013, 0.000]
|  541|0.5000|0.5000|0.0000|0.0605| - [1.000, 0.000, 0.000, 0.000, 0.000]
|  542|0.5000|0.5000|0.0000|0.0391| - [0.987, 0.000, 0.000, 0.013, 0.000]
|  543|0.5000|0.5000|0.0000|0.0498| - [0.987, 0.000, 0.000, 0.013, 0.000]
|  544|0.5000|0.5000|0.0000|0.0339| - [1.000, 0.000, 0.000, 0.000, 0.000]
|  545|0.5000|0.5000|0.0000|0.0285| - [1.000, 0.000, 0.000, 0.000, 0.000]
|  546|0.5000|0.5000|0.0000|0.0126| - [1.000, 0.000, 0.000, 0.000, 0.000]
|  547|0.5000|0.5000|0.0000|0.0072| - [1.000, 0.000, 0.000, 0.000, 0.000]
|  548|0.5000|0.5000|0.0000|0.0124| - [1.000, 0.000, 0.000, 0.000, 0.000]
|  549|0.5000|0.5000|0.0000|0.0178| - [1.000, 0.000, 0.000, 0.000, 0.000]
|  550|0.5000|0.5000|0.0000|0.0285| - [1.000, 0.000, 0.000, 0.000, 0.000]
|  551|0.5526|0.5000|0.0283|0.0595| - [0.959, 0.000, 0.028, 0.013, 0.000]
|  552|0.7105|0.5000|0.0547|0.0435| - [0.959, 0.000, 0.028, 0.013, 0.000]
|  553|0.7632|0.5000|0.0667|0.0417| - [0.959, 0.000, 0.028, 0.013, 0.000]
|  554|0.8158|0.5000|0.0768|0.0445| - [0.959, 0.000, 0.028, 0.013, 0.000]
|  555|0.8947|0.5000|0.2218|0.0873| - [0.959, 0.000, 0.028, 0.013, 0.000]
|  556|0.7368|0.5000|0.2549|0.1723| - [0.959, 0.000, 0.028, 0.013, 0.000]
|  557|0.9737|0.5000|0.1537|0.2818| - [0.971, 0.000, 0.029, 0.000, 0.000]
|  558|0.8947|0.5000|0.2038|0.2656| - [0.971, 0.000, 0.029, 0.000, 0.000]
|  559|0.7632|0.5000|0.2497|0.2397| - [0.971, 0.000, 0.029, 0.000, 0.000]
|  560|0.6842|0.5000|0.2412|0.2242| - [0.971, 0.000, 0.029, 0.000, 0.000]
|  561|0.5263|0.5000|0.1116|0.1933| - [0.971, 0.000, 0.029, 0.000, 0.000]
|  562|0.5000|0.5000|0.0000|0.1881| - [0.971, 0.000, 0.029, 0.000, 0.000]
|  563|0.5000|0.5000|0.0000|0.1881| - [0.971, 0.000, 0.029, 0.000, 0.000]
|  564|0.5000|0.5000|0.0000|0.1881| - [0.971, 0.000, 0.029, 0.000, 0.000]
|  565|0.5000|0.5000|0.0000|0.1881| - [0.971, 0.000, 0.029, 0.000, 0.000]
|  566|0.5000|0.5000|0.0000|0.1881| - [0.971, 0.000, 0.029, 0.000, 0.000]
|  567|0.5000|0.5000|0.0000|0.1881| - [0.971, 0.000, 0.029, 0.000, 0.000]
|  568|0.9737|0.5000|0.1116|0.1857| - [0.980, 0.000, 0.020, 0.000, 0.000]
|  569|0.9737|0.5000|0.1537|0.1834| - [0.980, 0.000, 0.020, 0.000, 0.000]
|  570|0.9737|0.5000|0.2561|0.1645| - [0.980, 0.000, 0.020, 0.000, 0.000]
|  571|0.9474|0.5000|0.2361|0.1546| - [0.980, 0.000, 0.020, 0.000, 0.000]
|  572|0.8684|0.5000|0.2443|0.1475| - [0.980, 0.000, 0.020, 0.000, 0.000]
|  573|0.8421|0.5000|0.2324|0.1433| - [0.980, 0.000, 0.020, 0.000, 0.000]
|  574|0.7632|0.5000|0.2497|0.1433| - [0.980, 0.000, 0.020, 0.000, 0.000]
|  575|0.5789|0.5000|0.1718|0.1628| - [0.980, 0.000, 0.020, 0.000, 0.000]
|  576|0.5000|0.5000|0.0000|0.1433| - [0.980, 0.000, 0.020, 0.000, 0.000]
|  577|0.5000|0.5000|0.0000|0.1433| - [0.980, 0.000, 0.020, 0.000, 0.000]
|  578|0.5000|0.5000|0.0000|0.1433| - [0.980, 0.000, 0.020, 0.000, 0.000]
|  579|0.9474|0.5000|0.1056|0.1552| - [0.981, 0.000, 0.019, 0.000, 0.000]
|  580|0.9474|0.5000|0.1056|0.1552| - [0.981, 0.000, 0.019, 0.000, 0.000]
|  581|0.8947|0.5000|0.2038|0.1422| - [0.981, 0.000, 0.019, 0.000, 0.000]
|  582|0.9211|0.5000|0.1823|0.1425| - [0.981, 0.000, 0.019, 0.000, 0.000]
|  583|0.9474|0.5000|0.1534|0.1427| - [0.981, 0.000, 0.019, 0.000, 0.000]
|  584|0.8158|0.5000|0.2412|0.1414| - [0.981, 0.000, 0.019, 0.000, 0.000]
|  585|0.8684|0.5000|0.2466|0.1573| - [0.981, 0.000, 0.019, 0.000, 0.000]
|  586|0.7105|0.5000|0.2291|0.1575| - [0.981, 0.000, 0.019, 0.000, 0.000]
|  587|0.5789|0.5000|0.1823|0.1389| - [0.981, 0.000, 0.019, 0.000, 0.000]
|  588|0.5000|0.5000|0.0000|0.1381| - [0.981, 0.000, 0.019, 0.000, 0.000]
|  589|0.5000|0.5000|0.0000|0.1381| - [0.981, 0.000, 0.019, 0.000, 0.000]
|  590|0.5000|0.5000|0.0000|0.1381| - [0.981, 0.000, 0.019, 0.000, 0.000]
|  591|0.5000|0.5000|0.0000|0.1381| - [0.981, 0.000, 0.019, 0.000, 0.000]
|  592|0.5263|0.5000|0.1056|0.1482| - [0.981, 0.000, 0.019, 0.000, 0.000]
|  593|0.5000|0.5000|0.0000|0.1480| - [0.981, 0.000, 0.019, 0.000, 0.000]
|  594|0.5000|0.5000|0.0000|0.1579| - [0.940, 0.000, 0.060, 0.000, 0.000]
|  595|0.5000|0.5000|0.0000|0.1381| - [0.981, 0.000, 0.019, 0.000, 0.000]
|  596|0.5000|0.5000|0.0000|0.1381| - [0.981, 0.000, 0.019, 0.000, 0.000]
|  597|0.5000|0.5000|0.0000|0.1381| - [0.981, 0.000, 0.019, 0.000, 0.000]
|  598|0.5000|0.5000|0.0000|0.1381| - [0.981, 0.000, 0.019, 0.000, 0.000]
|  599|0.5000|0.5000|0.0000|0.1381| - [0.981, 0.000, 0.019, 0.000, 0.000]
|  600|0.9737|0.5000|0.1116|0.1378| - [0.982, 0.000, 0.018, 0.000, 0.000]
|  601|0.9211|0.5000|0.1449|0.1302| - [0.982, 0.000, 0.018, 0.000, 0.000]
|  602|0.8421|0.5000|0.2065|0.1294| - [0.982, 0.000, 0.018, 0.000, 0.000]
|  603|0.6053|0.5000|0.1917|0.1270| - [0.982, 0.000, 0.018, 0.000, 0.000]
|  604|0.5000|0.5000|0.0000|0.1450| - [0.931, 0.000, 0.069, 0.000, 0.000]
|  605|0.5000|0.5000|0.0000|0.1329| - [0.982, 0.000, 0.018, 0.000, 0.000]
|  606|0.5000|0.5000|0.0000|0.1381| - [0.982, 0.000, 0.018, 0.000, 0.000]
|  607|0.5263|0.5000|0.1116|0.1350| - [0.982, 0.000, 0.018, 0.000, 0.000]
|  608|0.5000|0.5000|0.0000|0.1329| - [0.982, 0.000, 0.018, 0.000, 0.000]
|  609|0.5263|0.5000|0.1116|0.1397| - [0.982, 0.000, 0.018, 0.000, 0.000]
|  610|0.5000|0.5000|0.0000|0.1329| - [0.982, 0.000, 0.018, 0.000, 0.000]
|  611|0.5000|0.5000|0.0000|0.1329| - [0.982, 0.000, 0.018, 0.000, 0.000]
|  612|0.5000|0.5000|0.0000|0.1329| - [0.982, 0.000, 0.018, 0.000, 0.000]
|  613|0.5000|0.5000|0.0000|0.1329| - [0.982, 0.000, 0.018, 0.000, 0.000]
|  614|0.5000|0.5000|0.0000|0.1329| - [0.982, 0.000, 0.018, 0.000, 0.000]
|  615|0.5000|0.5000|0.0000|0.1329| - [0.982, 0.000, 0.018, 0.000, 0.000]
|  616|0.5000|0.5000|0.0000|0.1329| - [0.982, 0.000, 0.018, 0.000, 0.000]
|  617|0.5000|0.5000|0.0000|0.1329| - [0.982, 0.000, 0.018, 0.000, 0.000]
|  618|0.5000|0.5000|0.0000|0.1329| - [0.982, 0.000, 0.018, 0.000, 0.000]
|  619|0.5000|0.5000|0.0000|0.1329| - [0.982, 0.000, 0.018, 0.000, 0.000]
|  620|0.5000|0.5000|0.0000|0.1329| - [0.982, 0.000, 0.018, 0.000, 0.000]
|  621|0.5526|0.5000|0.1377|0.1577| - [0.982, 0.000, 0.018, 0.000, 0.000]
|  622|0.5000|0.5000|0.0000|0.1329| - [0.982, 0.000, 0.018, 0.000, 0.000]
|  623|0.5000|0.5000|0.0000|0.1329| - [0.982, 0.000, 0.018, 0.000, 0.000]
|  624|0.9737|0.5000|0.1116|0.1328| - [0.982, 0.000, 0.018, 0.000, 0.000]
|  625|0.9737|0.5000|0.1116|0.1328| - [0.982, 0.000, 0.018, 0.000, 0.000]
|  626|0.8947|0.5000|0.2038|0.1325| - [0.982, 0.000, 0.018, 0.000, 0.000]
|  627|0.7632|0.5000|0.2497|0.1321| - [0.982, 0.000, 0.018, 0.000, 0.000]
|  628|0.5526|0.5000|0.1534|0.1315| - [0.982, 0.000, 0.018, 0.000, 0.000]
|  629|0.5000|0.5000|0.0000|0.1244| - [0.982, 0.000, 0.018, 0.000, 0.000]
|  630|0.5000|0.5000|0.0000|0.1244| - [0.982, 0.000, 0.018, 0.000, 0.000]
|  631|0.5000|0.5000|0.0000|0.1313| - [0.982, 0.000, 0.018, 0.000, 0.000]
|  632|0.5000|0.5000|0.0000|0.1244| - [0.982, 0.000, 0.018, 0.000, 0.000]
|  633|0.5000|0.5000|0.0000|0.1313| - [0.982, 0.000, 0.018, 0.000, 0.000]
|  634|0.5000|0.5000|0.0000|0.1313| - [0.982, 0.000, 0.018, 0.000, 0.000]
|  635|0.5000|0.5000|0.0000|0.1313| - [0.982, 0.000, 0.018, 0.000, 0.000]
|  636|0.9737|0.5000|0.1537|0.1311| - [0.982, 0.000, 0.018, 0.000, 0.000]
|  637|0.8158|0.5000|0.2588|0.1603| - [0.982, 0.000, 0.018, 0.000, 0.000]
|  638|0.5263|0.5000|0.1116|0.1282| - [0.982, 0.000, 0.018, 0.000, 0.000]
|  639|0.5000|0.5000|0.0000|0.1280| - [0.982, 0.000, 0.018, 0.000, 0.000]
|  640|0.9737|0.5000|0.1116|0.1277| - [0.983, 0.000, 0.017, 0.000, 0.000]
|  641|0.8684|0.5000|0.2348|0.1448| - [0.983, 0.000, 0.017, 0.000, 0.000]
|  642|0.6842|0.5000|0.2443|0.1281| - [0.983, 0.000, 0.017, 0.000, 0.000]
|  643|0.5000|0.5000|0.0000|0.1286| - [0.933, 0.000, 0.067, 0.000, 0.000]
|  644|0.5000|0.5000|0.0000|0.1098| - [0.983, 0.000, 0.017, 0.000, 0.000]
|  645|0.5000|0.5000|0.0000|0.1163| - [1.000, 0.000, 0.000, 0.000, 0.000]
|  646|0.5000|0.5000|0.0000|0.1227| - [0.983, 0.000, 0.017, 0.000, 0.000]
|  647|0.5000|0.5000|0.0000|0.1227| - [0.983, 0.000, 0.017, 0.000, 0.000]
|  648|0.5000|0.5000|0.0000|0.1227| - [0.983, 0.000, 0.017, 0.000, 0.000]
|  649|0.5000|0.5000|0.0000|0.1227| - [0.983, 0.000, 0.017, 0.000, 0.000]
|  650|0.5000|0.5000|0.0000|0.1227| - [0.983, 0.000, 0.017, 0.000, 0.000]
|  651|0.5000|0.5000|0.0000|0.1227| - [0.983, 0.000, 0.017, 0.000, 0.000]
|  652|0.5000|0.5000|0.0000|0.1325| - [0.983, 0.000, 0.017, 0.000, 0.000]
|  653|0.5000|0.5000|0.0000|0.1260| - [0.983, 0.000, 0.017, 0.000, 0.000]
|  654|0.5000|0.5000|0.0000|0.1618| - [0.983, 0.000, 0.017, 0.000, 0.000]
|  655|0.5000|0.5000|0.0000|0.1227| - [0.983, 0.000, 0.017, 0.000, 0.000]
|  656|0.5000|0.5000|0.0000|0.1227| - [0.983, 0.000, 0.017, 0.000, 0.000]
|  657|0.5000|0.5000|0.0000|0.1227| - [0.983, 0.000, 0.017, 0.000, 0.000]
|  658|0.5000|0.5000|0.0000|0.1227| - [0.983, 0.000, 0.017, 0.000, 0.000]
|  659|0.5000|0.5000|0.0000|0.1227| - [0.983, 0.000, 0.017, 0.000, 0.000]
|  660|0.5000|0.5000|0.0000|0.1227| - [0.983, 0.000, 0.017, 0.000, 0.000]
|  661|0.5000|0.5000|0.0000|0.1227| - [0.983, 0.000, 0.017, 0.000, 0.000]
|  662|0.5263|0.5000|0.1116|0.1253| - [0.983, 0.000, 0.017, 0.000, 0.000]
|  663|0.5000|0.5000|0.0000|0.1341| - [0.937, 0.000, 0.063, 0.000, 0.000]
|  664|0.5000|0.5000|0.0000|0.1454| - [0.983, 0.000, 0.017, 0.000, 0.000]
|  665|0.9211|0.5000|0.0996|0.1453| - [0.984, 0.000, 0.016, 0.000, 0.000]
|  666|0.8158|0.5000|0.0754|0.1908| - [0.984, 0.000, 0.016, 0.000, 0.000]
|  667|0.7895|0.5000|0.1298|0.1792| - [0.984, 0.000, 0.016, 0.000, 0.000]
|  668|0.6842|0.5000|0.1060|0.2132| - [0.984, 0.000, 0.016, 0.000, 0.000]
|  669|0.5526|0.5000|0.0678|0.2356| - [0.984, 0.000, 0.016, 0.000, 0.000]
|  670|0.5000|0.5000|0.0000|0.2583| - [0.937, 0.000, 0.063, 0.000, 0.000]
|  671|0.5263|0.5000|0.1116|0.2415| - [0.937, 0.000, 0.063, 0.000, 0.000]
|  672|0.5000|0.5000|0.0000|0.2010| - [0.937, 0.000, 0.063, 0.000, 0.000]
|  673|0.5263|0.5000|0.0547|0.1917| - [0.984, 0.000, 0.016, 0.000, 0.000]
|  674|0.5000|0.5000|0.0000|0.2010| - [0.937, 0.000, 0.063, 0.000, 0.000]
|  675|0.5000|0.5000|0.0000|0.2698| - [0.937, 0.000, 0.063, 0.000, 0.000]
|  676|0.5000|0.5000|0.0000|0.2468| - [0.937, 0.000, 0.063, 0.000, 0.000]
|  677|0.5000|0.5000|0.0000|0.2698| - [0.984, 0.000, 0.016, 0.000, 0.000]
|  678|0.5000|0.5000|0.0000|0.2698| - [0.937, 0.000, 0.063, 0.000, 0.000]
|  679|0.6579|0.5000|0.0444|0.2526| - [0.946, 0.000, 0.016, 0.000, 0.038]
|  680|0.5526|0.5000|0.0512|0.2471| - [0.984, 0.000, 0.016, 0.000, 0.000]
|  681|0.5263|0.5000|0.0547|0.1892| - [0.984, 0.000, 0.016, 0.000, 0.000]
|  682|0.5000|0.5000|0.0000|0.1208| - [0.984, 0.000, 0.016, 0.000, 0.000]
|  683|0.5000|0.5000|0.0000|0.1208| - [0.984, 0.000, 0.016, 0.000, 0.000]
|  684|0.5000|0.5000|0.0000|0.1319| - [0.984, 0.000, 0.016, 0.000, 0.000]
|  685|0.5000|0.5000|0.0000|0.1208| - [0.984, 0.000, 0.016, 0.000, 0.000]
|  686|0.5000|0.5000|0.0000|0.1208| - [0.984, 0.000, 0.016, 0.000, 0.000]
|  687|0.5000|0.5000|0.0000|0.1208| - [0.984, 0.000, 0.016, 0.000, 0.000]
|  688|0.5000|0.5000|0.0000|0.1208| - [0.984, 0.000, 0.016, 0.000, 0.000]
|  689|0.5000|0.5000|0.0000|0.1208| - [0.984, 0.000, 0.016, 0.000, 0.000]
|  690|0.9737|0.5000|0.1116|0.1187| - [0.990, 0.000, 0.010, 0.000, 0.000]
|  691|0.8684|0.5000|0.2202|0.1100| - [0.990, 0.000, 0.010, 0.000, 0.000]
|  692|0.6579|0.5000|0.2324|0.0926| - [0.990, 0.000, 0.010, 0.000, 0.000]
|  693|0.5000|0.5000|0.0000|0.0796| - [0.990, 0.000, 0.010, 0.000, 0.000]
|  694|0.5000|0.5000|0.0000|0.0796| - [0.990, 0.000, 0.010, 0.000, 0.000]
|  695|0.5000|0.5000|0.0000|0.0796| - [0.990, 0.000, 0.010, 0.000, 0.000]
|  696|0.5000|0.5000|0.0000|0.0796| - [0.990, 0.000, 0.010, 0.000, 0.000]
|  697|0.5000|0.5000|0.0000|0.0796| - [0.990, 0.000, 0.010, 0.000, 0.000]
|  698|0.5000|0.5000|0.0000|0.0796| - [0.990, 0.000, 0.010, 0.000, 0.000]
|  699|0.5000|0.5000|0.0000|0.0796| - [0.990, 0.000, 0.010, 0.000, 0.000]
|  700|0.5000|0.5000|0.0000|0.0796| - [0.990, 0.000, 0.010, 0.000, 0.000]
|  701|0.5000|0.5000|0.0000|0.0796| - [0.990, 0.000, 0.010, 0.000, 0.000]
|  702|0.9737|0.5000|0.1116|0.0795| - [0.991, 0.000, 0.009, 0.000, 0.000]
|  703|0.9737|0.5000|0.1116|0.0795| - [0.991, 0.000, 0.009, 0.000, 0.000]
|  704|0.8947|0.5000|0.1718|0.0750| - [0.991, 0.000, 0.009, 0.000, 0.000]
|  705|0.9737|0.5000|0.1829|0.0792| - [0.991, 0.000, 0.009, 0.000, 0.000]
|  706|0.9737|0.5000|0.2218|0.0789| - [0.991, 0.000, 0.009, 0.000, 0.000]
|  707|0.9737|0.5000|0.2348|0.0788| - [0.991, 0.000, 0.009, 0.000, 0.000]
|  708|0.9211|0.5000|0.2483|0.0824| - [0.991, 0.000, 0.009, 0.000, 0.000]
|  709|0.7895|0.5000|0.2701|0.0778| - [0.991, 0.000, 0.009, 0.000, 0.000]
|  710|0.8158|0.5000|0.2695|0.0782| - [0.991, 0.000, 0.009, 0.000, 0.000]
|  711|0.6053|0.5000|0.2053|0.0771| - [0.991, 0.000, 0.009, 0.000, 0.000]
|  712|0.5263|0.5000|0.1056|0.0732| - [0.991, 0.000, 0.009, 0.000, 0.000]
|  713|0.5263|0.5000|0.0883|0.0732| - [0.991, 0.000, 0.009, 0.000, 0.000]
|  714|0.5000|0.5000|0.0000|0.0768| - [0.991, 0.000, 0.009, 0.000, 0.000]
|  715|0.9737|0.5000|0.1116|0.0768| - [0.991, 0.000, 0.009, 0.000, 0.000]
|  716|0.9737|0.5000|0.2049|0.0765| - [0.991, 0.000, 0.009, 0.000, 0.000]
|  717|0.9737|0.5000|0.2549|0.0761| - [0.991, 0.000, 0.009, 0.000, 0.000]
|  718|0.9737|0.5000|0.2612|0.0761| - [0.991, 0.000, 0.009, 0.000, 0.000]
|  719|0.9737|0.5000|0.1829|0.0755| - [0.991, 0.000, 0.009, 0.000, 0.000]
|  720|0.9737|0.5000|0.1116|0.0754| - [0.991, 0.000, 0.009, 0.000, 0.000]
|  721|0.9737|0.5000|0.1116|0.0754| - [0.991, 0.000, 0.009, 0.000, 0.000]
|  722|0.9737|0.5000|0.1116|0.0754| - [0.991, 0.000, 0.009, 0.000, 0.000]
|  723|0.9737|0.5000|0.1116|0.0754| - [0.991, 0.000, 0.009, 0.000, 0.000]
|  724|0.9737|0.5000|0.1116|0.0754| - [0.991, 0.000, 0.009, 0.000, 0.000]
|  725|0.9737|0.5000|0.1116|0.0754| - [0.991, 0.000, 0.009, 0.000, 0.000]
|  726|0.9737|0.5000|0.1116|0.0754| - [0.991, 0.000, 0.009, 0.000, 0.000]
|  727|0.9737|0.5000|0.1116|0.0754| - [0.991, 0.000, 0.009, 0.000, 0.000]
|  728|0.9737|0.5000|0.1116|0.0754| - [0.991, 0.000, 0.009, 0.000, 0.000]
|  729|0.9474|0.5000|0.1056|0.0801| - [0.991, 0.000, 0.009, 0.000, 0.000]
|  730|0.9211|0.5000|0.0996|0.0848| - [0.991, 0.000, 0.009, 0.000, 0.000]
|  731|0.9737|0.5000|0.1116|0.0754| - [0.991, 0.000, 0.009, 0.000, 0.000]
|  732|0.9737|0.5000|0.1537|0.0753| - [0.991, 0.000, 0.009, 0.000, 0.000]
|  733|0.9211|0.5000|0.1823|0.0753| - [0.991, 0.000, 0.009, 0.000, 0.000]
|  734|0.8421|0.5000|0.2324|0.0752| - [0.991, 0.000, 0.009, 0.000, 0.000]
|  735|0.6316|0.5000|0.2202|0.0749| - [0.991, 0.000, 0.009, 0.000, 0.000]
|  736|0.5526|0.5000|0.1534|0.0748| - [0.991, 0.000, 0.009, 0.000, 0.000]
|  737|0.5000|0.5000|0.0000|0.0708| - [0.991, 0.000, 0.009, 0.000, 0.000]
|  738|0.5526|0.5000|0.1537|0.0810| - [0.991, 0.000, 0.009, 0.000, 0.000]
|  739|0.5000|0.5000|0.0000|0.0748| - [0.991, 0.000, 0.009, 0.000, 0.000]
|  740|0.5000|0.5000|0.0000|0.0748| - [0.991, 0.000, 0.009, 0.000, 0.000]
|  741|0.5000|0.5000|0.0000|0.0708| - [0.991, 0.000, 0.009, 0.000, 0.000]
|  742|0.5000|0.5000|0.0000|0.0748| - [0.991, 0.000, 0.009, 0.000, 0.000]
|  743|0.5000|0.5000|0.0000|0.0748| - [0.991, 0.000, 0.009, 0.000, 0.000]
|  744|0.5000|0.5000|0.0000|0.0748| - [0.991, 0.000, 0.009, 0.000, 0.000]
|  745|0.5000|0.5000|0.0000|0.0748| - [0.991, 0.000, 0.009, 0.000, 0.000]
|  746|0.5000|0.5000|0.0000|0.0748| - [0.991, 0.000, 0.009, 0.000, 0.000]
|  747|0.5000|0.5000|0.0000|0.0748| - [0.991, 0.000, 0.009, 0.000, 0.000]
|  748|0.5000|0.5000|0.0000|0.0748| - [0.991, 0.000, 0.009, 0.000, 0.000]
|  749|0.5000|0.5000|0.0000|0.0748| - [0.991, 0.000, 0.009, 0.000, 0.000]
|  750|0.5000|0.5000|0.0000|0.0748| - [0.991, 0.000, 0.009, 0.000, 0.000]
|  751|0.5263|0.5000|0.1056|0.0844| - [0.991, 0.000, 0.009, 0.000, 0.000]
|  752|0.5000|0.5000|0.0000|0.0748| - [0.991, 0.000, 0.009, 0.000, 0.000]
|  753|0.5000|0.5000|0.0000|0.0929| - [0.991, 0.000, 0.009, 0.000, 0.000]
|  754|0.5000|0.5000|0.0000|0.0929| - [0.991, 0.000, 0.009, 0.000, 0.000]
|  755|0.5000|0.5000|0.0000|0.1110| - [0.915, 0.000, 0.085, 0.000, 0.000]
|  756|0.8421|0.5000|0.0814|0.1652| - [0.991, 0.000, 0.009, 0.000, 0.000]
|  757|0.8684|0.5000|0.0875|0.1471| - [0.991, 0.000, 0.009, 0.000, 0.000]
|  758|0.8947|0.5000|0.2038|0.0742| - [0.991, 0.000, 0.009, 0.000, 0.000]
|  759|0.7895|0.5000|0.2469|0.0737| - [0.991, 0.000, 0.009, 0.000, 0.000]
|  760|0.6579|0.5000|0.2324|0.0730| - [0.991, 0.000, 0.009, 0.000, 0.000]
|  761|0.6316|0.5000|0.2202|0.0728| - [0.991, 0.000, 0.009, 0.000, 0.000]
|  762|0.5000|0.5000|0.0000|0.0721| - [0.991, 0.000, 0.009, 0.000, 0.000]
|  763|0.5000|0.5000|0.0000|0.0721| - [0.991, 0.000, 0.009, 0.000, 0.000]
|  764|0.5263|0.5000|0.1116|0.0724| - [0.991, 0.000, 0.009, 0.000, 0.000]
|  765|0.9474|0.5000|0.1056|0.0818| - [0.992, 0.000, 0.008, 0.000, 0.000]
|  766|0.9474|0.5000|0.1534|0.0714| - [0.992, 0.000, 0.008, 0.000, 0.000]
|  767|0.9474|0.5000|0.1534|0.0714| - [0.992, 0.000, 0.008, 0.000, 0.000]
|  768|0.8947|0.5000|0.2038|0.0707| - [0.992, 0.000, 0.008, 0.000, 0.000]
|  769|0.6842|0.5000|0.2248|0.0846| - [0.992, 0.000, 0.008, 0.000, 0.000]
|  770|0.6053|0.5000|0.1917|0.0835| - [0.992, 0.000, 0.008, 0.000, 0.000]
|  771|0.5789|0.5000|0.1508|0.1167| - [0.992, 0.000, 0.008, 0.000, 0.000]
|  772|0.5000|0.5000|0.0000|0.0652| - [0.992, 0.000, 0.008, 0.000, 0.000]
|  773|0.5000|0.5000|0.0000|0.0652| - [0.992, 0.000, 0.008, 0.000, 0.000]
|  774|0.5000|0.5000|0.0000|0.0652| - [0.992, 0.000, 0.008, 0.000, 0.000]
|  775|0.5000|0.5000|0.0000|0.0652| - [0.992, 0.000, 0.008, 0.000, 0.000]
|  776|0.5000|0.5000|0.0000|0.0652| - [0.992, 0.000, 0.008, 0.000, 0.000]
|  777|0.5000|0.5000|0.0000|0.0652| - [0.992, 0.000, 0.008, 0.000, 0.000]
|  778|0.5000|0.5000|0.0000|0.0652| - [0.992, 0.000, 0.008, 0.000, 0.000]
|  779|0.5000|0.5000|0.0000|0.0652| - [0.992, 0.000, 0.008, 0.000, 0.000]
|  780|0.5000|0.5000|0.0000|0.0652| - [0.992, 0.000, 0.008, 0.000, 0.000]
|  781|0.5000|0.5000|0.0000|0.0652| - [0.992, 0.000, 0.008, 0.000, 0.000]
|  782|0.5000|0.5000|0.0000|0.0652| - [0.992, 0.000, 0.008, 0.000, 0.000]
|  783|0.5000|0.5000|0.0000|0.0652| - [0.992, 0.000, 0.008, 0.000, 0.000]
|  784|0.5000|0.5000|0.0000|0.0652| - [0.992, 0.000, 0.008, 0.000, 0.000]
|  785|0.5000|0.5000|0.0000|0.0652| - [0.992, 0.000, 0.008, 0.000, 0.000]
|  786|0.5000|0.5000|0.0000|0.0652| - [0.992, 0.000, 0.008, 0.000, 0.000]
|  787|0.5000|0.5000|0.0000|0.0652| - [0.992, 0.000, 0.008, 0.000, 0.000]
|  788|0.5000|0.5000|0.0000|0.0652| - [0.992, 0.000, 0.008, 0.000, 0.000]
|  789|0.5263|0.5000|0.1116|0.0692| - [0.992, 0.000, 0.008, 0.000, 0.000]
|  790|0.5000|0.5000|0.0000|0.0652| - [0.992, 0.000, 0.008, 0.000, 0.000]
|  791|0.5000|0.5000|0.0000|0.0652| - [0.992, 0.000, 0.008, 0.000, 0.000]
|  792|0.5000|0.5000|0.0000|0.0652| - [0.992, 0.000, 0.008, 0.000, 0.000]
|  793|0.5000|0.5000|0.0000|0.0652| - [0.992, 0.000, 0.008, 0.000, 0.000]
|  794|0.5000|0.5000|0.0000|0.0652| - [0.992, 0.000, 0.008, 0.000, 0.000]
|  795|0.5000|0.5000|0.0000|0.0652| - [0.992, 0.000, 0.008, 0.000, 0.000]
|  796|0.5000|0.5000|0.0000|0.0618| - [0.992, 0.000, 0.008, 0.000, 0.000]
|  797|0.5263|0.5000|0.0768|0.0943| - [0.992, 0.000, 0.008, 0.000, 0.000]
|  798|0.5000|0.5000|0.0000|0.0549| - [1.000, 0.000, 0.000, 0.000, 0.000]
|  799|0.5000|0.5000|0.0000|0.0857| - [0.992, 0.000, 0.008, 0.000, 0.000]
|  800|0.5000|0.5000|0.0000|0.0652| - [0.992, 0.000, 0.008, 0.000, 0.000]
|  801|0.9737|0.5000|0.1116|0.0651| - [0.993, 0.000, 0.007, 0.000, 0.000]
|  802|0.8421|0.5000|0.2443|0.0645| - [0.993, 0.000, 0.007, 0.000, 0.000]
|  803|0.9737|0.5000|0.2049|0.0624| - [0.996, 0.000, 0.004, 0.000, 0.000]
|  804|0.9211|0.5000|0.1823|0.0597| - [0.996, 0.000, 0.004, 0.000, 0.000]
|  805|0.7632|0.5000|0.2497|0.0525| - [0.996, 0.000, 0.004, 0.000, 0.000]
|  806|0.5789|0.5000|0.1823|0.0442| - [0.996, 0.000, 0.004, 0.000, 0.000]
|  807|0.5000|0.5000|0.0000|0.0406| - [0.996, 0.000, 0.004, 0.000, 0.000]
|  808|0.5000|0.5000|0.0000|0.0406| - [0.996, 0.000, 0.004, 0.000, 0.000]
|  809|0.5000|0.5000|0.0000|0.0406| - [0.996, 0.000, 0.004, 0.000, 0.000]
|  810|0.5000|0.5000|0.0000|0.0406| - [0.996, 0.000, 0.004, 0.000, 0.000]
|  811|0.5000|0.5000|0.0000|0.0406| - [0.996, 0.000, 0.004, 0.000, 0.000]
|  812|0.5000|0.5000|0.0000|0.0406| - [0.996, 0.000, 0.004, 0.000, 0.000]
|  813|0.9737|0.5000|0.1116|0.0406| - [0.996, 0.000, 0.004, 0.000, 0.000]
|  814|0.9737|0.5000|0.1116|0.0406| - [0.996, 0.000, 0.004, 0.000, 0.000]
|  815|0.8684|0.5000|0.2348|0.0406| - [0.996, 0.000, 0.004, 0.000, 0.000]
|  816|0.8158|0.5000|0.2173|0.0585| - [0.996, 0.000, 0.004, 0.000, 0.000]
|  817|0.7368|0.5000|0.2497|0.0406| - [0.996, 0.000, 0.004, 0.000, 0.000]
|  818|0.5789|0.5000|0.1823|0.0406| - [0.996, 0.000, 0.004, 0.000, 0.000]
|  819|0.5000|0.5000|0.0000|0.0406| - [0.996, 0.000, 0.004, 0.000, 0.000]
|  820|0.5000|0.5000|0.0000|0.0406| - [0.996, 0.000, 0.004, 0.000, 0.000]
|  821|0.5000|0.5000|0.0000|0.0406| - [0.996, 0.000, 0.004, 0.000, 0.000]
|  822|0.5000|0.5000|0.0000|0.0406| - [0.996, 0.000, 0.004, 0.000, 0.000]
|  823|0.5000|0.5000|0.0000|0.0406| - [0.996, 0.000, 0.004, 0.000, 0.000]
|  824|0.5000|0.5000|0.0000|0.0406| - [0.996, 0.000, 0.004, 0.000, 0.000]
|  825|0.5000|0.5000|0.0000|0.0406| - [0.996, 0.000, 0.004, 0.000, 0.000]
|  826|0.5000|0.5000|0.0000|0.0406| - [0.996, 0.000, 0.004, 0.000, 0.000]
|  827|0.9474|0.5000|0.1056|0.0384| - [0.996, 0.000, 0.004, 0.000, 0.000]
|  828|0.7632|0.5000|0.1653|0.0317| - [0.996, 0.000, 0.004, 0.000, 0.000]
|  829|0.6053|0.5000|0.1917|0.0376| - [0.996, 0.000, 0.004, 0.000, 0.000]
|  830|0.5000|0.5000|0.0000|0.0311| - [1.000, 0.000, 0.000, 0.000, 0.000]
|  831|0.5000|0.5000|0.0000|0.0352| - [0.996, 0.000, 0.004, 0.000, 0.000]
|  832|0.5000|0.5000|0.0000|0.0497| - [0.996, 0.000, 0.004, 0.000, 0.000]
|  833|0.5000|0.5000|0.0000|0.0539| - [0.933, 0.000, 0.067, 0.000, 0.000]
|  834|0.5000|0.5000|0.0000|0.0394| - [0.996, 0.000, 0.004, 0.000, 0.000]
|  835|0.5000|0.5000|0.0000|0.0394| - [0.996, 0.000, 0.004, 0.000, 0.000]
|  836|0.5000|0.5000|0.0000|0.0394| - [0.996, 0.000, 0.004, 0.000, 0.000]
|  837|0.5000|0.5000|0.0000|0.0394| - [0.996, 0.000, 0.004, 0.000, 0.000]
|  838|0.5000|0.5000|0.0000|0.0394| - [0.996, 0.000, 0.004, 0.000, 0.000]
|  839|0.5000|0.5000|0.0000|0.0394| - [0.996, 0.000, 0.004, 0.000, 0.000]
|  840|0.5000|0.5000|0.0000|0.0394| - [0.996, 0.000, 0.004, 0.000, 0.000]
|  841|0.5000|0.5000|0.0000|0.0394| - [0.996, 0.000, 0.004, 0.000, 0.000]
|  842|0.5000|0.5000|0.0000|0.0394| - [0.996, 0.000, 0.004, 0.000, 0.000]
|  843|0.9474|0.5000|0.1451|0.0373| - [0.996, 0.000, 0.004, 0.000, 0.000]
|  844|0.9211|0.5000|0.0996|0.0352| - [0.996, 0.000, 0.004, 0.000, 0.000]
|  845|0.8158|0.5000|0.0754|0.0269| - [0.996, 0.000, 0.004, 0.000, 0.000]
|  846|0.8947|0.5000|0.1164|0.0363| - [0.996, 0.000, 0.004, 0.000, 0.000]
|  847|0.8947|0.5000|0.0935|0.0331| - [0.996, 0.000, 0.004, 0.000, 0.000]
|  848|0.8421|0.5000|0.0814|0.0337| - [0.996, 0.000, 0.004, 0.000, 0.000]
|  849|0.7368|0.5000|0.0768|0.0206| - [0.996, 0.000, 0.004, 0.000, 0.000]
|  850|0.6579|0.5000|0.0729|0.0163| - [0.996, 0.000, 0.004, 0.000, 0.000]
|  851|0.6842|0.5000|0.1750|0.0302| - [0.996, 0.000, 0.004, 0.000, 0.000]
|  852|0.5000|0.5000|0.0000|0.0196| - [0.996, 0.000, 0.004, 0.000, 0.000]
|  853|0.5000|0.5000|0.0000|0.0254| - [0.996, 0.000, 0.004, 0.000, 0.000]
|  854|0.5000|0.5000|0.0000|0.0352| - [0.996, 0.000, 0.004, 0.000, 0.000]
|  855|0.5000|0.5000|0.0000|0.0333| - [1.000, 0.000, 0.000, 0.000, 0.000]
|  856|0.5000|0.5000|0.0000|0.0352| - [0.996, 0.000, 0.004, 0.000, 0.000]
|  857|0.5000|0.5000|0.0000|0.0372| - [0.996, 0.000, 0.004, 0.000, 0.000]
|  858|0.5000|0.5000|0.0000|0.0372| - [0.996, 0.000, 0.004, 0.000, 0.000]
|  859|0.5000|0.5000|0.0000|0.0372| - [0.996, 0.000, 0.004, 0.000, 0.000]
|  860|0.5000|0.5000|0.0000|0.0372| - [0.996, 0.000, 0.004, 0.000, 0.000]
|  861|0.5000|0.5000|0.0000|0.0372| - [0.996, 0.000, 0.004, 0.000, 0.000]
|  862|0.5000|0.5000|0.0000|0.0510| - [0.996, 0.000, 0.004, 0.000, 0.000]
|  863|0.5000|0.5000|0.0000|0.0372| - [0.996, 0.000, 0.004, 0.000, 0.000]
|  864|0.9737|0.5000|0.1116|0.0371| - [0.996, 0.000, 0.004, 0.000, 0.000]
|  865|0.8684|0.5000|0.2083|0.0349| - [0.996, 0.000, 0.004, 0.000, 0.000]
|  866|0.7895|0.5000|0.1675|0.0290| - [0.996, 0.000, 0.004, 0.000, 0.000]
|  867|0.6579|0.5000|0.1449|0.0249| - [0.996, 0.000, 0.004, 0.000, 0.000]
|  868|0.5000|0.5000|0.0000|0.0095| - [1.000, 0.000, 0.000, 0.000, 0.000]
|  869|0.6053|0.5000|0.0352|0.0296| - [0.949, 0.000, 0.004, 0.000, 0.048]
|  870|0.7105|0.5000|0.0547|0.0258| - [0.949, 0.000, 0.004, 0.000, 0.048]
|  871|0.7895|0.5000|0.1624|0.0691| - [0.949, 0.000, 0.004, 0.000, 0.048]
|  872|0.7105|0.5000|0.1815|0.1457| - [0.996, 0.000, 0.004, 0.000, 0.000]
|  873|0.6579|0.5000|0.2086|0.1207| - [0.996, 0.000, 0.004, 0.000, 0.000]
|  874|0.7632|0.5000|0.2126|0.1681| - [0.996, 0.000, 0.004, 0.000, 0.000]
|  875|0.6579|0.5000|0.2324|0.1225| - [0.996, 0.000, 0.004, 0.000, 0.000]
|  876|0.5263|0.5000|0.1116|0.0504| - [0.996, 0.000, 0.004, 0.000, 0.000]
|  877|0.9737|0.5000|0.1116|0.0360| - [0.996, 0.000, 0.004, 0.000, 0.000]
|  878|0.9211|0.5000|0.2049|0.0359| - [0.996, 0.000, 0.004, 0.000, 0.000]
|  879|0.8684|0.5000|0.2083|0.0411| - [0.996, 0.000, 0.004, 0.000, 0.000]
|  880|0.7368|0.5000|0.2612|0.0359| - [0.996, 0.000, 0.004, 0.000, 0.000]
|  881|0.5000|0.5000|0.0000|0.0340| - [0.996, 0.000, 0.004, 0.000, 0.000]
|  882|0.5000|0.5000|0.0000|0.0340| - [1.000, 0.000, 0.000, 0.000, 0.000]
|  883|0.5000|0.5000|0.0000|0.0359| - [0.996, 0.000, 0.004, 0.000, 0.000]
|  884|0.5000|0.5000|0.0000|0.0359| - [0.996, 0.000, 0.004, 0.000, 0.000]
|  885|0.5000|0.5000|0.0000|0.0340| - [0.996, 0.000, 0.004, 0.000, 0.000]
|  886|0.9474|0.5000|0.1056|0.0339| - [0.996, 0.000, 0.004, 0.000, 0.000]
|  887|0.9211|0.5000|0.2049|0.0354| - [0.996, 0.000, 0.004, 0.000, 0.000]
|  888|0.7105|0.5000|0.2469|0.0346| - [0.996, 0.000, 0.004, 0.000, 0.000]
|  889|0.5263|0.5000|0.1116|0.0337| - [0.996, 0.000, 0.004, 0.000, 0.000]
|  890|0.5000|0.5000|0.0000|0.0336| - [0.996, 0.000, 0.004, 0.000, 0.000]
|  891|0.5000|0.5000|0.0000|0.0318| - [0.996, 0.000, 0.004, 0.000, 0.000]
|  892|0.5000|0.5000|0.0000|0.0336| - [0.996, 0.000, 0.004, 0.000, 0.000]
|  893|0.9737|0.5000|0.1116|0.0336| - [0.997, 0.000, 0.003, 0.000, 0.000]
|  894|0.9737|0.5000|0.1116|0.0336| - [0.997, 0.000, 0.003, 0.000, 0.000]
|  895|0.8684|0.5000|0.2202|0.0335| - [0.997, 0.000, 0.003, 0.000, 0.000]
|  896|0.7368|0.5000|0.2497|0.0334| - [0.997, 0.000, 0.003, 0.000, 0.000]
|  897|0.5000|0.5000|0.0000|0.0333| - [0.997, 0.000, 0.003, 0.000, 0.000]
|  898|0.5000|0.5000|0.0000|0.0333| - [0.997, 0.000, 0.003, 0.000, 0.000]
|  899|0.5000|0.5000|0.0000|0.0333| - [0.997, 0.000, 0.003, 0.000, 0.000]
|  900|0.9474|0.5000|0.1056|0.0315| - [0.997, 0.000, 0.003, 0.000, 0.000]
|  901|0.8158|0.5000|0.1403|0.0261| - [0.997, 0.000, 0.003, 0.000, 0.000]
|  902|0.5789|0.5000|0.0661|0.0137| - [0.997, 0.000, 0.003, 0.000, 0.000]
|  903|0.5000|0.5000|0.0000|0.0203| - [1.000, 0.000, 0.000, 0.000, 0.000]
|  904|0.5000|0.5000|0.0000|0.0153| - [1.000, 0.000, 0.000, 0.000, 0.000]
|  905|0.5000|0.5000|0.0000|0.0051| - [1.000, 0.000, 0.000, 0.000, 0.000]
|  906|0.5000|0.5000|0.0000|0.0051| - [1.000, 0.000, 0.000, 0.000, 0.000]
|  907|0.5000|0.5000|0.0000|0.0187| - [0.997, 0.000, 0.003, 0.000, 0.000]
|  908|0.5000|0.5000|0.0000|0.0153| - [1.000, 0.000, 0.000, 0.000, 0.000]
|  909|0.5000|0.5000|0.0000|0.0170| - [1.000, 0.000, 0.000, 0.000, 0.000]
|  910|0.5000|0.5000|0.0000|0.0153| - [1.000, 0.000, 0.000, 0.000, 0.000]
|  911|0.5000|0.5000|0.0000|0.0136| - [1.000, 0.000, 0.000, 0.000, 0.000]
|  912|0.5263|0.5000|0.0656|0.0431| - [0.997, 0.000, 0.003, 0.000, 0.000]
|  913|0.5263|0.5000|0.0768|0.0448| - [0.997, 0.000, 0.003, 0.000, 0.000]
|  914|0.5000|0.5000|0.0000|0.0288| - [0.997, 0.000, 0.003, 0.000, 0.000]
|  915|0.5000|0.5000|0.0000|0.0322| - [0.997, 0.000, 0.003, 0.000, 0.000]
|  916|0.9737|0.5000|0.1116|0.0321| - [0.997, 0.000, 0.003, 0.000, 0.000]
|  917|0.8158|0.5000|0.2510|0.0316| - [0.997, 0.000, 0.003, 0.000, 0.000]
|  918|0.5789|0.5000|0.1823|0.0309| - [0.997, 0.000, 0.003, 0.000, 0.000]
|  919|0.5000|0.5000|0.0000|0.0307| - [0.997, 0.000, 0.003, 0.000, 0.000]
|  920|0.5263|0.5000|0.1116|0.0411| - [0.997, 0.000, 0.003, 0.000, 0.000]
|  921|0.5000|0.5000|0.0000|0.0307| - [0.997, 0.000, 0.003, 0.000, 0.000]
|  922|0.5000|0.5000|0.0000|0.0422| - [0.997, 0.000, 0.003, 0.000, 0.000]
|  923|0.5000|0.5000|0.0000|0.0458| - [0.997, 0.000, 0.003, 0.000, 0.000]
|  924|0.5000|0.5000|0.0000|0.0343| - [0.997, 0.000, 0.003, 0.000, 0.000]
|  925|0.5000|0.5000|0.0000|0.0307| - [0.997, 0.000, 0.003, 0.000, 0.000]
|  926|0.5000|0.5000|0.0000|0.0307| - [0.997, 0.000, 0.003, 0.000, 0.000]
|  927|0.5000|0.5000|0.0000|0.0307| - [0.997, 0.000, 0.003, 0.000, 0.000]
|  928|0.5000|0.5000|0.0000|0.0307| - [0.997, 0.000, 0.003, 0.000, 0.000]
|  929|0.5000|0.5000|0.0000|0.0307| - [0.997, 0.000, 0.003, 0.000, 0.000]
|  930|0.5000|0.5000|0.0000|0.0307| - [0.997, 0.000, 0.003, 0.000, 0.000]
|  931|0.5000|0.5000|0.0000|0.0307| - [0.997, 0.000, 0.003, 0.000, 0.000]
|  932|0.5263|0.5000|0.1116|0.0471| - [0.997, 0.000, 0.003, 0.000, 0.000]
|  933|0.5000|0.5000|0.0000|0.0307| - [0.997, 0.000, 0.003, 0.000, 0.000]
|  934|0.9737|0.5000|0.1116|0.0307| - [0.997, 0.000, 0.003, 0.000, 0.000]
|  935|0.8684|0.5000|0.2202|0.0306| - [0.997, 0.000, 0.003, 0.000, 0.000]
|  936|0.9737|0.5000|0.2228|0.0305| - [0.997, 0.000, 0.003, 0.000, 0.000]
|  937|0.9737|0.5000|0.2651|0.0304| - [0.997, 0.000, 0.003, 0.000, 0.000]
|  938|0.8421|0.5000|0.2678|0.0299| - [0.997, 0.000, 0.003, 0.000, 0.000]
|  939|0.7368|0.5000|0.2612|0.0295| - [0.997, 0.000, 0.003, 0.000, 0.000]
|  940|0.6053|0.5000|0.1795|0.0481| - [0.997, 0.000, 0.003, 0.000, 0.000]
|  941|0.5000|0.5000|0.0000|0.0517| - [0.936, 0.000, 0.064, 0.000, 0.000]
|  942|0.5000|0.5000|0.0000|0.0287| - [0.997, 0.000, 0.003, 0.000, 0.000]
|  943|0.5000|0.5000|0.0000|0.0287| - [0.997, 0.000, 0.003, 0.000, 0.000]
|  944|0.5000|0.5000|0.0000|0.0287| - [0.997, 0.000, 0.003, 0.000, 0.000]
|  945|0.5000|0.5000|0.0000|0.0287| - [0.997, 0.000, 0.003, 0.000, 0.000]
|  946|0.5000|0.5000|0.0000|0.0287| - [0.997, 0.000, 0.003, 0.000, 0.000]
|  947|0.5000|0.5000|0.0000|0.0287| - [0.997, 0.000, 0.003, 0.000, 0.000]
|  948|0.5000|0.5000|0.0000|0.0287| - [0.997, 0.000, 0.003, 0.000, 0.000]
|  949|0.5000|0.5000|0.0000|0.0287| - [0.997, 0.000, 0.003, 0.000, 0.000]
|  950|0.9737|0.5000|0.1116|0.0286| - [0.997, 0.000, 0.003, 0.000, 0.000]
|  951|0.8947|0.5000|0.2038|0.0286| - [0.997, 0.000, 0.003, 0.000, 0.000]
|  952|0.8421|0.5000|0.2324|0.0285| - [0.997, 0.000, 0.003, 0.000, 0.000]
|  953|0.7105|0.5000|0.2469|0.0284| - [0.997, 0.000, 0.003, 0.000, 0.000]
|  954|0.5263|0.5000|0.1116|0.0283| - [0.997, 0.000, 0.003, 0.000, 0.000]
|  955|0.5000|0.5000|0.0000|0.0282| - [0.997, 0.000, 0.003, 0.000, 0.000]
|  956|0.5000|0.5000|0.0000|0.0507| - [0.997, 0.000, 0.003, 0.000, 0.000]
|  957|0.5000|0.5000|0.0000|0.0458| - [0.931, 0.000, 0.069, 0.000, 0.000]
|  958|0.5000|0.5000|0.0000|0.0282| - [0.997, 0.000, 0.003, 0.000, 0.000]
|  959|0.5000|0.5000|0.0000|0.0282| - [0.997, 0.000, 0.003, 0.000, 0.000]
|  960|0.5000|0.5000|0.0000|0.0282| - [0.997, 0.000, 0.003, 0.000, 0.000]
|  961|0.5000|0.5000|0.0000|0.0282| - [0.997, 0.000, 0.003, 0.000, 0.000]
|  962|0.5000|0.5000|0.0000|0.0282| - [0.997, 0.000, 0.003, 0.000, 0.000]
|  963|0.5000|0.5000|0.0000|0.0282| - [0.997, 0.000, 0.003, 0.000, 0.000]
|  964|0.5000|0.5000|0.0000|0.0329| - [0.997, 0.000, 0.003, 0.000, 0.000]
|  965|0.5000|0.5000|0.0000|0.0282| - [0.997, 0.000, 0.003, 0.000, 0.000]
|  966|0.9737|0.5000|0.1116|0.0282| - [0.997, 0.000, 0.003, 0.000, 0.000]
|  967|0.9737|0.5000|0.1116|0.0282| - [0.997, 0.000, 0.003, 0.000, 0.000]
|  968|0.9737|0.5000|0.1537|0.0281| - [0.997, 0.000, 0.003, 0.000, 0.000]
|  969|0.9474|0.5000|0.1451|0.0266| - [0.997, 0.000, 0.003, 0.000, 0.000]
|  970|0.9737|0.5000|0.2510|0.0277| - [0.997, 0.000, 0.003, 0.000, 0.000]
|  971|0.8947|0.5000|0.2524|0.0260| - [0.997, 0.000, 0.003, 0.000, 0.000]
|  972|0.9211|0.5000|0.1958|0.0245| - [0.997, 0.000, 0.003, 0.000, 0.000]
|  973|0.8158|0.5000|0.1158|0.0255| - [0.997, 0.000, 0.003, 0.000, 0.000]
|  974|0.9737|0.5000|0.2056|0.0391| - [0.997, 0.000, 0.003, 0.000, 0.000]
|  975|0.9474|0.5000|0.2231|0.0270| - [0.997, 0.000, 0.003, 0.000, 0.000]
|  976|0.8158|0.5000|0.2719|0.0267| - [0.997, 0.000, 0.003, 0.000, 0.000]
|  977|0.7895|0.5000|0.2248|0.0252| - [0.997, 0.000, 0.003, 0.000, 0.000]
|  978|0.6053|0.5000|0.2038|0.0265| - [0.997, 0.000, 0.003, 0.000, 0.000]
|  979|0.5000|0.5000|0.0000|0.0264| - [0.997, 0.000, 0.003, 0.000, 0.000]
|  980|0.5000|0.5000|0.0000|0.0264| - [0.997, 0.000, 0.003, 0.000, 0.000]
|  981|0.5000|0.5000|0.0000|0.0264| - [0.997, 0.000, 0.003, 0.000, 0.000]
|  982|0.5000|0.5000|0.0000|0.0264| - [0.997, 0.000, 0.003, 0.000, 0.000]
|  983|0.5000|0.5000|0.0000|0.0264| - [0.997, 0.000, 0.003, 0.000, 0.000]
|  984|0.5000|0.5000|0.0000|0.0264| - [0.997, 0.000, 0.003, 0.000, 0.000]
|  985|0.5263|0.5000|0.1116|0.0265| - [0.997, 0.000, 0.003, 0.000, 0.000]
|  986|0.5000|0.5000|0.0000|0.0264| - [0.997, 0.000, 0.003, 0.000, 0.000]
|  987|0.5000|0.5000|0.0000|0.0264| - [0.997, 0.000, 0.003, 0.000, 0.000]
|  988|0.5000|0.5000|0.0000|0.0264| - [0.997, 0.000, 0.003, 0.000, 0.000]
|  989|0.5000|0.5000|0.0000|0.0264| - [0.997, 0.000, 0.003, 0.000, 0.000]
|  990|0.9737|0.5000|0.1116|0.0263| - [0.997, 0.000, 0.003, 0.000, 0.000]
|  991|0.9737|0.5000|0.1116|0.0263| - [0.997, 0.000, 0.003, 0.000, 0.000]
|  992|0.9737|0.5000|0.1116|0.0263| - [0.997, 0.000, 0.003, 0.000, 0.000]
|  993|0.9474|0.5000|0.1056|0.0315| - [0.997, 0.000, 0.003, 0.000, 0.000]
|  994|0.7895|0.5000|0.1995|0.0505| - [0.997, 0.000, 0.003, 0.000, 0.000]
|  995|0.6579|0.5000|0.1565|0.0520| - [0.997, 0.000, 0.003, 0.000, 0.000]
|  996|0.6579|0.5000|0.1255|0.0625| - [0.997, 0.000, 0.003, 0.000, 0.000]
|  997|0.5263|0.5000|0.0391|0.0638| - [0.983, 0.000, 0.017, 0.000, 0.000]
|  998|0.5000|0.5000|0.0000|0.0517| - [0.997, 0.000, 0.003, 0.000, 0.000]
|  999|0.5000|0.5000|0.0000|0.0307| - [0.997, 0.000, 0.003, 0.000, 0.000]
| 1000|0.5000|0.5000|0.0000|0.0307| - [0.997, 0.000, 0.003, 0.000, 0.000]
+-----+------+------+------+------+ 
