# Blotto run, B: 5, Rf: 0.50, Lf: 1.00 - 0.12 sec 
+-----+------+------+------+------+ 
| gen | best | mean |  sd  | avgH | best strategy
+-----+------+------+------+------+ 
|    1|0.9750|0.5000|0.2883|2.1446| - [0.360, 0.127, 0.103, 0.079, 0.332]
|    2|0.8684|0.5000|0.2821|2.1623| - [0.360, 0.127, 0.103, 0.079, 0.332]
|    3|0.9737|0.5000|0.2638|2.1119| - [0.388, 0.057, 0.111, 0.085, 0.359]
|    4|0.7632|0.5000|0.2674|2.0464| - [0.388, 0.057, 0.111, 0.085, 0.359]
|    5|0.5000|0.5000|0.0000|1.9503| - [0.388, 0.057, 0.111, 0.085, 0.359]
|    6|0.9737|0.5000|0.1537|1.9278| - [0.420, 0.062, 0.120, 0.010, 0.388]
|    7|0.9211|0.5000|0.2483|1.8717| - [0.420, 0.062, 0.120, 0.010, 0.388]
|    8|0.9737|0.5000|0.2715|1.8027| - [0.421, 0.000, 0.120, 0.075, 0.383]
|    9|0.9211|0.5000|0.1823|1.7327| - [0.421, 0.000, 0.120, 0.075, 0.383]
|   10|0.9737|0.5000|0.2549|1.7180| - [0.423, 0.000, 0.121, 0.071, 0.385]
|   11|0.9737|0.5000|0.1537|1.7056| - [0.423, 0.000, 0.121, 0.071, 0.385]
|   12|0.9737|0.5000|0.1116|1.7038| - [0.423, 0.000, 0.121, 0.071, 0.385]
|   13|0.9211|0.5000|0.1823|1.7029| - [0.423, 0.000, 0.121, 0.071, 0.385]
|   14|0.9737|0.5000|0.2618|1.6945| - [0.447, 0.000, 0.128, 0.019, 0.406]
|   15|0.9211|0.5000|0.2366|1.6719| - [0.447, 0.000, 0.128, 0.019, 0.406]
|   16|0.7895|0.5000|0.2469|1.6286| - [0.447, 0.000, 0.128, 0.019, 0.406]
|   17|0.9737|0.5000|0.2054|1.5623| - [0.451, 0.000, 0.129, 0.020, 0.400]
|   18|0.9737|0.5000|0.1537|1.5370| - [0.469, 0.000, 0.134, 0.020, 0.377]
|   19|0.8684|0.5000|0.2202|1.5387| - [0.469, 0.000, 0.134, 0.020, 0.377]
|   20|0.7895|0.5000|0.2469|1.5401| - [0.469, 0.000, 0.134, 0.020, 0.377]
|   21|0.8158|0.5000|0.2412|1.5397| - [0.469, 0.000, 0.134, 0.020, 0.377]
|   22|0.7368|0.5000|0.2549|1.5412| - [0.469, 0.000, 0.134, 0.020, 0.377]
|   23|0.5263|0.5000|0.1116|1.5450| - [0.469, 0.000, 0.134, 0.020, 0.377]
|   24|0.9737|0.5000|0.1116|1.5442| - [0.492, 0.000, 0.128, 0.019, 0.361]
|   25|0.9211|0.5000|0.2049|1.5426| - [0.492, 0.000, 0.128, 0.019, 0.361]
|   26|0.6053|0.5000|0.2049|1.5295| - [0.492, 0.000, 0.128, 0.019, 0.361]
|   27|0.9737|0.5000|0.1116|1.5240| - [0.505, 0.000, 0.131, 0.020, 0.344]
|   28|0.9737|0.5000|0.1116|1.5240| - [0.505, 0.000, 0.131, 0.020, 0.344]
|   29|0.9737|0.5000|0.1116|1.5240| - [0.505, 0.000, 0.131, 0.020, 0.344]
|   30|0.9737|0.5000|0.1116|1.5240| - [0.505, 0.000, 0.131, 0.020, 0.344]
|   31|0.9474|0.5000|0.1534|1.5241| - [0.505, 0.000, 0.131, 0.020, 0.344]
|   32|0.9737|0.5000|0.1831|1.5236| - [0.551, 0.000, 0.113, 0.017, 0.319]
|   33|0.8947|0.5000|0.2686|1.5040| - [0.551, 0.000, 0.113, 0.017, 0.319]
|   34|0.9737|0.5000|0.2678|1.4721| - [0.609, 0.000, 0.099, 0.015, 0.278]
|   35|0.9211|0.5000|0.2371|1.4448| - [0.609, 0.000, 0.099, 0.015, 0.278]
|   36|0.8684|0.5000|0.2348|1.4309| - [0.609, 0.000, 0.099, 0.015, 0.278]
|   37|0.8158|0.5000|0.2510|1.4250| - [0.609, 0.000, 0.099, 0.015, 0.278]
|   38|0.5789|0.5000|0.1829|1.3798| - [0.609, 0.000, 0.099, 0.015, 0.278]
|   39|0.9737|0.5000|0.2056|1.3645| - [0.635, 0.000, 0.092, 0.014, 0.259]
|   40|0.9737|0.5000|0.2479|1.3639| - [0.635, 0.000, 0.092, 0.014, 0.259]
|   41|0.9737|0.5000|0.2233|1.3538| - [0.635, 0.000, 0.092, 0.014, 0.259]
|   42|0.9737|0.5000|0.2540|1.3296| - [0.638, 0.000, 0.092, 0.014, 0.256]
|   43|0.9737|0.5000|0.1831|1.3246| - [0.638, 0.000, 0.092, 0.014, 0.256]
|   44|0.9737|0.5000|0.2049|1.3219| - [0.640, 0.000, 0.091, 0.014, 0.256]
|   45|0.8684|0.5000|0.2673|1.3200| - [0.640, 0.000, 0.091, 0.014, 0.256]
|   46|0.9737|0.5000|0.2574|1.3217| - [0.640, 0.000, 0.090, 0.014, 0.256]
|   47|0.9737|0.5000|0.2540|1.3180| - [0.640, 0.000, 0.090, 0.014, 0.256]
|   48|0.9737|0.5000|0.2612|1.3170| - [0.640, 0.000, 0.090, 0.014, 0.256]
|   49|0.9737|0.5000|0.2371|1.3143| - [0.640, 0.000, 0.090, 0.014, 0.256]
|   50|0.8421|0.5000|0.2701|1.3135| - [0.640, 0.000, 0.090, 0.014, 0.256]
|   51|0.8158|0.5000|0.2645|1.3130| - [0.640, 0.000, 0.090, 0.014, 0.256]
|   52|0.8684|0.5000|0.2202|1.3128| - [0.640, 0.000, 0.090, 0.014, 0.256]
|   53|0.7632|0.5000|0.2497|1.3127| - [0.640, 0.000, 0.090, 0.014, 0.256]
|   54|0.9737|0.5000|0.2561|1.3108| - [0.651, 0.000, 0.075, 0.014, 0.260]
|   55|0.9737|0.5000|0.2480|1.2929| - [0.674, 0.000, 0.042, 0.014, 0.269]
|   56|0.9737|0.5000|0.2805|1.2463| - [0.684, 0.000, 0.042, 0.000, 0.273]
|   57|0.8421|0.5000|0.2719|1.1757| - [0.684, 0.000, 0.042, 0.000, 0.273]
|   58|0.5526|0.5000|0.1534|1.0889| - [0.684, 0.000, 0.042, 0.000, 0.273]
|   59|0.9737|0.5000|0.2218|1.0965| - [0.709, 0.000, 0.039, 0.000, 0.252]
|   60|0.8947|0.5000|0.2038|1.0699| - [0.709, 0.000, 0.039, 0.000, 0.252]
|   61|0.9737|0.5000|0.2651|1.0607| - [0.716, 0.000, 0.044, 0.000, 0.240]
|   62|0.9474|0.5000|0.2574|1.0454| - [0.716, 0.000, 0.044, 0.000, 0.240]
|   63|0.9211|0.5000|0.2759|1.0392| - [0.716, 0.000, 0.044, 0.000, 0.240]
|   64|0.6579|0.5000|0.2361|1.0366| - [0.716, 0.000, 0.044, 0.000, 0.240]
|   65|0.9737|0.5000|0.1116|1.0372| - [0.724, 0.000, 0.045, 0.000, 0.231]
|   66|0.9474|0.5000|0.1829|1.0419| - [0.724, 0.000, 0.045, 0.000, 0.231]
|   67|0.9211|0.5000|0.1823|1.0360| - [0.724, 0.000, 0.045, 0.000, 0.231]
|   68|0.8684|0.5000|0.2348|1.0343| - [0.724, 0.000, 0.045, 0.000, 0.231]
|   69|0.8158|0.5000|0.2412|1.0336| - [0.724, 0.000, 0.045, 0.000, 0.231]
|   70|0.7368|0.5000|0.2497|1.0318| - [0.724, 0.000, 0.045, 0.000, 0.231]
|   71|0.5000|0.5000|0.0000|1.0265| - [0.724, 0.000, 0.045, 0.000, 0.231]
|   72|0.5000|0.5000|0.0000|1.0265| - [0.724, 0.000, 0.045, 0.000, 0.231]
|   73|0.5000|0.5000|0.0000|1.0265| - [0.724, 0.000, 0.045, 0.000, 0.231]
|   74|0.5000|0.5000|0.0000|1.0265| - [0.724, 0.000, 0.045, 0.000, 0.231]
|   75|0.5000|0.5000|0.0000|1.0265| - [0.724, 0.000, 0.045, 0.000, 0.231]
|   76|0.9737|0.5000|0.1116|1.0264| - [0.724, 0.000, 0.045, 0.000, 0.231]
|   77|0.8158|0.5000|0.2412|1.0262| - [0.724, 0.000, 0.045, 0.000, 0.231]
|   78|0.7105|0.5000|0.2469|1.0261| - [0.724, 0.000, 0.045, 0.000, 0.231]
|   79|0.5263|0.5000|0.1116|1.0285| - [0.724, 0.000, 0.045, 0.000, 0.231]
|   80|0.5000|0.5000|0.0000|1.0259| - [0.724, 0.000, 0.045, 0.000, 0.231]
|   81|0.5000|0.5000|0.0000|1.0259| - [0.724, 0.000, 0.045, 0.000, 0.231]
|   82|0.5000|0.5000|0.0000|1.0259| - [0.724, 0.000, 0.045, 0.000, 0.231]
|   83|0.9737|0.5000|0.1116|1.0244| - [0.730, 0.000, 0.037, 0.000, 0.233]
|   84|0.9211|0.5000|0.1823|1.0215| - [0.730, 0.000, 0.037, 0.000, 0.233]
|   85|0.7895|0.5000|0.2469|1.0142| - [0.730, 0.000, 0.037, 0.000, 0.233]
|   86|0.9737|0.5000|0.2363|1.0026| - [0.741, 0.000, 0.036, 0.000, 0.224]
|   87|0.9737|0.5000|0.2570|0.9917| - [0.741, 0.000, 0.036, 0.000, 0.224]
|   88|0.9737|0.5000|0.2747|0.9888| - [0.741, 0.000, 0.036, 0.000, 0.224]
|   89|0.8684|0.5000|0.2806|0.9845| - [0.741, 0.000, 0.036, 0.000, 0.224]
|   90|0.6579|0.5000|0.2324|0.9761| - [0.741, 0.000, 0.036, 0.000, 0.224]
|   91|0.5000|0.5000|0.0000|0.9761| - [0.741, 0.000, 0.036, 0.000, 0.224]
|   92|0.5000|0.5000|0.0000|0.9761| - [0.741, 0.000, 0.036, 0.000, 0.224]
|   93|0.5000|0.5000|0.0000|0.9761| - [0.741, 0.000, 0.036, 0.000, 0.224]
|   94|0.5000|0.5000|0.0000|0.9761| - [0.741, 0.000, 0.036, 0.000, 0.224]
|   95|0.5000|0.5000|0.0000|0.9761| - [0.741, 0.000, 0.036, 0.000, 0.224]
|   96|0.5000|0.5000|0.0000|0.9761| - [0.741, 0.000, 0.036, 0.000, 0.224]
|   97|0.5000|0.5000|0.0000|0.9761| - [0.741, 0.000, 0.036, 0.000, 0.224]
|   98|0.9737|0.5000|0.1116|0.9666| - [0.767, 0.000, 0.001, 0.000, 0.232]
|   99|0.9737|0.5000|0.1116|0.9666| - [0.767, 0.000, 0.001, 0.000, 0.232]
|  100|0.9737|0.5000|0.1116|0.9666| - [0.767, 0.000, 0.001, 0.000, 0.232]
|  101|0.9737|0.5000|0.1116|0.9666| - [0.767, 0.000, 0.001, 0.000, 0.232]
|  102|0.8684|0.5000|0.2348|0.9219| - [0.767, 0.000, 0.001, 0.000, 0.232]
|  103|0.8421|0.5000|0.2674|0.8961| - [0.767, 0.000, 0.001, 0.000, 0.232]
|  104|0.9737|0.5000|0.2708|0.8595| - [0.773, 0.000, 0.001, 0.000, 0.225]
|  105|0.9211|0.5000|0.2612|0.8203| - [0.773, 0.000, 0.001, 0.000, 0.225]
|  106|0.9737|0.5000|0.2549|0.7887| - [0.798, 0.000, 0.002, 0.000, 0.201]
|  107|0.9737|0.5000|0.2443|0.7864| - [0.798, 0.000, 0.002, 0.000, 0.201]
|  108|0.9474|0.5000|0.2361|0.7828| - [0.798, 0.000, 0.002, 0.000, 0.201]
|  109|0.7895|0.5000|0.2469|0.7659| - [0.798, 0.000, 0.002, 0.000, 0.201]
|  110|0.7632|0.5000|0.2497|0.7635| - [0.798, 0.000, 0.002, 0.000, 0.201]
|  111|0.5000|0.5000|0.0000|0.7391| - [0.798, 0.000, 0.002, 0.000, 0.201]
|  112|0.5000|0.5000|0.0000|0.7391| - [0.798, 0.000, 0.002, 0.000, 0.201]
|  113|0.9737|0.5000|0.1537|0.7346| - [0.830, 0.000, 0.002, 0.000, 0.168]
|  114|0.9737|0.5000|0.1831|0.7316| - [0.830, 0.000, 0.002, 0.000, 0.168]
|  115|0.8158|0.5000|0.2510|0.7127| - [0.830, 0.000, 0.002, 0.000, 0.168]
|  116|0.7632|0.5000|0.2650|0.7016| - [0.830, 0.000, 0.002, 0.000, 0.168]
|  117|0.9737|0.5000|0.2651|0.6954| - [0.837, 0.000, 0.002, 0.000, 0.162]
|  118|0.9737|0.5000|0.1829|0.6749| - [0.837, 0.000, 0.002, 0.000, 0.162]
|  119|0.9737|0.5000|0.1116|0.6688| - [0.837, 0.000, 0.002, 0.000, 0.162]
|  120|0.9211|0.5000|0.2049|0.6664| - [0.837, 0.000, 0.002, 0.000, 0.162]
|  121|0.8947|0.5000|0.2218|0.6663| - [0.837, 0.000, 0.002, 0.000, 0.162]
|  122|0.7632|0.5000|0.2497|0.6623| - [0.837, 0.000, 0.002, 0.000, 0.162]
|  123|0.8421|0.5000|0.2324|0.6648| - [0.837, 0.000, 0.002, 0.000, 0.162]
|  124|0.5263|0.5000|0.1116|0.6550| - [0.837, 0.000, 0.002, 0.000, 0.162]
|  125|0.5000|0.5000|0.0000|0.6542| - [0.837, 0.000, 0.002, 0.000, 0.162]
|  126|0.9737|0.5000|0.1116|0.6541| - [0.838, 0.000, 0.002, 0.000, 0.161]
|  127|0.9737|0.5000|0.2363|0.6563| - [0.840, 0.000, 0.002, 0.000, 0.158]
|  128|0.9737|0.5000|0.2443|0.6531| - [0.840, 0.000, 0.002, 0.000, 0.158]
|  129|0.8947|0.5000|0.2479|0.6510| - [0.840, 0.000, 0.002, 0.000, 0.158]
|  130|0.8421|0.5000|0.2324|0.6500| - [0.840, 0.000, 0.002, 0.000, 0.158]
|  131|0.9737|0.5000|0.2540|0.6428| - [0.877, 0.000, 0.002, 0.000, 0.121]
|  132|0.8947|0.5000|0.2715|0.6267| - [0.877, 0.000, 0.002, 0.000, 0.121]
|  133|0.9737|0.5000|0.2578|0.5802| - [0.889, 0.000, 0.002, 0.000, 0.109]
|  134|0.9737|0.5000|0.2443|0.5736| - [0.889, 0.000, 0.002, 0.000, 0.109]
|  135|0.9474|0.5000|0.1534|0.5466| - [0.889, 0.000, 0.002, 0.000, 0.109]
|  136|0.9737|0.5000|0.1537|0.5484| - [0.889, 0.000, 0.002, 0.000, 0.109]
|  137|0.9737|0.5000|0.1537|0.5484| - [0.889, 0.000, 0.002, 0.000, 0.109]
|  138|0.9211|0.5000|0.2049|0.5446| - [0.889, 0.000, 0.002, 0.000, 0.109]
|  139|0.9737|0.5000|0.2218|0.5480| - [0.889, 0.000, 0.002, 0.000, 0.109]
|  140|0.9211|0.5000|0.2612|0.5436| - [0.889, 0.000, 0.002, 0.000, 0.109]
|  141|0.9474|0.5000|0.2464|0.5452| - [0.889, 0.000, 0.002, 0.000, 0.109]
|  142|0.7895|0.5000|0.2611|0.5342| - [0.889, 0.000, 0.002, 0.000, 0.109]
|  143|0.7105|0.5000|0.2469|0.5286| - [0.889, 0.000, 0.002, 0.000, 0.109]
|  144|0.7105|0.5000|0.2510|0.5278| - [0.889, 0.000, 0.002, 0.000, 0.109]
|  145|0.6053|0.5000|0.2038|0.5180| - [0.889, 0.000, 0.002, 0.000, 0.109]
|  146|0.5000|0.5000|0.0000|0.5143| - [0.889, 0.000, 0.002, 0.000, 0.109]
|  147|0.5000|0.5000|0.0000|0.5143| - [0.889, 0.000, 0.002, 0.000, 0.109]
|  148|0.5000|0.5000|0.0000|0.5143| - [0.889, 0.000, 0.002, 0.000, 0.109]
|  149|0.5000|0.5000|0.0000|0.5143| - [0.889, 0.000, 0.002, 0.000, 0.109]
|  150|0.9737|0.5000|0.1116|0.4986| - [0.966, 0.000, 0.000, 0.000, 0.034]
|  151|0.8947|0.5000|0.2038|0.4514| - [0.966, 0.000, 0.000, 0.000, 0.034]
|  152|0.5000|0.5000|0.0000|0.2153| - [0.966, 0.000, 0.000, 0.000, 0.034]
|  153|0.5000|0.5000|0.0000|0.2153| - [0.966, 0.000, 0.000, 0.000, 0.034]
|  154|0.5000|0.5000|0.0000|0.2153| - [0.966, 0.000, 0.000, 0.000, 0.034]
|  155|0.5000|0.5000|0.0000|0.2153| - [0.966, 0.000, 0.000, 0.000, 0.034]
|  156|0.5000|0.5000|0.0000|0.2153| - [0.966, 0.000, 0.000, 0.000, 0.034]
|  157|0.5000|0.5000|0.0000|0.2153| - [0.966, 0.000, 0.000, 0.000, 0.034]
|  158|0.5000|0.5000|0.0000|0.2153| - [0.966, 0.000, 0.000, 0.000, 0.034]
|  159|0.5000|0.5000|0.0000|0.2153| - [0.966, 0.000, 0.000, 0.000, 0.034]
|  160|0.9737|0.5000|0.1116|0.2152| - [0.966, 0.000, 0.000, 0.000, 0.034]
|  161|0.9737|0.5000|0.1116|0.2152| - [0.966, 0.000, 0.000, 0.000, 0.034]
|  162|0.9737|0.5000|0.1116|0.2152| - [0.966, 0.000, 0.000, 0.000, 0.034]
|  163|0.9737|0.5000|0.1116|0.2152| - [0.966, 0.000, 0.000, 0.000, 0.034]
|  164|0.9474|0.5000|0.2054|0.2151| - [0.966, 0.000, 0.000, 0.000, 0.034]
|  165|0.7632|0.5000|0.2497|0.2148| - [0.966, 0.000, 0.000, 0.000, 0.034]
|  166|0.6053|0.5000|0.2049|0.2151| - [0.966, 0.000, 0.000, 0.000, 0.034]
|  167|0.9737|0.5000|0.1116|0.2121| - [0.974, 0.000, 0.000, 0.000, 0.026]
|  168|0.8947|0.5000|0.2038|0.2057| - [0.974, 0.000, 0.000, 0.000, 0.026]
|  169|0.6579|0.5000|0.2324|0.1865| - [0.974, 0.000, 0.000, 0.000, 0.026]
|  170|0.5789|0.5000|0.1829|0.1789| - [0.974, 0.000, 0.000, 0.000, 0.026]
|  171|0.5000|0.5000|0.0000|0.1737| - [0.974, 0.000, 0.000, 0.000, 0.026]
|  172|0.9737|0.5000|0.1116|0.1646| - [1.000, 0.000, 0.000, 0.000, 0.000]
|  173|0.7632|0.5000|0.2497|0.0914| - [1.000, 0.000, 0.000, 0.000, 0.000]
|  174|0.7105|0.5000|0.2469|0.0731| - [1.000, 0.000, 0.000, 0.000, 0.000]
|  175|0.5000|0.5000|0.0000|0.0000| - [1.000, 0.000, 0.000, 0.000, 0.000]
|  176|0.5000|0.5000|0.0000|0.0000| - [1.000, 0.000, 0.000, 0.000, 0.000]
|  177|0.5000|0.5000|0.0000|0.0000| - [1.000, 0.000, 0.000, 0.000, 0.000]
|  178|0.5000|0.5000|0.0000|0.0000| - [1.000, 0.000, 0.000, 0.000, 0.000]
|  179|0.5000|0.5000|0.0000|0.0000| - [1.000, 0.000, 0.000, 0.000, 0.000]
|  180|0.5000|0.5000|0.0000|0.0000| - [1.000, 0.000, 0.000, 0.000, 0.000]
|  181|0.5000|0.5000|0.0000|0.0000| - [1.000, 0.000, 0.000, 0.000, 0.000]
|  182|0.5000|0.5000|0.0000|0.0000| - [1.000, 0.000, 0.000, 0.000, 0.000]
|  183|0.5000|0.5000|0.0000|0.0000| - [1.000, 0.000, 0.000, 0.000, 0.000]
|  184|0.5000|0.5000|0.0000|0.0000| - [1.000, 0.000, 0.000, 0.000, 0.000]
|  185|0.5000|0.5000|0.0000|0.0000| - [1.000, 0.000, 0.000, 0.000, 0.000]
|  186|0.5000|0.5000|0.0000|0.0000| - [1.000, 0.000, 0.000, 0.000, 0.000]
|  187|0.5000|0.5000|0.0000|0.0000| - [1.000, 0.000, 0.000, 0.000, 0.000]
|  188|0.5000|0.5000|0.0000|0.0000| - [1.000, 0.000, 0.000, 0.000, 0.000]
|  189|0.5000|0.5000|0.0000|0.0000| - [1.000, 0.000, 0.000, 0.000, 0.000]
|  190|0.5000|0.5000|0.0000|0.0000| - [1.000, 0.000, 0.000, 0.000, 0.000]
|  191|0.5000|0.5000|0.0000|0.0000| - [1.000, 0.000, 0.000, 0.000, 0.000]
|  192|0.5000|0.5000|0.0000|0.0000| - [1.000, 0.000, 0.000, 0.000, 0.000]
|  193|0.5000|0.5000|0.0000|0.0000| - [1.000, 0.000, 0.000, 0.000, 0.000]
|  194|0.5000|0.5000|0.0000|0.0000| - [1.000, 0.000, 0.000, 0.000, 0.000]
|  195|0.5000|0.5000|0.0000|0.0000| - [1.000, 0.000, 0.000, 0.000, 0.000]
|  196|0.5000|0.5000|0.0000|0.0000| - [1.000, 0.000, 0.000, 0.000, 0.000]
|  197|0.5000|0.5000|0.0000|0.0000| - [1.000, 0.000, 0.000, 0.000, 0.000]
|  198|0.5000|0.5000|0.0000|0.0000| - [1.000, 0.000, 0.000, 0.000, 0.000]
|  199|0.5000|0.5000|0.0000|0.0000| - [1.000, 0.000, 0.000, 0.000, 0.000]
|  200|0.5000|0.5000|0.0000|0.0000| - [1.000, 0.000, 0.000, 0.000, 0.000]
|  201|0.5000|0.5000|0.0000|0.0000| - [1.000, 0.000, 0.000, 0.000, 0.000]
|  202|0.5000|0.5000|0.0000|0.0000| - [1.000, 0.000, 0.000, 0.000, 0.000]
|  203|0.5000|0.5000|0.0000|0.0000| - [1.000, 0.000, 0.000, 0.000, 0.000]
|  204|0.5000|0.5000|0.0000|0.0000| - [1.000, 0.000, 0.000, 0.000, 0.000]
|  205|0.5000|0.5000|0.0000|0.0000| - [1.000, 0.000, 0.000, 0.000, 0.000]
|  206|0.5000|0.5000|0.0000|0.0000| - [1.000, 0.000, 0.000, 0.000, 0.000]
|  207|0.5000|0.5000|0.0000|0.0000| - [1.000, 0.000, 0.000, 0.000, 0.000]
|  208|0.5000|0.5000|0.0000|0.0000| - [1.000, 0.000, 0.000, 0.000, 0.000]
|  209|0.5000|0.5000|0.0000|0.0000| - [1.000, 0.000, 0.000, 0.000, 0.000]
|  210|0.5000|0.5000|0.0000|0.0000| - [1.000, 0.000, 0.000, 0.000, 0.000]
|  211|0.5000|0.5000|0.0000|0.0000| - [1.000, 0.000, 0.000, 0.000, 0.000]
|  212|0.5000|0.5000|0.0000|0.0000| - [1.000, 0.000, 0.000, 0.000, 0.000]
|  213|0.5000|0.5000|0.0000|0.0000| - [1.000, 0.000, 0.000, 0.000, 0.000]
|  214|0.5263|0.5000|0.1116|0.0070| - [1.000, 0.000, 0.000, 0.000, 0.000]
|  215|0.5000|0.5000|0.0000|0.0000| - [1.000, 0.000, 0.000, 0.000, 0.000]
|  216|0.5000|0.5000|0.0000|0.0000| - [1.000, 0.000, 0.000, 0.000, 0.000]
|  217|0.5000|0.5000|0.0000|0.0000| - [1.000, 0.000, 0.000, 0.000, 0.000]
|  218|0.5000|0.5000|0.0000|0.0000| - [1.000, 0.000, 0.000, 0.000, 0.000]
|  219|0.5000|0.5000|0.0000|0.0000| - [1.000, 0.000, 0.000, 0.000, 0.000]
|  220|0.5000|0.5000|0.0000|0.0000| - [1.000, 0.000, 0.000, 0.000, 0.000]
|  221|0.5000|0.5000|0.0000|0.0000| - [1.000, 0.000, 0.000, 0.000, 0.000]
|  222|0.5000|0.5000|0.0000|0.0000| - [1.000, 0.000, 0.000, 0.000, 0.000]
|  223|0.5000|0.5000|0.0000|0.0000| - [1.000, 0.000, 0.000, 0.000, 0.000]
|  224|0.5000|0.5000|0.0000|0.0000| - [1.000, 0.000, 0.000, 0.000, 0.000]
|  225|0.5263|0.5000|0.1116|0.0037| - [1.000, 0.000, 0.000, 0.000, 0.000]
|  226|0.5000|0.5000|0.0000|0.0000| - [1.000, 0.000, 0.000, 0.000, 0.000]
|  227|0.5000|0.5000|0.0000|0.0000| - [1.000, 0.000, 0.000, 0.000, 0.000]
|  228|0.5000|0.5000|0.0000|0.0000| - [1.000, 0.000, 0.000, 0.000, 0.000]
|  229|0.5000|0.5000|0.0000|0.0000| - [1.000, 0.000, 0.000, 0.000, 0.000]
|  230|0.5000|0.5000|0.0000|0.0000| - [1.000, 0.000, 0.000, 0.000, 0.000]
|  231|0.5263|0.5000|0.1116|0.0040| - [1.000, 0.000, 0.000, 0.000, 0.000]
|  232|0.5000|0.5000|0.0000|0.0000| - [1.000, 0.000, 0.000, 0.000, 0.000]
|  233|0.5000|0.5000|0.0000|0.0000| - [1.000, 0.000, 0.000, 0.000, 0.000]
|  234|0.5000|0.5000|0.0000|0.0000| - [1.000, 0.000, 0.000, 0.000, 0.000]
|  235|0.5000|0.5000|0.0000|0.0000| - [1.000, 0.000, 0.000, 0.000, 0.000]
|  236|0.5000|0.5000|0.0000|0.0000| - [1.000, 0.000, 0.000, 0.000, 0.000]
|  237|0.5000|0.5000|0.0000|0.0000| - [1.000, 0.000, 0.000, 0.000, 0.000]
|  238|0.5000|0.5000|0.0000|0.0000| - [1.000, 0.000, 0.000, 0.000, 0.000]
|  239|0.5000|0.5000|0.0000|0.0000| - [1.000, 0.000, 0.000, 0.000, 0.000]
|  240|0.5000|0.5000|0.0000|0.0000| - [1.000, 0.000, 0.000, 0.000, 0.000]
|  241|0.5263|0.5000|0.1116|0.0020| - [1.000, 0.000, 0.000, 0.000, 0.000]
|  242|0.5000|0.5000|0.0000|0.0000| - [1.000, 0.000, 0.000, 0.000, 0.000]
|  243|0.5000|0.5000|0.0000|0.0000| - [1.000, 0.000, 0.000, 0.000, 0.000]
|  244|0.5000|0.5000|0.0000|0.0000| - [1.000, 0.000, 0.000, 0.000, 0.000]
|  245|0.5000|0.5000|0.0000|0.0000| - [1.000, 0.000, 0.000, 0.000, 0.000]
|  246|0.5000|0.5000|0.0000|0.0000| - [1.000, 0.000, 0.000, 0.000, 0.000]
|  247|0.5000|0.5000|0.0000|0.0000| - [1.000, 0.000, 0.000, 0.000, 0.000]
|  248|0.5000|0.5000|0.0000|0.0000| - [1.000, 0.000, 0.000, 0.000, 0.000]
|  249|0.5000|0.5000|0.0000|0.0000| - [1.000, 0.000, 0.000, 0.000, 0.000]
|  250|0.5000|0.5000|0.0000|0.0000| - [1.000, 0.000, 0.000, 0.000, 0.000]
|  251|0.5000|0.5000|0.0000|0.0000| - [1.000, 0.000, 0.000, 0.000, 0.000]
|  252|0.5263|0.5000|0.1116|0.0067| - [1.000, 0.000, 0.000, 0.000, 0.000]
|  253|0.5000|0.5000|0.0000|0.0000| - [1.000, 0.000, 0.000, 0.000, 0.000]
|  254|0.5000|0.5000|0.0000|0.0000| - [1.000, 0.000, 0.000, 0.000, 0.000]
|  255|0.5000|0.5000|0.0000|0.0000| - [1.000, 0.000, 0.000, 0.000, 0.000]
|  256|0.5263|0.5000|0.1116|0.0012| - [1.000, 0.000, 0.000, 0.000, 0.000]
|  257|0.5000|0.5000|0.0000|0.0000| - [1.000, 0.000, 0.000, 0.000, 0.000]
|  258|0.5263|0.5000|0.1116|0.0078| - [1.000, 0.000, 0.000, 0.000, 0.000]
|  259|0.5000|0.5000|0.0000|0.0000| - [1.000, 0.000, 0.000, 0.000, 0.000]
|  260|0.5000|0.5000|0.0000|0.0000| - [1.000, 0.000, 0.000, 0.000, 0.000]
|  261|0.5000|0.5000|0.0000|0.0000| - [1.000, 0.000, 0.000, 0.000, 0.000]
|  262|0.5000|0.5000|0.0000|0.0000| - [1.000, 0.000, 0.000, 0.000, 0.000]
|  263|0.5000|0.5000|0.0000|0.0000| - [1.000, 0.000, 0.000, 0.000, 0.000]
|  264|0.5000|0.5000|0.0000|0.0000| - [1.000, 0.000, 0.000, 0.000, 0.000]
|  265|0.5263|0.5000|0.1116|0.0014| - [1.000, 0.000, 0.000, 0.000, 0.000]
|  266|0.5000|0.5000|0.0000|0.0000| - [1.000, 0.000, 0.000, 0.000, 0.000]
|  267|0.5000|0.5000|0.0000|0.0000| - [1.000, 0.000, 0.000, 0.000, 0.000]
|  268|0.5000|0.5000|0.0000|0.0000| - [1.000, 0.000, 0.000, 0.000, 0.000]
|  269|0.5000|0.5000|0.0000|0.0000| - [1.000, 0.000, 0.000, 0.000, 0.000]
|  270|0.5263|0.5000|0.1116|0.0024| - [1.000, 0.000, 0.000, 0.000, 0.000]
|  271|0.5000|0.5000|0.0000|0.0000| - [1.000, 0.000, 0.000, 0.000, 0.000]
|  272|0.5000|0.5000|0.0000|0.0000| - [1.000, 0.000, 0.000, 0.000, 0.000]
|  273|0.5000|0.5000|0.0000|0.0000| - [1.000, 0.000, 0.000, 0.000, 0.000]
|  274|0.5000|0.5000|0.0000|0.0000| - [1.000, 0.000, 0.000, 0.000, 0.000]
|  275|0.5000|0.5000|0.0000|0.0000| - [1.000, 0.000, 0.000, 0.000, 0.000]
|  276|0.5000|0.5000|0.0000|0.0000| - [1.000, 0.000, 0.000, 0.000, 0.000]
|  277|0.5000|0.5000|0.0000|0.0000| - [1.000, 0.000, 0.000, 0.000, 0.000]
|  278|0.5000|0.5000|0.0000|0.0000| - [1.000, 0.000, 0.000, 0.000, 0.000]
|  279|0.5000|0.5000|0.0000|0.0000| - [1.000, 0.000, 0.000, 0.000, 0.000]
|  280|0.5000|0.5000|0.0000|0.0000| - [1.000, 0.000, 0.000, 0.000, 0.000]
|  281|0.5000|0.5000|0.0000|0.0000| - [1.000, 0.000, 0.000, 0.000, 0.000]
|  282|0.5000|0.5000|0.0000|0.0000| - [1.000, 0.000, 0.000, 0.000, 0.000]
|  283|0.5000|0.5000|0.0000|0.0000| - [1.000, 0.000, 0.000, 0.000, 0.000]
|  284|0.5000|0.5000|0.0000|0.0000| - [1.000, 0.000, 0.000, 0.000, 0.000]
|  285|0.5000|0.5000|0.0000|0.0000| - [1.000, 0.000, 0.000, 0.000, 0.000]
|  286|0.5000|0.5000|0.0000|0.0000| - [1.000, 0.000, 0.000, 0.000, 0.000]
|  287|0.5000|0.5000|0.0000|0.0000| - [1.000, 0.000, 0.000, 0.000, 0.000]
|  288|0.5263|0.5000|0.1116|0.0118| - [1.000, 0.000, 0.000, 0.000, 0.000]
|  289|0.5263|0.5000|0.1116|0.0118| - [1.000, 0.000, 0.000, 0.000, 0.000]
|  290|0.5000|0.5000|0.0000|0.0000| - [1.000, 0.000, 0.000, 0.000, 0.000]
|  291|0.5000|0.5000|0.0000|0.0000| - [1.000, 0.000, 0.000, 0.000, 0.000]
|  292|0.5000|0.5000|0.0000|0.0000| - [1.000, 0.000, 0.000, 0.000, 0.000]
|  293|0.5000|0.5000|0.0000|0.0000| - [1.000, 0.000, 0.000, 0.000, 0.000]
|  294|0.5000|0.5000|0.0000|0.0000| - [1.000, 0.000, 0.000, 0.000, 0.000]
|  295|0.5000|0.5000|0.0000|0.0000| - [1.000, 0.000, 0.000, 0.000, 0.000]
|  296|0.5000|0.5000|0.0000|0.0000| - [1.000, 0.000, 0.000, 0.000, 0.000]
|  297|0.5000|0.5000|0.0000|0.0000| - [1.000, 0.000, 0.000, 0.000, 0.000]
|  298|0.5000|0.5000|0.0000|0.0000| - [1.000, 0.000, 0.000, 0.000, 0.000]
|  299|0.5000|0.5000|0.0000|0.0000| - [1.000, 0.000, 0.000, 0.000, 0.000]
|  300|0.5000|0.5000|0.0000|0.0000| - [1.000, 0.000, 0.000, 0.000, 0.000]
|  301|0.5000|0.5000|0.0000|0.0000| - [1.000, 0.000, 0.000, 0.000, 0.000]
|  302|0.5000|0.5000|0.0000|0.0000| - [1.000, 0.000, 0.000, 0.000, 0.000]
|  303|0.5000|0.5000|0.0000|0.0000| - [1.000, 0.000, 0.000, 0.000, 0.000]
|  304|0.5000|0.5000|0.0000|0.0000| - [1.000, 0.000, 0.000, 0.000, 0.000]
|  305|0.5000|0.5000|0.0000|0.0000| - [1.000, 0.000, 0.000, 0.000, 0.000]
|  306|0.5000|0.5000|0.0000|0.0000| - [1.000, 0.000, 0.000, 0.000, 0.000]
|  307|0.5000|0.5000|0.0000|0.0000| - [1.000, 0.000, 0.000, 0.000, 0.000]
|  308|0.5263|0.5000|0.1116|0.0112| - [1.000, 0.000, 0.000, 0.000, 0.000]
|  309|0.5000|0.5000|0.0000|0.0000| - [1.000, 0.000, 0.000, 0.000, 0.000]
|  310|0.5000|0.5000|0.0000|0.0000| - [1.000, 0.000, 0.000, 0.000, 0.000]
|  311|0.5000|0.5000|0.0000|0.0000| - [1.000, 0.000, 0.000, 0.000, 0.000]
|  312|0.5000|0.5000|0.0000|0.0000| - [1.000, 0.000, 0.000, 0.000, 0.000]
|  313|0.5000|0.5000|0.0000|0.0000| - [1.000, 0.000, 0.000, 0.000, 0.000]
|  314|0.5000|0.5000|0.0000|0.0000| - [1.000, 0.000, 0.000, 0.000, 0.000]
|  315|0.5000|0.5000|0.0000|0.0000| - [1.000, 0.000, 0.000, 0.000, 0.000]
|  316|0.5000|0.5000|0.0000|0.0000| - [1.000, 0.000, 0.000, 0.000, 0.000]
|  317|0.5000|0.5000|0.0000|0.0000| - [1.000, 0.000, 0.000, 0.000, 0.000]
|  318|0.5000|0.5000|0.0000|0.0000| - [1.000, 0.000, 0.000, 0.000, 0.000]
|  319|0.5000|0.5000|0.0000|0.0000| - [1.000, 0.000, 0.000, 0.000, 0.000]
|  320|0.5000|0.5000|0.0000|0.0000| - [1.000, 0.000, 0.000, 0.000, 0.000]
|  321|0.5000|0.5000|0.0000|0.0000| - [1.000, 0.000, 0.000, 0.000, 0.000]
|  322|0.5000|0.5000|0.0000|0.0000| - [1.000, 0.000, 0.000, 0.000, 0.000]
|  323|0.5000|0.5000|0.0000|0.0000| - [1.000, 0.000, 0.000, 0.000, 0.000]
|  324|0.5000|0.5000|0.0000|0.0000| - [1.000, 0.000, 0.000, 0.000, 0.000]
|  325|0.5000|0.5000|0.0000|0.0000| - [1.000, 0.000, 0.000, 0.000, 0.000]
|  326|0.5000|0.5000|0.0000|0.0000| - [1.000, 0.000, 0.000, 0.000, 0.000]
|  327|0.5000|0.5000|0.0000|0.0000| - [1.000, 0.000, 0.000, 0.000, 0.000]
|  328|0.5000|0.5000|0.0000|0.0000| - [1.000, 0.000, 0.000, 0.000, 0.000]
|  329|0.5000|0.5000|0.0000|0.0000| - [1.000, 0.000, 0.000, 0.000, 0.000]
|  330|0.5000|0.5000|0.0000|0.0000| - [1.000, 0.000, 0.000, 0.000, 0.000]
|  331|0.5000|0.5000|0.0000|0.0000| - [1.000, 0.000, 0.000, 0.000, 0.000]
|  332|0.5000|0.5000|0.0000|0.0000| - [1.000, 0.000, 0.000, 0.000, 0.000]
|  333|0.5000|0.5000|0.0000|0.0000| - [1.000, 0.000, 0.000, 0.000, 0.000]
|  334|0.5000|0.5000|0.0000|0.0000| - [1.000, 0.000, 0.000, 0.000, 0.000]
|  335|0.5000|0.5000|0.0000|0.0000| - [1.000, 0.000, 0.000, 0.000, 0.000]
|  336|0.5000|0.5000|0.0000|0.0000| - [1.000, 0.000, 0.000, 0.000, 0.000]
|  337|0.5000|0.5000|0.0000|0.0000| - [1.000, 0.000, 0.000, 0.000, 0.000]
|  338|0.5000|0.5000|0.0000|0.0000| - [1.000, 0.000, 0.000, 0.000, 0.000]
|  339|0.5000|0.5000|0.0000|0.0000| - [1.000, 0.000, 0.000, 0.000, 0.000]
|  340|0.5000|0.5000|0.0000|0.0000| - [1.000, 0.000, 0.000, 0.000, 0.000]
|  341|0.5000|0.5000|0.0000|0.0000| - [1.000, 0.000, 0.000, 0.000, 0.000]
|  342|0.5000|0.5000|0.0000|0.0000| - [1.000, 0.000, 0.000, 0.000, 0.000]
|  343|0.5000|0.5000|0.0000|0.0000| - [1.000, 0.000, 0.000, 0.000, 0.000]
|  344|0.5000|0.5000|0.0000|0.0000| - [1.000, 0.000, 0.000, 0.000, 0.000]
|  345|0.5000|0.5000|0.0000|0.0000| - [1.000, 0.000, 0.000, 0.000, 0.000]
|  346|0.5000|0.5000|0.0000|0.0000| - [1.000, 0.000, 0.000, 0.000, 0.000]
|  347|0.5263|0.5000|0.1116|0.0117| - [1.000, 0.000, 0.000, 0.000, 0.000]
|  348|0.5000|0.5000|0.0000|0.0000| - [1.000, 0.000, 0.000, 0.000, 0.000]
|  349|0.5000|0.5000|0.0000|0.0000| - [1.000, 0.000, 0.000, 0.000, 0.000]
|  350|0.5000|0.5000|0.0000|0.0000| - [1.000, 0.000, 0.000, 0.000, 0.000]
|  351|0.5000|0.5000|0.0000|0.0000| - [1.000, 0.000, 0.000, 0.000, 0.000]
|  352|0.5000|0.5000|0.0000|0.0000| - [1.000, 0.000, 0.000, 0.000, 0.000]
|  353|0.5000|0.5000|0.0000|0.0000| - [1.000, 0.000, 0.000, 0.000, 0.000]
|  354|0.5000|0.5000|0.0000|0.0000| - [1.000, 0.000, 0.000, 0.000, 0.000]
|  355|0.5000|0.5000|0.0000|0.0000| - [1.000, 0.000, 0.000, 0.000, 0.000]
|  356|0.5000|0.5000|0.0000|0.0000| - [1.000, 0.000, 0.000, 0.000, 0.000]
|  357|0.5000|0.5000|0.0000|0.0000| - [1.000, 0.000, 0.000, 0.000, 0.000]
|  358|0.5000|0.5000|0.0000|0.0000| - [1.000, 0.000, 0.000, 0.000, 0.000]
|  359|0.5000|0.5000|0.0000|0.0000| - [1.000, 0.000, 0.000, 0.000, 0.000]
|  360|0.5000|0.5000|0.0000|0.0000| - [1.000, 0.000, 0.000, 0.000, 0.000]
|  361|0.5000|0.5000|0.0000|0.0000| - [1.000, 0.000, 0.000, 0.000, 0.000]
|  362|0.5000|0.5000|0.0000|0.0000| - [1.000, 0.000, 0.000, 0.000, 0.000]
|  363|0.5000|0.5000|0.0000|0.0000| - [1.000, 0.000, 0.000, 0.000, 0.000]
|  364|0.5000|0.5000|0.0000|0.0000| - [1.000, 0.000, 0.000, 0.000, 0.000]
|  365|0.5000|0.5000|0.0000|0.0000| - [1.000, 0.000, 0.000, 0.000, 0.000]
|  366|0.5000|0.5000|0.0000|0.0000| - [1.000, 0.000, 0.000, 0.000, 0.000]
|  367|0.5000|0.5000|0.0000|0.0000| - [1.000, 0.000, 0.000, 0.000, 0.000]
|  368|0.5000|0.5000|0.0000|0.0000| - [1.000, 0.000, 0.000, 0.000, 0.000]
|  369|0.5000|0.5000|0.0000|0.0000| - [1.000, 0.000, 0.000, 0.000, 0.000]
|  370|0.5000|0.5000|0.0000|0.0000| - [1.000, 0.000, 0.000, 0.000, 0.000]
|  371|0.5263|0.5000|0.1116|0.0115| - [1.000, 0.000, 0.000, 0.000, 0.000]
|  372|0.5000|0.5000|0.0000|0.0000| - [1.000, 0.000, 0.000, 0.000, 0.000]
|  373|0.5000|0.5000|0.0000|0.0000| - [1.000, 0.000, 0.000, 0.000, 0.000]
|  374|0.5000|0.5000|0.0000|0.0000| - [1.000, 0.000, 0.000, 0.000, 0.000]
|  375|0.5000|0.5000|0.0000|0.0000| - [1.000, 0.000, 0.000, 0.000, 0.000]
|  376|0.5000|0.5000|0.0000|0.0000| - [1.000, 0.000, 0.000, 0.000, 0.000]
|  377|0.5000|0.5000|0.0000|0.0000| - [1.000, 0.000, 0.000, 0.000, 0.000]
|  378|0.5000|0.5000|0.0000|0.0000| - [1.000, 0.000, 0.000, 0.000, 0.000]
|  379|0.5000|0.5000|0.0000|0.0000| - [1.000, 0.000, 0.000, 0.000, 0.000]
|  380|0.5000|0.5000|0.0000|0.0000| - [1.000, 0.000, 0.000, 0.000, 0.000]
|  381|0.5263|0.5000|0.1116|0.0005| - [1.000, 0.000, 0.000, 0.000, 0.000]
|  382|0.5000|0.5000|0.0000|0.0000| - [1.000, 0.000, 0.000, 0.000, 0.000]
|  383|0.5000|0.5000|0.0000|0.0000| - [1.000, 0.000, 0.000, 0.000, 0.000]
|  384|0.5263|0.5000|0.1116|0.0048| - [1.000, 0.000, 0.000, 0.000, 0.000]
|  385|0.5000|0.5000|0.0000|0.0000| - [1.000, 0.000, 0.000, 0.000, 0.000]
|  386|0.5000|0.5000|0.0000|0.0000| - [1.000, 0.000, 0.000, 0.000, 0.000]
|  387|0.5000|0.5000|0.0000|0.0000| - [1.000, 0.000, 0.000, 0.000, 0.000]
|  388|0.5000|0.5000|0.0000|0.0000| - [1.000, 0.000, 0.000, 0.000, 0.000]
|  389|0.5000|0.5000|0.0000|0.0000| - [1.000, 0.000, 0.000, 0.000, 0.000]
|  390|0.5000|0.5000|0.0000|0.0000| - [1.000, 0.000, 0.000, 0.000, 0.000]
|  391|0.5000|0.5000|0.0000|0.0000| - [1.000, 0.000, 0.000, 0.000, 0.000]
|  392|0.5000|0.5000|0.0000|0.0000| - [1.000, 0.000, 0.000, 0.000, 0.000]
|  393|0.5000|0.5000|0.0000|0.0000| - [1.000, 0.000, 0.000, 0.000, 0.000]
|  394|0.5000|0.5000|0.0000|0.0000| - [1.000, 0.000, 0.000, 0.000, 0.000]
|  395|0.5000|0.5000|0.0000|0.0000| - [1.000, 0.000, 0.000, 0.000, 0.000]
|  396|0.5000|0.5000|0.0000|0.0000| - [1.000, 0.000, 0.000, 0.000, 0.000]
|  397|0.5000|0.5000|0.0000|0.0000| - [1.000, 0.000, 0.000, 0.000, 0.000]
|  398|0.5263|0.5000|0.1116|0.0005| - [1.000, 0.000, 0.000, 0.000, 0.000]
|  399|0.5263|0.5000|0.1116|0.0117| - [1.000, 0.000, 0.000, 0.000, 0.000]
|  400|0.5000|0.5000|0.0000|0.0000| - [1.000, 0.000, 0.000, 0.000, 0.000]
|  401|0.5000|0.5000|0.0000|0.0000| - [1.000, 0.000, 0.000, 0.000, 0.000]
|  402|0.5000|0.5000|0.0000|0.0000| - [1.000, 0.000, 0.000, 0.000, 0.000]
|  403|0.5000|0.5000|0.0000|0.0000| - [1.000, 0.000, 0.000, 0.000, 0.000]
|  404|0.5000|0.5000|0.0000|0.0000| - [1.000, 0.000, 0.000, 0.000, 0.000]
|  405|0.5000|0.5000|0.0000|0.0000| - [1.000, 0.000, 0.000, 0.000, 0.000]
|  406|0.5000|0.5000|0.0000|0.0000| - [1.000, 0.000, 0.000, 0.000, 0.000]
|  407|0.5000|0.5000|0.0000|0.0000| - [1.000, 0.000, 0.000, 0.000, 0.000]
|  408|0.5000|0.5000|0.0000|0.0000| - [1.000, 0.000, 0.000, 0.000, 0.000]
|  409|0.5000|0.5000|0.0000|0.0000| - [1.000, 0.000, 0.000, 0.000, 0.000]
|  410|0.5000|0.5000|0.0000|0.0000| - [1.000, 0.000, 0.000, 0.000, 0.000]
|  411|0.5000|0.5000|0.0000|0.0000| - [1.000, 0.000, 0.000, 0.000, 0.000]
|  412|0.5000|0.5000|0.0000|0.0000| - [1.000, 0.000, 0.000, 0.000, 0.000]
|  413|0.5000|0.5000|0.0000|0.0000| - [1.000, 0.000, 0.000, 0.000, 0.000]
|  414|0.5000|0.5000|0.0000|0.0000| - [1.000, 0.000, 0.000, 0.000, 0.000]
|  415|0.5000|0.5000|0.0000|0.0000| - [1.000, 0.000, 0.000, 0.000, 0.000]
|  416|0.5000|0.5000|0.0000|0.0000| - [1.000, 0.000, 0.000, 0.000, 0.000]
|  417|0.5000|0.5000|0.0000|0.0000| - [1.000, 0.000, 0.000, 0.000, 0.000]
|  418|0.5000|0.5000|0.0000|0.0000| - [1.000, 0.000, 0.000, 0.000, 0.000]
|  419|0.5000|0.5000|0.0000|0.0000| - [1.000, 0.000, 0.000, 0.000, 0.000]
|  420|0.5000|0.5000|0.0000|0.0000| - [1.000, 0.000, 0.000, 0.000, 0.000]
|  421|0.5263|0.5000|0.1116|0.0167| - [1.000, 0.000, 0.000, 0.000, 0.000]
|  422|0.5000|0.5000|0.0000|0.0000| - [1.000, 0.000, 0.000, 0.000, 0.000]
|  423|0.5000|0.5000|0.0000|0.0000| - [1.000, 0.000, 0.000, 0.000, 0.000]
|  424|0.5000|0.5000|0.0000|0.0000| - [1.000, 0.000, 0.000, 0.000, 0.000]
|  425|0.5000|0.5000|0.0000|0.0000| - [1.000, 0.000, 0.000, 0.000, 0.000]
|  426|0.5000|0.5000|0.0000|0.0000| - [1.000, 0.000, 0.000, 0.000, 0.000]
|  427|0.5000|0.5000|0.0000|0.0000| - [1.000, 0.000, 0.000, 0.000, 0.000]
|  428|0.5000|0.5000|0.0000|0.0000| - [1.000, 0.000, 0.000, 0.000, 0.000]
|  429|0.5000|0.5000|0.0000|0.0000| - [1.000, 0.000, 0.000, 0.000, 0.000]
|  430|0.5000|0.5000|0.0000|0.0000| - [1.000, 0.000, 0.000, 0.000, 0.000]
|  431|0.5000|0.5000|0.0000|0.0000| - [1.000, 0.000, 0.000, 0.000, 0.000]
|  432|0.5000|0.5000|0.0000|0.0000| - [1.000, 0.000, 0.000, 0.000, 0.000]
|  433|0.5000|0.5000|0.0000|0.0000| - [1.000, 0.000, 0.000, 0.000, 0.000]
|  434|0.5000|0.5000|0.0000|0.0000| - [1.000, 0.000, 0.000, 0.000, 0.000]
|  435|0.5000|0.5000|0.0000|0.0000| - [1.000, 0.000, 0.000, 0.000, 0.000]
|  436|0.5000|0.5000|0.0000|0.0000| - [1.000, 0.000, 0.000, 0.000, 0.000]
|  437|0.5000|0.5000|0.0000|0.0000| - [1.000, 0.000, 0.000, 0.000, 0.000]
|  438|0.5000|0.5000|0.0000|0.0000| - [1.000, 0.000, 0.000, 0.000, 0.000]
|  439|0.5000|0.5000|0.0000|0.0000| - [1.000, 0.000, 0.000, 0.000, 0.000]
|  440|0.5000|0.5000|0.0000|0.0000| - [1.000, 0.000, 0.000, 0.000, 0.000]
|  441|0.5000|0.5000|0.0000|0.0000| - [1.000, 0.000, 0.000, 0.000, 0.000]
|  442|0.5000|0.5000|0.0000|0.0000| - [1.000, 0.000, 0.000, 0.000, 0.000]
|  443|0.5000|0.5000|0.0000|0.0000| - [1.000, 0.000, 0.000, 0.000, 0.000]
|  444|0.5000|0.5000|0.0000|0.0000| - [1.000, 0.000, 0.000, 0.000, 0.000]
|  445|0.5000|0.5000|0.0000|0.0000| - [1.000, 0.000, 0.000, 0.000, 0.000]
|  446|0.5000|0.5000|0.0000|0.0000| - [1.000, 0.000, 0.000, 0.000, 0.000]
|  447|0.5000|0.5000|0.0000|0.0000| - [1.000, 0.000, 0.000, 0.000, 0.000]
|  448|0.5000|0.5000|0.0000|0.0000| - [1.000, 0.000, 0.000, 0.000, 0.000]
|  449|0.5000|0.5000|0.0000|0.0000| - [1.000, 0.000, 0.000, 0.000, 0.000]
|  450|0.5000|0.5000|0.0000|0.0000| - [1.000, 0.000, 0.000, 0.000, 0.000]
|  451|0.5000|0.5000|0.0000|0.0000| - [1.000, 0.000, 0.000, 0.000, 0.000]
|  452|0.5000|0.5000|0.0000|0.0000| - [1.000, 0.000, 0.000, 0.000, 0.000]
|  453|0.5000|0.5000|0.0000|0.0000| - [1.000, 0.000, 0.000, 0.000, 0.000]
|  454|0.5000|0.5000|0.0000|0.0000| - [1.000, 0.000, 0.000, 0.000, 0.000]
|  455|0.5000|0.5000|0.0000|0.0000| - [1.000, 0.000, 0.000, 0.000, 0.000]
|  456|0.5000|0.5000|0.0000|0.0000| - [1.000, 0.000, 0.000, 0.000, 0.000]
|  457|0.5000|0.5000|0.0000|0.0000| - [1.000, 0.000, 0.000, 0.000, 0.000]
|  458|0.5000|0.5000|0.0000|0.0000| - [1.000, 0.000, 0.000, 0.000, 0.000]
|  459|0.5000|0.5000|0.0000|0.0000| - [1.000, 0.000, 0.000, 0.000, 0.000]
|  460|0.5000|0.5000|0.0000|0.0000| - [1.000, 0.000, 0.000, 0.000, 0.000]
|  461|0.5000|0.5000|0.0000|0.0000| - [1.000, 0.000, 0.000, 0.000, 0.000]
|  462|0.5000|0.5000|0.0000|0.0000| - [1.000, 0.000, 0.000, 0.000, 0.000]
|  463|0.5000|0.5000|0.0000|0.0000| - [1.000, 0.000, 0.000, 0.000, 0.000]
|  464|0.5263|0.5000|0.1116|0.0065| - [1.000, 0.000, 0.000, 0.000, 0.000]
|  465|0.5000|0.5000|0.0000|0.0000| - [1.000, 0.000, 0.000, 0.000, 0.000]
|  466|0.5000|0.5000|0.0000|0.0000| - [1.000, 0.000, 0.000, 0.000, 0.000]
|  467|0.5000|0.5000|0.0000|0.0000| - [1.000, 0.000, 0.000, 0.000, 0.000]
|  468|0.5000|0.5000|0.0000|0.0000| - [1.000, 0.000, 0.000, 0.000, 0.000]
|  469|0.5000|0.5000|0.0000|0.0000| - [1.000, 0.000, 0.000, 0.000, 0.000]
|  470|0.5263|0.5000|0.1116|0.0071| - [1.000, 0.000, 0.000, 0.000, 0.000]
|  471|0.5000|0.5000|0.0000|0.0000| - [1.000, 0.000, 0.000, 0.000, 0.000]
|  472|0.5263|0.5000|0.1116|0.0097| - [1.000, 0.000, 0.000, 0.000, 0.000]
|  473|0.5000|0.5000|0.0000|0.0000| - [1.000, 0.000, 0.000, 0.000, 0.000]
|  474|0.5000|0.5000|0.0000|0.0000| - [1.000, 0.000, 0.000, 0.000, 0.000]
|  475|0.5000|0.5000|0.0000|0.0000| - [1.000, 0.000, 0.000, 0.000, 0.000]
|  476|0.5000|0.5000|0.0000|0.0000| - [1.000, 0.000, 0.000, 0.000, 0.000]
|  477|0.5000|0.5000|0.0000|0.0000| - [1.000, 0.000, 0.000, 0.000, 0.000]
|  478|0.5000|0.5000|0.0000|0.0000| - [1.000, 0.000, 0.000, 0.000, 0.000]
|  479|0.5000|0.5000|0.0000|0.0000| - [1.000, 0.000, 0.000, 0.000, 0.000]
|  480|0.5000|0.5000|0.0000|0.0000| - [1.000, 0.000, 0.000, 0.000, 0.000]
|  481|0.5000|0.5000|0.0000|0.0000| - [1.000, 0.000, 0.000, 0.000, 0.000]
|  482|0.5000|0.5000|0.0000|0.0000| - [1.000, 0.000, 0.000, 0.000, 0.000]
|  483|0.5000|0.5000|0.0000|0.0000| - [1.000, 0.000, 0.000, 0.000, 0.000]
|  484|0.5000|0.5000|0.0000|0.0000| - [1.000, 0.000, 0.000, 0.000, 0.000]
|  485|0.5000|0.5000|0.0000|0.0000| - [1.000, 0.000, 0.000, 0.000, 0.000]
|  486|0.5000|0.5000|0.0000|0.0000| - [1.000, 0.000, 0.000, 0.000, 0.000]
|  487|0.5000|0.5000|0.0000|0.0000| - [1.000, 0.000, 0.000, 0.000, 0.000]
|  488|0.5000|0.5000|0.0000|0.0000| - [1.000, 0.000, 0.000, 0.000, 0.000]
|  489|0.5000|0.5000|0.0000|0.0000| - [1.000, 0.000, 0.000, 0.000, 0.000]
|  490|0.5000|0.5000|0.0000|0.0000| - [1.000, 0.000, 0.000, 0.000, 0.000]
|  491|0.5000|0.5000|0.0000|0.0000| - [1.000, 0.000, 0.000, 0.000, 0.000]
|  492|0.5000|0.5000|0.0000|0.0000| - [1.000, 0.000, 0.000, 0.000, 0.000]
|  493|0.5000|0.5000|0.0000|0.0000| - [1.000, 0.000, 0.000, 0.000, 0.000]
|  494|0.5000|0.5000|0.0000|0.0000| - [1.000, 0.000, 0.000, 0.000, 0.000]
|  495|0.5000|0.5000|0.0000|0.0000| - [1.000, 0.000, 0.000, 0.000, 0.000]
|  496|0.5000|0.5000|0.0000|0.0000| - [1.000, 0.000, 0.000, 0.000, 0.000]
|  497|0.5000|0.5000|0.0000|0.0000| - [1.000, 0.000, 0.000, 0.000, 0.000]
|  498|0.5000|0.5000|0.0000|0.0000| - [1.000, 0.000, 0.000, 0.000, 0.000]
|  499|0.5263|0.5000|0.1116|0.0062| - [1.000, 0.000, 0.000, 0.000, 0.000]
|  500|0.5000|0.5000|0.0000|0.0000| - [1.000, 0.000, 0.000, 0.000, 0.000]
|  501|0.5000|0.5000|0.0000|0.0000| - [1.000, 0.000, 0.000, 0.000, 0.000]
|  502|0.5000|0.5000|0.0000|0.0000| - [1.000, 0.000, 0.000, 0.000, 0.000]
|  503|0.5000|0.5000|0.0000|0.0000| - [1.000, 0.000, 0.000, 0.000, 0.000]
|  504|0.5000|0.5000|0.0000|0.0000| - [1.000, 0.000, 0.000, 0.000, 0.000]
|  505|0.5000|0.5000|0.0000|0.0000| - [1.000, 0.000, 0.000, 0.000, 0.000]
|  506|0.5263|0.5000|0.1116|0.0132| - [1.000, 0.000, 0.000, 0.000, 0.000]
|  507|0.5000|0.5000|0.0000|0.0000| - [1.000, 0.000, 0.000, 0.000, 0.000]
|  508|0.5000|0.5000|0.0000|0.0000| - [1.000, 0.000, 0.000, 0.000, 0.000]
|  509|0.5000|0.5000|0.0000|0.0000| - [1.000, 0.000, 0.000, 0.000, 0.000]
|  510|0.5000|0.5000|0.0000|0.0000| - [1.000, 0.000, 0.000, 0.000, 0.000]
|  511|0.5000|0.5000|0.0000|0.0000| - [1.000, 0.000, 0.000, 0.000, 0.000]
|  512|0.5000|0.5000|0.0000|0.0000| - [1.000, 0.000, 0.000, 0.000, 0.000]
|  513|0.5000|0.5000|0.0000|0.0000| - [1.000, 0.000, 0.000, 0.000, 0.000]
|  514|0.5000|0.5000|0.0000|0.0000| - [1.000, 0.000, 0.000, 0.000, 0.000]
|  515|0.5000|0.5000|0.0000|0.0000| - [1.000, 0.000, 0.000, 0.000, 0.000]
|  516|0.5000|0.5000|0.0000|0.0000| - [1.000, 0.000, 0.000, 0.000, 0.000]
|  517|0.5000|0.5000|0.0000|0.0000| - [1.000, 0.000, 0.000, 0.000, 0.000]
|  518|0.5000|0.5000|0.0000|0.0000| - [1.000, 0.000, 0.000, 0.000, 0.000]
|  519|0.5000|0.5000|0.0000|0.0000| - [1.000, 0.000, 0.000, 0.000, 0.000]
|  520|0.5000|0.5000|0.0000|0.0000| - [1.000, 0.000, 0.000, 0.000, 0.000]
|  521|0.5000|0.5000|0.0000|0.0000| - [1.000, 0.000, 0.000, 0.000, 0.000]
|  522|0.5000|0.5000|0.0000|0.0000| - [1.000, 0.000, 0.000, 0.000, 0.000]
|  523|0.5000|0.5000|0.0000|0.0000| - [1.000, 0.000, 0.000, 0.000, 0.000]
|  524|0.5000|0.5000|0.0000|0.0000| - [1.000, 0.000, 0.000, 0.000, 0.000]
|  525|0.5000|0.5000|0.0000|0.0000| - [1.000, 0.000, 0.000, 0.000, 0.000]
|  526|0.5000|0.5000|0.0000|0.0000| - [1.000, 0.000, 0.000, 0.000, 0.000]
|  527|0.5000|0.5000|0.0000|0.0000| - [1.000, 0.000, 0.000, 0.000, 0.000]
|  528|0.5000|0.5000|0.0000|0.0000| - [1.000, 0.000, 0.000, 0.000, 0.000]
|  529|0.5263|0.5000|0.1116|0.0091| - [1.000, 0.000, 0.000, 0.000, 0.000]
|  530|0.5000|0.5000|0.0000|0.0000| - [1.000, 0.000, 0.000, 0.000, 0.000]
|  531|0.5000|0.5000|0.0000|0.0000| - [1.000, 0.000, 0.000, 0.000, 0.000]
|  532|0.5000|0.5000|0.0000|0.0000| - [1.000, 0.000, 0.000, 0.000, 0.000]
|  533|0.5000|0.5000|0.0000|0.0000| - [1.000, 0.000, 0.000, 0.000, 0.000]
|  534|0.5000|0.5000|0.0000|0.0000| - [1.000, 0.000, 0.000, 0.000, 0.000]
|  535|0.5000|0.5000|0.0000|0.0000| - [1.000, 0.000, 0.000, 0.000, 0.000]
|  536|0.5000|0.5000|0.0000|0.0000| - [1.000, 0.000, 0.000, 0.000, 0.000]
|  537|0.5000|0.5000|0.0000|0.0000| - [1.000, 0.000, 0.000, 0.000, 0.000]
|  538|0.5000|0.5000|0.0000|0.0000| - [1.000, 0.000, 0.000, 0.000, 0.000]
|  539|0.5000|0.5000|0.0000|0.0000| - [1.000, 0.000, 0.000, 0.000, 0.000]
|  540|0.5000|0.5000|0.0000|0.0000| - [1.000, 0.000, 0.000, 0.000, 0.000]
|  541|0.5000|0.5000|0.0000|0.0000| - [1.000, 0.000, 0.000, 0.000, 0.000]
|  542|0.5000|0.5000|0.0000|0.0000| - [1.000, 0.000, 0.000, 0.000, 0.000]
|  543|0.5000|0.5000|0.0000|0.0000| - [1.000, 0.000, 0.000, 0.000, 0.000]
|  544|0.5000|0.5000|0.0000|0.0000| - [1.000, 0.000, 0.000, 0.000, 0.000]
|  545|0.5000|0.5000|0.0000|0.0000| - [1.000, 0.000, 0.000, 0.000, 0.000]
|  546|0.5000|0.5000|0.0000|0.0000| - [1.000, 0.000, 0.000, 0.000, 0.000]
|  547|0.5000|0.5000|0.0000|0.0000| - [1.000, 0.000, 0.000, 0.000, 0.000]
|  548|0.5000|0.5000|0.0000|0.0000| - [1.000, 0.000, 0.000, 0.000, 0.000]
|  549|0.5000|0.5000|0.0000|0.0000| - [1.000, 0.000, 0.000, 0.000, 0.000]
|  550|0.5263|0.5000|0.1116|0.0108| - [1.000, 0.000, 0.000, 0.000, 0.000]
|  551|0.5263|0.5000|0.1116|0.0125| - [1.000, 0.000, 0.000, 0.000, 0.000]
|  552|0.5000|0.5000|0.0000|0.0000| - [1.000, 0.000, 0.000, 0.000, 0.000]
|  553|0.5000|0.5000|0.0000|0.0000| - [1.000, 0.000, 0.000, 0.000, 0.000]
|  554|0.5000|0.5000|0.0000|0.0000| - [1.000, 0.000, 0.000, 0.000, 0.000]
|  555|0.5000|0.5000|0.0000|0.0000| - [1.000, 0.000, 0.000, 0.000, 0.000]
|  556|0.5000|0.5000|0.0000|0.0000| - [1.000, 0.000, 0.000, 0.000, 0.000]
|  557|0.5263|0.5000|0.1116|0.0088| - [1.000, 0.000, 0.000, 0.000, 0.000]
|  558|0.5000|0.5000|0.0000|0.0000| - [1.000, 0.000, 0.000, 0.000, 0.000]
|  559|0.5000|0.5000|0.0000|0.0000| - [1.000, 0.000, 0.000, 0.000, 0.000]
|  560|0.5000|0.5000|0.0000|0.0000| - [1.000, 0.000, 0.000, 0.000, 0.000]
|  561|0.5000|0.5000|0.0000|0.0000| - [1.000, 0.000, 0.000, 0.000, 0.000]
|  562|0.5000|0.5000|0.0000|0.0000| - [1.000, 0.000, 0.000, 0.000, 0.000]
|  563|0.5000|0.5000|0.0000|0.0000| - [1.000, 0.000, 0.000, 0.000, 0.000]
|  564|0.5000|0.5000|0.0000|0.0000| - [1.000, 0.000, 0.000, 0.000, 0.000]
|  565|0.5000|0.5000|0.0000|0.0000| - [1.000, 0.000, 0.000, 0.000, 0.000]
|  566|0.5263|0.5000|0.1116|0.0051| - [1.000, 0.000, 0.000, 0.000, 0.000]
|  567|0.5000|0.5000|0.0000|0.0000| - [1.000, 0.000, 0.000, 0.000, 0.000]
|  568|0.5000|0.5000|0.0000|0.0000| - [1.000, 0.000, 0.000, 0.000, 0.000]
|  569|0.5000|0.5000|0.0000|0.0000| - [1.000, 0.000, 0.000, 0.000, 0.000]
|  570|0.5000|0.5000|0.0000|0.0000| - [1.000, 0.000, 0.000, 0.000, 0.000]
|  571|0.5000|0.5000|0.0000|0.0000| - [1.000, 0.000, 0.000, 0.000, 0.000]
|  572|0.5000|0.5000|0.0000|0.0000| - [1.000, 0.000, 0.000, 0.000, 0.000]
|  573|0.5000|0.5000|0.0000|0.0000| - [1.000, 0.000, 0.000, 0.000, 0.000]
|  574|0.5000|0.5000|0.0000|0.0000| - [1.000, 0.000, 0.000, 0.000, 0.000]
|  575|0.5000|0.5000|0.0000|0.0000| - [1.000, 0.000, 0.000, 0.000, 0.000]
|  576|0.5000|0.5000|0.0000|0.0000| - [1.000, 0.000, 0.000, 0.000, 0.000]
|  577|0.5000|0.5000|0.0000|0.0000| - [1.000, 0.000, 0.000, 0.000, 0.000]
|  578|0.5000|0.5000|0.0000|0.0000| - [1.000, 0.000, 0.000, 0.000, 0.000]
|  579|0.5000|0.5000|0.0000|0.0000| - [1.000, 0.000, 0.000, 0.000, 0.000]
|  580|0.5000|0.5000|0.0000|0.0000| - [1.000, 0.000, 0.000, 0.000, 0.000]
|  581|0.5000|0.5000|0.0000|0.0000| - [1.000, 0.000, 0.000, 0.000, 0.000]
|  582|0.5000|0.5000|0.0000|0.0000| - [1.000, 0.000, 0.000, 0.000, 0.000]
|  583|0.5000|0.5000|0.0000|0.0000| - [1.000, 0.000, 0.000, 0.000, 0.000]
|  584|0.5000|0.5000|0.0000|0.0000| - [1.000, 0.000, 0.000, 0.000, 0.000]
|  585|0.5263|0.5000|0.1116|0.0045| - [1.000, 0.000, 0.000, 0.000, 0.000]
|  586|0.5000|0.5000|0.0000|0.0000| - [1.000, 0.000, 0.000, 0.000, 0.000]
|  587|0.5000|0.5000|0.0000|0.0000| - [1.000, 0.000, 0.000, 0.000, 0.000]
|  588|0.5000|0.5000|0.0000|0.0000| - [1.000, 0.000, 0.000, 0.000, 0.000]
|  589|0.5000|0.5000|0.0000|0.0000| - [1.000, 0.000, 0.000, 0.000, 0.000]
|  590|0.5000|0.5000|0.0000|0.0000| - [1.000, 0.000, 0.000, 0.000, 0.000]
|  591|0.5000|0.5000|0.0000|0.0000| - [1.000, 0.000, 0.000, 0.000, 0.000]
|  592|0.5000|0.5000|0.0000|0.0000| - [1.000, 0.000, 0.000, 0.000, 0.000]
|  593|0.5000|0.5000|0.0000|0.0000| - [1.000, 0.000, 0.000, 0.000, 0.000]
|  594|0.5000|0.5000|0.0000|0.0000| - [1.000, 0.000, 0.000, 0.000, 0.000]
|  595|0.5000|0.5000|0.0000|0.0000| - [1.000, 0.000, 0.000, 0.000, 0.000]
|  596|0.5000|0.5000|0.0000|0.0000| - [1.000, 0.000, 0.000, 0.000, 0.000]
|  597|0.5000|0.5000|0.0000|0.0000| - [1.000, 0.000, 0.000, 0.000, 0.000]
|  598|0.5263|0.5000|0.1116|0.0016| - [1.000, 0.000, 0.000, 0.000, 0.000]
|  599|0.5000|0.5000|0.0000|0.0000| - [1.000, 0.000, 0.000, 0.000, 0.000]
|  600|0.5000|0.5000|0.0000|0.0000| - [1.000, 0.000, 0.000, 0.000, 0.000]
|  601|0.5000|0.5000|0.0000|0.0000| - [1.000, 0.000, 0.000, 0.000, 0.000]
|  602|0.5000|0.5000|0.0000|0.0000| - [1.000, 0.000, 0.000, 0.000, 0.000]
|  603|0.5000|0.5000|0.0000|0.0000| - [1.000, 0.000, 0.000, 0.000, 0.000]
|  604|0.5000|0.5000|0.0000|0.0000| - [1.000, 0.000, 0.000, 0.000, 0.000]
|  605|0.5000|0.5000|0.0000|0.0000| - [1.000, 0.000, 0.000, 0.000, 0.000]
|  606|0.5263|0.5000|0.1116|0.0028| - [1.000, 0.000, 0.000, 0.000, 0.000]
|  607|0.5000|0.5000|0.0000|0.0000| - [1.000, 0.000, 0.000, 0.000, 0.000]
|  608|0.5000|0.5000|0.0000|0.0000| - [1.000, 0.000, 0.000, 0.000, 0.000]
|  609|0.5263|0.5000|0.1116|0.0062| - [1.000, 0.000, 0.000, 0.000, 0.000]
|  610|0.5000|0.5000|0.0000|0.0000| - [1.000, 0.000, 0.000, 0.000, 0.000]
|  611|0.5263|0.5000|0.1116|0.0120| - [1.000, 0.000, 0.000, 0.000, 0.000]
|  612|0.5000|0.5000|0.0000|0.0000| - [1.000, 0.000, 0.000, 0.000, 0.000]
|  613|0.5000|0.5000|0.0000|0.0000| - [1.000, 0.000, 0.000, 0.000, 0.000]
|  614|0.5000|0.5000|0.0000|0.0000| - [1.000, 0.000, 0.000, 0.000, 0.000]
|  615|0.5000|0.5000|0.0000|0.0000| - [1.000, 0.000, 0.000, 0.000, 0.000]
|  616|0.5000|0.5000|0.0000|0.0000| - [1.000, 0.000, 0.000, 0.000, 0.000]
|  617|0.5000|0.5000|0.0000|0.0000| - [1.000, 0.000, 0.000, 0.000, 0.000]
|  618|0.5000|0.5000|0.0000|0.0000| - [1.000, 0.000, 0.000, 0.000, 0.000]
|  619|0.5000|0.5000|0.0000|0.0000| - [1.000, 0.000, 0.000, 0.000, 0.000]
|  620|0.5000|0.5000|0.0000|0.0000| - [1.000, 0.000, 0.000, 0.000, 0.000]
|  621|0.5000|0.5000|0.0000|0.0000| - [1.000, 0.000, 0.000, 0.000, 0.000]
|  622|0.5000|0.5000|0.0000|0.0000| - [1.000, 0.000, 0.000, 0.000, 0.000]
|  623|0.5000|0.5000|0.0000|0.0000| - [1.000, 0.000, 0.000, 0.000, 0.000]
|  624|0.5000|0.5000|0.0000|0.0000| - [1.000, 0.000, 0.000, 0.000, 0.000]
|  625|0.5000|0.5000|0.0000|0.0000| - [1.000, 0.000, 0.000, 0.000, 0.000]
|  626|0.5000|0.5000|0.0000|0.0000| - [1.000, 0.000, 0.000, 0.000, 0.000]
|  627|0.5000|0.5000|0.0000|0.0000| - [1.000, 0.000, 0.000, 0.000, 0.000]
|  628|0.5000|0.5000|0.0000|0.0000| - [1.000, 0.000, 0.000, 0.000, 0.000]
|  629|0.5000|0.5000|0.0000|0.0000| - [1.000, 0.000, 0.000, 0.000, 0.000]
|  630|0.5000|0.5000|0.0000|0.0000| - [1.000, 0.000, 0.000, 0.000, 0.000]
|  631|0.5000|0.5000|0.0000|0.0000| - [1.000, 0.000, 0.000, 0.000, 0.000]
|  632|0.5000|0.5000|0.0000|0.0000| - [1.000, 0.000, 0.000, 0.000, 0.000]
|  633|0.5000|0.5000|0.0000|0.0000| - [1.000, 0.000, 0.000, 0.000, 0.000]
|  634|0.5000|0.5000|0.0000|0.0000| - [1.000, 0.000, 0.000, 0.000, 0.000]
|  635|0.5000|0.5000|0.0000|0.0000| - [1.000, 0.000, 0.000, 0.000, 0.000]
|  636|0.5000|0.5000|0.0000|0.0000| - [1.000, 0.000, 0.000, 0.000, 0.000]
|  637|0.5000|0.5000|0.0000|0.0000| - [1.000, 0.000, 0.000, 0.000, 0.000]
|  638|0.5000|0.5000|0.0000|0.0000| - [1.000, 0.000, 0.000, 0.000, 0.000]
|  639|0.5526|0.5000|0.1537|0.0191| - [1.000, 0.000, 0.000, 0.000, 0.000]
|  640|0.5000|0.5000|0.0000|0.0000| - [1.000, 0.000, 0.000, 0.000, 0.000]
|  641|0.5000|0.5000|0.0000|0.0000| - [1.000, 0.000, 0.000, 0.000, 0.000]
|  642|0.5000|0.5000|0.0000|0.0000| - [1.000, 0.000, 0.000, 0.000, 0.000]
|  643|0.5000|0.5000|0.0000|0.0000| - [1.000, 0.000, 0.000, 0.000, 0.000]
|  644|0.5000|0.5000|0.0000|0.0000| - [1.000, 0.000, 0.000, 0.000, 0.000]
|  645|0.5000|0.5000|0.0000|0.0000| - [1.000, 0.000, 0.000, 0.000, 0.000]
|  646|0.5000|0.5000|0.0000|0.0000| - [1.000, 0.000, 0.000, 0.000, 0.000]
|  647|0.5263|0.5000|0.1116|0.0026| - [1.000, 0.000, 0.000, 0.000, 0.000]
|  648|0.5000|0.5000|0.0000|0.0000| - [1.000, 0.000, 0.000, 0.000, 0.000]
|  649|0.5000|0.5000|0.0000|0.0000| - [1.000, 0.000, 0.000, 0.000, 0.000]
|  650|0.5000|0.5000|0.0000|0.0000| - [1.000, 0.000, 0.000, 0.000, 0.000]
|  651|0.5000|0.5000|0.0000|0.0000| - [1.000, 0.000, 0.000, 0.000, 0.000]
|  652|0.5000|0.5000|0.0000|0.0000| - [1.000, 0.000, 0.000, 0.000, 0.000]
|  653|0.5000|0.5000|0.0000|0.0000| - [1.000, 0.000, 0.000, 0.000, 0.000]
|  654|0.5000|0.5000|0.0000|0.0000| - [1.000, 0.000, 0.000, 0.000, 0.000]
|  655|0.5000|0.5000|0.0000|0.0000| - [1.000, 0.000, 0.000, 0.000, 0.000]
|  656|0.5000|0.5000|0.0000|0.0000| - [1.000, 0.000, 0.000, 0.000, 0.000]
|  657|0.5000|0.5000|0.0000|0.0000| - [1.000, 0.000, 0.000, 0.000, 0.000]
|  658|0.5000|0.5000|0.0000|0.0000| - [1.000, 0.000, 0.000, 0.000, 0.000]
|  659|0.5000|0.5000|0.0000|0.0000| - [1.000, 0.000, 0.000, 0.000, 0.000]
|  660|0.5000|0.5000|0.0000|0.0000| - [1.000, 0.000, 0.000, 0.000, 0.000]
|  661|0.5263|0.5000|0.1116|0.0167| - [1.000, 0.000, 0.000, 0.000, 0.000]
|  662|0.5000|0.5000|0.0000|0.0000| - [1.000, 0.000, 0.000, 0.000, 0.000]
|  663|0.5000|0.5000|0.0000|0.0000| - [1.000, 0.000, 0.000, 0.000, 0.000]
|  664|0.5000|0.5000|0.0000|0.0000| - [1.000, 0.000, 0.000, 0.000, 0.000]
|  665|0.5000|0.5000|0.0000|0.0000| - [1.000, 0.000, 0.000, 0.000, 0.000]
|  666|0.5000|0.5000|0.0000|0.0000| - [1.000, 0.000, 0.000, 0.000, 0.000]
|  667|0.5000|0.5000|0.0000|0.0000| - [1.000, 0.000, 0.000, 0.000, 0.000]
|  668|0.5263|0.5000|0.1116|0.0091| - [1.000, 0.000, 0.000, 0.000, 0.000]
|  669|0.5263|0.5000|0.1116|0.0065| - [1.000, 0.000, 0.000, 0.000, 0.000]
|  670|0.5000|0.5000|0.0000|0.0000| - [1.000, 0.000, 0.000, 0.000, 0.000]
|  671|0.5000|0.5000|0.0000|0.0000| - [1.000, 0.000, 0.000, 0.000, 0.000]
|  672|0.5000|0.5000|0.0000|0.0000| - [1.000, 0.000, 0.000, 0.000, 0.000]
|  673|0.5000|0.5000|0.0000|0.0000| - [1.000, 0.000, 0.000, 0.000, 0.000]
|  674|0.5000|0.5000|0.0000|0.0000| - [1.000, 0.000, 0.000, 0.000, 0.000]
|  675|0.5000|0.5000|0.0000|0.0000| - [1.000, 0.000, 0.000, 0.000, 0.000]
|  676|0.5263|0.5000|0.1116|0.0066| - [1.000, 0.000, 0.000, 0.000, 0.000]
|  677|0.5000|0.5000|0.0000|0.0000| - [1.000, 0.000, 0.000, 0.000, 0.000]
|  678|0.5000|0.5000|0.0000|0.0000| - [1.000, 0.000, 0.000, 0.000, 0.000]
|  679|0.5000|0.5000|0.0000|0.0000| - [1.000, 0.000, 0.000, 0.000, 0.000]
|  680|0.5000|0.5000|0.0000|0.0000| - [1.000, 0.000, 0.000, 0.000, 0.000]
|  681|0.5000|0.5000|0.0000|0.0000| - [1.000, 0.000, 0.000, 0.000, 0.000]
|  682|0.5000|0.5000|0.0000|0.0000| - [1.000, 0.000, 0.000, 0.000, 0.000]
|  683|0.5000|0.5000|0.0000|0.0000| - [1.000, 0.000, 0.000, 0.000, 0.000]
|  684|0.5263|0.5000|0.1116|0.0120| - [1.000, 0.000, 0.000, 0.000, 0.000]
|  685|0.5000|0.5000|0.0000|0.0000| - [1.000, 0.000, 0.000, 0.000, 0.000]
|  686|0.5000|0.5000|0.0000|0.0000| - [1.000, 0.000, 0.000, 0.000, 0.000]
|  687|0.5000|0.5000|0.0000|0.0000| - [1.000, 0.000, 0.000, 0.000, 0.000]
|  688|0.5000|0.5000|0.0000|0.0000| - [1.000, 0.000, 0.000, 0.000, 0.000]
|  689|0.5000|0.5000|0.0000|0.0000| - [1.000, 0.000, 0.000, 0.000, 0.000]
|  690|0.5263|0.5000|0.1116|0.0074| - [1.000, 0.000, 0.000, 0.000, 0.000]
|  691|0.5000|0.5000|0.0000|0.0000| - [1.000, 0.000, 0.000, 0.000, 0.000]
|  692|0.5000|0.5000|0.0000|0.0000| - [1.000, 0.000, 0.000, 0.000, 0.000]
|  693|0.5000|0.5000|0.0000|0.0000| - [1.000, 0.000, 0.000, 0.000, 0.000]
|  694|0.5000|0.5000|0.0000|0.0000| - [1.000, 0.000, 0.000, 0.000, 0.000]
|  695|0.5000|0.5000|0.0000|0.0000| - [1.000, 0.000, 0.000, 0.000, 0.000]
|  696|0.5000|0.5000|0.0000|0.0000| - [1.000, 0.000, 0.000, 0.000, 0.000]
|  697|0.5000|0.5000|0.0000|0.0000| - [1.000, 0.000, 0.000, 0.000, 0.000]
|  698|0.5000|0.5000|0.0000|0.0000| - [1.000, 0.000, 0.000, 0.000, 0.000]
|  699|0.5000|0.5000|0.0000|0.0000| - [1.000, 0.000, 0.000, 0.000, 0.000]
|  700|0.5000|0.5000|0.0000|0.0000| - [1.000, 0.000, 0.000, 0.000, 0.000]
|  701|0.5000|0.5000|0.0000|0.0000| - [1.000, 0.000, 0.000, 0.000, 0.000]
|  702|0.5000|0.5000|0.0000|0.0000| - [1.000, 0.000, 0.000, 0.000, 0.000]
|  703|0.5000|0.5000|0.0000|0.0000| - [1.000, 0.000, 0.000, 0.000, 0.000]
|  704|0.5000|0.5000|0.0000|0.0000| - [1.000, 0.000, 0.000, 0.000, 0.000]
|  705|0.5000|0.5000|0.0000|0.0000| - [1.000, 0.000, 0.000, 0.000, 0.000]
|  706|0.5000|0.5000|0.0000|0.0000| - [1.000, 0.000, 0.000, 0.000, 0.000]
|  707|0.5000|0.5000|0.0000|0.0000| - [1.000, 0.000, 0.000, 0.000, 0.000]
|  708|0.5000|0.5000|0.0000|0.0000| - [1.000, 0.000, 0.000, 0.000, 0.000]
|  709|0.5000|0.5000|0.0000|0.0000| - [1.000, 0.000, 0.000, 0.000, 0.000]
|  710|0.5000|0.5000|0.0000|0.0000| - [1.000, 0.000, 0.000, 0.000, 0.000]
|  711|0.5000|0.5000|0.0000|0.0000| - [1.000, 0.000, 0.000, 0.000, 0.000]
|  712|0.5000|0.5000|0.0000|0.0000| - [1.000, 0.000, 0.000, 0.000, 0.000]
|  713|0.5000|0.5000|0.0000|0.0000| - [1.000, 0.000, 0.000, 0.000, 0.000]
|  714|0.5000|0.5000|0.0000|0.0000| - [1.000, 0.000, 0.000, 0.000, 0.000]
|  715|0.5000|0.5000|0.0000|0.0000| - [1.000, 0.000, 0.000, 0.000, 0.000]
|  716|0.5000|0.5000|0.0000|0.0000| - [1.000, 0.000, 0.000, 0.000, 0.000]
|  717|0.5000|0.5000|0.0000|0.0000| - [1.000, 0.000, 0.000, 0.000, 0.000]
|  718|0.5000|0.5000|0.0000|0.0000| - [1.000, 0.000, 0.000, 0.000, 0.000]
|  719|0.5000|0.5000|0.0000|0.0000| - [1.000, 0.000, 0.000, 0.000, 0.000]
|  720|0.5000|0.5000|0.0000|0.0000| - [1.000, 0.000, 0.000, 0.000, 0.000]
|  721|0.5000|0.5000|0.0000|0.0000| - [1.000, 0.000, 0.000, 0.000, 0.000]
|  722|0.5000|0.5000|0.0000|0.0000| - [1.000, 0.000, 0.000, 0.000, 0.000]
|  723|0.5000|0.5000|0.0000|0.0000| - [1.000, 0.000, 0.000, 0.000, 0.000]
|  724|0.5000|0.5000|0.0000|0.0000| - [1.000, 0.000, 0.000, 0.000, 0.000]
|  725|0.5000|0.5000|0.0000|0.0000| - [1.000, 0.000, 0.000, 0.000, 0.000]
|  726|0.5263|0.5000|0.1116|0.0190| - [1.000, 0.000, 0.000, 0.000, 0.000]
|  727|0.5000|0.5000|0.0000|0.0000| - [1.000, 0.000, 0.000, 0.000, 0.000]
|  728|0.5000|0.5000|0.0000|0.0000| - [1.000, 0.000, 0.000, 0.000, 0.000]
|  729|0.5000|0.5000|0.0000|0.0000| - [1.000, 0.000, 0.000, 0.000, 0.000]
|  730|0.5000|0.5000|0.0000|0.0000| - [1.000, 0.000, 0.000, 0.000, 0.000]
|  731|0.5263|0.5000|0.1116|0.0099| - [1.000, 0.000, 0.000, 0.000, 0.000]
|  732|0.5000|0.5000|0.0000|0.0000| - [1.000, 0.000, 0.000, 0.000, 0.000]
|  733|0.5000|0.5000|0.0000|0.0000| - [1.000, 0.000, 0.000, 0.000, 0.000]
|  734|0.5000|0.5000|0.0000|0.0000| - [1.000, 0.000, 0.000, 0.000, 0.000]
|  735|0.5000|0.5000|0.0000|0.0000| - [1.000, 0.000, 0.000, 0.000, 0.000]
|  736|0.5000|0.5000|0.0000|0.0000| - [1.000, 0.000, 0.000, 0.000, 0.000]
|  737|0.5000|0.5000|0.0000|0.0000| - [1.000, 0.000, 0.000, 0.000, 0.000]
|  738|0.5000|0.5000|0.0000|0.0000| - [1.000, 0.000, 0.000, 0.000, 0.000]
|  739|0.5263|0.5000|0.1116|0.0083| - [1.000, 0.000, 0.000, 0.000, 0.000]
|  740|0.5000|0.5000|0.0000|0.0000| - [1.000, 0.000, 0.000, 0.000, 0.000]
|  741|0.5000|0.5000|0.0000|0.0000| - [1.000, 0.000, 0.000, 0.000, 0.000]
|  742|0.5000|0.5000|0.0000|0.0000| - [1.000, 0.000, 0.000, 0.000, 0.000]
|  743|0.5000|0.5000|0.0000|0.0000| - [1.000, 0.000, 0.000, 0.000, 0.000]
|  744|0.5000|0.5000|0.0000|0.0000| - [1.000, 0.000, 0.000, 0.000, 0.000]
|  745|0.5000|0.5000|0.0000|0.0000| - [1.000, 0.000, 0.000, 0.000, 0.000]
|  746|0.5000|0.5000|0.0000|0.0000| - [1.000, 0.000, 0.000, 0.000, 0.000]
|  747|0.5000|0.5000|0.0000|0.0000| - [1.000, 0.000, 0.000, 0.000, 0.000]
|  748|0.5000|0.5000|0.0000|0.0000| - [1.000, 0.000, 0.000, 0.000, 0.000]
|  749|0.5000|0.5000|0.0000|0.0000| - [1.000, 0.000, 0.000, 0.000, 0.000]
|  750|0.5000|0.5000|0.0000|0.0000| - [1.000, 0.000, 0.000, 0.000, 0.000]
|  751|0.5000|0.5000|0.0000|0.0000| - [1.000, 0.000, 0.000, 0.000, 0.000]
|  752|0.5000|0.5000|0.0000|0.0000| - [1.000, 0.000, 0.000, 0.000, 0.000]
|  753|0.5000|0.5000|0.0000|0.0000| - [1.000, 0.000, 0.000, 0.000, 0.000]
|  754|0.5000|0.5000|0.0000|0.0000| - [1.000, 0.000, 0.000, 0.000, 0.000]
|  755|0.5000|0.5000|0.0000|0.0000| - [1.000, 0.000, 0.000, 0.000, 0.000]
|  756|0.5000|0.5000|0.0000|0.0000| - [1.000, 0.000, 0.000, 0.000, 0.000]
|  757|0.5263|0.5000|0.1116|0.0051| - [1.000, 0.000, 0.000, 0.000, 0.000]
|  758|0.5000|0.5000|0.0000|0.0000| - [1.000, 0.000, 0.000, 0.000, 0.000]
|  759|0.5000|0.5000|0.0000|0.0000| - [1.000, 0.000, 0.000, 0.000, 0.000]
|  760|0.5000|0.5000|0.0000|0.0000| - [1.000, 0.000, 0.000, 0.000, 0.000]
|  761|0.5000|0.5000|0.0000|0.0000| - [1.000, 0.000, 0.000, 0.000, 0.000]
|  762|0.5000|0.5000|0.0000|0.0000| - [1.000, 0.000, 0.000, 0.000, 0.000]
|  763|0.5000|0.5000|0.0000|0.0000| - [1.000, 0.000, 0.000, 0.000, 0.000]
|  764|0.5000|0.5000|0.0000|0.0000| - [1.000, 0.000, 0.000, 0.000, 0.000]
|  765|0.5000|0.5000|0.0000|0.0000| - [1.000, 0.000, 0.000, 0.000, 0.000]
|  766|0.5000|0.5000|0.0000|0.0000| - [1.000, 0.000, 0.000, 0.000, 0.000]
|  767|0.5000|0.5000|0.0000|0.0000| - [1.000, 0.000, 0.000, 0.000, 0.000]
|  768|0.5000|0.5000|0.0000|0.0000| - [1.000, 0.000, 0.000, 0.000, 0.000]
|  769|0.5000|0.5000|0.0000|0.0000| - [1.000, 0.000, 0.000, 0.000, 0.000]
|  770|0.5000|0.5000|0.0000|0.0000| - [1.000, 0.000, 0.000, 0.000, 0.000]
|  771|0.5000|0.5000|0.0000|0.0000| - [1.000, 0.000, 0.000, 0.000, 0.000]
|  772|0.5000|0.5000|0.0000|0.0000| - [1.000, 0.000, 0.000, 0.000, 0.000]
|  773|0.5000|0.5000|0.0000|0.0000| - [1.000, 0.000, 0.000, 0.000, 0.000]
|  774|0.5000|0.5000|0.0000|0.0000| - [1.000, 0.000, 0.000, 0.000, 0.000]
|  775|0.5000|0.5000|0.0000|0.0000| - [1.000, 0.000, 0.000, 0.000, 0.000]
|  776|0.5000|0.5000|0.0000|0.0000| - [1.000, 0.000, 0.000, 0.000, 0.000]
|  777|0.5000|0.5000|0.0000|0.0000| - [1.000, 0.000, 0.000, 0.000, 0.000]
|  778|0.5000|0.5000|0.0000|0.0000| - [1.000, 0.000, 0.000, 0.000, 0.000]
|  779|0.5000|0.5000|0.0000|0.0000| - [1.000, 0.000, 0.000, 0.000, 0.000]
|  780|0.5000|0.5000|0.0000|0.0000| - [1.000, 0.000, 0.000, 0.000, 0.000]
|  781|0.5000|0.5000|0.0000|0.0000| - [1.000, 0.000, 0.000, 0.000, 0.000]
|  782|0.5000|0.5000|0.0000|0.0000| - [1.000, 0.000, 0.000, 0.000, 0.000]
|  783|0.5000|0.5000|0.0000|0.0000| - [1.000, 0.000, 0.000, 0.000, 0.000]
|  784|0.5000|0.5000|0.0000|0.0000| - [1.000, 0.000, 0.000, 0.000, 0.000]
|  785|0.5000|0.5000|0.0000|0.0000| - [1.000, 0.000, 0.000, 0.000, 0.000]
|  786|0.5000|0.5000|0.0000|0.0000| - [1.000, 0.000, 0.000, 0.000, 0.000]
|  787|0.5000|0.5000|0.0000|0.0000| - [1.000, 0.000, 0.000, 0.000, 0.000]
|  788|0.5000|0.5000|0.0000|0.0000| - [1.000, 0.000, 0.000, 0.000, 0.000]
|  789|0.5000|0.5000|0.0000|0.0000| - [1.000, 0.000, 0.000, 0.000, 0.000]
|  790|0.5000|0.5000|0.0000|0.0000| - [1.000, 0.000, 0.000, 0.000, 0.000]
|  791|0.5000|0.5000|0.0000|0.0000| - [1.000, 0.000, 0.000, 0.000, 0.000]
|  792|0.5263|0.5000|0.1116|0.0167| - [1.000, 0.000, 0.000, 0.000, 0.000]
|  793|0.5000|0.5000|0.0000|0.0000| - [1.000, 0.000, 0.000, 0.000, 0.000]
|  794|0.5000|0.5000|0.0000|0.0000| - [1.000, 0.000, 0.000, 0.000, 0.000]
|  795|0.5000|0.5000|0.0000|0.0000| - [1.000, 0.000, 0.000, 0.000, 0.000]
|  796|0.5000|0.5000|0.0000|0.0000| - [1.000, 0.000, 0.000, 0.000, 0.000]
|  797|0.5000|0.5000|0.0000|0.0000| - [1.000, 0.000, 0.000, 0.000, 0.000]
|  798|0.5000|0.5000|0.0000|0.0000| - [1.000, 0.000, 0.000, 0.000, 0.000]
|  799|0.5000|0.5000|0.0000|0.0000| - [1.000, 0.000, 0.000, 0.000, 0.000]
|  800|0.5000|0.5000|0.0000|0.0000| - [1.000, 0.000, 0.000, 0.000, 0.000]
|  801|0.5000|0.5000|0.0000|0.0000| - [1.000, 0.000, 0.000, 0.000, 0.000]
|  802|0.5000|0.5000|0.0000|0.0000| - [1.000, 0.000, 0.000, 0.000, 0.000]
|  803|0.5000|0.5000|0.0000|0.0000| - [1.000, 0.000, 0.000, 0.000, 0.000]
|  804|0.5000|0.5000|0.0000|0.0000| - [1.000, 0.000, 0.000, 0.000, 0.000]
|  805|0.5000|0.5000|0.0000|0.0000| - [1.000, 0.000, 0.000, 0.000, 0.000]
|  806|0.5000|0.5000|0.0000|0.0000| - [1.000, 0.000, 0.000, 0.000, 0.000]
|  807|0.5000|0.5000|0.0000|0.0000| - [1.000, 0.000, 0.000, 0.000, 0.000]
|  808|0.5000|0.5000|0.0000|0.0000| - [1.000, 0.000, 0.000, 0.000, 0.000]
|  809|0.5000|0.5000|0.0000|0.0000| - [1.000, 0.000, 0.000, 0.000, 0.000]
|  810|0.5000|0.5000|0.0000|0.0000| - [1.000, 0.000, 0.000, 0.000, 0.000]
|  811|0.5000|0.5000|0.0000|0.0000| - [1.000, 0.000, 0.000, 0.000, 0.000]
|  812|0.5000|0.5000|0.0000|0.0000| - [1.000, 0.000, 0.000, 0.000, 0.000]
|  813|0.5000|0.5000|0.0000|0.0000| - [1.000, 0.000, 0.000, 0.000, 0.000]
|  814|0.5000|0.5000|0.0000|0.0000| - [1.000, 0.000, 0.000, 0.000, 0.000]
|  815|0.5000|0.5000|0.0000|0.0000| - [1.000, 0.000, 0.000, 0.000, 0.000]
|  816|0.5000|0.5000|0.0000|0.0000| - [1.000, 0.000, 0.000, 0.000, 0.000]
|  817|0.5000|0.5000|0.0000|0.0000| - [1.000, 0.000, 0.000, 0.000, 0.000]
|  818|0.5263|0.5000|0.1116|0.0143| - [1.000, 0.000, 0.000, 0.000, 0.000]
|  819|0.5000|0.5000|0.0000|0.0000| - [1.000, 0.000, 0.000, 0.000, 0.000]
|  820|0.5000|0.5000|0.0000|0.0000| - [1.000, 0.000, 0.000, 0.000, 0.000]
|  821|0.5000|0.5000|0.0000|0.0000| - [1.000, 0.000, 0.000, 0.000, 0.000]
|  822|0.5000|0.5000|0.0000|0.0000| - [1.000, 0.000, 0.000, 0.000, 0.000]
|  823|0.5000|0.5000|0.0000|0.0000| - [1.000, 0.000, 0.000, 0.000, 0.000]
|  824|0.5000|0.5000|0.0000|0.0000| - [1.000, 0.000, 0.000, 0.000, 0.000]
|  825|0.5000|0.5000|0.0000|0.0000| - [1.000, 0.000, 0.000, 0.000, 0.000]
|  826|0.5263|0.5000|0.1116|0.0015| - [1.000, 0.000, 0.000, 0.000, 0.000]
|  827|0.5000|0.5000|0.0000|0.0000| - [1.000, 0.000, 0.000, 0.000, 0.000]
|  828|0.5526|0.5000|0.1537|0.0145| - [1.000, 0.000, 0.000, 0.000, 0.000]
|  829|0.5000|0.5000|0.0000|0.0000| - [1.000, 0.000, 0.000, 0.000, 0.000]
|  830|0.5000|0.5000|0.0000|0.0000| - [1.000, 0.000, 0.000, 0.000, 0.000]
|  831|0.5000|0.5000|0.0000|0.0000| - [1.000, 0.000, 0.000, 0.000, 0.000]
|  832|0.5000|0.5000|0.0000|0.0000| - [1.000, 0.000, 0.000, 0.000, 0.000]
|  833|0.5000|0.5000|0.0000|0.0000| - [1.000, 0.000, 0.000, 0.000, 0.000]
|  834|0.5000|0.5000|0.0000|0.0000| - [1.000, 0.000, 0.000, 0.000, 0.000]
|  835|0.5000|0.5000|0.0000|0.0000| - [1.000, 0.000, 0.000, 0.000, 0.000]
|  836|0.5000|0.5000|0.0000|0.0000| - [1.000, 0.000, 0.000, 0.000, 0.000]
|  837|0.5000|0.5000|0.0000|0.0000| - [1.000, 0.000, 0.000, 0.000, 0.000]
|  838|0.5000|0.5000|0.0000|0.0000| - [1.000, 0.000, 0.000, 0.000, 0.000]
|  839|0.5000|0.5000|0.0000|0.0000| - [1.000, 0.000, 0.000, 0.000, 0.000]
|  840|0.5000|0.5000|0.0000|0.0000| - [1.000, 0.000, 0.000, 0.000, 0.000]
|  841|0.5000|0.5000|0.0000|0.0000| - [1.000, 0.000, 0.000, 0.000, 0.000]
|  842|0.5000|0.5000|0.0000|0.0000| - [1.000, 0.000, 0.000, 0.000, 0.000]
|  843|0.5000|0.5000|0.0000|0.0000| - [1.000, 0.000, 0.000, 0.000, 0.000]
|  844|0.5000|0.5000|0.0000|0.0000| - [1.000, 0.000, 0.000, 0.000, 0.000]
|  845|0.5000|0.5000|0.0000|0.0000| - [1.000, 0.000, 0.000, 0.000, 0.000]
|  846|0.5000|0.5000|0.0000|0.0000| - [1.000, 0.000, 0.000, 0.000, 0.000]
|  847|0.5000|0.5000|0.0000|0.0000| - [1.000, 0.000, 0.000, 0.000, 0.000]
|  848|0.5000|0.5000|0.0000|0.0000| - [1.000, 0.000, 0.000, 0.000, 0.000]
|  849|0.5000|0.5000|0.0000|0.0000| - [1.000, 0.000, 0.000, 0.000, 0.000]
|  850|0.5000|0.5000|0.0000|0.0000| - [1.000, 0.000, 0.000, 0.000, 0.000]
|  851|0.5000|0.5000|0.0000|0.0000| - [1.000, 0.000, 0.000, 0.000, 0.000]
|  852|0.5000|0.5000|0.0000|0.0000| - [1.000, 0.000, 0.000, 0.000, 0.000]
|  853|0.5000|0.5000|0.0000|0.0000| - [1.000, 0.000, 0.000, 0.000, 0.000]
|  854|0.5000|0.5000|0.0000|0.0000| - [1.000, 0.000, 0.000, 0.000, 0.000]
|  855|0.5000|0.5000|0.0000|0.0000| - [1.000, 0.000, 0.000, 0.000, 0.000]
|  856|0.5000|0.5000|0.0000|0.0000| - [1.000, 0.000, 0.000, 0.000, 0.000]
|  857|0.5000|0.5000|0.0000|0.0000| - [1.000, 0.000, 0.000, 0.000, 0.000]
|  858|0.5000|0.5000|0.0000|0.0000| - [1.000, 0.000, 0.000, 0.000, 0.000]
|  859|0.5263|0.5000|0.1116|0.0167| - [1.000, 0.000, 0.000, 0.000, 0.000]
|  860|0.5000|0.5000|0.0000|0.0000| - [1.000, 0.000, 0.000, 0.000, 0.000]
|  861|0.5000|0.5000|0.0000|0.0000| - [1.000, 0.000, 0.000, 0.000, 0.000]
|  862|0.5000|0.5000|0.0000|0.0000| - [1.000, 0.000, 0.000, 0.000, 0.000]
|  863|0.5000|0.5000|0.0000|0.0000| - [1.000, 0.000, 0.000, 0.000, 0.000]
|  864|0.5000|0.5000|0.0000|0.0000| - [1.000, 0.000, 0.000, 0.000, 0.000]
|  865|0.5000|0.5000|0.0000|0.0000| - [1.000, 0.000, 0.000, 0.000, 0.000]
|  866|0.5000|0.5000|0.0000|0.0000| - [1.000, 0.000, 0.000, 0.000, 0.000]
|  867|0.5000|0.5000|0.0000|0.0000| - [1.000, 0.000, 0.000, 0.000, 0.000]
|  868|0.5000|0.5000|0.0000|0.0000| - [1.000, 0.000, 0.000, 0.000, 0.000]
|  869|0.5000|0.5000|0.0000|0.0000| - [1.000, 0.000, 0.000, 0.000, 0.000]
|  870|0.5000|0.5000|0.0000|0.0000| - [1.000, 0.000, 0.000, 0.000, 0.000]
|  871|0.5000|0.5000|0.0000|0.0000| - [1.000, 0.000, 0.000, 0.000, 0.000]
|  872|0.5000|0.5000|0.0000|0.0000| - [1.000, 0.000, 0.000, 0.000, 0.000]
|  873|0.5263|0.5000|0.1116|0.0027| - [1.000, 0.000, 0.000, 0.000, 0.000]
|  874|0.5000|0.5000|0.0000|0.0000| - [1.000, 0.000, 0.000, 0.000, 0.000]
|  875|0.5000|0.5000|0.0000|0.0000| - [1.000, 0.000, 0.000, 0.000, 0.000]
|  876|0.5000|0.5000|0.0000|0.0000| - [1.000, 0.000, 0.000, 0.000, 0.000]
|  877|0.5000|0.5000|0.0000|0.0000| - [1.000, 0.000, 0.000, 0.000, 0.000]
|  878|0.5000|0.5000|0.0000|0.0000| - [1.000, 0.000, 0.000, 0.000, 0.000]
|  879|0.5000|0.5000|0.0000|0.0000| - [1.000, 0.000, 0.000, 0.000, 0.000]
|  880|0.5000|0.5000|0.0000|0.0000| - [1.000, 0.000, 0.000, 0.000, 0.000]
|  881|0.5263|0.5000|0.1116|0.0098| - [1.000, 0.000, 0.000, 0.000, 0.000]
|  882|0.5000|0.5000|0.0000|0.0000| - [1.000, 0.000, 0.000, 0.000, 0.000]
|  883|0.5000|0.5000|0.0000|0.0000| - [1.000, 0.000, 0.000, 0.000, 0.000]
|  884|0.5000|0.5000|0.0000|0.0000| - [1.000, 0.000, 0.000, 0.000, 0.000]
|  885|0.5000|0.5000|0.0000|0.0000| - [1.000, 0.000, 0.000, 0.000, 0.000]
|  886|0.5000|0.5000|0.0000|0.0000| - [1.000, 0.000, 0.000, 0.000, 0.000]
|  887|0.5000|0.5000|0.0000|0.0000| - [1.000, 0.000, 0.000, 0.000, 0.000]
|  888|0.5000|0.5000|0.0000|0.0000| - [1.000, 0.000, 0.000, 0.000, 0.000]
|  889|0.5000|0.5000|0.0000|0.0000| - [1.000, 0.000, 0.000, 0.000, 0.000]
|  890|0.5000|0.5000|0.0000|0.0000| - [1.000, 0.000, 0.000, 0.000, 0.000]
|  891|0.5000|0.5000|0.0000|0.0000| - [1.000, 0.000, 0.000, 0.000, 0.000]
|  892|0.5000|0.5000|0.0000|0.0000| - [1.000, 0.000, 0.000, 0.000, 0.000]
|  893|0.5000|0.5000|0.0000|0.0000| - [1.000, 0.000, 0.000, 0.000, 0.000]
|  894|0.5000|0.5000|0.0000|0.0000| - [1.000, 0.000, 0.000, 0.000, 0.000]
|  895|0.5000|0.5000|0.0000|0.0000| - [1.000, 0.000, 0.000, 0.000, 0.000]
|  896|0.5000|0.5000|0.0000|0.0000| - [1.000, 0.000, 0.000, 0.000, 0.000]
|  897|0.5000|0.5000|0.0000|0.0000| - [1.000, 0.000, 0.000, 0.000, 0.000]
|  898|0.5000|0.5000|0.0000|0.0000| - [1.000, 0.000, 0.000, 0.000, 0.000]
|  899|0.5000|0.5000|0.0000|0.0000| - [1.000, 0.000, 0.000, 0.000, 0.000]
|  900|0.5000|0.5000|0.0000|0.0000| - [1.000, 0.000, 0.000, 0.000, 0.000]
|  901|0.5000|0.5000|0.0000|0.0000| - [1.000, 0.000, 0.000, 0.000, 0.000]
|  902|0.5000|0.5000|0.0000|0.0000| - [1.000, 0.000, 0.000, 0.000, 0.000]
|  903|0.5000|0.5000|0.0000|0.0000| - [1.000, 0.000, 0.000, 0.000, 0.000]
|  904|0.5000|0.5000|0.0000|0.0000| - [1.000, 0.000, 0.000, 0.000, 0.000]
|  905|0.5000|0.5000|0.0000|0.0000| - [1.000, 0.000, 0.000, 0.000, 0.000]
|  906|0.5000|0.5000|0.0000|0.0000| - [1.000, 0.000, 0.000, 0.000, 0.000]
|  907|0.5263|0.5000|0.1116|0.0142| - [1.000, 0.000, 0.000, 0.000, 0.000]
|  908|0.5000|0.5000|0.0000|0.0000| - [1.000, 0.000, 0.000, 0.000, 0.000]
|  909|0.5000|0.5000|0.0000|0.0000| - [1.000, 0.000, 0.000, 0.000, 0.000]
|  910|0.5263|0.5000|0.1116|0.0041| - [1.000, 0.000, 0.000, 0.000, 0.000]
|  911|0.5000|0.5000|0.0000|0.0000| - [1.000, 0.000, 0.000, 0.000, 0.000]
|  912|0.5000|0.5000|0.0000|0.0000| - [1.000, 0.000, 0.000, 0.000, 0.000]
|  913|0.5000|0.5000|0.0000|0.0000| - [1.000, 0.000, 0.000, 0.000, 0.000]
|  914|0.5000|0.5000|0.0000|0.0000| - [1.000, 0.000, 0.000, 0.000, 0.000]
|  915|0.5000|0.5000|0.0000|0.0000| - [1.000, 0.000, 0.000, 0.000, 0.000]
|  916|0.5000|0.5000|0.0000|0.0000| - [1.000, 0.000, 0.000, 0.000, 0.000]
|  917|0.5000|0.5000|0.0000|0.0000| - [1.000, 0.000, 0.000, 0.000, 0.000]
|  918|0.5000|0.5000|0.0000|0.0000| - [1.000, 0.000, 0.000, 0.000, 0.000]
|  919|0.5000|0.5000|0.0000|0.0000| - [1.000, 0.000, 0.000, 0.000, 0.000]
|  920|0.5000|0.5000|0.0000|0.0000| - [1.000, 0.000, 0.000, 0.000, 0.000]
|  921|0.5000|0.5000|0.0000|0.0000| - [1.000, 0.000, 0.000, 0.000, 0.000]
|  922|0.5000|0.5000|0.0000|0.0000| - [1.000, 0.000, 0.000, 0.000, 0.000]
|  923|0.5263|0.5000|0.1116|0.0115| - [1.000, 0.000, 0.000, 0.000, 0.000]
|  924|0.5000|0.5000|0.0000|0.0000| - [1.000, 0.000, 0.000, 0.000, 0.000]
|  925|0.5000|0.5000|0.0000|0.0000| - [1.000, 0.000, 0.000, 0.000, 0.000]
|  926|0.5000|0.5000|0.0000|0.0000| - [1.000, 0.000, 0.000, 0.000, 0.000]
|  927|0.5000|0.5000|0.0000|0.0000| - [1.000, 0.000, 0.000, 0.000, 0.000]
|  928|0.5000|0.5000|0.0000|0.0000| - [1.000, 0.000, 0.000, 0.000, 0.000]
|  929|0.5000|0.5000|0.0000|0.0000| - [1.000, 0.000, 0.000, 0.000, 0.000]
|  930|0.5000|0.5000|0.0000|0.0000| - [1.000, 0.000, 0.000, 0.000, 0.000]
|  931|0.5000|0.5000|0.0000|0.0000| - [1.000, 0.000, 0.000, 0.000, 0.000]
|  932|0.5000|0.5000|0.0000|0.0000| - [1.000, 0.000, 0.000, 0.000, 0.000]
|  933|0.5000|0.5000|0.0000|0.0000| - [1.000, 0.000, 0.000, 0.000, 0.000]
|  934|0.5526|0.5000|0.1537|0.0086| - [1.000, 0.000, 0.000, 0.000, 0.000]
|  935|0.5000|0.5000|0.0000|0.0000| - [1.000, 0.000, 0.000, 0.000, 0.000]
|  936|0.5000|0.5000|0.0000|0.0000| - [1.000, 0.000, 0.000, 0.000, 0.000]
|  937|0.5000|0.5000|0.0000|0.0000| - [1.000, 0.000, 0.000, 0.000, 0.000]
|  938|0.5000|0.5000|0.0000|0.0000| - [1.000, 0.000, 0.000, 0.000, 0.000]
|  939|0.5000|0.5000|0.0000|0.0000| - [1.000, 0.000, 0.000, 0.000, 0.000]
|  940|0.5000|0.5000|0.0000|0.0000| - [1.000, 0.000, 0.000, 0.000, 0.000]
|  941|0.5000|0.5000|0.0000|0.0000| - [1.000, 0.000, 0.000, 0.000, 0.000]
|  942|0.5000|0.5000|0.0000|0.0000| - [1.000, 0.000, 0.000, 0.000, 0.000]
|  943|0.5000|0.5000|0.0000|0.0000| - [1.000, 0.000, 0.000, 0.000, 0.000]
|  944|0.5000|0.5000|0.0000|0.0000| - [1.000, 0.000, 0.000, 0.000, 0.000]
|  945|0.5000|0.5000|0.0000|0.0000| - [1.000, 0.000, 0.000, 0.000, 0.000]
|  946|0.5000|0.5000|0.0000|0.0000| - [1.000, 0.000, 0.000, 0.000, 0.000]
|  947|0.5000|0.5000|0.0000|0.0000| - [1.000, 0.000, 0.000, 0.000, 0.000]
|  948|0.5000|0.5000|0.0000|0.0000| - [1.000, 0.000, 0.000, 0.000, 0.000]
|  949|0.5263|0.5000|0.1116|0.0006| - [1.000, 0.000, 0.000, 0.000, 0.000]
|  950|0.5000|0.5000|0.0000|0.0000| - [1.000, 0.000, 0.000, 0.000, 0.000]
|  951|0.5000|0.5000|0.0000|0.0000| - [1.000, 0.000, 0.000, 0.000, 0.000]
|  952|0.5000|0.5000|0.0000|0.0000| - [1.000, 0.000, 0.000, 0.000, 0.000]
|  953|0.5000|0.5000|0.0000|0.0000| - [1.000, 0.000, 0.000, 0.000, 0.000]
|  954|0.5000|0.5000|0.0000|0.0000| - [1.000, 0.000, 0.000, 0.000, 0.000]
|  955|0.5000|0.5000|0.0000|0.0000| - [1.000, 0.000, 0.000, 0.000, 0.000]
|  956|0.5000|0.5000|0.0000|0.0000| - [1.000, 0.000, 0.000, 0.000, 0.000]
|  957|0.5000|0.5000|0.0000|0.0000| - [1.000, 0.000, 0.000, 0.000, 0.000]
|  958|0.5000|0.5000|0.0000|0.0000| - [1.000, 0.000, 0.000, 0.000, 0.000]
|  959|0.5000|0.5000|0.0000|0.0000| - [1.000, 0.000, 0.000, 0.000, 0.000]
|  960|0.5000|0.5000|0.0000|0.0000| - [1.000, 0.000, 0.000, 0.000, 0.000]
|  961|0.5000|0.5000|0.0000|0.0000| - [1.000, 0.000, 0.000, 0.000, 0.000]
|  962|0.5263|0.5000|0.1116|0.0102| - [1.000, 0.000, 0.000, 0.000, 0.000]
|  963|0.5000|0.5000|0.0000|0.0000| - [1.000, 0.000, 0.000, 0.000, 0.000]
|  964|0.5000|0.5000|0.0000|0.0000| - [1.000, 0.000, 0.000, 0.000, 0.000]
|  965|0.5000|0.5000|0.0000|0.0000| - [1.000, 0.000, 0.000, 0.000, 0.000]
|  966|0.5000|0.5000|0.0000|0.0000| - [1.000, 0.000, 0.000, 0.000, 0.000]
|  967|0.5000|0.5000|0.0000|0.0000| - [1.000, 0.000, 0.000, 0.000, 0.000]
|  968|0.5000|0.5000|0.0000|0.0000| - [1.000, 0.000, 0.000, 0.000, 0.000]
|  969|0.5000|0.5000|0.0000|0.0000| - [1.000, 0.000, 0.000, 0.000, 0.000]
|  970|0.5000|0.5000|0.0000|0.0000| - [1.000, 0.000, 0.000, 0.000, 0.000]
|  971|0.5000|0.5000|0.0000|0.0000| - [1.000, 0.000, 0.000, 0.000, 0.000]
|  972|0.5000|0.5000|0.0000|0.0000| - [1.000, 0.000, 0.000, 0.000, 0.000]
|  973|0.5000|0.5000|0.0000|0.0000| - [1.000, 0.000, 0.000, 0.000, 0.000]
|  974|0.5000|0.5000|0.0000|0.0000| - [1.000, 0.000, 0.000, 0.000, 0.000]
|  975|0.5000|0.5000|0.0000|0.0000| - [1.000, 0.000, 0.000, 0.000, 0.000]
|  976|0.5000|0.5000|0.0000|0.0000| - [1.000, 0.000, 0.000, 0.000, 0.000]
|  977|0.5000|0.5000|0.0000|0.0000| - [1.000, 0.000, 0.000, 0.000, 0.000]
|  978|0.5000|0.5000|0.0000|0.0000| - [1.000, 0.000, 0.000, 0.000, 0.000]
|  979|0.5000|0.5000|0.0000|0.0000| - [1.000, 0.000, 0.000, 0.000, 0.000]
|  980|0.5000|0.5000|0.0000|0.0000| - [1.000, 0.000, 0.000, 0.000, 0.000]
|  981|0.5000|0.5000|0.0000|0.0000| - [1.000, 0.000, 0.000, 0.000, 0.000]
|  982|0.5000|0.5000|0.0000|0.0000| - [1.000, 0.000, 0.000, 0.000, 0.000]
|  983|0.5263|0.5000|0.1116|0.0057| - [1.000, 0.000, 0.000, 0.000, 0.000]
|  984|0.5000|0.5000|0.0000|0.0000| - [1.000, 0.000, 0.000, 0.000, 0.000]
|  985|0.5000|0.5000|0.0000|0.0000| - [1.000, 0.000, 0.000, 0.000, 0.000]
|  986|0.5000|0.5000|0.0000|0.0000| - [1.000, 0.000, 0.000, 0.000, 0.000]
|  987|0.5000|0.5000|0.0000|0.0000| - [1.000, 0.000, 0.000, 0.000, 0.000]
|  988|0.5000|0.5000|0.0000|0.0000| - [1.000, 0.000, 0.000, 0.000, 0.000]
|  989|0.5000|0.5000|0.0000|0.0000| - [1.000, 0.000, 0.000, 0.000, 0.000]
|  990|0.5000|0.5000|0.0000|0.0000| - [1.000, 0.000, 0.000, 0.000, 0.000]
|  991|0.5000|0.5000|0.0000|0.0000| - [1.000, 0.000, 0.000, 0.000, 0.000]
|  992|0.5000|0.5000|0.0000|0.0000| - [1.000, 0.000, 0.000, 0.000, 0.000]
|  993|0.5000|0.5000|0.0000|0.0000| - [1.000, 0.000, 0.000, 0.000, 0.000]
|  994|0.5000|0.5000|0.0000|0.0000| - [1.000, 0.000, 0.000, 0.000, 0.000]
|  995|0.5000|0.5000|0.0000|0.0000| - [1.000, 0.000, 0.000, 0.000, 0.000]
|  996|0.5000|0.5000|0.0000|0.0000| - [1.000, 0.000, 0.000, 0.000, 0.000]
|  997|0.5000|0.5000|0.0000|0.0000| - [1.000, 0.000, 0.000, 0.000, 0.000]
|  998|0.5000|0.5000|0.0000|0.0000| - [1.000, 0.000, 0.000, 0.000, 0.000]
|  999|0.5000|0.5000|0.0000|0.0000| - [1.000, 0.000, 0.000, 0.000, 0.000]
| 1000|0.5000|0.5000|0.0000|0.0000| - [1.000, 0.000, 0.000, 0.000, 0.000]
+-----+------+------+------+------+ 
