# Blotto run, B: 5, Rf: 0.50, Lf: 0.00 - 0.11 sec 
+-----+------+------+------+------+ 
| gen | best | mean |  sd  | avgH | best strategy
+-----+------+------+------+------+ 
|    1|0.8250|0.5000|0.1309|2.1043| - [0.336, 0.003, 0.333, 0.304, 0.024]
|    2|0.9737|0.5000|0.1839|2.1507| - [0.336, 0.003, 0.333, 0.304, 0.024]
|    3|0.9737|0.5000|0.2116|2.1153| - [0.336, 0.003, 0.333, 0.304, 0.024]
|    4|0.9737|0.5000|0.2588|2.0843| - [0.336, 0.003, 0.333, 0.304, 0.024]
|    5|0.9737|0.5000|0.2017|1.9212| - [0.321, 0.005, 0.340, 0.310, 0.024]
|    6|0.9211|0.5000|0.2505|1.8803| - [0.321, 0.005, 0.340, 0.310, 0.024]
|    7|0.9474|0.5000|0.2661|1.8557| - [0.321, 0.005, 0.340, 0.310, 0.024]
|    8|0.9474|0.5000|0.2231|1.7582| - [0.321, 0.005, 0.340, 0.310, 0.024]
|    9|0.9474|0.5000|0.1829|1.7318| - [0.321, 0.005, 0.340, 0.310, 0.024]
|   10|0.8684|0.5000|0.2464|1.7345| - [0.321, 0.005, 0.340, 0.310, 0.024]
|   11|0.9737|0.5000|0.2483|1.7323| - [0.344, 0.003, 0.341, 0.287, 0.024]
|   12|0.9737|0.5000|0.2767|1.7348| - [0.344, 0.003, 0.341, 0.287, 0.024]
|   13|0.9474|0.5000|0.2053|1.7443| - [0.344, 0.003, 0.341, 0.287, 0.024]
|   14|0.8947|0.5000|0.2038|1.7446| - [0.344, 0.003, 0.341, 0.287, 0.024]
|   15|0.9737|0.5000|0.2549|1.7378| - [0.322, 0.003, 0.353, 0.297, 0.025]
|   16|0.8421|0.5000|0.2394|1.7355| - [0.322, 0.003, 0.353, 0.297, 0.025]
|   17|0.8158|0.5000|0.2711|1.7330| - [0.304, 0.003, 0.362, 0.305, 0.026]
|   18|0.9737|0.5000|0.2686|1.7337| - [0.305, 0.003, 0.363, 0.306, 0.024]
|   19|0.9211|0.5000|0.2228|1.7421| - [0.305, 0.003, 0.363, 0.306, 0.024]
|   20|0.7895|0.5000|0.2695|1.7332| - [0.305, 0.003, 0.363, 0.306, 0.024]
|   21|0.9737|0.5000|0.2588|1.7334| - [0.317, 0.003, 0.378, 0.276, 0.025]
|   22|0.9737|0.5000|0.1829|1.7309| - [0.317, 0.003, 0.378, 0.276, 0.025]
|   23|0.8684|0.5000|0.2202|1.7299| - [0.317, 0.003, 0.378, 0.276, 0.025]
|   24|0.7105|0.5000|0.2469|1.7292| - [0.317, 0.003, 0.378, 0.276, 0.025]
|   25|0.5789|0.5000|0.1829|1.7370| - [0.317, 0.003, 0.378, 0.276, 0.025]
|   26|0.5000|0.5000|0.0000|1.7283| - [0.317, 0.003, 0.378, 0.276, 0.025]
|   27|0.9737|0.5000|0.1116|1.7277| - [0.334, 0.003, 0.397, 0.239, 0.027]
|   28|0.9737|0.5000|0.1831|1.7207| - [0.334, 0.003, 0.397, 0.239, 0.027]
|   29|0.9737|0.5000|0.1116|1.7277| - [0.334, 0.003, 0.397, 0.239, 0.027]
|   30|0.8684|0.5000|0.2348|1.7338| - [0.334, 0.003, 0.397, 0.239, 0.027]
|   31|0.9737|0.5000|0.2443|1.7218| - [0.341, 0.003, 0.331, 0.297, 0.027]
|   32|0.9737|0.5000|0.2674|1.7292| - [0.341, 0.003, 0.331, 0.297, 0.027]
|   33|0.9737|0.5000|0.2616|1.7366| - [0.341, 0.003, 0.331, 0.297, 0.027]
|   34|0.9737|0.5000|0.2759|1.7379| - [0.341, 0.003, 0.331, 0.297, 0.027]
|   35|0.9737|0.5000|0.2759|1.7383| - [0.328, 0.003, 0.338, 0.303, 0.028]
|   36|0.9737|0.5000|0.1116|1.7460| - [0.328, 0.003, 0.338, 0.303, 0.028]
|   37|0.9211|0.5000|0.2228|1.7464| - [0.328, 0.003, 0.338, 0.303, 0.028]
|   38|0.8421|0.5000|0.2443|1.7468| - [0.328, 0.003, 0.338, 0.303, 0.028]
|   39|0.9737|0.5000|0.2650|1.7475| - [0.332, 0.003, 0.342, 0.294, 0.028]
|   40|0.9474|0.5000|0.1829|1.7491| - [0.332, 0.003, 0.342, 0.294, 0.028]
|   41|0.9737|0.5000|0.2054|1.7491| - [0.329, 0.003, 0.344, 0.295, 0.028]
|   42|0.9737|0.5000|0.2363|1.7477| - [0.329, 0.003, 0.344, 0.295, 0.028]
|   43|0.9737|0.5000|0.2650|1.7464| - [0.329, 0.003, 0.344, 0.295, 0.028]
|   44|0.9737|0.5000|0.2372|1.7482| - [0.353, 0.003, 0.301, 0.312, 0.030]
|   45|0.9737|0.5000|0.2727|1.7492| - [0.353, 0.003, 0.301, 0.312, 0.030]
|   46|0.9737|0.5000|0.2814|1.7455| - [0.353, 0.003, 0.301, 0.312, 0.030]
|   47|0.9737|0.5000|0.2699|1.7562| - [0.373, 0.004, 0.318, 0.274, 0.032]
|   48|0.8947|0.5000|0.2645|1.7561| - [0.373, 0.004, 0.318, 0.274, 0.032]
|   49|0.7632|0.5000|0.2674|1.7563| - [0.373, 0.004, 0.318, 0.274, 0.032]
|   50|0.6053|0.5000|0.2038|1.7557| - [0.373, 0.004, 0.318, 0.274, 0.032]
|   51|0.5000|0.5000|0.0000|1.7555| - [0.373, 0.004, 0.318, 0.274, 0.032]
|   52|0.9737|0.5000|0.1116|1.7495| - [0.383, 0.004, 0.327, 0.282, 0.005]
|   53|0.9211|0.5000|0.2228|1.7416| - [0.383, 0.004, 0.327, 0.282, 0.005]
|   54|0.9211|0.5000|0.1823|1.7373| - [0.383, 0.004, 0.327, 0.282, 0.005]
|   55|0.9737|0.5000|0.2510|1.7131| - [0.384, 0.004, 0.297, 0.283, 0.033]
|   56|0.8421|0.5000|0.2443|1.6832| - [0.384, 0.004, 0.297, 0.283, 0.033]
|   57|0.6579|0.5000|0.2324|1.7202| - [0.384, 0.004, 0.297, 0.283, 0.033]
|   58|0.5000|0.5000|0.0000|1.7572| - [0.384, 0.004, 0.297, 0.283, 0.033]
|   59|0.5000|0.5000|0.0000|1.7572| - [0.384, 0.004, 0.297, 0.283, 0.033]
|   60|0.9737|0.5000|0.1116|1.7572| - [0.385, 0.004, 0.295, 0.283, 0.033]
|   61|0.9737|0.5000|0.1831|1.7475| - [0.397, 0.004, 0.307, 0.292, 0.000]
|   62|0.9737|0.5000|0.2443|1.7490| - [0.397, 0.004, 0.307, 0.292, 0.000]
|   63|0.9474|0.5000|0.2650|1.7393| - [0.397, 0.004, 0.307, 0.292, 0.000]
|   64|0.9474|0.5000|0.1534|1.7408| - [0.397, 0.004, 0.307, 0.292, 0.000]
|   65|0.9737|0.5000|0.1116|1.7490| - [0.397, 0.004, 0.307, 0.292, 0.000]
|   66|0.9737|0.5000|0.1831|1.7539| - [0.397, 0.004, 0.307, 0.292, 0.000]
|   67|0.9737|0.5000|0.2348|1.7429| - [0.397, 0.004, 0.307, 0.292, 0.000]
|   68|0.9737|0.5000|0.2674|1.7248| - [0.408, 0.004, 0.312, 0.241, 0.035]
|   69|0.9737|0.5000|0.2633|1.6688| - [0.408, 0.004, 0.312, 0.241, 0.035]
|   70|0.9737|0.5000|0.2647|1.6699| - [0.408, 0.004, 0.312, 0.241, 0.035]
|   71|0.9737|0.5000|0.1537|1.6096| - [0.408, 0.004, 0.312, 0.241, 0.035]
|   72|0.8158|0.5000|0.2412|1.6552| - [0.408, 0.004, 0.312, 0.241, 0.035]
|   73|0.6579|0.5000|0.2324|1.7010| - [0.408, 0.004, 0.312, 0.241, 0.035]
|   74|0.9737|0.5000|0.1116|1.7467| - [0.412, 0.004, 0.305, 0.243, 0.035]
|   75|0.8421|0.5000|0.2324|1.7469| - [0.412, 0.004, 0.305, 0.243, 0.035]
|   76|0.8421|0.5000|0.2443|1.7469| - [0.412, 0.004, 0.305, 0.243, 0.035]
|   77|0.6053|0.5000|0.2053|1.7472| - [0.412, 0.004, 0.305, 0.243, 0.035]
|   78|0.9737|0.5000|0.1831|1.7383| - [0.442, 0.004, 0.255, 0.261, 0.038]
|   79|0.9474|0.5000|0.2371|1.7279| - [0.442, 0.004, 0.255, 0.261, 0.038]
|   80|0.8158|0.5000|0.2724|1.7142| - [0.442, 0.004, 0.255, 0.261, 0.038]
|   81|0.9737|0.5000|0.2218|1.7070| - [0.464, 0.005, 0.267, 0.225, 0.039]
|   82|0.9474|0.5000|0.1829|1.7395| - [0.464, 0.005, 0.267, 0.225, 0.039]
|   83|0.9737|0.5000|0.1829|1.7371| - [0.488, 0.005, 0.281, 0.185, 0.041]
|   84|0.9737|0.5000|0.1831|1.7285| - [0.509, 0.005, 0.293, 0.193, 0.000]
|   85|0.9474|0.5000|0.1534|1.7167| - [0.509, 0.005, 0.293, 0.193, 0.000]
|   86|0.8947|0.5000|0.2363|1.6906| - [0.509, 0.005, 0.293, 0.193, 0.000]
|   87|0.8158|0.5000|0.2587|1.6527| - [0.509, 0.005, 0.293, 0.193, 0.000]
|   88|0.5789|0.5000|0.1823|1.5472| - [0.509, 0.005, 0.293, 0.193, 0.000]
|   89|0.5000|0.5000|0.0000|1.5109| - [0.509, 0.005, 0.293, 0.193, 0.000]
|   90|0.5000|0.5000|0.0000|1.5109| - [0.509, 0.005, 0.293, 0.193, 0.000]
|   91|0.5000|0.5000|0.0000|1.5109| - [0.509, 0.005, 0.293, 0.193, 0.000]
|   92|0.5000|0.5000|0.0000|1.5109| - [0.509, 0.005, 0.293, 0.193, 0.000]
|   93|0.9737|0.5000|0.1116|1.5105| - [0.514, 0.005, 0.296, 0.185, 0.000]
|   94|0.9737|0.5000|0.1537|1.5092| - [0.543, 0.005, 0.247, 0.206, 0.000]
|   95|0.9737|0.5000|0.2650|1.5037| - [0.547, 0.005, 0.241, 0.207, 0.000]
|   96|0.9211|0.5000|0.2371|1.4981| - [0.547, 0.005, 0.241, 0.207, 0.000]
|   97|0.7368|0.5000|0.2220|1.4955| - [0.547, 0.005, 0.241, 0.207, 0.000]
|   98|0.6842|0.5000|0.2466|1.4872| - [0.547, 0.005, 0.241, 0.207, 0.000]
|   99|0.6316|0.5000|0.2228|1.4833| - [0.547, 0.005, 0.241, 0.207, 0.000]
|  100|0.5000|0.5000|0.0000|1.4817| - [0.547, 0.005, 0.241, 0.207, 0.000]
|  101|0.9737|0.5000|0.1116|1.4786| - [0.580, 0.006, 0.255, 0.159, 0.000]
|  102|0.9737|0.5000|0.1831|1.4750| - [0.580, 0.006, 0.255, 0.159, 0.000]
|  103|0.9737|0.5000|0.1116|1.4786| - [0.580, 0.006, 0.255, 0.159, 0.000]
|  104|0.9474|0.5000|0.1534|1.4755| - [0.580, 0.006, 0.255, 0.159, 0.000]
|  105|0.9211|0.5000|0.2241|1.4365| - [0.578, 0.006, 0.256, 0.160, 0.000]
|  106|0.9737|0.5000|0.2228|1.4191| - [0.615, 0.006, 0.210, 0.169, 0.000]
|  107|0.9737|0.5000|0.2651|1.4007| - [0.615, 0.006, 0.210, 0.169, 0.000]
|  108|0.8684|0.5000|0.2556|1.3875| - [0.615, 0.006, 0.210, 0.169, 0.000]
|  109|0.9737|0.5000|0.2561|1.3800| - [0.629, 0.006, 0.192, 0.173, 0.000]
|  110|0.9474|0.5000|0.2001|1.3757| - [0.629, 0.006, 0.192, 0.173, 0.000]
|  111|0.9737|0.5000|0.2372|1.3761| - [0.593, 0.006, 0.222, 0.178, 0.000]
|  112|0.9737|0.5000|0.2767|1.3837| - [0.593, 0.006, 0.222, 0.178, 0.000]
|  113|0.6316|0.5000|0.2218|1.4069| - [0.593, 0.006, 0.222, 0.178, 0.000]
|  114|0.9737|0.5000|0.1116|1.4168| - [0.597, 0.000, 0.223, 0.180, 0.000]
|  115|0.9211|0.5000|0.1823|1.4119| - [0.597, 0.000, 0.223, 0.180, 0.000]
|  116|0.7632|0.5000|0.2497|1.3971| - [0.597, 0.000, 0.223, 0.180, 0.000]
|  117|0.7105|0.5000|0.2469|1.3921| - [0.597, 0.000, 0.223, 0.180, 0.000]
|  118|0.6316|0.5000|0.2202|1.3847| - [0.597, 0.000, 0.223, 0.180, 0.000]
|  119|0.5263|0.5000|0.0999|1.3759| - [0.597, 0.000, 0.223, 0.180, 0.000]
|  120|0.7632|0.5000|0.0939|1.3813| - [0.599, 0.000, 0.221, 0.180, 0.000]
|  121|0.8158|0.5000|0.1403|1.3754| - [0.630, 0.000, 0.180, 0.190, 0.000]
|  122|0.8684|0.5000|0.1675|1.3733| - [0.630, 0.000, 0.180, 0.190, 0.000]
|  123|0.7368|0.5000|0.0916|1.3810| - [0.617, 0.006, 0.216, 0.161, 0.000]
|  124|0.7368|0.5000|0.0768|1.3816| - [0.617, 0.006, 0.216, 0.161, 0.000]
|  125|0.8421|0.5000|0.1411|1.3865| - [0.617, 0.006, 0.216, 0.161, 0.000]
|  126|0.7105|0.5000|0.1416|1.3817| - [0.591, 0.006, 0.223, 0.179, 0.000]
|  127|0.7368|0.5000|0.1712|1.3878| - [0.591, 0.006, 0.223, 0.179, 0.000]
|  128|0.7105|0.5000|0.1686|1.3866| - [0.591, 0.006, 0.223, 0.179, 0.000]
|  129|0.7895|0.5000|0.2230|1.4018| - [0.597, 0.000, 0.223, 0.180, 0.000]
|  130|0.8421|0.5000|0.1827|1.4129| - [0.597, 0.000, 0.223, 0.180, 0.000]
|  131|0.9737|0.5000|0.2549|1.3940| - [0.620, 0.007, 0.184, 0.188, 0.000]
|  132|0.9737|0.5000|0.1116|1.3727| - [0.620, 0.007, 0.184, 0.188, 0.000]
|  133|0.9737|0.5000|0.1116|1.3727| - [0.620, 0.007, 0.184, 0.188, 0.000]
|  134|0.9211|0.5000|0.1823|1.3735| - [0.620, 0.007, 0.184, 0.188, 0.000]
|  135|0.8947|0.5000|0.2038|1.3738| - [0.620, 0.007, 0.184, 0.188, 0.000]
|  136|0.8158|0.5000|0.2510|1.3749| - [0.620, 0.007, 0.184, 0.188, 0.000]
|  137|0.6053|0.5000|0.2038|1.3779| - [0.620, 0.007, 0.184, 0.188, 0.000]
|  138|0.5263|0.5000|0.1116|1.3790| - [0.620, 0.007, 0.184, 0.188, 0.000]
|  139|0.5000|0.5000|0.0000|1.3793| - [0.620, 0.007, 0.184, 0.188, 0.000]
|  140|0.5000|0.5000|0.0000|1.3793| - [0.620, 0.007, 0.184, 0.188, 0.000]
|  141|0.9737|0.5000|0.1116|1.3802| - [0.611, 0.007, 0.189, 0.193, 0.000]
|  142|0.9211|0.5000|0.1823|1.3815| - [0.617, 0.007, 0.186, 0.190, 0.000]
|  143|0.7895|0.5000|0.2469|1.3834| - [0.617, 0.007, 0.186, 0.190, 0.000]
|  144|0.5526|0.5000|0.1534|1.3874| - [0.617, 0.007, 0.186, 0.190, 0.000]
|  145|0.9737|0.5000|0.1116|1.3895| - [0.592, 0.007, 0.198, 0.202, 0.000]
|  146|0.9737|0.5000|0.1116|1.3890| - [0.592, 0.007, 0.198, 0.202, 0.000]
|  147|0.9737|0.5000|0.1831|1.3924| - [0.592, 0.007, 0.198, 0.202, 0.000]
|  148|0.9737|0.5000|0.1116|1.3890| - [0.592, 0.007, 0.198, 0.202, 0.000]
|  149|0.8947|0.5000|0.2038|1.3957| - [0.592, 0.007, 0.198, 0.202, 0.000]
|  150|0.9474|0.5000|0.1534|1.3912| - [0.592, 0.007, 0.198, 0.202, 0.000]
|  151|0.9737|0.5000|0.1116|1.3890| - [0.592, 0.007, 0.198, 0.202, 0.000]
|  152|0.9737|0.5000|0.1831|1.3820| - [0.673, 0.008, 0.203, 0.116, 0.000]
|  153|0.9737|0.5000|0.2049|1.3871| - [0.673, 0.008, 0.203, 0.116, 0.000]
|  154|0.9737|0.5000|0.2724|1.3450| - [0.673, 0.008, 0.203, 0.116, 0.000]
|  155|0.7105|0.5000|0.2540|1.3177| - [0.673, 0.008, 0.203, 0.116, 0.000]
|  156|0.9737|0.5000|0.2054|1.2758| - [0.664, 0.008, 0.209, 0.119, 0.000]
|  157|0.9737|0.5000|0.2218|1.2711| - [0.664, 0.008, 0.209, 0.119, 0.000]
|  158|0.9211|0.5000|0.2361|1.2720| - [0.664, 0.008, 0.209, 0.119, 0.000]
|  159|0.8158|0.5000|0.2049|1.2672| - [0.669, 0.000, 0.210, 0.120, 0.000]
|  160|0.7105|0.5000|0.1999|1.2542| - [0.669, 0.000, 0.210, 0.120, 0.000]
|  161|0.8684|0.5000|0.1523|1.2451| - [0.667, 0.000, 0.212, 0.121, 0.000]
|  162|0.8158|0.5000|0.1928|1.2318| - [0.667, 0.000, 0.212, 0.121, 0.000]
|  163|0.8158|0.5000|0.2412|1.2300| - [0.667, 0.000, 0.212, 0.121, 0.000]
|  164|0.9737|0.5000|0.1829|1.2282| - [0.693, 0.000, 0.220, 0.087, 0.000]
|  165|0.9474|0.5000|0.1534|1.2244| - [0.693, 0.000, 0.220, 0.087, 0.000]
|  166|0.7895|0.5000|0.2469|1.1992| - [0.693, 0.000, 0.220, 0.087, 0.000]
|  167|0.7368|0.5000|0.2497|1.1908| - [0.693, 0.000, 0.220, 0.087, 0.000]
|  168|0.6053|0.5000|0.2049|1.1643| - [0.693, 0.000, 0.220, 0.087, 0.000]
|  169|0.5000|0.5000|0.0000|1.1530| - [0.693, 0.000, 0.220, 0.087, 0.000]
|  170|0.5000|0.5000|0.0000|1.1530| - [0.693, 0.000, 0.220, 0.087, 0.000]
|  171|0.9737|0.5000|0.1116|1.1523| - [0.702, 0.000, 0.211, 0.088, 0.000]
|  172|0.9211|0.5000|0.1823|1.1510| - [0.702, 0.000, 0.211, 0.088, 0.000]
|  173|0.9211|0.5000|0.1823|1.1510| - [0.702, 0.000, 0.211, 0.088, 0.000]
|  174|0.9211|0.5000|0.1823|1.1510| - [0.702, 0.000, 0.211, 0.088, 0.000]
|  175|0.7368|0.5000|0.2040|1.1468| - [0.702, 0.000, 0.211, 0.088, 0.000]
|  176|0.7105|0.5000|0.2469|1.1456| - [0.702, 0.000, 0.211, 0.088, 0.000]
|  177|0.6842|0.5000|0.2412|1.1450| - [0.702, 0.000, 0.211, 0.088, 0.000]
|  178|0.5789|0.5000|0.1831|1.1493| - [0.702, 0.000, 0.211, 0.088, 0.000]
|  179|0.5000|0.5000|0.0000|1.1403| - [0.702, 0.000, 0.211, 0.088, 0.000]
|  180|0.5000|0.5000|0.0000|1.1403| - [0.702, 0.000, 0.211, 0.088, 0.000]
|  181|0.9737|0.5000|0.1537|1.1388| - [0.722, 0.000, 0.188, 0.090, 0.000]
|  182|0.9737|0.5000|0.2443|1.1402| - [0.722, 0.000, 0.188, 0.090, 0.000]
|  183|0.9737|0.5000|0.2561|1.1411| - [0.722, 0.000, 0.188, 0.090, 0.000]
|  184|0.9474|0.5000|0.2231|1.1405| - [0.722, 0.000, 0.188, 0.090, 0.000]
|  185|0.7105|0.5000|0.2469|1.1230| - [0.722, 0.000, 0.188, 0.090, 0.000]
|  186|0.5000|0.5000|0.0000|1.1064| - [0.722, 0.000, 0.188, 0.090, 0.000]
|  187|0.9737|0.5000|0.1116|1.1028| - [0.755, 0.000, 0.150, 0.095, 0.000]
|  188|0.8947|0.5000|0.2038|1.0921| - [0.755, 0.000, 0.150, 0.095, 0.000]
|  189|0.7368|0.5000|0.2497|1.0705| - [0.755, 0.000, 0.150, 0.095, 0.000]
|  190|0.6316|0.5000|0.2202|1.0561| - [0.755, 0.000, 0.150, 0.095, 0.000]
|  191|0.5789|0.5000|0.1831|1.0464| - [0.755, 0.000, 0.150, 0.095, 0.000]
|  192|0.9737|0.5000|0.2049|1.0356| - [0.772, 0.000, 0.131, 0.097, 0.000]
|  193|0.8684|0.5000|0.2202|1.0278| - [0.772, 0.000, 0.131, 0.097, 0.000]
|  194|0.7368|0.5000|0.2040|1.0188| - [0.772, 0.000, 0.131, 0.097, 0.000]
|  195|0.9737|0.5000|0.2348|1.0091| - [0.773, 0.000, 0.130, 0.097, 0.000]
|  196|0.9737|0.5000|0.1829|1.0029| - [0.773, 0.000, 0.130, 0.097, 0.000]
|  197|0.9737|0.5000|0.2218|0.9956| - [0.792, 0.000, 0.109, 0.099, 0.000]
|  198|0.8421|0.5000|0.2443|0.9820| - [0.792, 0.000, 0.109, 0.099, 0.000]
|  199|0.7105|0.5000|0.2469|0.9682| - [0.792, 0.000, 0.109, 0.099, 0.000]
|  200|0.5263|0.5000|0.1116|0.9487| - [0.792, 0.000, 0.109, 0.099, 0.000]
|  201|0.9737|0.5000|0.1116|0.9417| - [0.816, 0.000, 0.112, 0.072, 0.000]
|  202|0.9737|0.5000|0.1537|0.9383| - [0.816, 0.000, 0.112, 0.072, 0.000]
|  203|0.9211|0.5000|0.2222|0.9342| - [0.813, 0.000, 0.086, 0.102, 0.000]
|  204|0.9474|0.5000|0.2574|0.9216| - [0.801, 0.000, 0.118, 0.081, 0.000]
|  205|0.7632|0.5000|0.2265|0.9297| - [0.801, 0.000, 0.118, 0.081, 0.000]
|  206|0.7105|0.5000|0.1320|0.9268| - [0.790, 0.000, 0.124, 0.085, 0.000]
|  207|0.9211|0.5000|0.1369|0.9240| - [0.870, 0.000, 0.128, 0.002, 0.000]
|  208|0.8947|0.5000|0.1323|0.9313| - [0.870, 0.000, 0.128, 0.002, 0.000]
|  209|0.8158|0.5000|0.1859|0.8740| - [0.870, 0.000, 0.128, 0.002, 0.000]
|  210|0.7368|0.5000|0.1264|0.8815| - [0.870, 0.000, 0.128, 0.002, 0.000]
|  211|0.6316|0.5000|0.1237|0.8245| - [0.870, 0.000, 0.128, 0.002, 0.000]
|  212|0.5263|0.5000|0.0694|0.7453| - [0.870, 0.000, 0.128, 0.002, 0.000]
|  213|0.6842|0.5000|0.0452|0.7416| - [0.826, 0.006, 0.079, 0.089, 0.000]
|  214|0.7368|0.5000|0.0573|0.7861| - [0.826, 0.006, 0.079, 0.089, 0.000]
|  215|0.7632|0.5000|0.0854|0.8094| - [0.826, 0.006, 0.079, 0.089, 0.000]
|  216|0.9737|0.5000|0.1183|0.7238| - [0.853, 0.007, 0.139, 0.002, 0.000]
|  217|0.7895|0.5000|0.2230|0.7837| - [0.853, 0.007, 0.139, 0.002, 0.000]
|  218|0.7368|0.5000|0.2083|0.8252| - [0.853, 0.007, 0.139, 0.002, 0.000]
|  219|0.7368|0.5000|0.1183|0.7718| - [0.858, 0.000, 0.140, 0.002, 0.000]
|  220|0.9737|0.5000|0.1116|0.6529| - [0.858, 0.000, 0.140, 0.002, 0.000]
|  221|0.9211|0.5000|0.1823|0.6474| - [0.858, 0.000, 0.140, 0.002, 0.000]
|  222|0.7895|0.5000|0.2469|0.6335| - [0.858, 0.000, 0.140, 0.002, 0.000]
|  223|0.9737|0.5000|0.2218|0.6149| - [0.853, 0.000, 0.145, 0.002, 0.000]
|  224|0.8947|0.5000|0.2218|0.6051| - [0.853, 0.000, 0.145, 0.002, 0.000]
|  225|0.8947|0.5000|0.2475|0.6031| - [0.853, 0.000, 0.145, 0.002, 0.000]
|  226|0.9211|0.5000|0.2612|0.5994| - [0.853, 0.000, 0.145, 0.002, 0.000]
|  227|0.9737|0.5000|0.2723|0.5769| - [0.961, 0.000, 0.037, 0.002, 0.000]
|  228|0.8421|0.5000|0.2715|0.4913| - [0.961, 0.000, 0.037, 0.002, 0.000]
|  229|0.7368|0.5000|0.2588|0.4227| - [0.961, 0.000, 0.037, 0.002, 0.000]
|  230|0.6579|0.5000|0.2348|0.3630| - [0.961, 0.000, 0.037, 0.002, 0.000]
|  231|0.6316|0.5000|0.2202|0.3454| - [0.961, 0.000, 0.037, 0.002, 0.000]
|  232|0.5789|0.5000|0.1823|0.3065| - [0.961, 0.000, 0.037, 0.002, 0.000]
|  233|0.5000|0.5000|0.0000|0.2481| - [0.961, 0.000, 0.037, 0.002, 0.000]
|  234|0.5000|0.5000|0.0000|0.2481| - [0.961, 0.000, 0.037, 0.002, 0.000]
|  235|0.5263|0.5000|0.1116|0.2578| - [0.961, 0.000, 0.037, 0.002, 0.000]
|  236|0.5000|0.5000|0.0000|0.2481| - [0.961, 0.000, 0.037, 0.002, 0.000]
|  237|0.5000|0.5000|0.0000|0.2481| - [0.961, 0.000, 0.037, 0.002, 0.000]
|  238|0.5000|0.5000|0.0000|0.2481| - [0.961, 0.000, 0.037, 0.002, 0.000]
|  239|0.5000|0.5000|0.0000|0.2481| - [0.961, 0.000, 0.037, 0.002, 0.000]
|  240|0.9737|0.5000|0.1116|0.2362| - [0.998, 0.000, 0.000, 0.002, 0.000]
|  241|0.9737|0.5000|0.1116|0.2362| - [0.998, 0.000, 0.000, 0.002, 0.000]
|  242|0.8421|0.5000|0.2443|0.1770| - [0.998, 0.000, 0.000, 0.002, 0.000]
|  243|0.7632|0.5000|0.2612|0.1494| - [0.998, 0.000, 0.000, 0.002, 0.000]
|  244|0.5789|0.5000|0.1823|0.0585| - [0.998, 0.000, 0.000, 0.002, 0.000]
|  245|0.5000|0.5000|0.0000|0.0226| - [0.998, 0.000, 0.000, 0.002, 0.000]
|  246|0.5000|0.5000|0.0000|0.0226| - [0.998, 0.000, 0.000, 0.002, 0.000]
|  247|0.5000|0.5000|0.0000|0.0226| - [0.998, 0.000, 0.000, 0.002, 0.000]
|  248|0.5000|0.5000|0.0000|0.0368| - [0.998, 0.000, 0.000, 0.002, 0.000]
|  249|0.5000|0.5000|0.0000|0.0227| - [0.998, 0.000, 0.000, 0.002, 0.000]
|  250|0.5000|0.5000|0.0000|0.0228| - [0.998, 0.000, 0.000, 0.002, 0.000]
|  251|0.5000|0.5000|0.0000|0.0215| - [0.998, 0.000, 0.000, 0.002, 0.000]
|  252|0.5000|0.5000|0.0000|0.0226| - [0.998, 0.000, 0.000, 0.002, 0.000]
|  253|0.5000|0.5000|0.0000|0.0227| - [0.998, 0.000, 0.000, 0.002, 0.000]
|  254|0.5000|0.5000|0.0000|0.0226| - [0.998, 0.000, 0.000, 0.002, 0.000]
|  255|0.5000|0.5000|0.0000|0.0226| - [0.998, 0.000, 0.000, 0.002, 0.000]
|  256|0.5000|0.5000|0.0000|0.0226| - [0.998, 0.000, 0.000, 0.002, 0.000]
|  257|0.5000|0.5000|0.0000|0.0226| - [0.998, 0.000, 0.000, 0.002, 0.000]
|  258|0.5000|0.5000|0.0000|0.0226| - [0.998, 0.000, 0.000, 0.002, 0.000]
|  259|0.5000|0.5000|0.0000|0.0339| - [0.998, 0.000, 0.000, 0.002, 0.000]
|  260|0.5000|0.5000|0.0000|0.0431| - [0.917, 0.000, 0.000, 0.083, 0.000]
|  261|0.5000|0.5000|0.0000|0.0226| - [0.998, 0.000, 0.000, 0.002, 0.000]
|  262|0.5000|0.5000|0.0000|0.0226| - [0.998, 0.000, 0.000, 0.002, 0.000]
|  263|0.5000|0.5000|0.0000|0.0214| - [1.000, 0.000, 0.000, 0.000, 0.000]
|  264|0.5000|0.5000|0.0000|0.0190| - [0.998, 0.000, 0.000, 0.002, 0.000]
|  265|0.5000|0.5000|0.0000|0.0179| - [1.000, 0.000, 0.000, 0.000, 0.000]
|  266|0.5000|0.5000|0.0000|0.0180| - [0.998, 0.000, 0.000, 0.002, 0.000]
|  267|0.5000|0.5000|0.0000|0.0226| - [0.998, 0.000, 0.000, 0.002, 0.000]
|  268|0.5000|0.5000|0.0000|0.0226| - [0.998, 0.000, 0.000, 0.002, 0.000]
|  269|0.5000|0.5000|0.0000|0.0226| - [0.998, 0.000, 0.000, 0.002, 0.000]
|  270|0.5000|0.5000|0.0000|0.0354| - [0.998, 0.000, 0.000, 0.002, 0.000]
|  271|0.5000|0.5000|0.0000|0.0226| - [0.998, 0.000, 0.000, 0.002, 0.000]
|  272|0.5000|0.5000|0.0000|0.0226| - [0.998, 0.000, 0.000, 0.002, 0.000]
|  273|0.9737|0.5000|0.1116|0.0347| - [0.965, 0.000, 0.000, 0.012, 0.023]
|  274|0.9737|0.5000|0.1116|0.0347| - [0.965, 0.000, 0.000, 0.012, 0.023]
|  275|0.9211|0.5000|0.1823|0.0591| - [0.965, 0.000, 0.000, 0.012, 0.023]
|  276|0.8947|0.5000|0.2038|0.0712| - [0.965, 0.000, 0.000, 0.012, 0.023]
|  277|0.8158|0.5000|0.2412|0.1077| - [0.965, 0.000, 0.000, 0.012, 0.023]
|  278|0.7105|0.5000|0.2469|0.1564| - [0.965, 0.000, 0.000, 0.012, 0.023]
|  279|0.5526|0.5000|0.1534|0.2294| - [0.965, 0.000, 0.000, 0.012, 0.023]
|  280|0.6316|0.5000|0.2228|0.2427| - [0.965, 0.000, 0.000, 0.012, 0.023]
|  281|0.5789|0.5000|0.1831|0.2519| - [0.965, 0.000, 0.000, 0.012, 0.023]
|  282|0.5000|0.5000|0.0000|0.2537| - [0.965, 0.000, 0.000, 0.012, 0.023]
|  283|0.5526|0.5000|0.1537|0.2536| - [0.965, 0.000, 0.000, 0.012, 0.023]
|  284|0.5000|0.5000|0.0000|0.2537| - [0.965, 0.000, 0.000, 0.012, 0.023]
|  285|0.5000|0.5000|0.0000|0.2537| - [0.965, 0.000, 0.000, 0.012, 0.023]
|  286|0.9474|0.5000|0.1451|0.2594| - [0.987, 0.000, 0.000, 0.013, 0.000]
|  287|0.9737|0.5000|0.1537|0.2458| - [0.987, 0.000, 0.000, 0.013, 0.000]
|  288|0.8158|0.5000|0.2412|0.1964| - [0.987, 0.000, 0.000, 0.013, 0.000]
|  289|0.7632|0.5000|0.2497|0.1800| - [0.987, 0.000, 0.000, 0.013, 0.000]
|  290|0.6842|0.5000|0.2412|0.1554| - [0.987, 0.000, 0.000, 0.013, 0.000]
|  291|0.5000|0.5000|0.0000|0.0981| - [0.987, 0.000, 0.000, 0.013, 0.000]
|  292|0.5000|0.5000|0.0000|0.0961| - [0.977, 0.000, 0.000, 0.023, 0.000]
|  293|0.5000|0.5000|0.0000|0.0995| - [0.987, 0.000, 0.000, 0.013, 0.000]
|  294|0.8684|0.5000|0.0875|0.0752| - [0.994, 0.000, 0.000, 0.000, 0.006]
|  295|0.9737|0.5000|0.1116|0.0959| - [0.994, 0.000, 0.000, 0.000, 0.006]
|  296|0.9737|0.5000|0.1116|0.0959| - [0.994, 0.000, 0.000, 0.000, 0.006]
|  297|0.9211|0.5000|0.0999|0.1154| - [0.994, 0.000, 0.000, 0.000, 0.006]
|  298|0.9737|0.5000|0.1116|0.0959| - [0.994, 0.000, 0.000, 0.000, 0.006]
|  299|0.9737|0.5000|0.1116|0.0959| - [0.994, 0.000, 0.000, 0.000, 0.006]
|  300|0.9737|0.5000|0.1116|0.0959| - [0.994, 0.000, 0.000, 0.000, 0.006]
|  301|0.9474|0.5000|0.1534|0.0936| - [0.994, 0.000, 0.000, 0.000, 0.006]
|  302|0.9474|0.5000|0.1534|0.0937| - [0.994, 0.000, 0.000, 0.000, 0.006]
|  303|0.9474|0.5000|0.1534|0.0936| - [0.994, 0.000, 0.000, 0.000, 0.006]
|  304|0.6842|0.5000|0.2040|0.0865| - [0.994, 0.000, 0.000, 0.000, 0.006]
|  305|0.7895|0.5000|0.1584|0.0882| - [0.955, 0.000, 0.000, 0.012, 0.032]
|  306|0.8158|0.5000|0.2412|0.1629| - [0.955, 0.000, 0.000, 0.012, 0.032]
|  307|0.6316|0.5000|0.2202|0.2364| - [0.955, 0.000, 0.000, 0.012, 0.032]
|  308|0.5000|0.5000|0.0000|0.3009| - [0.955, 0.000, 0.000, 0.012, 0.032]
|  309|0.9737|0.5000|0.1116|0.2970| - [0.970, 0.000, 0.000, 0.012, 0.018]
|  310|0.9737|0.5000|0.1116|0.2970| - [0.970, 0.000, 0.000, 0.012, 0.018]
|  311|0.9474|0.5000|0.1534|0.2930| - [0.970, 0.000, 0.000, 0.012, 0.018]
|  312|0.9737|0.5000|0.2443|0.2775| - [0.955, 0.000, 0.000, 0.012, 0.033]
|  313|0.9737|0.5000|0.2540|0.2529| - [0.955, 0.000, 0.000, 0.012, 0.033]
|  314|0.9737|0.5000|0.2724|0.2519| - [0.968, 0.000, 0.000, 0.013, 0.019]
|  315|0.9211|0.5000|0.2475|0.2776| - [0.968, 0.000, 0.000, 0.013, 0.019]
|  316|0.7895|0.5000|0.2549|0.2655| - [0.968, 0.000, 0.000, 0.013, 0.019]
|  317|0.5789|0.5000|0.1829|0.2478| - [0.968, 0.000, 0.000, 0.013, 0.019]
|  318|0.5000|0.5000|0.0000|0.2370| - [0.968, 0.000, 0.000, 0.013, 0.019]
|  319|0.5263|0.5000|0.1116|0.2398| - [0.968, 0.000, 0.000, 0.013, 0.019]
|  320|0.5263|0.5000|0.1116|0.2477| - [0.968, 0.000, 0.000, 0.013, 0.019]
|  321|0.9737|0.5000|0.1116|0.2318| - [0.981, 0.000, 0.000, 0.000, 0.019]
|  322|0.8947|0.5000|0.2038|0.2161| - [0.981, 0.000, 0.000, 0.000, 0.019]
|  323|0.8947|0.5000|0.2038|0.2161| - [0.981, 0.000, 0.000, 0.000, 0.019]
|  324|0.8158|0.5000|0.2412|0.2004| - [0.981, 0.000, 0.000, 0.000, 0.019]
|  325|0.8158|0.5000|0.2412|0.2004| - [0.981, 0.000, 0.000, 0.000, 0.019]
|  326|0.6053|0.5000|0.2038|0.1584| - [0.981, 0.000, 0.000, 0.000, 0.019]
|  327|0.5000|0.5000|0.0000|0.1375| - [0.981, 0.000, 0.000, 0.000, 0.019]
|  328|0.5000|0.5000|0.0000|0.1375| - [0.981, 0.000, 0.000, 0.000, 0.019]
|  329|0.5000|0.5000|0.0000|0.1375| - [0.981, 0.000, 0.000, 0.000, 0.019]
|  330|0.5000|0.5000|0.0000|0.1375| - [0.981, 0.000, 0.000, 0.000, 0.019]
|  331|0.5000|0.5000|0.0000|0.1375| - [0.981, 0.000, 0.000, 0.000, 0.019]
|  332|0.5000|0.5000|0.0000|0.1375| - [0.981, 0.000, 0.000, 0.000, 0.019]
|  333|0.5000|0.5000|0.0000|0.1455| - [0.949, 0.000, 0.000, 0.000, 0.051]
|  334|0.5000|0.5000|0.0000|0.1535| - [0.981, 0.000, 0.000, 0.000, 0.019]
|  335|0.5000|0.5000|0.0000|0.1455| - [0.949, 0.000, 0.000, 0.000, 0.051]
|  336|0.5000|0.5000|0.0000|0.1616| - [0.949, 0.000, 0.000, 0.000, 0.051]
|  337|0.5000|0.5000|0.0000|0.1696| - [0.981, 0.000, 0.000, 0.000, 0.019]
|  338|0.5000|0.5000|0.0000|0.1610| - [0.981, 0.000, 0.000, 0.000, 0.019]
|  339|0.5000|0.5000|0.0000|0.1375| - [0.981, 0.000, 0.000, 0.000, 0.019]
|  340|0.5000|0.5000|0.0000|0.1375| - [0.981, 0.000, 0.000, 0.000, 0.019]
|  341|0.5000|0.5000|0.0000|0.1375| - [0.981, 0.000, 0.000, 0.000, 0.019]
|  342|0.5000|0.5000|0.0000|0.1375| - [0.981, 0.000, 0.000, 0.000, 0.019]
|  343|0.5000|0.5000|0.0000|0.1375| - [0.981, 0.000, 0.000, 0.000, 0.019]
|  344|0.5000|0.5000|0.0000|0.1376| - [0.981, 0.000, 0.000, 0.000, 0.019]
|  345|0.5000|0.5000|0.0000|0.1375| - [0.981, 0.000, 0.000, 0.000, 0.019]
|  346|0.5000|0.5000|0.0000|0.1375| - [0.981, 0.000, 0.000, 0.000, 0.019]
|  347|0.5000|0.5000|0.0000|0.1375| - [0.981, 0.000, 0.000, 0.000, 0.019]
|  348|0.5000|0.5000|0.0000|0.1375| - [0.981, 0.000, 0.000, 0.000, 0.019]
|  349|0.5000|0.5000|0.0000|0.1375| - [0.981, 0.000, 0.000, 0.000, 0.019]
|  350|0.5000|0.5000|0.0000|0.1372| - [0.982, 0.000, 0.000, 0.000, 0.018]
|  351|0.5000|0.5000|0.0000|0.1409| - [0.981, 0.000, 0.000, 0.000, 0.019]
|  352|0.5000|0.5000|0.0000|0.1448| - [0.963, 0.000, 0.000, 0.000, 0.037]
|  353|0.5000|0.5000|0.0000|0.1448| - [0.981, 0.000, 0.000, 0.000, 0.019]
|  354|0.5000|0.5000|0.0000|0.1576| - [0.963, 0.000, 0.000, 0.000, 0.037]
|  355|0.5000|0.5000|0.0000|0.1632| - [0.981, 0.000, 0.000, 0.000, 0.019]
|  356|0.5000|0.5000|0.0000|0.1584| - [0.981, 0.000, 0.000, 0.000, 0.019]
|  357|0.5000|0.5000|0.0000|0.1944| - [0.963, 0.000, 0.000, 0.000, 0.037]
|  358|0.5000|0.5000|0.0000|0.1846| - [0.981, 0.000, 0.000, 0.000, 0.019]
|  359|0.5263|0.5000|0.1116|0.1771| - [0.963, 0.000, 0.000, 0.000, 0.037]
|  360|0.7105|0.5000|0.0547|0.1810| - [0.906, 0.000, 0.061, 0.000, 0.032]
|  361|0.5263|0.5000|0.0256|0.1997| - [0.965, 0.000, 0.000, 0.000, 0.035]
|  362|0.5000|0.5000|0.0000|0.1902| - [0.961, 0.000, 0.000, 0.000, 0.039]
|  363|0.5000|0.5000|0.0000|0.1967| - [0.961, 0.000, 0.000, 0.000, 0.039]
|  364|0.5000|0.5000|0.0000|0.2010| - [0.961, 0.000, 0.000, 0.000, 0.039]
|  365|0.5000|0.5000|0.0000|0.1763| - [0.962, 0.000, 0.000, 0.000, 0.038]
|  366|0.5000|0.5000|0.0000|0.2027| - [0.961, 0.000, 0.000, 0.000, 0.039]
|  367|0.5000|0.5000|0.0000|0.2206| - [0.961, 0.000, 0.000, 0.000, 0.039]
|  368|0.5000|0.5000|0.0000|0.2263| - [0.961, 0.000, 0.000, 0.000, 0.039]
|  369|0.5000|0.5000|0.0000|0.2383| - [0.961, 0.000, 0.000, 0.000, 0.039]
|  370|0.5000|0.5000|0.0000|0.2383| - [0.961, 0.000, 0.000, 0.000, 0.039]
|  371|0.5000|0.5000|0.0000|0.2383| - [0.961, 0.000, 0.000, 0.000, 0.039]
|  372|0.5000|0.5000|0.0000|0.2382| - [0.961, 0.000, 0.000, 0.000, 0.039]
|  373|0.5000|0.5000|0.0000|0.2427| - [0.961, 0.000, 0.000, 0.000, 0.039]
|  374|0.5000|0.5000|0.0000|0.2383| - [0.961, 0.000, 0.000, 0.000, 0.039]
|  375|0.5000|0.5000|0.0000|0.2383| - [0.961, 0.000, 0.000, 0.000, 0.039]
|  376|0.5000|0.5000|0.0000|0.2383| - [0.961, 0.000, 0.000, 0.000, 0.039]
|  377|0.5000|0.5000|0.0000|0.2400| - [0.944, 0.000, 0.000, 0.000, 0.056]
|  378|0.5000|0.5000|0.0000|0.2422| - [0.961, 0.000, 0.000, 0.000, 0.039]
|  379|0.5000|0.5000|0.0000|0.2421| - [0.961, 0.000, 0.000, 0.000, 0.039]
|  380|0.5000|0.5000|0.0000|0.2460| - [0.961, 0.000, 0.000, 0.000, 0.039]
|  381|0.5000|0.5000|0.0000|0.2576| - [0.961, 0.000, 0.000, 0.000, 0.039]
|  382|0.5000|0.5000|0.0000|0.2421| - [0.961, 0.000, 0.000, 0.000, 0.039]
|  383|0.8158|0.5000|0.0768|0.2659| - [0.906, 0.000, 0.000, 0.040, 0.054]
|  384|0.9737|0.5000|0.2049|0.3025| - [0.906, 0.000, 0.000, 0.040, 0.054]
|  385|0.9737|0.5000|0.2662|0.4167| - [0.897, 0.000, 0.000, 0.044, 0.059]
|  386|0.8947|0.5000|0.2561|0.4865| - [0.897, 0.000, 0.000, 0.044, 0.059]
|  387|0.8421|0.5000|0.2674|0.5067| - [0.897, 0.000, 0.000, 0.044, 0.059]
|  388|0.6579|0.5000|0.2348|0.5679| - [0.897, 0.000, 0.000, 0.044, 0.059]
|  389|0.5000|0.5000|0.0000|0.5786| - [0.897, 0.000, 0.000, 0.044, 0.059]
|  390|0.5000|0.5000|0.0000|0.5786| - [0.897, 0.000, 0.000, 0.044, 0.059]
|  391|0.9737|0.5000|0.1116|0.5803| - [0.890, 0.000, 0.000, 0.047, 0.063]
|  392|0.9737|0.5000|0.1116|0.5803| - [0.890, 0.000, 0.000, 0.047, 0.063]
|  393|0.9211|0.5000|0.1823|0.5836| - [0.890, 0.000, 0.000, 0.047, 0.063]
|  394|0.9737|0.5000|0.1116|0.5803| - [0.890, 0.000, 0.000, 0.047, 0.063]
|  395|0.8684|0.5000|0.2348|0.5861| - [0.890, 0.000, 0.000, 0.047, 0.063]
|  396|0.6053|0.5000|0.2038|0.6033| - [0.890, 0.000, 0.000, 0.047, 0.063]
|  397|0.6579|0.5000|0.2348|0.6152| - [0.890, 0.000, 0.000, 0.047, 0.063]
|  398|0.5000|0.5000|0.0000|0.6098| - [0.890, 0.000, 0.000, 0.047, 0.063]
|  399|0.5000|0.5000|0.0000|0.6098| - [0.890, 0.000, 0.000, 0.047, 0.063]
|  400|0.9211|0.5000|0.1366|0.6137| - [0.927, 0.000, 0.000, 0.049, 0.023]
|  401|0.8947|0.5000|0.2218|0.5653| - [0.927, 0.000, 0.000, 0.049, 0.023]
|  402|0.7632|0.5000|0.2497|0.5297| - [0.927, 0.000, 0.000, 0.049, 0.023]
|  403|0.7632|0.5000|0.1813|0.4930| - [0.849, 0.000, 0.000, 0.091, 0.060]
|  404|0.9211|0.5000|0.2049|0.4828| - [0.849, 0.000, 0.000, 0.091, 0.060]
|  405|0.9474|0.5000|0.2611|0.4022| - [0.849, 0.000, 0.000, 0.091, 0.060]
|  406|0.8684|0.5000|0.2202|0.4124| - [0.849, 0.000, 0.000, 0.091, 0.060]
|  407|0.8684|0.5000|0.2202|0.4124| - [0.849, 0.000, 0.000, 0.091, 0.060]
|  408|0.7368|0.5000|0.2293|0.5264| - [0.849, 0.000, 0.000, 0.091, 0.060]
|  409|0.7632|0.5000|0.1821|0.5805| - [0.903, 0.000, 0.000, 0.097, 0.000]
|  410|0.8158|0.5000|0.2291|0.6276| - [0.903, 0.000, 0.000, 0.097, 0.000]
|  411|0.5526|0.5000|0.1374|0.4818| - [0.903, 0.000, 0.000, 0.097, 0.000]
|  412|0.5000|0.5000|0.0000|0.4345| - [0.903, 0.000, 0.000, 0.097, 0.000]
|  413|0.5000|0.5000|0.0000|0.4267| - [0.944, 0.000, 0.000, 0.056, 0.000]
|  414|0.5000|0.5000|0.0000|0.4189| - [0.903, 0.000, 0.000, 0.097, 0.000]
|  415|0.5000|0.5000|0.0000|0.3876| - [0.903, 0.000, 0.000, 0.097, 0.000]
|  416|0.5000|0.5000|0.0000|0.4189| - [0.903, 0.000, 0.000, 0.097, 0.000]
|  417|0.5000|0.5000|0.0000|0.4429| - [0.903, 0.000, 0.000, 0.097, 0.000]
|  418|0.5263|0.5000|0.0883|0.4429| - [0.903, 0.000, 0.000, 0.097, 0.000]
|  419|0.5263|0.5000|0.0768|0.4386| - [0.903, 0.000, 0.000, 0.097, 0.000]
|  420|0.5000|0.5000|0.0000|0.4580| - [0.903, 0.000, 0.000, 0.097, 0.000]
|  421|0.5000|0.5000|0.0000|0.4580| - [0.903, 0.000, 0.000, 0.097, 0.000]
|  422|0.5000|0.5000|0.0000|0.4580| - [0.903, 0.000, 0.000, 0.097, 0.000]
|  423|0.5000|0.5000|0.0000|0.4581| - [0.903, 0.000, 0.000, 0.097, 0.000]
|  424|0.5000|0.5000|0.0000|0.4580| - [0.903, 0.000, 0.000, 0.097, 0.000]
|  425|0.5000|0.5000|0.0000|0.4580| - [0.903, 0.000, 0.000, 0.097, 0.000]
|  426|0.5000|0.5000|0.0000|0.4580| - [0.903, 0.000, 0.000, 0.097, 0.000]
|  427|0.5000|0.5000|0.0000|0.4580| - [0.903, 0.000, 0.000, 0.097, 0.000]
|  428|0.5000|0.5000|0.0000|0.4580| - [0.903, 0.000, 0.000, 0.097, 0.000]
|  429|0.5000|0.5000|0.0000|0.4580| - [0.903, 0.000, 0.000, 0.097, 0.000]
|  430|0.5000|0.5000|0.0000|0.4491| - [0.903, 0.000, 0.000, 0.097, 0.000]
|  431|0.5000|0.5000|0.0000|0.4580| - [0.903, 0.000, 0.000, 0.097, 0.000]
|  432|0.5000|0.5000|0.0000|0.4580| - [0.903, 0.000, 0.000, 0.097, 0.000]
|  433|0.5000|0.5000|0.0000|0.4580| - [0.903, 0.000, 0.000, 0.097, 0.000]
|  434|0.5000|0.5000|0.0000|0.4580| - [0.903, 0.000, 0.000, 0.097, 0.000]
|  435|0.5000|0.5000|0.0000|0.4518| - [0.903, 0.000, 0.000, 0.097, 0.000]
|  436|0.5000|0.5000|0.0000|0.4568| - [0.910, 0.000, 0.000, 0.090, 0.000]
|  437|0.5263|0.5000|0.1116|0.4609| - [0.903, 0.000, 0.000, 0.097, 0.000]
|  438|0.5000|0.5000|0.0000|0.4577| - [0.903, 0.000, 0.000, 0.097, 0.000]
|  439|0.5000|0.5000|0.0000|0.4580| - [0.903, 0.000, 0.000, 0.097, 0.000]
|  440|0.5000|0.5000|0.0000|0.4586| - [0.903, 0.000, 0.000, 0.097, 0.000]
|  441|0.5000|0.5000|0.0000|0.4580| - [0.903, 0.000, 0.000, 0.097, 0.000]
|  442|0.5000|0.5000|0.0000|0.4586| - [0.903, 0.000, 0.000, 0.097, 0.000]
|  443|0.5000|0.5000|0.0000|0.4580| - [0.903, 0.000, 0.000, 0.097, 0.000]
|  444|0.5000|0.5000|0.0000|0.4558| - [0.903, 0.000, 0.000, 0.097, 0.000]
|  445|0.5000|0.5000|0.0000|0.4635| - [0.903, 0.000, 0.000, 0.097, 0.000]
|  446|0.5000|0.5000|0.0000|0.4667| - [0.838, 0.000, 0.000, 0.162, 0.000]
|  447|0.5000|0.5000|0.0000|0.4590| - [0.903, 0.000, 0.000, 0.097, 0.000]
|  448|0.5000|0.5000|0.0000|0.4580| - [0.903, 0.000, 0.000, 0.097, 0.000]
|  449|0.5000|0.5000|0.0000|0.4580| - [0.903, 0.000, 0.000, 0.097, 0.000]
|  450|0.5000|0.5000|0.0000|0.4580| - [0.903, 0.000, 0.000, 0.097, 0.000]
|  451|0.5000|0.5000|0.0000|0.4580| - [0.903, 0.000, 0.000, 0.097, 0.000]
|  452|0.5000|0.5000|0.0000|0.4580| - [0.903, 0.000, 0.000, 0.097, 0.000]
|  453|0.5000|0.5000|0.0000|0.4580| - [0.903, 0.000, 0.000, 0.097, 0.000]
|  454|0.5000|0.5000|0.0000|0.4587| - [0.899, 0.000, 0.000, 0.101, 0.000]
|  455|0.5000|0.5000|0.0000|0.4595| - [0.903, 0.000, 0.000, 0.097, 0.000]
|  456|0.5000|0.5000|0.0000|0.4580| - [0.903, 0.000, 0.000, 0.097, 0.000]
|  457|0.5000|0.5000|0.0000|0.4720| - [0.903, 0.000, 0.000, 0.097, 0.000]
|  458|0.5000|0.5000|0.0000|0.4874| - [0.792, 0.000, 0.000, 0.208, 0.000]
|  459|0.8158|0.5000|0.0768|0.5352| - [0.727, 0.000, 0.081, 0.191, 0.000]
|  460|0.8158|0.5000|0.2112|0.6707| - [0.727, 0.000, 0.081, 0.191, 0.000]
|  461|0.7105|0.5000|0.1943|0.7185| - [0.727, 0.000, 0.081, 0.191, 0.000]
|  462|0.7895|0.5000|0.2469|0.7220| - [0.727, 0.000, 0.081, 0.191, 0.000]
|  463|0.6842|0.5000|0.2412|0.8540| - [0.727, 0.000, 0.081, 0.191, 0.000]
|  464|0.5000|0.5000|0.0000|1.0851| - [0.727, 0.000, 0.081, 0.191, 0.000]
|  465|0.5000|0.5000|0.0000|1.0851| - [0.727, 0.000, 0.081, 0.191, 0.000]
|  466|0.5000|0.5000|0.0000|1.0851| - [0.727, 0.000, 0.081, 0.191, 0.000]
|  467|0.5000|0.5000|0.0000|1.0851| - [0.727, 0.000, 0.081, 0.191, 0.000]
|  468|0.5000|0.5000|0.0000|1.0851| - [0.727, 0.000, 0.081, 0.191, 0.000]
|  469|0.5000|0.5000|0.0000|1.0851| - [0.727, 0.000, 0.081, 0.191, 0.000]
|  470|0.5000|0.5000|0.0000|1.0851| - [0.727, 0.000, 0.081, 0.191, 0.000]
|  471|0.9737|0.5000|0.1116|1.0729| - [0.778, 0.000, 0.018, 0.205, 0.000]
|  472|0.9737|0.5000|0.1116|1.0729| - [0.778, 0.000, 0.018, 0.205, 0.000]
|  473|0.9737|0.5000|0.1116|1.0729| - [0.778, 0.000, 0.018, 0.205, 0.000]
|  474|0.9737|0.5000|0.1537|1.0657| - [0.790, 0.000, 0.088, 0.122, 0.000]
|  475|0.8684|0.5000|0.2202|1.0490| - [0.790, 0.000, 0.088, 0.122, 0.000]
|  476|0.8421|0.5000|0.2324|1.0418| - [0.790, 0.000, 0.088, 0.122, 0.000]
|  477|0.6579|0.5000|0.2324|0.9912| - [0.790, 0.000, 0.088, 0.122, 0.000]
|  478|0.5526|0.5000|0.1534|0.9624| - [0.790, 0.000, 0.088, 0.122, 0.000]
|  479|0.5000|0.5000|0.0000|0.9479| - [0.790, 0.000, 0.088, 0.122, 0.000]
|  480|0.9737|0.5000|0.1116|0.9490| - [0.783, 0.000, 0.091, 0.126, 0.000]
|  481|0.9737|0.5000|0.1116|0.9490| - [0.783, 0.000, 0.091, 0.126, 0.000]
|  482|0.9737|0.5000|0.1116|0.9490| - [0.783, 0.000, 0.091, 0.126, 0.000]
|  483|0.9211|0.5000|0.1823|0.9512| - [0.783, 0.000, 0.091, 0.126, 0.000]
|  484|0.7895|0.5000|0.2469|0.9566| - [0.783, 0.000, 0.091, 0.126, 0.000]
|  485|0.6579|0.5000|0.2324|0.9621| - [0.783, 0.000, 0.091, 0.126, 0.000]
|  486|0.5789|0.5000|0.1823|0.9653| - [0.783, 0.000, 0.091, 0.126, 0.000]
|  487|0.5000|0.5000|0.0000|0.9686| - [0.783, 0.000, 0.091, 0.126, 0.000]
|  488|0.5000|0.5000|0.0000|0.9686| - [0.783, 0.000, 0.091, 0.126, 0.000]
|  489|0.5000|0.5000|0.0000|0.9686| - [0.783, 0.000, 0.091, 0.126, 0.000]
|  490|0.5000|0.5000|0.0000|0.9686| - [0.783, 0.000, 0.091, 0.126, 0.000]
|  491|0.5000|0.5000|0.0000|0.9686| - [0.783, 0.000, 0.091, 0.126, 0.000]
|  492|0.9211|0.5000|0.1815|0.9647| - [0.811, 0.000, 0.095, 0.094, 0.000]
|  493|0.9474|0.5000|0.2560|0.9573| - [0.811, 0.000, 0.095, 0.094, 0.000]
|  494|0.7632|0.5000|0.2366|0.9360| - [0.811, 0.000, 0.095, 0.094, 0.000]
|  495|0.7895|0.5000|0.2695|0.9308| - [0.811, 0.000, 0.095, 0.094, 0.000]
|  496|0.5526|0.5000|0.1534|0.8970| - [0.811, 0.000, 0.095, 0.094, 0.000]
|  497|0.9737|0.5000|0.1537|0.8719| - [0.866, 0.000, 0.033, 0.101, 0.000]
|  498|0.8947|0.5000|0.2361|0.8328| - [0.866, 0.000, 0.033, 0.101, 0.000]
|  499|0.9737|0.5000|0.2612|0.7679| - [0.860, 0.000, 0.035, 0.105, 0.000]
|  500|0.9737|0.5000|0.2054|0.7012| - [0.860, 0.000, 0.035, 0.105, 0.000]
|  501|0.9737|0.5000|0.2049|0.6802| - [0.860, 0.000, 0.035, 0.105, 0.000]
|  502|0.9474|0.5000|0.2464|0.6825| - [0.860, 0.000, 0.035, 0.105, 0.000]
|  503|0.8158|0.5000|0.2699|0.6924| - [0.860, 0.000, 0.035, 0.105, 0.000]
|  504|0.7105|0.5000|0.2540|0.6934| - [0.860, 0.000, 0.035, 0.105, 0.000]
|  505|0.7105|0.5000|0.2469|0.6944| - [0.860, 0.000, 0.035, 0.105, 0.000]
|  506|0.6316|0.5000|0.2202|0.6959| - [0.860, 0.000, 0.035, 0.105, 0.000]
|  507|0.6316|0.5000|0.2202|0.6959| - [0.860, 0.000, 0.035, 0.105, 0.000]
|  508|0.5000|0.5000|0.0000|0.6983| - [0.860, 0.000, 0.035, 0.105, 0.000]
|  509|0.5000|0.5000|0.0000|0.6983| - [0.860, 0.000, 0.035, 0.105, 0.000]
|  510|0.5000|0.5000|0.0000|0.6983| - [0.860, 0.000, 0.035, 0.105, 0.000]
|  511|0.5000|0.5000|0.0000|0.6983| - [0.860, 0.000, 0.035, 0.105, 0.000]
|  512|0.5000|0.5000|0.0000|0.6983| - [0.860, 0.000, 0.035, 0.105, 0.000]
|  513|0.9737|0.5000|0.1116|0.6877| - [0.891, 0.000, 0.000, 0.109, 0.000]
|  514|0.8947|0.5000|0.2038|0.6560| - [0.891, 0.000, 0.000, 0.109, 0.000]
|  515|0.7632|0.5000|0.2497|0.6031| - [0.891, 0.000, 0.000, 0.109, 0.000]
|  516|0.7632|0.5000|0.2497|0.6050| - [0.891, 0.000, 0.000, 0.109, 0.000]
|  517|0.6579|0.5000|0.1967|0.5824| - [0.771, 0.000, 0.031, 0.198, 0.000]
|  518|0.8158|0.5000|0.1995|0.6363| - [0.771, 0.000, 0.031, 0.198, 0.000]
|  519|0.8684|0.5000|0.1797|0.8436| - [0.762, 0.000, 0.032, 0.205, 0.000]
|  520|0.8684|0.5000|0.2348|0.9112| - [0.762, 0.000, 0.032, 0.205, 0.000]
|  521|0.9737|0.5000|0.2510|0.9067| - [0.788, 0.000, 0.000, 0.212, 0.000]
|  522|0.9474|0.5000|0.2361|0.9045| - [0.788, 0.000, 0.000, 0.212, 0.000]
|  523|0.6842|0.5000|0.2412|0.8127| - [0.788, 0.000, 0.000, 0.212, 0.000]
|  524|0.5000|0.5000|0.0000|0.7455| - [0.788, 0.000, 0.000, 0.212, 0.000]
|  525|0.5000|0.5000|0.0000|0.7450| - [0.788, 0.000, 0.000, 0.212, 0.000]
|  526|0.5000|0.5000|0.0000|0.7446| - [0.788, 0.000, 0.000, 0.212, 0.000]
|  527|0.5000|0.5000|0.0000|0.7455| - [0.788, 0.000, 0.000, 0.212, 0.000]
|  528|0.5000|0.5000|0.0000|0.7455| - [0.788, 0.000, 0.000, 0.212, 0.000]
|  529|0.5000|0.5000|0.0000|0.7455| - [0.788, 0.000, 0.000, 0.212, 0.000]
|  530|0.5000|0.5000|0.0000|0.7454| - [0.788, 0.000, 0.000, 0.212, 0.000]
|  531|0.5000|0.5000|0.0000|0.7428| - [0.809, 0.000, 0.000, 0.191, 0.000]
|  532|0.5000|0.5000|0.0000|0.7378| - [0.788, 0.000, 0.000, 0.212, 0.000]
|  533|0.5000|0.5000|0.0000|0.7401| - [0.788, 0.000, 0.000, 0.212, 0.000]
|  534|0.5000|0.5000|0.0000|0.7443| - [0.788, 0.000, 0.000, 0.212, 0.000]
|  535|0.5000|0.5000|0.0000|0.7496| - [0.777, 0.000, 0.000, 0.223, 0.000]
|  536|0.5000|0.5000|0.0000|0.7510| - [0.788, 0.000, 0.000, 0.212, 0.000]
|  537|0.5000|0.5000|0.0000|0.7536| - [0.777, 0.000, 0.000, 0.223, 0.000]
|  538|0.5000|0.5000|0.0000|0.7496| - [0.792, 0.000, 0.000, 0.208, 0.000]
|  539|0.5000|0.5000|0.0000|0.7514| - [0.777, 0.000, 0.000, 0.223, 0.000]
|  540|0.5000|0.5000|0.0000|0.7560| - [0.777, 0.000, 0.000, 0.223, 0.000]
|  541|0.5000|0.5000|0.0000|0.7574| - [0.777, 0.000, 0.000, 0.223, 0.000]
|  542|0.5000|0.5000|0.0000|0.7607| - [0.792, 0.000, 0.000, 0.208, 0.000]
|  543|0.5263|0.5000|0.0256|0.7566| - [0.788, 0.000, 0.000, 0.212, 0.000]
|  544|0.5000|0.5000|0.0000|0.7498| - [0.777, 0.000, 0.000, 0.223, 0.000]
|  545|0.5000|0.5000|0.0000|0.7470| - [0.788, 0.000, 0.000, 0.212, 0.000]
|  546|0.5000|0.5000|0.0000|0.7492| - [0.777, 0.000, 0.000, 0.223, 0.000]
|  547|0.5000|0.5000|0.0000|0.7435| - [0.792, 0.000, 0.000, 0.208, 0.000]
|  548|0.5000|0.5000|0.0000|0.7406| - [0.792, 0.000, 0.000, 0.208, 0.000]
|  549|0.5000|0.5000|0.0000|0.7397| - [0.792, 0.000, 0.000, 0.208, 0.000]
|  550|0.5000|0.5000|0.0000|0.7388| - [0.792, 0.000, 0.000, 0.208, 0.000]
|  551|0.5000|0.5000|0.0000|0.7388| - [0.792, 0.000, 0.000, 0.208, 0.000]
|  552|0.5000|0.5000|0.0000|0.7384| - [0.792, 0.000, 0.000, 0.208, 0.000]
|  553|0.5000|0.5000|0.0000|0.7379| - [0.792, 0.000, 0.000, 0.208, 0.000]
|  554|0.5000|0.5000|0.0000|0.7395| - [0.792, 0.000, 0.000, 0.208, 0.000]
|  555|0.5000|0.5000|0.0000|0.7379| - [0.797, 0.000, 0.000, 0.203, 0.000]
|  556|0.5000|0.5000|0.0000|0.7393| - [0.792, 0.000, 0.000, 0.208, 0.000]
|  557|0.5000|0.5000|0.0000|0.7419| - [0.788, 0.000, 0.000, 0.212, 0.000]
|  558|0.5000|0.5000|0.0000|0.7428| - [0.788, 0.000, 0.000, 0.212, 0.000]
|  559|0.5000|0.5000|0.0000|0.7441| - [0.792, 0.000, 0.000, 0.208, 0.000]
|  560|0.5263|0.5000|0.1116|0.7541| - [0.788, 0.000, 0.000, 0.212, 0.000]
|  561|0.5000|0.5000|0.0000|0.7438| - [0.788, 0.000, 0.000, 0.212, 0.000]
|  562|0.5000|0.5000|0.0000|0.7442| - [0.788, 0.000, 0.000, 0.212, 0.000]
|  563|0.5000|0.5000|0.0000|0.7415| - [0.792, 0.000, 0.000, 0.208, 0.000]
|  564|0.5000|0.5000|0.0000|0.7410| - [0.788, 0.000, 0.000, 0.212, 0.000]
|  565|0.5000|0.5000|0.0000|0.7384| - [0.792, 0.000, 0.000, 0.208, 0.000]
|  566|0.5000|0.5000|0.0000|0.7379| - [0.792, 0.000, 0.000, 0.208, 0.000]
|  567|0.5000|0.5000|0.0000|0.7379| - [0.792, 0.000, 0.000, 0.208, 0.000]
|  568|0.5000|0.5000|0.0000|0.7365| - [0.792, 0.000, 0.000, 0.208, 0.000]
|  569|0.5000|0.5000|0.0000|0.7379| - [0.792, 0.000, 0.000, 0.208, 0.000]
|  570|0.5000|0.5000|0.0000|0.7413| - [0.792, 0.000, 0.000, 0.208, 0.000]
|  571|0.5000|0.5000|0.0000|0.7435| - [0.788, 0.000, 0.000, 0.212, 0.000]
|  572|0.5000|0.5000|0.0000|0.7423| - [0.792, 0.000, 0.000, 0.208, 0.000]
|  573|0.5000|0.5000|0.0000|0.7428| - [0.788, 0.000, 0.000, 0.212, 0.000]
|  574|0.5000|0.5000|0.0000|0.7478| - [0.788, 0.000, 0.000, 0.212, 0.000]
|  575|0.5000|0.5000|0.0000|0.7455| - [0.788, 0.000, 0.000, 0.212, 0.000]
|  576|0.5000|0.5000|0.0000|0.7455| - [0.788, 0.000, 0.000, 0.212, 0.000]
|  577|0.5000|0.5000|0.0000|0.7455| - [0.788, 0.000, 0.000, 0.212, 0.000]
|  578|0.5000|0.5000|0.0000|0.7455| - [0.788, 0.000, 0.000, 0.212, 0.000]
|  579|0.5000|0.5000|0.0000|0.7455| - [0.788, 0.000, 0.000, 0.212, 0.000]
|  580|0.5000|0.5000|0.0000|0.7455| - [0.788, 0.000, 0.000, 0.212, 0.000]
|  581|0.5000|0.5000|0.0000|0.7444| - [0.788, 0.000, 0.000, 0.212, 0.000]
|  582|0.5000|0.5000|0.0000|0.7432| - [0.788, 0.000, 0.000, 0.212, 0.000]
|  583|0.5000|0.5000|0.0000|0.7365| - [0.788, 0.000, 0.000, 0.212, 0.000]
|  584|0.5000|0.5000|0.0000|0.7387| - [0.809, 0.000, 0.000, 0.191, 0.000]
|  585|0.5000|0.5000|0.0000|0.7446| - [0.788, 0.000, 0.000, 0.212, 0.000]
|  586|0.5263|0.5000|0.0768|0.7476| - [0.788, 0.000, 0.000, 0.212, 0.000]
|  587|0.5000|0.5000|0.0000|0.7404| - [0.788, 0.000, 0.000, 0.212, 0.000]
|  588|0.5000|0.5000|0.0000|0.7444| - [0.762, 0.000, 0.000, 0.238, 0.000]
|  589|0.5000|0.5000|0.0000|0.7411| - [0.762, 0.000, 0.000, 0.238, 0.000]
|  590|0.5000|0.5000|0.0000|0.7432| - [0.809, 0.000, 0.000, 0.191, 0.000]
|  591|0.5000|0.5000|0.0000|0.7455| - [0.788, 0.000, 0.000, 0.212, 0.000]
|  592|0.5000|0.5000|0.0000|0.7454| - [0.788, 0.000, 0.000, 0.212, 0.000]
|  593|0.5000|0.5000|0.0000|0.7454| - [0.788, 0.000, 0.000, 0.212, 0.000]
|  594|0.5000|0.5000|0.0000|0.7461| - [0.788, 0.000, 0.000, 0.212, 0.000]
|  595|0.5000|0.5000|0.0000|0.7455| - [0.788, 0.000, 0.000, 0.212, 0.000]
|  596|0.5000|0.5000|0.0000|0.7432| - [0.798, 0.000, 0.000, 0.202, 0.000]
|  597|0.5000|0.5000|0.0000|0.7424| - [0.788, 0.000, 0.000, 0.212, 0.000]
|  598|0.5000|0.5000|0.0000|0.7330| - [0.788, 0.000, 0.000, 0.212, 0.000]
|  599|0.5000|0.5000|0.0000|0.7478| - [0.788, 0.000, 0.000, 0.212, 0.000]
|  600|0.5000|0.5000|0.0000|0.7519| - [0.788, 0.000, 0.000, 0.212, 0.000]
|  601|0.5000|0.5000|0.0000|0.7455| - [0.788, 0.000, 0.000, 0.212, 0.000]
|  602|0.5000|0.5000|0.0000|0.7455| - [0.788, 0.000, 0.000, 0.212, 0.000]
|  603|0.5000|0.5000|0.0000|0.7455| - [0.788, 0.000, 0.000, 0.212, 0.000]
|  604|0.5000|0.5000|0.0000|0.7455| - [0.788, 0.000, 0.000, 0.212, 0.000]
|  605|0.5000|0.5000|0.0000|0.7455| - [0.788, 0.000, 0.000, 0.212, 0.000]
|  606|0.5000|0.5000|0.0000|0.7451| - [0.788, 0.000, 0.000, 0.212, 0.000]
|  607|0.5000|0.5000|0.0000|0.7490| - [0.788, 0.000, 0.000, 0.212, 0.000]
|  608|0.5000|0.5000|0.0000|0.7455| - [0.788, 0.000, 0.000, 0.212, 0.000]
|  609|0.5000|0.5000|0.0000|0.7455| - [0.788, 0.000, 0.000, 0.212, 0.000]
|  610|0.5000|0.5000|0.0000|0.7455| - [0.788, 0.000, 0.000, 0.212, 0.000]
|  611|0.5000|0.5000|0.0000|0.7455| - [0.788, 0.000, 0.000, 0.212, 0.000]
|  612|0.5000|0.5000|0.0000|0.7447| - [0.788, 0.000, 0.000, 0.212, 0.000]
|  613|0.5000|0.5000|0.0000|0.7447| - [0.788, 0.000, 0.000, 0.212, 0.000]
|  614|0.5000|0.5000|0.0000|0.7518| - [0.712, 0.000, 0.000, 0.288, 0.000]
|  615|0.5000|0.5000|0.0000|0.7518| - [0.788, 0.000, 0.000, 0.212, 0.000]
|  616|0.5000|0.5000|0.0000|0.7455| - [0.788, 0.000, 0.000, 0.212, 0.000]
|  617|0.5000|0.5000|0.0000|0.7500| - [0.788, 0.000, 0.000, 0.212, 0.000]
|  618|0.5000|0.5000|0.0000|0.7455| - [0.788, 0.000, 0.000, 0.212, 0.000]
|  619|0.5000|0.5000|0.0000|0.7378| - [0.788, 0.000, 0.000, 0.212, 0.000]
|  620|0.5000|0.5000|0.0000|0.7445| - [0.788, 0.000, 0.000, 0.212, 0.000]
|  621|0.5000|0.5000|0.0000|0.7423| - [0.788, 0.000, 0.000, 0.212, 0.000]
|  622|0.5000|0.5000|0.0000|0.7387| - [0.788, 0.000, 0.000, 0.212, 0.000]
|  623|0.5000|0.5000|0.0000|0.7348| - [0.788, 0.000, 0.000, 0.212, 0.000]
|  624|0.5000|0.5000|0.0000|0.7260| - [0.793, 0.000, 0.000, 0.207, 0.000]
|  625|0.5000|0.5000|0.0000|0.7341| - [0.796, 0.000, 0.000, 0.204, 0.000]
|  626|0.5000|0.5000|0.0000|0.7306| - [0.796, 0.000, 0.000, 0.204, 0.000]
|  627|0.5000|0.5000|0.0000|0.7299| - [0.796, 0.000, 0.000, 0.204, 0.000]
|  628|0.5000|0.5000|0.0000|0.7299| - [0.796, 0.000, 0.000, 0.204, 0.000]
|  629|0.5000|0.5000|0.0000|0.7316| - [0.796, 0.000, 0.000, 0.204, 0.000]
|  630|0.5000|0.5000|0.0000|0.7308| - [0.796, 0.000, 0.000, 0.204, 0.000]
|  631|0.5000|0.5000|0.0000|0.7319| - [0.796, 0.000, 0.000, 0.204, 0.000]
|  632|0.5263|0.5000|0.0256|0.7534| - [0.788, 0.000, 0.000, 0.212, 0.000]
|  633|0.5000|0.5000|0.0000|0.7368| - [0.796, 0.000, 0.000, 0.204, 0.000]
|  634|0.5000|0.5000|0.0000|0.7394| - [0.788, 0.000, 0.000, 0.212, 0.000]
|  635|0.5000|0.5000|0.0000|0.7420| - [0.796, 0.000, 0.000, 0.204, 0.000]
|  636|0.5000|0.5000|0.0000|0.7409| - [0.788, 0.000, 0.000, 0.212, 0.000]
|  637|0.5000|0.5000|0.0000|0.7344| - [0.796, 0.000, 0.000, 0.204, 0.000]
|  638|0.5000|0.5000|0.0000|0.7385| - [0.788, 0.000, 0.000, 0.212, 0.000]
|  639|0.5000|0.5000|0.0000|0.7359| - [0.796, 0.000, 0.000, 0.204, 0.000]
|  640|0.5000|0.5000|0.0000|0.7385| - [0.796, 0.000, 0.000, 0.204, 0.000]
|  641|0.5000|0.5000|0.0000|0.7420| - [0.796, 0.000, 0.000, 0.204, 0.000]
|  642|0.5000|0.5000|0.0000|0.7446| - [0.788, 0.000, 0.000, 0.212, 0.000]
|  643|0.5000|0.5000|0.0000|0.7420| - [0.788, 0.000, 0.000, 0.212, 0.000]
|  644|0.5000|0.5000|0.0000|0.7448| - [0.788, 0.000, 0.000, 0.212, 0.000]
|  645|0.5000|0.5000|0.0000|0.7455| - [0.788, 0.000, 0.000, 0.212, 0.000]
|  646|0.5000|0.5000|0.0000|0.7427| - [0.788, 0.000, 0.000, 0.212, 0.000]
|  647|0.5000|0.5000|0.0000|0.7367| - [0.788, 0.000, 0.000, 0.212, 0.000]
|  648|0.5000|0.5000|0.0000|0.7389| - [0.818, 0.000, 0.000, 0.182, 0.000]
|  649|0.5000|0.5000|0.0000|0.7455| - [0.788, 0.000, 0.000, 0.212, 0.000]
|  650|0.5000|0.5000|0.0000|0.7455| - [0.788, 0.000, 0.000, 0.212, 0.000]
|  651|0.5000|0.5000|0.0000|0.7468| - [0.775, 0.000, 0.000, 0.225, 0.000]
|  652|0.5000|0.5000|0.0000|0.7455| - [0.788, 0.000, 0.000, 0.212, 0.000]
|  653|0.5000|0.5000|0.0000|0.7455| - [0.788, 0.000, 0.000, 0.212, 0.000]
|  654|0.5000|0.5000|0.0000|0.7455| - [0.788, 0.000, 0.000, 0.212, 0.000]
|  655|0.5000|0.5000|0.0000|0.7455| - [0.788, 0.000, 0.000, 0.212, 0.000]
|  656|0.5000|0.5000|0.0000|0.7455| - [0.788, 0.000, 0.000, 0.212, 0.000]
|  657|0.5000|0.5000|0.0000|0.7378| - [0.788, 0.000, 0.000, 0.212, 0.000]
|  658|0.5000|0.5000|0.0000|0.7450| - [0.788, 0.000, 0.000, 0.212, 0.000]
|  659|0.5000|0.5000|0.0000|0.7455| - [0.788, 0.000, 0.000, 0.212, 0.000]
|  660|0.5000|0.5000|0.0000|0.7455| - [0.788, 0.000, 0.000, 0.212, 0.000]
|  661|0.5000|0.5000|0.0000|0.7455| - [0.788, 0.000, 0.000, 0.212, 0.000]
|  662|0.5000|0.5000|0.0000|0.7455| - [0.788, 0.000, 0.000, 0.212, 0.000]
|  663|0.5000|0.5000|0.0000|0.7455| - [0.788, 0.000, 0.000, 0.212, 0.000]
|  664|0.5000|0.5000|0.0000|0.7455| - [0.788, 0.000, 0.000, 0.212, 0.000]
|  665|0.5000|0.5000|0.0000|0.7455| - [0.788, 0.000, 0.000, 0.212, 0.000]
|  666|0.5263|0.5000|0.1116|0.7484| - [0.788, 0.000, 0.000, 0.212, 0.000]
|  667|0.5000|0.5000|0.0000|0.7455| - [0.788, 0.000, 0.000, 0.212, 0.000]
|  668|0.5000|0.5000|0.0000|0.7455| - [0.788, 0.000, 0.000, 0.212, 0.000]
|  669|0.5000|0.5000|0.0000|0.7455| - [0.788, 0.000, 0.000, 0.212, 0.000]
|  670|0.5000|0.5000|0.0000|0.7455| - [0.788, 0.000, 0.000, 0.212, 0.000]
|  671|0.5000|0.5000|0.0000|0.7455| - [0.788, 0.000, 0.000, 0.212, 0.000]
|  672|0.5000|0.5000|0.0000|0.7455| - [0.788, 0.000, 0.000, 0.212, 0.000]
|  673|0.5000|0.5000|0.0000|0.7480| - [0.788, 0.000, 0.000, 0.212, 0.000]
|  674|0.5000|0.5000|0.0000|0.7479| - [0.788, 0.000, 0.000, 0.212, 0.000]
|  675|0.5000|0.5000|0.0000|0.7455| - [0.788, 0.000, 0.000, 0.212, 0.000]
|  676|0.5000|0.5000|0.0000|0.7455| - [0.788, 0.000, 0.000, 0.212, 0.000]
|  677|0.5000|0.5000|0.0000|0.7476| - [0.788, 0.000, 0.000, 0.212, 0.000]
|  678|0.5000|0.5000|0.0000|0.7455| - [0.788, 0.000, 0.000, 0.212, 0.000]
|  679|0.5000|0.5000|0.0000|0.7455| - [0.788, 0.000, 0.000, 0.212, 0.000]
|  680|0.5263|0.5000|0.0999|0.7484| - [0.788, 0.000, 0.000, 0.212, 0.000]
|  681|0.5000|0.5000|0.0000|0.7426| - [0.788, 0.000, 0.000, 0.212, 0.000]
|  682|0.5000|0.5000|0.0000|0.7440| - [0.788, 0.000, 0.000, 0.212, 0.000]
|  683|0.5000|0.5000|0.0000|0.7455| - [0.788, 0.000, 0.000, 0.212, 0.000]
|  684|0.5000|0.5000|0.0000|0.7455| - [0.788, 0.000, 0.000, 0.212, 0.000]
|  685|0.5000|0.5000|0.0000|0.7455| - [0.788, 0.000, 0.000, 0.212, 0.000]
|  686|0.5000|0.5000|0.0000|0.7455| - [0.788, 0.000, 0.000, 0.212, 0.000]
|  687|0.5000|0.5000|0.0000|0.7455| - [0.788, 0.000, 0.000, 0.212, 0.000]
|  688|0.5000|0.5000|0.0000|0.7455| - [0.788, 0.000, 0.000, 0.212, 0.000]
|  689|0.5000|0.5000|0.0000|0.7455| - [0.788, 0.000, 0.000, 0.212, 0.000]
|  690|0.5000|0.5000|0.0000|0.7455| - [0.788, 0.000, 0.000, 0.212, 0.000]
|  691|0.5000|0.5000|0.0000|0.7455| - [0.788, 0.000, 0.000, 0.212, 0.000]
|  692|0.5000|0.5000|0.0000|0.7455| - [0.788, 0.000, 0.000, 0.212, 0.000]
|  693|0.5000|0.5000|0.0000|0.7499| - [0.788, 0.000, 0.000, 0.212, 0.000]
|  694|0.5000|0.5000|0.0000|0.7455| - [0.788, 0.000, 0.000, 0.212, 0.000]
|  695|0.5000|0.5000|0.0000|0.7455| - [0.788, 0.000, 0.000, 0.212, 0.000]
|  696|0.5000|0.5000|0.0000|0.7455| - [0.788, 0.000, 0.000, 0.212, 0.000]
|  697|0.5000|0.5000|0.0000|0.7455| - [0.788, 0.000, 0.000, 0.212, 0.000]
|  698|0.5000|0.5000|0.0000|0.7455| - [0.788, 0.000, 0.000, 0.212, 0.000]
|  699|0.5000|0.5000|0.0000|0.7455| - [0.788, 0.000, 0.000, 0.212, 0.000]
|  700|0.5000|0.5000|0.0000|0.7492| - [0.747, 0.000, 0.000, 0.253, 0.000]
|  701|0.5000|0.5000|0.0000|0.7567| - [0.788, 0.000, 0.000, 0.212, 0.000]
|  702|0.5000|0.5000|0.0000|0.7558| - [0.770, 0.000, 0.000, 0.230, 0.000]
|  703|0.5000|0.5000|0.0000|0.7700| - [0.747, 0.000, 0.000, 0.253, 0.000]
|  704|0.5000|0.5000|0.0000|0.7523| - [0.895, 0.000, 0.000, 0.105, 0.000]
|  705|0.5000|0.5000|0.0000|0.7802| - [0.713, 0.000, 0.000, 0.287, 0.000]
|  706|0.5000|0.5000|0.0000|0.7938| - [0.713, 0.000, 0.000, 0.287, 0.000]
|  707|0.5000|0.5000|0.0000|0.8332| - [0.713, 0.000, 0.000, 0.287, 0.000]
|  708|0.5000|0.5000|0.0000|0.8360| - [0.744, 0.000, 0.000, 0.256, 0.000]
|  709|0.5000|0.5000|0.0000|0.8268| - [0.713, 0.000, 0.000, 0.287, 0.000]
|  710|0.5263|0.5000|0.0656|0.8551| - [0.713, 0.000, 0.000, 0.287, 0.000]
|  711|0.5000|0.5000|0.0000|0.8143| - [0.713, 0.000, 0.000, 0.287, 0.000]
|  712|0.5000|0.5000|0.0000|0.8456| - [0.713, 0.000, 0.000, 0.287, 0.000]
|  713|0.5263|0.5000|0.1116|0.8703| - [0.713, 0.000, 0.000, 0.287, 0.000]
|  714|0.5000|0.5000|0.0000|0.8634| - [0.713, 0.000, 0.000, 0.287, 0.000]
|  715|0.5000|0.5000|0.0000|0.8644| - [0.713, 0.000, 0.000, 0.287, 0.000]
|  716|0.5000|0.5000|0.0000|0.8644| - [0.713, 0.000, 0.000, 0.287, 0.000]
|  717|0.5000|0.5000|0.0000|0.8644| - [0.713, 0.000, 0.000, 0.287, 0.000]
|  718|0.5000|0.5000|0.0000|0.8644| - [0.713, 0.000, 0.000, 0.287, 0.000]
|  719|0.5000|0.5000|0.0000|0.8644| - [0.713, 0.000, 0.000, 0.287, 0.000]
|  720|0.5000|0.5000|0.0000|0.8644| - [0.713, 0.000, 0.000, 0.287, 0.000]
|  721|0.5000|0.5000|0.0000|0.8644| - [0.713, 0.000, 0.000, 0.287, 0.000]
|  722|0.5000|0.5000|0.0000|0.8642| - [0.713, 0.000, 0.000, 0.287, 0.000]
|  723|0.5000|0.5000|0.0000|0.8644| - [0.713, 0.000, 0.000, 0.287, 0.000]
|  724|0.5000|0.5000|0.0000|0.8667| - [0.713, 0.000, 0.000, 0.287, 0.000]
|  725|0.5000|0.5000|0.0000|0.8644| - [0.713, 0.000, 0.000, 0.287, 0.000]
|  726|0.5000|0.5000|0.0000|0.8644| - [0.713, 0.000, 0.000, 0.287, 0.000]
|  727|0.5000|0.5000|0.0000|0.8644| - [0.713, 0.000, 0.000, 0.287, 0.000]
|  728|0.5000|0.5000|0.0000|0.8644| - [0.713, 0.000, 0.000, 0.287, 0.000]
|  729|0.5000|0.5000|0.0000|0.8644| - [0.713, 0.000, 0.000, 0.287, 0.000]
|  730|0.5000|0.5000|0.0000|0.8644| - [0.713, 0.000, 0.000, 0.287, 0.000]
|  731|0.5000|0.5000|0.0000|0.8674| - [0.713, 0.000, 0.000, 0.287, 0.000]
|  732|0.5000|0.5000|0.0000|0.8699| - [0.662, 0.000, 0.000, 0.338, 0.000]
|  733|0.5000|0.5000|0.0000|0.8599| - [0.713, 0.000, 0.000, 0.287, 0.000]
|  734|0.5000|0.5000|0.0000|0.8592| - [0.722, 0.000, 0.000, 0.278, 0.000]
|  735|0.5000|0.5000|0.0000|0.8574| - [0.713, 0.000, 0.000, 0.287, 0.000]
|  736|0.5000|0.5000|0.0000|0.8586| - [0.722, 0.000, 0.000, 0.278, 0.000]
|  737|0.5000|0.5000|0.0000|0.8580| - [0.722, 0.000, 0.000, 0.278, 0.000]
|  738|0.5000|0.5000|0.0000|0.8592| - [0.722, 0.000, 0.000, 0.278, 0.000]
|  739|0.5000|0.5000|0.0000|0.8595| - [0.713, 0.000, 0.000, 0.287, 0.000]
|  740|0.5000|0.5000|0.0000|0.8611| - [0.722, 0.000, 0.000, 0.278, 0.000]
|  741|0.5000|0.5000|0.0000|0.8733| - [0.689, 0.000, 0.000, 0.311, 0.000]
|  742|0.5000|0.5000|0.0000|0.8797| - [0.689, 0.000, 0.000, 0.311, 0.000]
|  743|0.5000|0.5000|0.0000|0.8791| - [0.689, 0.000, 0.000, 0.311, 0.000]
|  744|0.5526|0.5000|0.0724|0.8870| - [0.712, 0.000, 0.000, 0.288, 0.000]
|  745|0.5000|0.5000|0.0000|0.8761| - [0.713, 0.000, 0.000, 0.287, 0.000]
|  746|0.8158|0.5000|0.0768|0.8754| - [0.712, 0.000, 0.002, 0.286, 0.000]
|  747|0.9474|0.5000|0.1586|0.8856| - [0.712, 0.000, 0.002, 0.286, 0.000]
|  748|0.9737|0.5000|0.2054|0.8799| - [0.712, 0.000, 0.002, 0.286, 0.000]
|  749|0.7895|0.5000|0.2661|0.8745| - [0.712, 0.000, 0.002, 0.286, 0.000]
|  750|0.7368|0.5000|0.2650|0.8743| - [0.712, 0.000, 0.002, 0.286, 0.000]
|  751|0.5526|0.5000|0.1534|0.8772| - [0.712, 0.000, 0.002, 0.286, 0.000]
|  752|0.5000|0.5000|0.0000|0.8799| - [0.712, 0.000, 0.002, 0.286, 0.000]
|  753|0.9737|0.5000|0.1116|0.8795| - [0.718, 0.000, 0.002, 0.280, 0.000]
|  754|0.9737|0.5000|0.2443|0.8776| - [0.710, 0.000, 0.002, 0.289, 0.000]
|  755|0.9737|0.5000|0.2348|0.8747| - [0.710, 0.000, 0.002, 0.289, 0.000]
|  756|0.9211|0.5000|0.2228|0.8742| - [0.710, 0.000, 0.002, 0.289, 0.000]
|  757|0.8158|0.5000|0.2510|0.8753| - [0.710, 0.000, 0.002, 0.289, 0.000]
|  758|0.6053|0.5000|0.2038|0.8808| - [0.710, 0.000, 0.002, 0.289, 0.000]
|  759|0.9737|0.5000|0.1116|0.8823| - [0.711, 0.000, 0.000, 0.289, 0.000]
|  760|0.9737|0.5000|0.1537|0.8832| - [0.697, 0.000, 0.002, 0.301, 0.000]
|  761|0.7895|0.5000|0.2469|0.8899| - [0.697, 0.000, 0.002, 0.301, 0.000]
|  762|0.5263|0.5000|0.1116|0.9094| - [0.697, 0.000, 0.002, 0.301, 0.000]
|  763|0.5000|0.5000|0.0000|0.8991| - [0.697, 0.000, 0.002, 0.301, 0.000]
|  764|0.9737|0.5000|0.1116|0.8992| - [0.697, 0.000, 0.002, 0.302, 0.000]
|  765|0.9211|0.5000|0.1823|0.8993| - [0.697, 0.000, 0.002, 0.302, 0.000]
|  766|0.8421|0.5000|0.2324|0.8995| - [0.697, 0.000, 0.002, 0.302, 0.000]
|  767|0.9737|0.5000|0.2588|0.8901| - [0.804, 0.000, 0.002, 0.194, 0.000]
|  768|0.9737|0.5000|0.2695|0.8888| - [0.804, 0.000, 0.002, 0.194, 0.000]
|  769|0.9474|0.5000|0.2637|0.8773| - [0.804, 0.000, 0.002, 0.194, 0.000]
|  770|0.6579|0.5000|0.2366|0.7812| - [0.804, 0.000, 0.002, 0.194, 0.000]
|  771|0.5263|0.5000|0.1116|0.7292| - [0.804, 0.000, 0.002, 0.194, 0.000]
|  772|0.5000|0.5000|0.0000|0.7295| - [0.804, 0.000, 0.002, 0.194, 0.000]
|  773|0.5000|0.5000|0.0000|0.7295| - [0.804, 0.000, 0.002, 0.194, 0.000]
|  774|0.5000|0.5000|0.0000|0.7295| - [0.804, 0.000, 0.002, 0.194, 0.000]
|  775|0.5000|0.5000|0.0000|0.7295| - [0.804, 0.000, 0.002, 0.194, 0.000]
|  776|0.9737|0.5000|0.1116|0.7273| - [0.823, 0.000, 0.002, 0.175, 0.000]
|  777|0.8947|0.5000|0.2038|0.7209| - [0.823, 0.000, 0.002, 0.175, 0.000]
|  778|0.6316|0.5000|0.1975|0.7063| - [0.823, 0.000, 0.002, 0.175, 0.000]
|  779|0.5000|0.5000|0.0000|0.6888| - [0.823, 0.000, 0.002, 0.175, 0.000]
|  780|0.5000|0.5000|0.0000|0.6888| - [0.823, 0.000, 0.002, 0.175, 0.000]
|  781|0.5000|0.5000|0.0000|0.6888| - [0.823, 0.000, 0.002, 0.175, 0.000]
|  782|0.5000|0.5000|0.0000|0.6888| - [0.823, 0.000, 0.002, 0.175, 0.000]
|  783|0.9737|0.5000|0.1116|0.6769| - [0.907, 0.000, 0.002, 0.091, 0.000]
|  784|0.9737|0.5000|0.1116|0.6769| - [0.907, 0.000, 0.002, 0.091, 0.000]
|  785|0.9737|0.5000|0.1831|0.6818| - [0.907, 0.000, 0.002, 0.091, 0.000]
|  786|0.9737|0.5000|0.1116|0.6769| - [0.907, 0.000, 0.002, 0.091, 0.000]
|  787|0.9211|0.5000|0.2049|0.6532| - [0.907, 0.000, 0.002, 0.091, 0.000]
|  788|0.8947|0.5000|0.2363|0.6402| - [0.907, 0.000, 0.002, 0.091, 0.000]
|  789|0.9737|0.5000|0.2662|0.5569| - [0.987, 0.000, 0.002, 0.010, 0.000]
|  790|0.9211|0.5000|0.2723|0.5161| - [0.987, 0.000, 0.002, 0.010, 0.000]
|  791|0.9211|0.5000|0.1823|0.4053| - [0.987, 0.000, 0.002, 0.010, 0.000]
|  792|0.9737|0.5000|0.1116|0.4425| - [0.987, 0.000, 0.002, 0.010, 0.000]
|  793|0.9737|0.5000|0.1537|0.4290| - [0.987, 0.000, 0.002, 0.010, 0.000]
|  794|0.8684|0.5000|0.2223|0.3676| - [0.987, 0.000, 0.002, 0.010, 0.000]
|  795|0.8684|0.5000|0.2202|0.3680| - [0.987, 0.000, 0.002, 0.010, 0.000]
|  796|0.9737|0.5000|0.2510|0.2378| - [0.987, 0.000, 0.002, 0.011, 0.000]
|  797|0.8421|0.5000|0.2065|0.1385| - [0.987, 0.000, 0.002, 0.011, 0.000]
|  798|0.7105|0.5000|0.2469|0.1101| - [0.987, 0.000, 0.002, 0.011, 0.000]
|  799|0.5789|0.5000|0.1823|0.1115| - [0.987, 0.000, 0.002, 0.011, 0.000]
|  800|0.5000|0.5000|0.0000|0.1124| - [0.987, 0.000, 0.002, 0.011, 0.000]
|  801|0.9737|0.5000|0.1537|0.1065| - [0.997, 0.000, 0.003, 0.000, 0.000]
|  802|0.8947|0.5000|0.2479|0.0868| - [0.997, 0.000, 0.003, 0.000, 0.000]
|  803|0.6842|0.5000|0.2412|0.0482| - [0.997, 0.000, 0.003, 0.000, 0.000]
|  804|0.5789|0.5000|0.1829|0.0440| - [0.997, 0.000, 0.003, 0.000, 0.000]
|  805|0.5000|0.5000|0.0000|0.0253| - [0.997, 0.000, 0.003, 0.000, 0.000]
|  806|0.5000|0.5000|0.0000|0.0468| - [0.911, 0.000, 0.089, 0.000, 0.000]
|  807|0.5000|0.5000|0.0000|0.0253| - [0.997, 0.000, 0.003, 0.000, 0.000]
|  808|0.5000|0.5000|0.0000|0.0253| - [0.997, 0.000, 0.003, 0.000, 0.000]
|  809|0.5000|0.5000|0.0000|0.0252| - [0.997, 0.000, 0.003, 0.000, 0.000]
|  810|0.5000|0.5000|0.0000|0.0249| - [0.997, 0.000, 0.003, 0.000, 0.000]
|  811|0.5000|0.5000|0.0000|0.0252| - [0.998, 0.000, 0.002, 0.000, 0.000]
|  812|0.5000|0.5000|0.0000|0.0253| - [0.997, 0.000, 0.003, 0.000, 0.000]
|  813|0.5000|0.5000|0.0000|0.0253| - [0.997, 0.000, 0.003, 0.000, 0.000]
|  814|0.5000|0.5000|0.0000|0.0253| - [0.997, 0.000, 0.003, 0.000, 0.000]
|  815|0.5000|0.5000|0.0000|0.0252| - [0.997, 0.000, 0.003, 0.000, 0.000]
|  816|0.5000|0.5000|0.0000|0.0250| - [0.997, 0.000, 0.003, 0.000, 0.000]
|  817|0.5000|0.5000|0.0000|0.0251| - [0.997, 0.000, 0.003, 0.000, 0.000]
|  818|0.5000|0.5000|0.0000|0.0249| - [0.997, 0.000, 0.003, 0.000, 0.000]
|  819|0.5000|0.5000|0.0000|0.0246| - [0.998, 0.000, 0.002, 0.000, 0.000]
|  820|0.5000|0.5000|0.0000|0.0246| - [0.998, 0.000, 0.002, 0.000, 0.000]
|  821|0.5000|0.5000|0.0000|0.0243| - [0.998, 0.000, 0.002, 0.000, 0.000]
|  822|0.5000|0.5000|0.0000|0.0244| - [0.998, 0.000, 0.002, 0.000, 0.000]
|  823|0.5000|0.5000|0.0000|0.0243| - [0.998, 0.000, 0.002, 0.000, 0.000]
|  824|0.5000|0.5000|0.0000|0.0230| - [0.998, 0.000, 0.002, 0.000, 0.000]
|  825|0.5000|0.5000|0.0000|0.0244| - [0.998, 0.000, 0.002, 0.000, 0.000]
|  826|0.5263|0.5000|0.1116|0.0447| - [0.998, 0.000, 0.002, 0.000, 0.000]
|  827|0.5000|0.5000|0.0000|0.0245| - [0.998, 0.000, 0.002, 0.000, 0.000]
|  828|0.5000|0.5000|0.0000|0.0518| - [0.998, 0.000, 0.002, 0.000, 0.000]
|  829|0.5000|0.5000|0.0000|0.0349| - [0.998, 0.000, 0.002, 0.000, 0.000]
|  830|0.5000|0.5000|0.0000|0.0349| - [0.998, 0.000, 0.002, 0.000, 0.000]
|  831|0.5000|0.5000|0.0000|0.0243| - [0.998, 0.000, 0.002, 0.000, 0.000]
|  832|0.5000|0.5000|0.0000|0.0230| - [1.000, 0.000, 0.000, 0.000, 0.000]
|  833|0.5000|0.5000|0.0000|0.0243| - [0.998, 0.000, 0.002, 0.000, 0.000]
|  834|0.5000|0.5000|0.0000|0.0243| - [0.998, 0.000, 0.002, 0.000, 0.000]
|  835|0.5000|0.5000|0.0000|0.0243| - [0.998, 0.000, 0.002, 0.000, 0.000]
|  836|0.5000|0.5000|0.0000|0.0246| - [0.998, 0.000, 0.002, 0.000, 0.000]
|  837|0.5000|0.5000|0.0000|0.0250| - [0.998, 0.000, 0.002, 0.000, 0.000]
|  838|0.5000|0.5000|0.0000|0.0252| - [0.997, 0.000, 0.003, 0.000, 0.000]
|  839|0.5000|0.5000|0.0000|0.0239| - [0.997, 0.000, 0.003, 0.000, 0.000]
|  840|0.5000|0.5000|0.0000|0.0226| - [1.000, 0.000, 0.000, 0.000, 0.000]
|  841|0.5000|0.5000|0.0000|0.0253| - [0.997, 0.000, 0.003, 0.000, 0.000]
|  842|0.5000|0.5000|0.0000|0.0253| - [0.997, 0.000, 0.003, 0.000, 0.000]
|  843|0.5000|0.5000|0.0000|0.0240| - [1.000, 0.000, 0.000, 0.000, 0.000]
|  844|0.5000|0.5000|0.0000|0.0253| - [0.997, 0.000, 0.003, 0.000, 0.000]
|  845|0.5000|0.5000|0.0000|0.0253| - [0.997, 0.000, 0.003, 0.000, 0.000]
|  846|0.5000|0.5000|0.0000|0.0253| - [0.997, 0.000, 0.003, 0.000, 0.000]
|  847|0.5000|0.5000|0.0000|0.0240| - [0.997, 0.000, 0.003, 0.000, 0.000]
|  848|0.5000|0.5000|0.0000|0.0253| - [0.997, 0.000, 0.003, 0.000, 0.000]
|  849|0.5000|0.5000|0.0000|0.0253| - [0.997, 0.000, 0.003, 0.000, 0.000]
|  850|0.5000|0.5000|0.0000|0.0253| - [0.997, 0.000, 0.003, 0.000, 0.000]
|  851|0.5000|0.5000|0.0000|0.0253| - [0.997, 0.000, 0.003, 0.000, 0.000]
|  852|0.5000|0.5000|0.0000|0.0253| - [0.997, 0.000, 0.003, 0.000, 0.000]
|  853|0.5000|0.5000|0.0000|0.0253| - [0.997, 0.000, 0.003, 0.000, 0.000]
|  854|0.5000|0.5000|0.0000|0.0253| - [0.997, 0.000, 0.003, 0.000, 0.000]
|  855|0.5000|0.5000|0.0000|0.0253| - [0.997, 0.000, 0.003, 0.000, 0.000]
|  856|0.5000|0.5000|0.0000|0.0253| - [0.997, 0.000, 0.003, 0.000, 0.000]
|  857|0.5000|0.5000|0.0000|0.0253| - [0.997, 0.000, 0.003, 0.000, 0.000]
|  858|0.5000|0.5000|0.0000|0.0253| - [0.997, 0.000, 0.003, 0.000, 0.000]
|  859|0.5000|0.5000|0.0000|0.0253| - [0.997, 0.000, 0.003, 0.000, 0.000]
|  860|0.5000|0.5000|0.0000|0.0253| - [0.997, 0.000, 0.003, 0.000, 0.000]
|  861|0.5000|0.5000|0.0000|0.0253| - [0.997, 0.000, 0.003, 0.000, 0.000]
|  862|0.5000|0.5000|0.0000|0.0253| - [0.997, 0.000, 0.003, 0.000, 0.000]
|  863|0.5000|0.5000|0.0000|0.0253| - [0.997, 0.000, 0.003, 0.000, 0.000]
|  864|0.5000|0.5000|0.0000|0.0253| - [0.997, 0.000, 0.003, 0.000, 0.000]
|  865|0.5000|0.5000|0.0000|0.0253| - [0.997, 0.000, 0.003, 0.000, 0.000]
|  866|0.5000|0.5000|0.0000|0.0253| - [0.997, 0.000, 0.003, 0.000, 0.000]
|  867|0.5000|0.5000|0.0000|0.0253| - [0.997, 0.000, 0.003, 0.000, 0.000]
|  868|0.5000|0.5000|0.0000|0.0379| - [0.998, 0.000, 0.002, 0.000, 0.000]
|  869|0.5000|0.5000|0.0000|0.0304| - [0.997, 0.000, 0.003, 0.000, 0.000]
|  870|0.5000|0.5000|0.0000|0.0327| - [0.998, 0.000, 0.002, 0.000, 0.000]
|  871|0.5000|0.5000|0.0000|0.0253| - [0.997, 0.000, 0.003, 0.000, 0.000]
|  872|0.5000|0.5000|0.0000|0.0253| - [0.997, 0.000, 0.003, 0.000, 0.000]
|  873|0.5000|0.5000|0.0000|0.0253| - [0.997, 0.000, 0.003, 0.000, 0.000]
|  874|0.5000|0.5000|0.0000|0.0279| - [0.997, 0.000, 0.003, 0.000, 0.000]
|  875|0.5000|0.5000|0.0000|0.0253| - [0.997, 0.000, 0.003, 0.000, 0.000]
|  876|0.5000|0.5000|0.0000|0.0253| - [0.997, 0.000, 0.003, 0.000, 0.000]
|  877|0.5000|0.5000|0.0000|0.0253| - [0.997, 0.000, 0.003, 0.000, 0.000]
|  878|0.5000|0.5000|0.0000|0.0253| - [0.997, 0.000, 0.003, 0.000, 0.000]
|  879|0.5000|0.5000|0.0000|0.0253| - [0.997, 0.000, 0.003, 0.000, 0.000]
|  880|0.5000|0.5000|0.0000|0.0253| - [0.997, 0.000, 0.003, 0.000, 0.000]
|  881|0.5000|0.5000|0.0000|0.0253| - [0.997, 0.000, 0.003, 0.000, 0.000]
|  882|0.5000|0.5000|0.0000|0.0253| - [0.997, 0.000, 0.003, 0.000, 0.000]
|  883|0.5000|0.5000|0.0000|0.0254| - [0.997, 0.000, 0.003, 0.000, 0.000]
|  884|0.5000|0.5000|0.0000|0.0255| - [0.997, 0.000, 0.003, 0.000, 0.000]
|  885|0.5000|0.5000|0.0000|0.0256| - [0.997, 0.000, 0.003, 0.000, 0.000]
|  886|0.5000|0.5000|0.0000|0.0259| - [0.997, 0.000, 0.003, 0.000, 0.000]
|  887|0.5000|0.5000|0.0000|0.0241| - [0.997, 0.000, 0.003, 0.000, 0.000]
|  888|0.5000|0.5000|0.0000|0.0257| - [0.997, 0.000, 0.003, 0.000, 0.000]
|  889|0.5000|0.5000|0.0000|0.0256| - [0.997, 0.000, 0.003, 0.000, 0.000]
|  890|0.5000|0.5000|0.0000|0.0258| - [0.997, 0.000, 0.003, 0.000, 0.000]
|  891|0.5000|0.5000|0.0000|0.0255| - [0.997, 0.000, 0.003, 0.000, 0.000]
|  892|0.5000|0.5000|0.0000|0.0255| - [0.997, 0.000, 0.003, 0.000, 0.000]
|  893|0.5000|0.5000|0.0000|0.0255| - [0.997, 0.000, 0.003, 0.000, 0.000]
|  894|0.5000|0.5000|0.0000|0.0253| - [0.997, 0.000, 0.003, 0.000, 0.000]
|  895|0.5000|0.5000|0.0000|0.0253| - [0.997, 0.000, 0.003, 0.000, 0.000]
|  896|0.5000|0.5000|0.0000|0.0253| - [0.997, 0.000, 0.003, 0.000, 0.000]
|  897|0.5000|0.5000|0.0000|0.0253| - [0.997, 0.000, 0.003, 0.000, 0.000]
|  898|0.5000|0.5000|0.0000|0.0253| - [0.998, 0.000, 0.002, 0.000, 0.000]
|  899|0.5000|0.5000|0.0000|0.0253| - [0.997, 0.000, 0.003, 0.000, 0.000]
|  900|0.5000|0.5000|0.0000|0.0240| - [0.997, 0.000, 0.003, 0.000, 0.000]
|  901|0.5000|0.5000|0.0000|0.0252| - [0.998, 0.000, 0.002, 0.000, 0.000]
|  902|0.5000|0.5000|0.0000|0.0253| - [0.997, 0.000, 0.003, 0.000, 0.000]
|  903|0.5000|0.5000|0.0000|0.0253| - [0.997, 0.000, 0.003, 0.000, 0.000]
|  904|0.5000|0.5000|0.0000|0.0252| - [0.997, 0.000, 0.003, 0.000, 0.000]
|  905|0.5000|0.5000|0.0000|0.0271| - [0.997, 0.000, 0.003, 0.000, 0.000]
|  906|0.5000|0.5000|0.0000|0.0239| - [0.997, 0.000, 0.003, 0.000, 0.000]
|  907|0.5000|0.5000|0.0000|0.0521| - [0.997, 0.000, 0.003, 0.000, 0.000]
|  908|0.5000|0.5000|0.0000|0.0546| - [0.997, 0.000, 0.003, 0.000, 0.000]
|  909|0.5000|0.5000|0.0000|0.0253| - [0.997, 0.000, 0.003, 0.000, 0.000]
|  910|0.5263|0.5000|0.1116|0.0303| - [0.997, 0.000, 0.003, 0.000, 0.000]
|  911|0.5000|0.5000|0.0000|0.0253| - [0.997, 0.000, 0.003, 0.000, 0.000]
|  912|0.5000|0.5000|0.0000|0.0253| - [0.997, 0.000, 0.003, 0.000, 0.000]
|  913|0.5000|0.5000|0.0000|0.0253| - [0.997, 0.000, 0.003, 0.000, 0.000]
|  914|0.5000|0.5000|0.0000|0.0253| - [0.997, 0.000, 0.003, 0.000, 0.000]
|  915|0.5000|0.5000|0.0000|0.0252| - [0.997, 0.000, 0.003, 0.000, 0.000]
|  916|0.5000|0.5000|0.0000|0.0253| - [0.997, 0.000, 0.003, 0.000, 0.000]
|  917|0.5000|0.5000|0.0000|0.0253| - [0.997, 0.000, 0.003, 0.000, 0.000]
|  918|0.5000|0.5000|0.0000|0.0253| - [0.997, 0.000, 0.003, 0.000, 0.000]
|  919|0.5000|0.5000|0.0000|0.0253| - [0.997, 0.000, 0.003, 0.000, 0.000]
|  920|0.5000|0.5000|0.0000|0.0253| - [0.997, 0.000, 0.003, 0.000, 0.000]
|  921|0.5000|0.5000|0.0000|0.0253| - [0.997, 0.000, 0.003, 0.000, 0.000]
|  922|0.5000|0.5000|0.0000|0.0253| - [0.997, 0.000, 0.003, 0.000, 0.000]
|  923|0.5000|0.5000|0.0000|0.0253| - [0.997, 0.000, 0.003, 0.000, 0.000]
|  924|0.5000|0.5000|0.0000|0.0253| - [0.997, 0.000, 0.003, 0.000, 0.000]
|  925|0.5000|0.5000|0.0000|0.0240| - [0.997, 0.000, 0.003, 0.000, 0.000]
|  926|0.5000|0.5000|0.0000|0.0368| - [0.997, 0.000, 0.003, 0.000, 0.000]
|  927|0.5000|0.5000|0.0000|0.0309| - [0.997, 0.000, 0.003, 0.000, 0.000]
|  928|0.5000|0.5000|0.0000|0.0253| - [0.997, 0.000, 0.003, 0.000, 0.000]
|  929|0.5000|0.5000|0.0000|0.0253| - [0.997, 0.000, 0.003, 0.000, 0.000]
|  930|0.5000|0.5000|0.0000|0.0253| - [0.997, 0.000, 0.003, 0.000, 0.000]
|  931|0.5000|0.5000|0.0000|0.0253| - [0.997, 0.000, 0.003, 0.000, 0.000]
|  932|0.5000|0.5000|0.0000|0.0344| - [0.997, 0.000, 0.003, 0.000, 0.000]
|  933|0.5000|0.5000|0.0000|0.0253| - [0.997, 0.000, 0.003, 0.000, 0.000]
|  934|0.5263|0.5000|0.1116|0.0257| - [0.997, 0.000, 0.003, 0.000, 0.000]
|  935|0.5000|0.5000|0.0000|0.0240| - [0.997, 0.000, 0.003, 0.000, 0.000]
|  936|0.5000|0.5000|0.0000|0.0200| - [1.000, 0.000, 0.000, 0.000, 0.000]
|  937|0.5000|0.5000|0.0000|0.0186| - [0.997, 0.000, 0.003, 0.000, 0.000]
|  938|0.5000|0.5000|0.0000|0.0120| - [1.000, 0.000, 0.000, 0.000, 0.000]
|  939|0.5000|0.5000|0.0000|0.0080| - [0.997, 0.000, 0.003, 0.000, 0.000]
|  940|0.5000|0.5000|0.0000|0.0200| - [1.000, 0.000, 0.000, 0.000, 0.000]
|  941|0.5263|0.5000|0.0148|0.0060| - [0.997, 0.000, 0.003, 0.000, 0.000]
|  942|0.5000|0.5000|0.0000|0.0040| - [1.000, 0.000, 0.000, 0.000, 0.000]
|  943|0.5000|0.5000|0.0000|0.0080| - [1.000, 0.000, 0.000, 0.000, 0.000]
|  944|0.5526|0.5000|0.0283|0.0394| - [0.923, 0.075, 0.002, 0.000, 0.000]
|  945|0.6579|0.5000|0.1390|0.1128| - [0.923, 0.075, 0.002, 0.000, 0.000]
|  946|0.7105|0.5000|0.1570|0.1114| - [0.923, 0.075, 0.002, 0.000, 0.000]
|  947|0.8684|0.5000|0.1894|0.1268| - [0.946, 0.051, 0.002, 0.000, 0.000]
|  948|0.8158|0.5000|0.2028|0.1854| - [0.907, 0.074, 0.019, 0.000, 0.000]
|  949|0.9474|0.5000|0.2305|0.1611| - [0.907, 0.074, 0.019, 0.000, 0.000]
|  950|0.9737|0.5000|0.2674|0.2044| - [0.907, 0.074, 0.019, 0.000, 0.000]
|  951|0.9737|0.5000|0.2466|0.0919| - [0.907, 0.074, 0.019, 0.000, 0.000]
|  952|0.9737|0.5000|0.1537|0.0562| - [0.907, 0.074, 0.019, 0.000, 0.000]
|  953|0.7895|0.5000|0.2086|0.1941| - [0.907, 0.074, 0.019, 0.000, 0.000]
|  954|0.8421|0.5000|0.2324|0.1802| - [0.907, 0.074, 0.019, 0.000, 0.000]
|  955|0.8684|0.5000|0.2466|0.2102| - [0.907, 0.074, 0.019, 0.000, 0.000]
|  956|0.7368|0.5000|0.2645|0.4198| - [0.907, 0.074, 0.019, 0.000, 0.000]
|  957|0.7105|0.5000|0.2577|0.4520| - [0.907, 0.074, 0.019, 0.000, 0.000]
|  958|0.9737|0.5000|0.1116|0.5146| - [0.912, 0.068, 0.019, 0.000, 0.000]
|  959|0.8947|0.5000|0.2038|0.5113| - [0.912, 0.068, 0.019, 0.000, 0.000]
|  960|0.6579|0.5000|0.1967|0.5042| - [0.901, 0.073, 0.025, 0.000, 0.000]
|  961|0.8684|0.5000|0.1572|0.4930| - [0.901, 0.073, 0.025, 0.000, 0.000]
|  962|0.9211|0.5000|0.1823|0.5030| - [0.901, 0.073, 0.025, 0.000, 0.000]
|  963|0.7632|0.5000|0.2497|0.5189| - [0.901, 0.073, 0.025, 0.000, 0.000]
|  964|0.7368|0.5000|0.2497|0.5216| - [0.901, 0.073, 0.025, 0.000, 0.000]
|  965|0.6316|0.5000|0.2202|0.5322| - [0.901, 0.073, 0.025, 0.000, 0.000]
|  966|0.5000|0.5000|0.0000|0.5455| - [0.901, 0.073, 0.025, 0.000, 0.000]
|  967|0.5000|0.5000|0.0000|0.5455| - [0.901, 0.073, 0.025, 0.000, 0.000]
|  968|0.5000|0.5000|0.0000|0.5455| - [0.901, 0.073, 0.025, 0.000, 0.000]
|  969|0.5000|0.5000|0.0000|0.5455| - [0.901, 0.073, 0.025, 0.000, 0.000]
|  970|0.5000|0.5000|0.0000|0.5455| - [0.901, 0.073, 0.025, 0.000, 0.000]
|  971|0.9737|0.5000|0.1116|0.5458| - [0.900, 0.075, 0.026, 0.000, 0.000]
|  972|0.8947|0.5000|0.2038|0.5469| - [0.900, 0.075, 0.026, 0.000, 0.000]
|  973|0.7368|0.5000|0.2497|0.5490| - [0.900, 0.075, 0.026, 0.000, 0.000]
|  974|0.9737|0.5000|0.2218|0.5422| - [0.923, 0.077, 0.000, 0.000, 0.000]
|  975|0.9737|0.5000|0.1829|0.5429| - [0.923, 0.077, 0.000, 0.000, 0.000]
|  976|0.8947|0.5000|0.1871|0.5278| - [0.923, 0.077, 0.000, 0.000, 0.000]
|  977|0.7105|0.5000|0.2510|0.4515| - [0.923, 0.077, 0.000, 0.000, 0.000]
|  978|0.5263|0.5000|0.1116|0.3918| - [0.923, 0.077, 0.000, 0.000, 0.000]
|  979|0.5000|0.5000|0.0000|0.3902| - [0.923, 0.077, 0.000, 0.000, 0.000]
|  980|0.5000|0.5000|0.0000|0.3902| - [0.923, 0.077, 0.000, 0.000, 0.000]
|  981|0.5000|0.5000|0.0000|0.3909| - [0.923, 0.077, 0.000, 0.000, 0.000]
|  982|0.5000|0.5000|0.0000|0.3922| - [0.923, 0.077, 0.000, 0.000, 0.000]
|  983|0.5000|0.5000|0.0000|0.3921| - [0.923, 0.077, 0.000, 0.000, 0.000]
|  984|0.5000|0.5000|0.0000|0.3965| - [0.923, 0.077, 0.000, 0.000, 0.000]
|  985|0.5000|0.5000|0.0000|0.3940| - [0.917, 0.083, 0.000, 0.000, 0.000]
|  986|0.5000|0.5000|0.0000|0.3953| - [0.923, 0.077, 0.000, 0.000, 0.000]
|  987|0.5000|0.5000|0.0000|0.3963| - [0.887, 0.113, 0.000, 0.000, 0.000]
|  988|0.5000|0.5000|0.0000|0.3902| - [0.923, 0.077, 0.000, 0.000, 0.000]
|  989|0.5263|0.5000|0.1116|0.3907| - [0.923, 0.077, 0.000, 0.000, 0.000]
|  990|0.5000|0.5000|0.0000|0.3954| - [0.923, 0.077, 0.000, 0.000, 0.000]
|  991|0.5000|0.5000|0.0000|0.3902| - [0.923, 0.077, 0.000, 0.000, 0.000]
|  992|0.5000|0.5000|0.0000|0.3901| - [0.923, 0.077, 0.000, 0.000, 0.000]
|  993|0.5000|0.5000|0.0000|0.3902| - [0.923, 0.077, 0.000, 0.000, 0.000]
|  994|0.5000|0.5000|0.0000|0.3902| - [0.923, 0.077, 0.000, 0.000, 0.000]
|  995|0.5000|0.5000|0.0000|0.3902| - [0.923, 0.077, 0.000, 0.000, 0.000]
|  996|0.5000|0.5000|0.0000|0.3898| - [0.923, 0.077, 0.000, 0.000, 0.000]
|  997|0.5000|0.5000|0.0000|0.3895| - [0.923, 0.077, 0.000, 0.000, 0.000]
|  998|0.5000|0.5000|0.0000|0.3902| - [0.923, 0.077, 0.000, 0.000, 0.000]
|  999|0.5000|0.5000|0.0000|0.3902| - [0.923, 0.077, 0.000, 0.000, 0.000]
| 1000|0.5000|0.5000|0.0000|0.3905| - [0.923, 0.077, 0.000, 0.000, 0.000]
+-----+------+------+------+------+ 
